/home/osbo/.conda/envs/fluid/lib/python3.12/site-packages/torch/cuda/__init__.py:61: FutureWarning: The pynvml package is deprecated. Please install nvidia-ml-py instead. If you did not install pynvml directly, please report this to the maintainers of the package that installed pynvml for you.
  import pynvml  # type: ignore[import]
Using device: cuda
  [startup] Random sample of 100 frames (--num-frames 100)
  [startup] Loaded 100 training contexts from disk cache (23754.40 ms) → .leafonly_training_context_cache/
  [startup] global_max_edges = 40596
  [startup] contexts_per_step = 4 (gradient accumulation)
  [startup] Ablation config: layers=3, gcn_layers=2, jacobi=True (node_scalar), attention_layout=128x129, off_diag_dense_attn=True, diag_dense_attn=True, use_highways=True
/home/osbo/.conda/envs/fluid/lib/python3.12/site-packages/torch/cuda/__init__.py:61: FutureWarning: The pynvml package is deprecated. Please install nvidia-ml-py instead. If you did not install pynvml directly, please report this to the maintainers of the package that installed pynvml for you.
  import pynvml  # type: ignore[import]
  [startup] torch.compile(model): enabled (CUDA)
  [startup] LR scheduler: ReduceLROnPlateau (factor=0.5, patience=5, threshold=5e-3, min_lr=1.00e-06, auto-stop (patience=10, threshold=5e-3 at min_lr))
  Block preconditioner: 64 leaves, diag 128×128, off 32×32 (128 nodes/leaf)
  Probe vectors (loss MC columns): auto max(64, ⌈√n_pad⌉) per step (override with --probe-vectors K)
  Probe MAZ path: --leafonly-pcg=matrix_free (A@Z: sparse block-diagonal A@Z (all devices; dense bmm only if context cache has use_dense_A); apply_block_diagonal_M torch.compile (matrix_free))
  Loss mode: hutchinson (cosine-similarity probe; --loss-mode hutchinson)
  Probe Jacobi smoothing: steps=2, omega=0.600

=== Startup timing (wall clock, ms) ===
  Dataset + run folder scan:          91.94
  Load training contexts (disk→device):   23754.40 ms  (100 contexts)
  LeafOnlyNet + .to(device):          19.18
  torch.compile(model) call:        4117.64  (CUDA; Inductor runs on 1st forward/backward)
  load_leaf_only_weights:         skipped
  AdamW + ReduceLROnPlateau:           0.32
  ---
  Total before training loop:      27992.24
  Note: First loss line’s (elapsed) is wall time for that step only (after startup); with torch.compile, the first forward+backward triggers Inductor codegen (often ~10–20s).
  At step 299, a one-time detailed breakdown (zero_grad / forward / apply M / backward / …) is printed.

  [track] Training profile CSV: /orcd/home/002/osbo/ondemand/fluid-sim/Assets/Scripts/weights/v2_8192_d128_L3_hw_smooth_default_training_profile.csv
00000: Loss avg=0.2389 ± 0.0000  (39.803s) lr=2.00e-04 gTot=1.89e+00 gLift0=6.06e-02 gLift2=1.40e-01 gGCN0=2.44e-02 gGCN1=2.38e-02 gEmbLn=9.59e-03 gEnc=1.44e-01 gDiag0=5.10e-01 gDiag1=5.47e-01 gDiag2=7.52e-01 gOffTf0=3.76e-01 gOffTf1=5.05e-01 gOffTf2=4.28e-04 gL=7.11e-03 gOffUV=1.46e-02 gNU=1.07e-03 gNV=4.20e-03 gJac=1.42e+00
  [track] Checkpoint -> v2_8192_d128_L3_hw_smooth_default_step000000.bytes
00100: Loss avg=0.2373 ± 0.0246  (17.719s) lr=2.00e-04 gTot=1.28e-02 gLift0=1.00e-04 gLift2=2.20e-04 gGCN0=3.86e-05 gGCN1=4.18e-05 gEmbLn=1.82e-05 gEnc=2.30e-04 gDiag0=5.65e-04 gDiag1=6.35e-04 gDiag2=1.15e-03 gOffTf0=4.74e-04 gOffTf1=6.75e-04 gOffTf2=1.28e-04 gL=1.22e-02 gOffUV=2.59e-03 gNU=1.50e-03 gNV=2.01e-03 gJac=7.74e-09
00200: Loss avg=0.2341 ± 0.0013  (6.352s) lr=2.00e-04 gTot=3.52e-03 gLift0=7.50e-05 gLift2=1.59e-04 gGCN0=2.96e-05 gGCN1=3.08e-05 gEmbLn=1.21e-05 gEnc=1.72e-04 gDiag0=5.50e-04 gDiag1=3.49e-04 gDiag2=4.39e-04 gOffTf0=3.09e-04 gOffTf1=3.54e-04 gOffTf2=1.02e-04 gL=3.10e-03 gOffUV=1.04e-03 gNU=4.18e-04 gNV=7.80e-04 gJac=2.37e-06

--- Detailed timing for step 300 (contexts_per_step=4, batched forward) ---
  batch: B=4, n_pad=8192, batch_vectors=256
--- Step 300 detailed timing (ms) ---
  zero_grad:            0.15
  batch assembly:       1.08
  model forward:       24.41
  probe Z+Jacobi:       1.77
  A @ Z (sparse block-mm):     0.72
  apply M (MAZ):        0.97
  residual + loss:      0.37
  backward:            34.58
  clip_grad_norm:       0.78
  optimizer.step:       1.00
  total:               65.84
  full iter (wall):    94.40 ms  (Python / scheduler / print overhead ≈ +28.57 ms vs sum above)
----------------------------------------

00300: Loss avg=0.2342 ± 0.0012  (6.356s, avg: 6.356s) lr=2.00e-04 gTot=6.29e-03 gLift0=1.58e-04 gLift2=2.93e-04 gGCN0=5.10e-05 gGCN1=5.31e-05 gEmbLn=2.47e-05 gEnc=3.15e-04 gDiag0=1.03e-03 gDiag1=5.21e-04 gDiag2=6.09e-04 gOffTf0=4.98e-04 gOffTf1=4.23e-04 gOffTf2=1.18e-04 gL=5.73e-03 gOffUV=1.88e-03 gNU=8.30e-04 gNV=4.84e-04 gJac=1.63e-05
00400: Loss avg=0.2343 ± 0.0012  (6.354s, avg: 6.355s) lr=2.00e-04 gTot=3.92e-03 gLift0=4.82e-05 gLift2=1.03e-04 gGCN0=1.79e-05 gGCN1=1.84e-05 gEmbLn=7.42e-06 gEnc=1.20e-04 gDiag0=5.28e-04 gDiag1=3.55e-04 gDiag2=5.15e-04 gOffTf0=2.41e-04 gOffTf1=3.47e-04 gOffTf2=6.50e-06 gL=3.80e-03 gOffUV=1.12e-04 gNU=2.41e-04 gNV=5.67e-05 gJac=1.01e-06
00500: Loss avg=0.2906 ± 0.1752  (6.355s, avg: 6.355s) lr=2.00e-04 gTot=1.11e-01 gLift0=3.43e-03 gLift2=9.33e-03 gGCN0=1.47e-03 gGCN1=1.82e-03 gEmbLn=8.70e-04 gEnc=1.13e-02 gDiag0=3.82e-02 gDiag1=3.23e-02 gDiag2=3.26e-02 gOffTf0=2.26e-02 gOffTf1=2.42e-02 gOffTf2=1.99e-03 gL=6.29e-02 gOffUV=3.38e-02 gNU=7.27e-03 gNV=2.51e-02 gJac=4.04e-02
00600: Loss avg=0.2444 ± 0.0451  (6.356s, avg: 6.356s) lr=2.00e-04 gTot=1.52e-02 gLift0=5.88e-04 gLift2=1.23e-03 gGCN0=2.34e-04 gGCN1=2.05e-04 gEmbLn=1.14e-04 gEnc=1.81e-03 gDiag0=5.96e-03 gDiag1=4.12e-03 gDiag2=6.15e-03 gOffTf0=2.86e-03 gOffTf1=3.44e-03 gOffTf2=1.27e-05 gL=1.06e-02 gOffUV=1.90e-03 gNU=6.23e-05 gNV=2.35e-06 gJac=6.49e-05
00700: Loss avg=0.2341 ± 0.0012  (6.357s, avg: 6.356s) lr=2.00e-04 gTot=3.04e-02 gLift0=2.37e-03 gLift2=5.88e-03 gGCN0=1.09e-03 gGCN1=1.07e-03 gEmbLn=6.23e-04 gEnc=7.77e-03 gDiag0=2.05e-02 gDiag1=9.33e-03 gDiag2=7.48e-03 gOffTf0=7.79e-03 gOffTf1=5.63e-03 gOffTf2=2.40e-05 gL=3.97e-03 gOffUV=7.46e-04 gNU=6.19e-05 gNV=2.91e-05 gJac=1.23e-02
  [lr] plateau detected: lr 2.00e-04 -> 1.00e-04
00800: Loss avg=0.2334 ± 0.0010  (6.359s, avg: 6.357s) lr=1.00e-04 gTot=3.42e-02 gLift0=2.00e-03 gLift2=5.03e-03 gGCN0=9.09e-04 gGCN1=8.23e-04 gEmbLn=4.96e-04 gEnc=6.79e-03 gDiag0=2.46e-02 gDiag1=1.60e-02 gDiag2=8.06e-03 gOffTf0=4.65e-03 gOffTf1=4.79e-03 gOffTf2=7.63e-05 gL=1.03e-02 gOffUV=1.85e-03 gNU=1.89e-04 gNV=4.35e-05 gJac=3.72e-03
00900: Loss avg=0.2323 ± 0.0011  (6.361s, avg: 6.357s) lr=1.00e-04 gTot=1.47e-01 gLift0=1.06e-02 gLift2=2.18e-02 gGCN0=7.08e-03 gGCN1=4.27e-03 gEmbLn=1.86e-03 gEnc=2.45e-02 gDiag0=1.08e-01 gDiag1=8.01e-02 gDiag2=4.12e-02 gOffTf0=1.30e-02 gOffTf1=8.74e-03 gOffTf2=1.44e-05 gL=1.86e-02 gOffUV=1.62e-04 gNU=7.85e-04 gNV=2.87e-04 gJac=1.13e-02
01000: Loss avg=0.2306 ± 0.0010  (6.361s, avg: 6.358s) lr=1.00e-04 gTot=1.05e-01 gLift0=6.57e-03 gLift2=1.70e-02 gGCN0=3.31e-03 gGCN1=2.85e-03 gEmbLn=1.41e-03 gEnc=1.87e-02 gDiag0=9.09e-02 gDiag1=3.64e-02 gDiag2=1.69e-02 gOffTf0=1.11e-02 gOffTf1=9.67e-03 gOffTf2=3.81e-05 gL=1.19e-02 gOffUV=5.20e-04 gNU=2.32e-04 gNV=1.74e-04 gJac=9.93e-03
01100: Loss avg=0.2297 ± 0.0009  (6.363s, avg: 6.363s) lr=1.00e-04 gTot=9.05e-02 gLift0=6.88e-03 gLift2=1.55e-02 gGCN0=2.86e-03 gGCN1=2.45e-03 gEmbLn=1.32e-03 gEnc=1.75e-02 gDiag0=7.16e-02 gDiag1=2.72e-02 gDiag2=3.29e-02 gOffTf0=9.99e-03 gOffTf1=9.47e-03 gOffTf2=1.01e-04 gL=1.67e-02 gOffUV=2.01e-03 gNU=2.77e-04 gNV=3.84e-04 gJac=1.24e-02
01200: Loss avg=0.2284 ± 0.0011  (6.363s, avg: 6.363s) lr=1.00e-04 gTot=1.96e-01 gLift0=1.27e-02 gLift2=3.15e-02 gGCN0=6.33e-03 gGCN1=5.84e-03 gEmbLn=2.97e-03 gEnc=3.38e-02 gDiag0=1.81e-01 gDiag1=3.41e-02 gDiag2=2.72e-02 gOffTf0=2.28e-02 gOffTf1=1.36e-02 gOffTf2=1.07e-04 gL=2.26e-02 gOffUV=3.10e-03 gNU=2.17e-04 gNV=3.54e-04 gJac=1.53e-02
01300: Loss avg=0.2275 ± 0.0010  (6.363s, avg: 6.363s) lr=1.00e-04 gTot=1.14e-01 gLift0=9.10e-03 gLift2=1.87e-02 gGCN0=3.13e-03 gGCN1=2.61e-03 gEmbLn=1.54e-03 gEnc=2.60e-02 gDiag0=7.00e-02 gDiag1=7.04e-02 gDiag2=2.56e-02 gOffTf0=1.41e-02 gOffTf1=1.36e-02 gOffTf2=1.53e-04 gL=2.54e-02 gOffUV=4.95e-03 gNU=3.27e-04 gNV=2.38e-04 gJac=1.91e-02
01400: Loss avg=0.2268 ± 0.0011  (6.364s, avg: 6.363s) lr=1.00e-04 gTot=1.55e-01 gLift0=1.48e-02 gLift2=3.01e-02 gGCN0=4.56e-03 gGCN1=4.58e-03 gEmbLn=2.56e-03 gEnc=3.87e-02 gDiag0=1.12e-01 gDiag1=4.77e-02 gDiag2=6.19e-02 gOffTf0=2.05e-02 gOffTf1=2.40e-02 gOffTf2=1.67e-04 gL=3.63e-02 gOffUV=4.02e-03 gNU=5.42e-04 gNV=6.00e-04 gJac=1.44e-02
01500: Loss avg=0.2262 ± 0.0011  (6.364s, avg: 6.363s) lr=1.00e-04 gTot=1.71e-01 gLift0=1.75e-02 gLift2=3.80e-02 gGCN0=6.78e-03 gGCN1=6.41e-03 gEmbLn=3.10e-03 gEnc=4.53e-02 gDiag0=1.38e-01 gDiag1=5.43e-02 gDiag2=2.99e-02 gOffTf0=2.32e-02 gOffTf1=1.67e-02 gOffTf2=2.58e-04 gL=3.20e-02 gOffUV=8.46e-03 gNU=5.16e-04 gNV=3.43e-04 gJac=1.94e-02
01600: Loss avg=0.2253 ± 0.0012  (6.365s, avg: 6.363s) lr=1.00e-04 gTot=5.46e-01 gLift0=1.63e-02 gLift2=3.02e-02 gGCN0=6.35e-03 gGCN1=4.43e-03 gEmbLn=2.67e-03 gEnc=4.40e-02 gDiag0=5.30e-01 gDiag1=1.01e-01 gDiag2=2.56e-02 gOffTf0=4.12e-02 gOffTf1=1.38e-02 gOffTf2=7.62e-05 gL=2.18e-02 gOffUV=7.17e-04 gNU=2.60e-04 gNV=3.93e-04 gJac=6.60e-03
01700: Loss avg=0.2247 ± 0.0011  (6.364s, avg: 6.363s) lr=1.00e-04 gTot=2.77e-01 gLift0=1.22e-02 gLift2=3.02e-02 gGCN0=4.29e-03 gGCN1=5.27e-03 gEmbLn=2.80e-03 gEnc=3.98e-02 gDiag0=2.46e-01 gDiag1=1.06e-01 gDiag2=2.56e-02 gOffTf0=1.97e-02 gOffTf1=1.60e-02 gOffTf2=1.42e-04 gL=2.89e-02 gOffUV=2.53e-03 gNU=5.40e-04 gNV=7.81e-04 gJac=9.27e-03
01800: Loss avg=0.2242 ± 0.0010  (6.365s, avg: 6.363s) lr=1.00e-04 gTot=1.68e-01 gLift0=8.96e-03 gLift2=1.77e-02 gGCN0=3.34e-03 gGCN1=2.51e-03 gEmbLn=1.67e-03 gEnc=2.31e-02 gDiag0=1.49e-01 gDiag1=5.92e-02 gDiag2=3.02e-02 gOffTf0=1.33e-02 gOffTf1=1.57e-02 gOffTf2=1.64e-04 gL=1.94e-02 gOffUV=1.85e-03 gNU=9.05e-04 gNV=6.42e-04 gJac=7.94e-03
01900: Loss avg=0.2234 ± 0.0011  (6.365s, avg: 6.363s) lr=1.00e-04 gTot=7.97e-02 gLift0=8.92e-03 gLift2=1.87e-02 gGCN0=3.24e-03 gGCN1=3.06e-03 gEmbLn=1.71e-03 gEnc=2.21e-02 gDiag0=5.55e-02 gDiag1=2.24e-02 gDiag2=2.00e-02 gOffTf0=1.12e-02 gOffTf1=1.23e-02 gOffTf2=4.95e-04 gL=2.31e-02 gOffUV=1.04e-02 gNU=5.24e-04 gNV=8.14e-04 gJac=2.28e-02
02000: Loss avg=0.2217 ± 0.0015  (6.366s, avg: 6.364s) lr=1.00e-04 gTot=1.89e+00 gLift0=2.04e-02 gLift2=4.66e-02 gGCN0=7.10e-03 gGCN1=6.94e-03 gEmbLn=4.29e-03 gEnc=6.65e-02 gDiag0=1.88e+00 gDiag1=1.13e-01 gDiag2=3.50e-02 gOffTf0=3.57e-02 gOffTf1=2.25e-02 gOffTf2=2.27e-04 gL=3.79e-02 gOffUV=6.25e-03 gNU=6.01e-04 gNV=5.02e-04 gJac=1.25e-02
  [track] Checkpoint -> v2_8192_d128_L3_hw_smooth_default_step002000.bytes
02100: Loss avg=0.2164 ± 0.0023  (6.368s, avg: 6.366s) lr=1.00e-04 gTot=1.61e+00 gLift0=1.98e-02 gLift2=5.21e-02 gGCN0=8.46e-03 gGCN1=8.37e-03 gEmbLn=4.59e-03 gEnc=7.29e-02 gDiag0=1.60e+00 gDiag1=4.83e-02 gDiag2=4.06e-02 gOffTf0=3.14e-02 gOffTf1=2.65e-02 gOffTf2=4.04e-04 gL=4.71e-02 gOffUV=5.94e-03 gNU=6.11e-04 gNV=7.02e-04 gJac=6.80e-02
02200: Loss avg=0.2116 ± 0.0019  (6.367s, avg: 6.367s) lr=1.00e-04 gTot=2.32e+00 gLift0=3.40e-02 gLift2=7.94e-02 gGCN0=1.34e-02 gGCN1=1.17e-02 gEmbLn=7.42e-03 gEnc=1.18e-01 gDiag0=2.31e+00 gDiag1=7.56e-02 gDiag2=5.60e-02 gOffTf0=5.98e-02 gOffTf1=3.79e-02 gOffTf2=2.13e-04 gL=8.33e-02 gOffUV=3.43e-03 gNU=7.95e-04 gNV=6.76e-04 gJac=4.92e-02
02300: Loss avg=0.2078 ± 0.0025  (6.365s, avg: 6.366s) lr=1.00e-04 gTot=9.45e-01 gLift0=3.33e-02 gLift2=7.68e-02 gGCN0=1.11e-02 gGCN1=1.17e-02 gEmbLn=7.47e-03 gEnc=9.45e-02 gDiag0=9.00e-01 gDiag1=1.88e-01 gDiag2=6.54e-02 gOffTf0=5.86e-02 gOffTf1=4.68e-02 gOffTf2=3.76e-04 gL=1.38e-01 gOffUV=7.87e-03 gNU=1.74e-03 gNV=9.16e-04 gJac=3.49e-02
02400: Loss avg=0.2053 ± 0.0029  (6.365s, avg: 6.366s) lr=1.00e-04 gTot=2.20e+00 gLift0=2.25e-02 gLift2=4.94e-02 gGCN0=9.49e-03 gGCN1=8.01e-03 gEmbLn=4.76e-03 gEnc=8.24e-02 gDiag0=2.19e+00 gDiag1=7.62e-02 gDiag2=6.33e-02 gOffTf0=4.67e-02 gOffTf1=3.97e-02 gOffTf2=5.07e-04 gL=9.38e-02 gOffUV=9.82e-03 gNU=1.24e-03 gNV=8.23e-04 gJac=3.08e-02
02500: Loss avg=0.2023 ± 0.0025  (6.365s, avg: 6.366s) lr=1.00e-04 gTot=4.04e+00 gLift0=3.75e-02 gLift2=9.25e-02 gGCN0=1.42e-02 gGCN1=1.45e-02 gEmbLn=8.47e-03 gEnc=1.26e-01 gDiag0=4.04e+00 gDiag1=1.28e-01 gDiag2=5.32e-02 gOffTf0=8.73e-02 gOffTf1=6.01e-02 gOffTf2=5.92e-04 gL=1.19e-01 gOffUV=1.25e-02 gNU=3.83e-03 gNV=1.70e-03 gJac=4.37e-02
02600: Loss avg=0.1994 ± 0.0030  (6.365s, avg: 6.366s) lr=1.00e-04 gTot=4.81e+00 gLift0=5.10e-02 gLift2=1.21e-01 gGCN0=2.08e-02 gGCN1=1.83e-02 gEmbLn=1.20e-02 gEnc=1.84e-01 gDiag0=4.79e+00 gDiag1=2.37e-01 gDiag2=1.31e-01 gOffTf0=7.66e-02 gOffTf1=8.03e-02 gOffTf2=4.31e-04 gL=1.44e-01 gOffUV=5.41e-03 gNU=2.82e-03 gNV=2.03e-03 gJac=7.13e-02
02700: Loss avg=0.1968 ± 0.0029  (6.365s, avg: 6.366s) lr=1.00e-04 gTot=2.64e+00 gLift0=3.03e-02 gLift2=6.80e-02 gGCN0=1.12e-02 gGCN1=1.10e-02 gEmbLn=6.15e-03 gEnc=9.91e-02 gDiag0=2.63e+00 gDiag1=1.20e-01 gDiag2=1.16e-01 gOffTf0=6.14e-02 gOffTf1=4.44e-02 gOffTf2=8.03e-04 gL=8.78e-02 gOffUV=1.39e-02 gNU=1.43e-03 gNV=1.93e-03 gJac=4.07e-02
02800: Loss avg=0.1938 ± 0.0032  (6.365s, avg: 6.366s) lr=1.00e-04 gTot=2.06e+00 gLift0=3.68e-02 gLift2=7.36e-02 gGCN0=1.35e-02 gGCN1=1.24e-02 gEmbLn=7.47e-03 gEnc=1.04e-01 gDiag0=2.04e+00 gDiag1=1.21e-01 gDiag2=1.71e-01 gOffTf0=7.35e-02 gOffTf1=6.32e-02 gOffTf2=1.25e-03 gL=9.22e-02 gOffUV=8.65e-03 gNU=1.55e-03 gNV=2.73e-03 gJac=6.17e-02
02900: Loss avg=0.1933 ± 0.0036  (6.366s, avg: 6.366s) lr=1.00e-04 gTot=1.14e+01 gLift0=8.31e-02 gLift2=1.49e-01 gGCN0=2.42e-02 gGCN1=2.48e-02 gEmbLn=1.55e-02 gEnc=2.07e-01 gDiag0=1.14e+01 gDiag1=1.66e-01 gDiag2=2.34e-01 gOffTf0=9.56e-02 gOffTf1=8.27e-02 gOffTf2=5.50e-04 gL=1.35e-01 gOffUV=2.24e-03 gNU=2.03e-03 gNV=5.15e-03 gJac=1.96e-01
03000: Loss avg=0.1924 ± 0.0055  (6.365s, avg: 6.366s) lr=1.00e-04 gTot=7.48e+00 gLift0=3.36e-02 gLift2=7.69e-02 gGCN0=1.33e-02 gGCN1=1.30e-02 gEmbLn=7.80e-03 gEnc=1.37e-01 gDiag0=7.48e+00 gDiag1=2.06e-01 gDiag2=9.87e-02 gOffTf0=6.22e-02 gOffTf1=4.39e-02 gOffTf2=1.37e-02 gL=8.44e-02 gOffUV=8.29e-02 gNU=2.33e-02 gNV=2.43e-02 gJac=2.46e-02
03100: Loss avg=0.1875 ± 0.0038  (6.366s, avg: 6.367s) lr=1.00e-04 gTot=6.24e-01 gLift0=2.59e-02 gLift2=6.39e-02 gGCN0=1.10e-02 gGCN1=9.58e-03 gEmbLn=6.52e-03 gEnc=8.87e-02 gDiag0=5.90e-01 gDiag1=1.24e-01 gDiag2=6.60e-02 gOffTf0=5.11e-02 gOffTf1=3.77e-02 gOffTf2=4.29e-03 gL=6.23e-02 gOffUV=2.32e-02 gNU=9.39e-03 gNV=6.59e-03 gJac=2.83e-02
03200: Loss avg=0.1860 ± 0.0041  (6.366s, avg: 6.367s) lr=1.00e-04 gTot=1.54e+01 gLift0=4.81e-02 gLift2=1.17e-01 gGCN0=1.78e-02 gGCN1=1.92e-02 gEmbLn=1.29e-02 gEnc=1.96e-01 gDiag0=1.54e+01 gDiag1=1.43e-01 gDiag2=7.54e-02 gOffTf0=8.06e-02 gOffTf1=6.20e-02 gOffTf2=1.91e-03 gL=8.53e-02 gOffUV=1.16e-02 gNU=6.42e-03 gNV=6.32e-03 gJac=3.64e-02
03300: Loss avg=0.1845 ± 0.0041  (6.366s, avg: 6.367s) lr=1.00e-04 gTot=6.35e+00 gLift0=4.08e-02 gLift2=9.21e-02 gGCN0=1.77e-02 gGCN1=1.59e-02 gEmbLn=9.19e-03 gEnc=1.35e-01 gDiag0=6.34e+00 gDiag1=6.88e-02 gDiag2=7.51e-02 gOffTf0=7.21e-02 gOffTf1=4.98e-02 gOffTf2=4.83e-03 gL=7.15e-02 gOffUV=3.17e-02 gNU=7.86e-03 gNV=1.09e-02 gJac=5.37e-02
03400: Loss avg=0.1809 ± 0.0038  (6.366s, avg: 6.367s) lr=1.00e-04 gTot=2.02e+00 gLift0=4.51e-02 gLift2=8.11e-02 gGCN0=1.55e-02 gGCN1=1.23e-02 gEmbLn=8.01e-03 gEnc=1.27e-01 gDiag0=2.00e+00 gDiag1=1.50e-01 gDiag2=7.69e-02 gOffTf0=6.23e-02 gOffTf1=5.40e-02 gOffTf2=7.68e-04 gL=9.94e-02 gOffUV=4.72e-03 gNU=2.59e-03 gNV=2.53e-03 gJac=5.60e-02
03500: Loss avg=0.1797 ± 0.0039  (6.366s, avg: 6.367s) lr=1.00e-04 gTot=9.29e+00 gLift0=3.74e-02 gLift2=7.97e-02 gGCN0=1.57e-02 gGCN1=1.19e-02 gEmbLn=8.48e-03 gEnc=1.33e-01 gDiag0=9.28e+00 gDiag1=1.73e-01 gDiag2=9.77e-02 gOffTf0=5.29e-02 gOffTf1=6.01e-02 gOffTf2=1.19e-03 gL=7.89e-02 gOffUV=5.35e-03 gNU=5.06e-03 gNV=7.37e-03 gJac=3.28e-02
03600: Loss avg=0.1822 ± 0.0087  (6.366s, avg: 6.367s) lr=1.00e-04 gTot=8.09e+00 gLift0=3.30e-02 gLift2=7.31e-02 gGCN0=1.59e-02 gGCN1=1.19e-02 gEmbLn=7.47e-03 gEnc=1.27e-01 gDiag0=8.09e+00 gDiag1=1.39e-01 gDiag2=6.01e-02 gOffTf0=6.53e-02 gOffTf1=3.26e-02 gOffTf2=1.92e-03 gL=6.21e-02 gOffUV=8.49e-03 gNU=3.93e-03 gNV=7.69e-03 gJac=5.22e-02
03700: Loss avg=0.1803 ± 0.0065  (6.366s, avg: 6.367s) lr=1.00e-04 gTot=1.10e+00 gLift0=5.06e-02 gLift2=1.15e-01 gGCN0=2.19e-02 gGCN1=1.75e-02 gEmbLn=1.14e-02 gEnc=1.69e-01 gDiag0=8.77e-01 gDiag1=5.24e-01 gDiag2=2.30e-01 gOffTf0=1.07e-01 gOffTf1=1.03e-01 gOffTf2=8.81e-03 gL=1.40e-01 gOffUV=4.35e-02 gNU=1.64e-02 gNV=1.38e-02 gJac=1.47e-01
03800: Loss avg=0.1778 ± 0.0044  (6.365s, avg: 6.367s) lr=1.00e-04 gTot=1.30e+01 gLift0=5.25e-02 gLift2=1.08e-01 gGCN0=1.79e-02 gGCN1=1.64e-02 gEmbLn=1.16e-02 gEnc=1.68e-01 gDiag0=1.30e+01 gDiag1=1.69e-01 gDiag2=1.40e-01 gOffTf0=7.58e-02 gOffTf1=4.41e-02 gOffTf2=1.83e-03 gL=7.68e-02 gOffUV=1.14e-02 gNU=3.92e-03 gNV=6.31e-03 gJac=7.51e-02
03900: Loss avg=0.1740 ± 0.0041  (6.365s, avg: 6.367s) lr=1.00e-04 gTot=1.75e+00 gLift0=5.02e-02 gLift2=1.07e-01 gGCN0=2.12e-02 gGCN1=1.64e-02 gEmbLn=1.09e-02 gEnc=1.69e-01 gDiag0=1.70e+00 gDiag1=2.22e-01 gDiag2=2.12e-01 gOffTf0=1.10e-01 gOffTf1=7.42e-02 gOffTf2=3.53e-03 gL=1.37e-01 gOffUV=1.28e-02 gNU=8.63e-03 gNV=9.08e-03 gJac=3.81e-02
04000: Loss avg=0.1706 ± 0.0038  (6.366s, avg: 6.367s) lr=1.00e-04 gTot=2.50e+00 gLift0=8.63e-02 gLift2=1.61e-01 gGCN0=3.96e-02 gGCN1=2.76e-02 gEmbLn=1.63e-02 gEnc=2.25e-01 gDiag0=1.25e+00 gDiag1=2.14e+00 gDiag2=1.09e-01 gOffTf0=1.05e-01 gOffTf1=5.52e-02 gOffTf2=3.40e-03 gL=9.30e-02 gOffUV=2.30e-02 gNU=2.56e-03 gNV=2.90e-03 gJac=3.20e-02
  [track] Checkpoint -> v2_8192_d128_L3_hw_smooth_default_step004000.bytes
04100: Loss avg=0.1661 ± 0.0051  (6.366s, avg: 6.368s) lr=1.00e-04 gTot=1.06e+01 gLift0=5.68e-02 gLift2=1.36e-01 gGCN0=2.35e-02 gGCN1=1.92e-02 gEmbLn=1.41e-02 gEnc=2.05e-01 gDiag0=9.85e+00 gDiag1=3.83e+00 gDiag2=2.06e-01 gOffTf0=1.63e-01 gOffTf1=7.15e-02 gOffTf2=1.97e-03 gL=1.03e-01 gOffUV=9.43e-03 gNU=6.30e-03 gNV=8.72e-03 gJac=5.80e-02
04200: Loss avg=0.1561 ± 0.0046  (6.366s, avg: 6.368s) lr=1.00e-04 gTot=7.32e+00 gLift0=5.99e-02 gLift2=1.14e-01 gGCN0=1.77e-02 gGCN1=1.70e-02 gEmbLn=1.22e-02 gEnc=1.58e-01 gDiag0=7.18e+00 gDiag1=1.39e+00 gDiag2=1.74e-01 gOffTf0=7.86e-02 gOffTf1=5.80e-02 gOffTf2=1.45e-02 gL=1.34e-01 gOffUV=4.54e-02 gNU=2.01e-02 gNV=3.00e-02 gJac=6.29e-02
04300: Loss avg=0.1485 ± 0.0049  (6.366s, avg: 6.368s) lr=1.00e-04 gTot=1.05e+01 gLift0=1.57e-01 gLift2=2.67e-01 gGCN0=4.10e-02 gGCN1=3.67e-02 gEmbLn=2.71e-02 gEnc=3.50e-01 gDiag0=9.78e+00 gDiag1=3.45e+00 gDiag2=1.56e+00 gOffTf0=1.21e-01 gOffTf1=1.14e-01 gOffTf2=1.15e-02 gL=1.89e-01 gOffUV=2.29e-02 gNU=1.68e-02 gNV=1.69e-02 gJac=3.16e-01
04400: Loss avg=0.1413 ± 0.0038  (6.368s, avg: 6.368s) lr=1.00e-04 gTot=2.31e+00 gLift0=6.10e-02 gLift2=1.26e-01 gGCN0=2.13e-02 gGCN1=1.75e-02 gEmbLn=1.29e-02 gEnc=2.01e-01 gDiag0=1.83e+00 gDiag1=9.71e-01 gDiag2=9.18e-01 gOffTf0=1.39e-01 gOffTf1=8.92e-02 gOffTf2=2.16e-02 gL=2.44e-01 gOffUV=4.67e-02 gNU=2.70e-02 gNV=3.52e-02 gJac=1.43e-01
04500: Loss avg=0.1380 ± 0.0047  (6.367s, avg: 6.368s) lr=1.00e-04 gTot=2.45e+01 gLift0=9.89e-02 gLift2=1.89e-01 gGCN0=2.98e-02 gGCN1=2.79e-02 gEmbLn=1.97e-02 gEnc=3.08e-01 gDiag0=2.20e+01 gDiag1=1.07e+01 gDiag2=1.52e+00 gOffTf0=1.26e-01 gOffTf1=9.11e-02 gOffTf2=5.95e-02 gL=1.50e-01 gOffUV=1.02e-01 gNU=4.32e-02 gNV=6.48e-02 gJac=2.47e-01
04600: Loss avg=0.1325 ± 0.0035  (6.366s, avg: 6.368s) lr=1.00e-04 gTot=9.90e+00 gLift0=1.54e-01 gLift2=2.48e-01 gGCN0=3.80e-02 gGCN1=3.56e-02 gEmbLn=2.51e-02 gEnc=3.36e-01 gDiag0=8.58e+00 gDiag1=4.27e+00 gDiag2=2.39e+00 gOffTf0=1.72e-01 gOffTf1=1.34e-01 gOffTf2=1.00e-02 gL=2.43e-01 gOffUV=2.59e-02 gNU=1.73e-02 gNV=2.60e-02 gJac=4.51e-01
04700: Loss avg=0.1306 ± 0.0040  (6.366s, avg: 6.368s) lr=1.00e-04 gTot=1.09e+01 gLift0=9.97e-02 gLift2=1.74e-01 gGCN0=3.37e-02 gGCN1=2.60e-02 gEmbLn=1.86e-02 gEnc=2.46e-01 gDiag0=1.08e+01 gDiag1=1.64e+00 gDiag2=7.32e-01 gOffTf0=1.47e-01 gOffTf1=7.68e-02 gOffTf2=4.68e-02 gL=1.67e-01 gOffUV=7.09e-02 gNU=2.75e-02 gNV=4.33e-02 gJac=1.33e-01
04800: Loss avg=0.1285 ± 0.0037  (6.365s, avg: 6.368s) lr=1.00e-04 gTot=8.21e+00 gLift0=7.16e-02 gLift2=1.61e-01 gGCN0=2.42e-02 gGCN1=2.51e-02 gEmbLn=1.85e-02 gEnc=2.48e-01 gDiag0=5.65e+00 gDiag1=5.42e+00 gDiag2=2.37e+00 gOffTf0=2.13e-01 gOffTf1=1.08e-01 gOffTf2=1.69e-02 gL=3.18e-01 gOffUV=3.42e-02 gNU=2.88e-02 gNV=7.72e-02 gJac=4.62e-01
04900: Loss avg=0.1263 ± 0.0052  (6.367s, avg: 6.368s) lr=1.00e-04 gTot=8.64e+00 gLift0=1.04e-01 gLift2=1.66e-01 gGCN0=3.41e-02 gGCN1=2.81e-02 gEmbLn=1.72e-02 gEnc=2.30e-01 gDiag0=8.53e+00 gDiag1=1.25e+00 gDiag2=2.49e-01 gOffTf0=1.01e-01 gOffTf1=5.78e-02 gOffTf2=2.28e-02 gL=1.21e-01 gOffUV=2.52e-02 gNU=1.46e-02 gNV=3.70e-02 gJac=7.85e-02
05000: Loss avg=0.1221 ± 0.0034  (6.366s, avg: 6.368s) lr=1.00e-04 gTot=3.97e+00 gLift0=2.66e-02 gLift2=6.27e-02 gGCN0=1.22e-02 gGCN1=9.51e-03 gEmbLn=6.49e-03 gEnc=1.12e-01 gDiag0=3.90e+00 gDiag1=6.57e-01 gDiag2=2.55e-01 gOffTf0=5.18e-02 gOffTf1=5.12e-02 gOffTf2=1.30e-02 gL=1.60e-01 gOffUV=4.03e-02 gNU=2.26e-02 gNV=5.74e-02 gJac=3.40e-02
05100: Loss avg=0.1217 ± 0.0055  (6.367s, avg: 6.368s) lr=1.00e-04 gTot=3.54e+00 gLift0=8.01e-02 gLift2=1.41e-01 gGCN0=2.24e-02 gGCN1=1.98e-02 gEmbLn=1.53e-02 gEnc=2.27e-01 gDiag0=2.83e+00 gDiag1=1.74e+00 gDiag2=1.11e+00 gOffTf0=1.03e-01 gOffTf1=9.98e-02 gOffTf2=1.89e-01 gL=2.70e-01 gOffUV=1.63e-01 gNU=8.95e-02 gNV=1.12e-01 gJac=2.24e-01
05200: Loss avg=0.1187 ± 0.0035  (6.367s, avg: 6.368s) lr=1.00e-04 gTot=7.39e+00 gLift0=6.43e-02 gLift2=1.15e-01 gGCN0=2.05e-02 gGCN1=1.71e-02 gEmbLn=1.10e-02 gEnc=1.46e-01 gDiag0=5.45e+00 gDiag1=4.97e+00 gDiag2=2.76e-01 gOffTf0=6.01e-02 gOffTf1=4.75e-02 gOffTf2=4.64e-02 gL=1.35e-01 gOffUV=4.58e-02 gNU=3.87e-02 gNV=3.36e-02 gJac=7.43e-02
05300: Loss avg=0.1190 ± 0.0056  (6.366s, avg: 6.368s) lr=1.00e-04 gTot=7.90e+00 gLift0=1.10e+00 gLift2=1.59e+00 gGCN0=2.83e-01 gGCN1=2.42e-01 gEmbLn=1.47e-01 gEnc=1.78e+00 gDiag0=5.58e+00 gDiag1=4.60e+00 gDiag2=9.71e-01 gOffTf0=8.00e-01 gOffTf1=4.33e-01 gOffTf2=1.39e-01 gL=4.47e-01 gOffUV=1.25e-01 gNU=1.03e-01 gNV=1.84e-01 gJac=1.04e+00
05400: Loss avg=0.1186 ± 0.0042  (6.366s, avg: 6.368s) lr=1.00e-04 gTot=2.95e+00 gLift0=1.02e-01 gLift2=1.70e-01 gGCN0=2.63e-02 gGCN1=2.35e-02 gEmbLn=1.65e-02 gEnc=2.17e-01 gDiag0=2.33e+00 gDiag1=1.04e+00 gDiag2=1.35e+00 gOffTf0=1.40e-01 gOffTf1=8.83e-02 gOffTf2=2.07e-01 gL=2.33e-01 gOffUV=1.92e-01 gNU=1.51e-01 gNV=2.15e-01 gJac=2.10e-01
05500: Loss avg=0.1135 ± 0.0036  (6.367s, avg: 6.368s) lr=1.00e-04 gTot=2.77e+00 gLift0=5.69e-02 gLift2=8.71e-02 gGCN0=1.31e-02 gGCN1=1.24e-02 gEmbLn=9.13e-03 gEnc=1.10e-01 gDiag0=2.24e+00 gDiag1=1.37e+00 gDiag2=7.98e-01 gOffTf0=5.56e-02 gOffTf1=5.70e-02 gOffTf2=8.85e-02 gL=1.37e-01 gOffUV=7.82e-02 gNU=6.92e-02 gNV=1.05e-01 gJac=1.56e-01
05600: Loss avg=0.1140 ± 0.0043  (6.366s, avg: 6.368s) lr=1.00e-04 gTot=3.74e+00 gLift0=9.10e-02 gLift2=1.45e-01 gGCN0=2.45e-02 gGCN1=1.98e-02 gEmbLn=1.45e-02 gEnc=1.88e-01 gDiag0=8.32e-01 gDiag1=3.52e+00 gDiag2=8.31e-01 gOffTf0=1.19e-01 gOffTf1=7.44e-02 gOffTf2=3.87e-02 gL=2.31e-01 gOffUV=5.50e-02 gNU=9.79e-02 gNV=1.01e-01 gJac=1.65e-01
05700: Loss avg=0.1125 ± 0.0045  (6.366s, avg: 6.368s) lr=1.00e-04 gTot=3.10e+00 gLift0=7.03e-02 gLift2=1.26e-01 gGCN0=2.16e-02 gGCN1=1.98e-02 gEmbLn=1.25e-02 gEnc=1.85e-01 gDiag0=2.22e+00 gDiag1=2.03e+00 gDiag2=6.25e-01 gOffTf0=9.45e-02 gOffTf1=7.35e-02 gOffTf2=3.03e-02 gL=2.35e-01 gOffUV=6.89e-02 gNU=9.84e-02 gNV=9.28e-02 gJac=1.87e-01
05800: Loss avg=0.1086 ± 0.0029  (6.366s, avg: 6.368s) lr=1.00e-04 gTot=9.85e-01 gLift0=1.13e-01 gLift2=1.67e-01 gGCN0=2.65e-02 gGCN1=2.41e-02 gEmbLn=1.56e-02 gEnc=1.87e-01 gDiag0=6.67e-01 gDiag1=3.93e-01 gDiag2=4.00e-01 gOffTf0=7.85e-02 gOffTf1=7.49e-02 gOffTf2=2.02e-01 gL=1.79e-01 gOffUV=1.34e-01 gNU=1.01e-01 gNV=1.13e-01 gJac=9.50e-02
05900: Loss avg=0.1087 ± 0.0041  (6.366s, avg: 6.368s) lr=1.00e-04 gTot=3.90e+00 gLift0=8.42e-02 gLift2=1.35e-01 gGCN0=2.15e-02 gGCN1=1.73e-02 gEmbLn=1.35e-02 gEnc=1.61e-01 gDiag0=3.21e+00 gDiag1=1.77e+00 gDiag2=1.22e+00 gOffTf0=6.52e-02 gOffTf1=9.09e-02 gOffTf2=5.46e-02 gL=3.24e-01 gOffUV=7.97e-02 gNU=1.34e-01 gNV=1.53e-01 gJac=2.45e-01
06000: Loss avg=0.1107 ± 0.0045  (6.365s, avg: 6.368s) lr=1.00e-04 gTot=6.92e+00 gLift0=4.05e-02 gLift2=8.92e-02 gGCN0=1.35e-02 gGCN1=1.22e-02 gEmbLn=1.05e-02 gEnc=1.38e-01 gDiag0=1.60e+00 gDiag1=6.72e+00 gDiag2=2.85e-01 gOffTf0=1.09e-01 gOffTf1=5.42e-02 gOffTf2=8.82e-02 gL=1.68e-01 gOffUV=7.42e-02 gNU=7.22e-02 gNV=7.85e-02 gJac=6.06e-02
  [track] Checkpoint -> v2_8192_d128_L3_hw_smooth_default_step006000.bytes
06100: Loss avg=0.1071 ± 0.0035  (6.367s, avg: 6.369s) lr=1.00e-04 gTot=8.78e+00 gLift0=1.17e-01 gLift2=1.77e-01 gGCN0=2.75e-02 gGCN1=2.55e-02 gEmbLn=1.66e-02 gEnc=2.32e-01 gDiag0=8.65e+00 gDiag1=7.32e-01 gDiag2=1.07e+00 gOffTf0=2.77e-01 gOffTf1=1.17e-01 gOffTf2=1.48e-01 gL=2.95e-01 gOffUV=2.28e-01 gNU=2.57e-01 gNV=2.55e-01 gJac=2.30e-01
06200: Loss avg=0.1063 ± 0.0036  (6.366s, avg: 6.369s) lr=1.00e-04 gTot=2.57e+00 gLift0=1.44e-01 gLift2=2.18e-01 gGCN0=3.36e-02 gGCN1=2.94e-02 gEmbLn=2.01e-02 gEnc=2.84e-01 gDiag0=1.02e+00 gDiag1=1.37e+00 gDiag2=1.65e+00 gOffTf0=2.01e-01 gOffTf1=1.30e-01 gOffTf2=3.79e-01 gL=3.51e-01 gOffUV=3.25e-01 gNU=2.63e-01 gNV=4.62e-01 gJac=3.00e-01
06300: Loss avg=0.1092 ± 0.0063  (6.366s, avg: 6.369s) lr=1.00e-04 gTot=1.31e+01 gLift0=1.94e-01 gLift2=3.07e-01 gGCN0=5.52e-02 gGCN1=4.43e-02 gEmbLn=2.96e-02 gEnc=4.06e-01 gDiag0=9.79e+00 gDiag1=8.62e+00 gDiag2=1.16e+00 gOffTf0=2.00e-01 gOffTf1=1.82e-01 gOffTf2=2.79e-01 gL=4.66e-01 gOffUV=1.70e-01 gNU=1.93e-01 gNV=2.21e-01 gJac=5.58e-01
06400: Loss avg=0.1042 ± 0.0043  (6.366s, avg: 6.369s) lr=1.00e-04 gTot=1.25e+01 gLift0=5.56e-02 gLift2=1.02e-01 gGCN0=1.70e-02 gGCN1=1.48e-02 gEmbLn=1.02e-02 gEnc=1.62e-01 gDiag0=1.25e+01 gDiag1=1.10e+00 gDiag2=5.10e-01 gOffTf0=1.32e-01 gOffTf1=5.66e-02 gOffTf2=2.03e-01 gL=1.67e-01 gOffUV=1.32e-01 gNU=1.06e-01 gNV=1.30e-01 gJac=3.16e-02
06500: Loss avg=0.1032 ± 0.0053  (6.367s, avg: 6.369s) lr=1.00e-04 gTot=6.08e+00 gLift0=4.07e-02 gLift2=7.73e-02 gGCN0=1.53e-02 gGCN1=1.24e-02 gEmbLn=9.30e-03 gEnc=1.17e-01 gDiag0=6.03e+00 gDiag1=5.78e-01 gDiag2=4.48e-01 gOffTf0=8.82e-02 gOffTf1=3.61e-02 gOffTf2=2.96e-02 gL=1.32e-01 gOffUV=6.93e-02 gNU=7.26e-02 gNV=9.09e-02 gJac=7.15e-02
06600: Loss avg=0.1043 ± 0.0090  (6.365s, avg: 6.369s) lr=1.00e-04 gTot=1.62e+01 gLift0=1.10e-01 gLift2=1.76e-01 gGCN0=2.66e-02 gGCN1=2.46e-02 gEmbLn=1.87e-02 gEnc=2.55e-01 gDiag0=1.61e+01 gDiag1=5.22e-01 gDiag2=8.19e-01 gOffTf0=1.22e-01 gOffTf1=9.01e-02 gOffTf2=1.95e-01 gL=1.94e-01 gOffUV=1.51e-01 gNU=1.82e-01 gNV=2.48e-01 gJac=1.56e-01
06700: Loss avg=0.1019 ± 0.0036  (6.366s, avg: 6.368s) lr=1.00e-04 gTot=6.61e+00 gLift0=8.34e-02 gLift2=1.93e-01 gGCN0=2.97e-02 gGCN1=2.81e-02 gEmbLn=1.92e-02 gEnc=2.93e-01 gDiag0=4.63e+00 gDiag1=4.42e+00 gDiag2=1.32e+00 gOffTf0=2.80e-01 gOffTf1=1.58e-01 gOffTf2=3.87e-01 gL=4.73e-01 gOffUV=2.58e-01 gNU=4.00e-01 gNV=3.85e-01 gJac=1.47e-01
06800: Loss avg=0.1007 ± 0.0046  (6.366s, avg: 6.368s) lr=1.00e-04 gTot=1.53e+01 gLift0=9.24e-02 gLift2=1.65e-01 gGCN0=2.42e-02 gGCN1=2.32e-02 gEmbLn=1.72e-02 gEnc=2.36e-01 gDiag0=1.34e+01 gDiag1=7.23e+00 gDiag2=1.13e+00 gOffTf0=1.77e-01 gOffTf1=8.84e-02 gOffTf2=1.99e-01 gL=3.48e-01 gOffUV=1.53e-01 gNU=1.71e-01 gNV=1.39e-01 gJac=3.96e-02
06900: Loss avg=0.0985 ± 0.0044  (6.365s, avg: 6.368s) lr=1.00e-04 gTot=7.81e+00 gLift0=5.87e-02 gLift2=9.81e-02 gGCN0=1.72e-02 gGCN1=1.43e-02 gEmbLn=9.44e-03 gEnc=1.37e-01 gDiag0=7.76e+00 gDiag1=5.08e-01 gDiag2=6.58e-01 gOffTf0=1.03e-01 gOffTf1=7.09e-02 gOffTf2=1.85e-01 gL=1.91e-01 gOffUV=1.31e-01 gNU=9.57e-02 gNV=1.28e-01 gJac=1.19e-01
07000: Loss avg=0.0966 ± 0.0033  (6.365s, avg: 6.368s) lr=1.00e-04 gTot=8.18e+00 gLift0=1.57e-01 gLift2=2.59e-01 gGCN0=3.95e-02 gGCN1=3.41e-02 gEmbLn=2.78e-02 gEnc=3.65e-01 gDiag0=6.72e+00 gDiag1=4.29e+00 gDiag2=1.43e+00 gOffTf0=3.01e-01 gOffTf1=1.69e-01 gOffTf2=1.02e-01 gL=6.36e-01 gOffUV=2.13e-01 gNU=5.41e-01 gNV=3.88e-01 gJac=3.49e-01
07100: Loss avg=0.0996 ± 0.0065  (6.365s, avg: 6.369s) lr=1.00e-04 gTot=1.11e+01 gLift0=5.53e-02 gLift2=1.21e-01 gGCN0=1.87e-02 gGCN1=1.52e-02 gEmbLn=1.33e-02 gEnc=2.06e-01 gDiag0=8.72e+00 gDiag1=6.80e+00 gDiag2=6.84e-01 gOffTf0=1.40e-01 gOffTf1=1.30e-01 gOffTf2=3.40e-01 gL=4.58e-01 gOffUV=1.88e-01 gNU=1.25e-01 gNV=2.49e-01 gJac=1.32e-01
07200: Loss avg=0.0949 ± 0.0042  (6.365s, avg: 6.369s) lr=1.00e-04 gTot=6.46e+00 gLift0=8.40e-02 gLift2=1.47e-01 gGCN0=2.21e-02 gGCN1=1.99e-02 gEmbLn=1.48e-02 gEnc=2.48e-01 gDiag0=6.29e+00 gDiag1=1.02e+00 gDiag2=7.93e-01 gOffTf0=1.58e-01 gOffTf1=1.19e-01 gOffTf2=1.43e-01 gL=5.23e-01 gOffUV=2.09e-01 gNU=1.58e-01 gNV=1.79e-01 gJac=2.30e-01
07300: Loss avg=0.0980 ± 0.0069  (6.365s, avg: 6.369s) lr=1.00e-04 gTot=2.94e+01 gLift0=1.40e-01 gLift2=3.32e-01 gGCN0=5.07e-02 gGCN1=4.39e-02 gEmbLn=3.40e-02 gEnc=5.43e-01 gDiag0=2.94e+01 gDiag1=1.81e+00 gDiag2=4.64e-01 gOffTf0=3.21e-01 gOffTf1=1.61e-01 gOffTf2=1.08e-01 gL=4.97e-01 gOffUV=1.60e-01 gNU=1.71e-01 gNV=2.53e-01 gJac=2.55e-01
07400: Loss avg=0.1011 ± 0.0055  (6.364s, avg: 6.369s) lr=1.00e-04 gTot=4.82e+00 gLift0=5.30e-02 gLift2=9.14e-02 gGCN0=1.40e-02 gGCN1=1.16e-02 gEmbLn=8.65e-03 gEnc=1.31e-01 gDiag0=7.95e-01 gDiag1=4.73e+00 gDiag2=1.91e-01 gOffTf0=1.13e-01 gOffTf1=5.59e-02 gOffTf2=6.29e-02 gL=2.12e-01 gOffUV=1.51e-01 gNU=1.09e-01 gNV=1.57e-01 gJac=1.10e-01
07500: Loss avg=0.0947 ± 0.0059  (6.364s, avg: 6.368s) lr=1.00e-04 gTot=7.91e+00 gLift0=1.97e-01 gLift2=2.70e-01 gGCN0=4.80e-02 gGCN1=3.84e-02 gEmbLn=2.72e-02 gEnc=3.25e-01 gDiag0=7.82e+00 gDiag1=6.77e-01 gDiag2=5.99e-01 gOffTf0=1.88e-01 gOffTf1=1.25e-01 gOffTf2=2.05e-01 gL=3.14e-01 gOffUV=1.92e-01 gNU=2.19e-01 gNV=1.77e-01 gJac=8.44e-02
07600: Loss avg=0.0916 ± 0.0037  (6.364s, avg: 6.368s) lr=1.00e-04 gTot=4.39e+00 gLift0=1.32e-01 gLift2=1.79e-01 gGCN0=3.48e-02 gGCN1=2.33e-02 gEmbLn=1.65e-02 gEnc=2.02e-01 gDiag0=3.31e+00 gDiag1=2.48e+00 gDiag2=1.31e+00 gOffTf0=2.11e-01 gOffTf1=7.75e-02 gOffTf2=9.21e-02 gL=3.22e-01 gOffUV=2.98e-01 gNU=1.59e-01 gNV=1.70e-01 gJac=2.13e-01
07700: Loss avg=0.0955 ± 0.0063  (6.363s, avg: 6.368s) lr=1.00e-04 gTot=1.45e+01 gLift0=1.32e-01 gLift2=2.27e-01 gGCN0=3.93e-02 gGCN1=3.28e-02 gEmbLn=2.73e-02 gEnc=4.09e-01 gDiag0=1.44e+01 gDiag1=1.10e+00 gDiag2=1.69e+00 gOffTf0=3.69e-01 gOffTf1=1.66e-01 gOffTf2=2.55e-01 gL=5.84e-01 gOffUV=3.12e-01 gNU=2.19e-01 gNV=3.93e-01 gJac=3.40e-01
07800: Loss avg=0.0917 ± 0.0047  (6.364s, avg: 6.368s) lr=1.00e-04 gTot=1.38e+00 gLift0=5.20e-02 gLift2=7.51e-02 gGCN0=1.18e-02 gGCN1=1.02e-02 gEmbLn=7.28e-03 gEnc=8.81e-02 gDiag0=4.50e-01 gDiag1=1.26e+00 gDiag2=1.60e-01 gOffTf0=5.35e-02 gOffTf1=4.52e-02 gOffTf2=1.00e-01 gL=1.28e-01 gOffUV=1.05e-01 gNU=1.33e-01 gNV=9.94e-02 gJac=3.87e-02
07900: Loss avg=0.0896 ± 0.0040  (6.365s, avg: 6.368s) lr=1.00e-04 gTot=6.28e+00 gLift0=1.11e-01 gLift2=1.60e-01 gGCN0=2.45e-02 gGCN1=2.08e-02 gEmbLn=1.67e-02 gEnc=2.09e-01 gDiag0=5.27e+00 gDiag1=3.29e+00 gDiag2=6.06e-01 gOffTf0=3.39e-01 gOffTf1=8.03e-02 gOffTf2=1.08e-01 gL=3.35e-01 gOffUV=1.66e-01 gNU=1.15e-01 gNV=1.36e-01 gJac=2.16e-01
08000: Loss avg=0.0962 ± 0.0076  (6.365s, avg: 6.368s) lr=1.00e-04 gTot=1.20e+01 gLift0=1.27e-01 gLift2=1.87e-01 gGCN0=3.06e-02 gGCN1=2.56e-02 gEmbLn=1.90e-02 gEnc=2.49e-01 gDiag0=1.06e+01 gDiag1=5.55e+00 gDiag2=3.75e-01 gOffTf0=1.75e-01 gOffTf1=9.81e-02 gOffTf2=1.97e-01 gL=1.89e-01 gOffUV=2.53e-01 gNU=2.66e-01 gNV=2.07e-01 gJac=8.09e-02
  [track] Checkpoint -> v2_8192_d128_L3_hw_smooth_default_step008000.bytes
08100: Loss avg=0.0907 ± 0.0042  (6.365s, avg: 6.369s) lr=1.00e-04 gTot=5.95e+00 gLift0=4.23e-02 gLift2=9.38e-02 gGCN0=1.32e-02 gGCN1=1.32e-02 gEmbLn=1.06e-02 gEnc=1.62e-01 gDiag0=5.83e+00 gDiag1=1.06e+00 gDiag2=3.82e-01 gOffTf0=1.36e-01 gOffTf1=5.74e-02 gOffTf2=5.03e-02 gL=3.02e-01 gOffUV=1.19e-01 gNU=8.75e-02 gNV=1.64e-01 gJac=4.51e-02
08200: Loss avg=0.0853 ± 0.0033  (6.365s, avg: 6.369s) lr=1.00e-04 gTot=1.50e+01 gLift0=4.65e-02 gLift2=1.10e-01 gGCN0=1.98e-02 gGCN1=1.53e-02 gEmbLn=1.49e-02 gEnc=1.94e-01 gDiag0=1.36e+01 gDiag1=6.32e+00 gDiag2=5.22e-01 gOffTf0=7.74e-02 gOffTf1=8.31e-02 gOffTf2=1.81e-01 gL=2.36e-01 gOffUV=1.90e-01 gNU=1.38e-01 gNV=2.49e-01 gJac=5.29e-02
08300: Loss avg=0.0928 ± 0.0071  (6.364s, avg: 6.369s) lr=1.00e-04 gTot=1.24e+01 gLift0=5.37e-02 gLift2=1.04e-01 gGCN0=1.52e-02 gGCN1=1.41e-02 gEmbLn=1.20e-02 gEnc=1.79e-01 gDiag0=1.16e+01 gDiag1=4.31e+00 gDiag2=6.17e-01 gOffTf0=1.16e-01 gOffTf1=5.89e-02 gOffTf2=8.88e-02 gL=2.25e-01 gOffUV=2.07e-01 gNU=1.80e-01 gNV=1.54e-01 gJac=1.07e-01
08400: Loss avg=0.0843 ± 0.0030  (6.364s, avg: 6.369s) lr=1.00e-04 gTot=5.02e+00 gLift0=1.05e-01 gLift2=1.52e-01 gGCN0=2.41e-02 gGCN1=2.01e-02 gEmbLn=1.44e-02 gEnc=2.07e-01 gDiag0=2.22e+00 gDiag1=4.36e+00 gDiag2=6.93e-01 gOffTf0=1.59e-01 gOffTf1=1.17e-01 gOffTf2=2.10e-01 gL=4.59e-01 gOffUV=4.03e-01 gNU=2.58e-01 gNV=2.50e-01 gJac=3.14e-01
08500: Loss avg=0.0836 ± 0.0060  (6.364s, avg: 6.369s) lr=1.00e-04 gTot=3.10e+01 gLift0=1.54e-01 gLift2=2.38e-01 gGCN0=3.63e-02 gGCN1=3.20e-02 gEmbLn=2.53e-02 gEnc=3.81e-01 gDiag0=3.08e+01 gDiag1=2.79e+00 gDiag2=1.64e+00 gOffTf0=2.37e-01 gOffTf1=1.51e-01 gOffTf2=2.56e-01 gL=5.74e-01 gOffUV=2.92e-01 gNU=2.73e-01 gNV=2.63e-01 gJac=2.77e-01
08600: Loss avg=0.0880 ± 0.0060  (6.366s, avg: 6.369s) lr=1.00e-04 gTot=2.83e+00 gLift0=4.37e-02 gLift2=8.96e-02 gGCN0=1.51e-02 gGCN1=1.22e-02 gEmbLn=9.08e-03 gEnc=1.42e-01 gDiag0=2.71e+00 gDiag1=6.67e-01 gDiag2=1.36e-01 gOffTf0=1.38e-01 gOffTf1=7.06e-02 gOffTf2=9.27e-02 gL=1.84e-01 gOffUV=1.70e-01 gNU=1.84e-01 gNV=1.77e-01 gJac=4.29e-02
08700: Loss avg=0.0843 ± 0.0045  (6.364s, avg: 6.368s) lr=1.00e-04 gTot=2.05e+00 gLift0=3.78e-02 gLift2=6.24e-02 gGCN0=9.17e-03 gGCN1=8.26e-03 gEmbLn=6.59e-03 gEnc=9.59e-02 gDiag0=1.81e+00 gDiag1=4.43e-01 gDiag2=7.17e-01 gOffTf0=9.75e-02 gOffTf1=4.92e-02 gOffTf2=9.36e-02 gL=2.81e-01 gOffUV=2.01e-01 gNU=2.06e-01 gNV=1.72e-01 gJac=9.30e-02
08800: Loss avg=0.0841 ± 0.0047  (6.365s, avg: 6.368s) lr=1.00e-04 gTot=1.68e+00 gLift0=7.50e-02 gLift2=1.06e-01 gGCN0=1.82e-02 gGCN1=1.39e-02 gEmbLn=9.77e-03 gEnc=1.40e-01 gDiag0=1.46e+00 gDiag1=6.88e-01 gDiag2=1.87e-01 gOffTf0=7.40e-02 gOffTf1=6.11e-02 gOffTf2=6.88e-02 gL=2.71e-01 gOffUV=1.12e-01 gNU=1.34e-01 gNV=1.81e-01 gJac=6.49e-02
08900: Loss avg=0.0862 ± 0.0074  (6.365s, avg: 6.368s) lr=1.00e-04 gTot=1.39e+00 gLift0=5.43e-02 gLift2=8.36e-02 gGCN0=1.53e-02 gGCN1=1.21e-02 gEmbLn=9.07e-03 gEnc=1.09e-01 gDiag0=1.16e+00 gDiag1=5.68e-01 gDiag2=3.32e-01 gOffTf0=6.40e-02 gOffTf1=5.51e-02 gOffTf2=1.08e-01 gL=2.58e-01 gOffUV=1.56e-01 gNU=9.14e-02 gNV=1.04e-01 gJac=5.70e-02
09000: Loss avg=0.0866 ± 0.0042  (6.365s, avg: 6.368s) lr=1.00e-04 gTot=5.80e+00 gLift0=1.67e-01 gLift2=2.30e-01 gGCN0=5.10e-02 gGCN1=3.14e-02 gEmbLn=2.20e-02 gEnc=2.76e-01 gDiag0=1.47e+00 gDiag1=5.41e+00 gDiag2=1.07e+00 gOffTf0=1.65e-01 gOffTf1=1.64e-01 gOffTf2=4.14e-01 gL=5.56e-01 gOffUV=4.38e-01 gNU=2.27e-01 gNV=2.30e-01 gJac=2.66e-01
09100: Loss avg=0.0824 ± 0.0042  (6.365s, avg: 6.369s) lr=1.00e-04 gTot=5.68e+00 gLift0=6.10e-02 gLift2=1.33e-01 gGCN0=1.77e-02 gGCN1=1.76e-02 gEmbLn=1.40e-02 gEnc=2.37e-01 gDiag0=2.53e+00 gDiag1=5.02e+00 gDiag2=4.25e-01 gOffTf0=3.48e-01 gOffTf1=1.36e-01 gOffTf2=1.64e-01 gL=3.49e-01 gOffUV=2.21e-01 gNU=1.62e-01 gNV=2.58e-01 gJac=6.93e-02
09200: Loss avg=0.0801 ± 0.0029  (6.365s, avg: 6.369s) lr=1.00e-04 gTot=1.67e+01 gLift0=9.29e-02 gLift2=1.44e-01 gGCN0=1.99e-02 gGCN1=1.92e-02 gEmbLn=1.53e-02 gEnc=2.30e-01 gDiag0=1.56e+01 gDiag1=5.78e+00 gDiag2=4.86e-01 gOffTf0=1.63e-01 gOffTf1=9.18e-02 gOffTf2=9.29e-02 gL=2.95e-01 gOffUV=2.00e-01 gNU=1.11e-01 gNV=4.55e-01 gJac=1.74e-01
09300: Loss avg=0.0798 ± 0.0048  (6.365s, avg: 6.369s) lr=1.00e-04 gTot=4.19e+00 gLift0=7.63e-02 gLift2=1.39e-01 gGCN0=2.31e-02 gGCN1=1.86e-02 gEmbLn=1.65e-02 gEnc=2.24e-01 gDiag0=3.38e+00 gDiag1=2.16e+00 gDiag2=9.62e-01 gOffTf0=1.38e-01 gOffTf1=1.20e-01 gOffTf2=1.25e-01 gL=4.35e-01 gOffUV=2.26e-01 gNU=2.58e-01 gNV=1.88e-01 gJac=2.25e-01
09400: Loss avg=0.0779 ± 0.0047  (6.365s, avg: 6.368s) lr=1.00e-04 gTot=1.11e+01 gLift0=9.15e-02 gLift2=1.45e-01 gGCN0=2.19e-02 gGCN1=2.01e-02 gEmbLn=1.37e-02 gEnc=2.20e-01 gDiag0=1.11e+01 gDiag1=5.80e-01 gDiag2=4.11e-01 gOffTf0=4.82e-01 gOffTf1=9.65e-02 gOffTf2=1.31e-01 gL=4.97e-01 gOffUV=2.51e-01 gNU=2.40e-01 gNV=3.45e-01 gJac=6.12e-02
09500: Loss avg=0.0783 ± 0.0038  (6.366s, avg: 6.368s) lr=1.00e-04 gTot=6.36e+00 gLift0=3.04e-02 gLift2=5.83e-02 gGCN0=9.49e-03 gGCN1=7.45e-03 gEmbLn=5.86e-03 gEnc=9.90e-02 gDiag0=5.74e+00 gDiag1=2.70e+00 gDiag2=2.88e-01 gOffTf0=2.04e-01 gOffTf1=4.33e-02 gOffTf2=7.01e-02 gL=2.36e-01 gOffUV=1.35e-01 gNU=1.02e-01 gNV=1.10e-01 gJac=3.94e-02
09600: Loss avg=0.0790 ± 0.0056  (6.365s, avg: 6.368s) lr=1.00e-04 gTot=1.25e+01 gLift0=4.72e-02 gLift2=7.94e-02 gGCN0=1.15e-02 gGCN1=1.12e-02 gEmbLn=7.94e-03 gEnc=1.43e-01 gDiag0=1.24e+01 gDiag1=5.57e-01 gDiag2=3.97e-01 gOffTf0=1.91e-01 gOffTf1=5.40e-02 gOffTf2=1.25e-01 gL=2.49e-01 gOffUV=1.45e-01 gNU=1.43e-01 gNV=1.26e-01 gJac=7.06e-02
09700: Loss avg=0.0740 ± 0.0030  (6.366s, avg: 6.368s) lr=1.00e-04 gTot=1.45e+01 gLift0=1.01e-01 gLift2=1.57e-01 gGCN0=2.67e-02 gGCN1=2.33e-02 gEmbLn=1.66e-02 gEnc=2.45e-01 gDiag0=1.44e+01 gDiag1=1.06e+00 gDiag2=6.03e-01 gOffTf0=1.58e-01 gOffTf1=9.90e-02 gOffTf2=1.59e-01 gL=3.36e-01 gOffUV=2.91e-01 gNU=2.66e-01 gNV=2.33e-01 gJac=5.18e-02
09800: Loss avg=0.0770 ± 0.0037  (6.365s, avg: 6.368s) lr=1.00e-04 gTot=2.01e+01 gLift0=6.13e-02 gLift2=1.70e-01 gGCN0=2.30e-02 gGCN1=2.29e-02 gEmbLn=2.08e-02 gEnc=3.15e-01 gDiag0=1.93e+01 gDiag1=5.31e+00 gDiag2=9.95e-01 gOffTf0=4.77e-01 gOffTf1=1.68e-01 gOffTf2=2.17e-01 gL=4.40e-01 gOffUV=2.76e-01 gNU=2.47e-01 gNV=3.57e-01 gJac=2.55e-01
09900: Loss avg=0.0740 ± 0.0035  (6.365s, avg: 6.368s) lr=1.00e-04 gTot=4.07e+00 gLift0=6.98e-02 gLift2=1.00e-01 gGCN0=1.44e-02 gGCN1=1.25e-02 gEmbLn=9.96e-03 gEnc=1.52e-01 gDiag0=3.83e+00 gDiag1=1.28e+00 gDiag2=1.95e-01 gOffTf0=8.23e-02 gOffTf1=6.20e-02 gOffTf2=6.49e-02 gL=2.12e-01 gOffUV=1.62e-01 gNU=9.25e-02 gNV=2.09e-01 gJac=1.07e-01
10000: Loss avg=0.0734 ± 0.0037  (6.365s, avg: 6.368s) lr=1.00e-04 gTot=3.32e+00 gLift0=9.37e-02 gLift2=1.75e-01 gGCN0=3.21e-02 gGCN1=2.38e-02 gEmbLn=2.01e-02 gEnc=2.93e-01 gDiag0=2.15e+00 gDiag1=1.11e+00 gDiag2=1.07e+00 gOffTf0=1.72e+00 gOffTf1=1.31e-01 gOffTf2=3.98e-01 gL=6.19e-01 gOffUV=3.10e-01 gNU=3.47e-01 gNV=3.93e-01 gJac=5.86e-02
  [track] Checkpoint -> v2_8192_d128_L3_hw_smooth_default_step010000.bytes
10100: Loss avg=0.0774 ± 0.0052  (6.365s, avg: 6.369s) lr=1.00e-04 gTot=1.39e+01 gLift0=9.74e-02 gLift2=1.66e-01 gGCN0=3.13e-02 gGCN1=2.18e-02 gEmbLn=1.94e-02 gEnc=2.63e-01 gDiag0=1.36e+01 gDiag1=2.60e+00 gDiag2=3.77e-01 gOffTf0=2.11e-01 gOffTf1=1.01e-01 gOffTf2=1.28e-01 gL=3.29e-01 gOffUV=2.65e-01 gNU=2.86e-01 gNV=2.24e-01 gJac=1.76e-01
10200: Loss avg=0.0762 ± 0.0049  (6.365s, avg: 6.369s) lr=1.00e-04 gTot=5.48e+00 gLift0=2.67e-02 gLift2=5.79e-02 gGCN0=9.14e-03 gGCN1=8.13e-03 gEmbLn=6.20e-03 gEnc=9.09e-02 gDiag0=2.09e+00 gDiag1=5.05e+00 gDiag2=1.70e-01 gOffTf0=2.88e-01 gOffTf1=3.87e-02 gOffTf2=4.89e-02 gL=1.66e-01 gOffUV=1.06e-01 gNU=8.40e-02 gNV=1.68e-01 gJac=6.54e-02
10300: Loss avg=0.0714 ± 0.0036  (6.365s, avg: 6.369s) lr=1.00e-04 gTot=6.16e+00 gLift0=2.56e-02 gLift2=4.78e-02 gGCN0=7.93e-03 gGCN1=6.09e-03 gEmbLn=6.33e-03 gEnc=8.69e-02 gDiag0=5.94e+00 gDiag1=1.56e+00 gDiag2=1.69e-01 gOffTf0=2.32e-01 gOffTf1=3.63e-02 gOffTf2=4.42e-02 gL=1.59e-01 gOffUV=1.06e-01 gNU=9.51e-02 gNV=2.36e-01 gJac=2.11e-02
10400: Loss avg=0.0794 ± 0.0092  (6.366s, avg: 6.369s) lr=1.00e-04 gTot=6.23e+00 gLift0=3.06e-02 gLift2=6.46e-02 gGCN0=9.78e-03 gGCN1=8.30e-03 gEmbLn=7.79e-03 gEnc=1.13e-01 gDiag0=5.60e+00 gDiag1=2.69e+00 gDiag2=2.40e-01 gOffTf0=1.36e-01 gOffTf1=4.41e-02 gOffTf2=5.98e-02 gL=2.33e-01 gOffUV=1.21e-01 gNU=1.62e-01 gNV=2.00e-01 gJac=8.85e-02
10500: Loss avg=0.0715 ± 0.0049  (6.365s, avg: 6.369s) lr=1.00e-04 gTot=1.38e+01 gLift0=1.27e-01 gLift2=1.73e-01 gGCN0=3.85e-02 gGCN1=2.19e-02 gEmbLn=1.71e-02 gEnc=2.77e-01 gDiag0=1.36e+01 gDiag1=1.65e+00 gDiag2=8.81e-01 gOffTf0=2.93e-01 gOffTf1=1.11e-01 gOffTf2=2.04e-01 gL=4.32e-01 gOffUV=2.67e-01 gNU=2.66e-01 gNV=3.69e-01 gJac=1.12e-01
10600: Loss avg=0.0723 ± 0.0035  (6.365s, avg: 6.369s) lr=1.00e-04 gTot=3.15e+00 gLift0=4.45e-02 gLift2=6.51e-02 gGCN0=1.06e-02 gGCN1=8.35e-03 gEmbLn=6.27e-03 gEnc=9.17e-02 gDiag0=1.73e+00 gDiag1=2.60e+00 gDiag2=1.67e-01 gOffTf0=1.30e-01 gOffTf1=4.64e-02 gOffTf2=6.56e-02 gL=1.71e-01 gOffUV=2.05e-01 gNU=1.61e-01 gNV=1.08e-01 gJac=4.57e-02
10700: Loss avg=0.0728 ± 0.0059  (6.365s, avg: 6.369s) lr=1.00e-04 gTot=5.16e+00 gLift0=6.04e-02 gLift2=1.06e-01 gGCN0=1.73e-02 gGCN1=1.32e-02 gEmbLn=1.10e-02 gEnc=1.72e-01 gDiag0=2.77e+00 gDiag1=3.96e+00 gDiag2=1.43e+00 gOffTf0=6.05e-01 gOffTf1=1.28e-01 gOffTf2=2.63e-01 gL=5.21e-01 gOffUV=3.00e-01 gNU=4.13e-01 gNV=3.96e-01 gJac=1.34e-01
10800: Loss avg=0.0729 ± 0.0064  (6.365s, avg: 6.369s) lr=1.00e-04 gTot=4.60e+00 gLift0=7.33e-02 gLift2=1.17e-01 gGCN0=1.70e-02 gGCN1=1.50e-02 gEmbLn=1.25e-02 gEnc=1.85e-01 gDiag0=3.07e+00 gDiag1=3.37e+00 gDiag2=2.70e-01 gOffTf0=3.68e-01 gOffTf1=6.94e-02 gOffTf2=8.74e-02 gL=2.20e-01 gOffUV=2.01e-01 gNU=1.44e-01 gNV=2.25e-01 gJac=8.76e-02
10900: Loss avg=0.0705 ± 0.0043  (6.364s, avg: 6.368s) lr=1.00e-04 gTot=4.08e+00 gLift0=5.64e-02 gLift2=8.37e-02 gGCN0=1.28e-02 gGCN1=1.06e-02 gEmbLn=9.12e-03 gEnc=1.23e-01 gDiag0=3.73e-01 gDiag1=4.00e+00 gDiag2=4.46e-01 gOffTf0=1.49e-01 gOffTf1=5.87e-02 gOffTf2=1.14e-01 gL=2.20e-01 gOffUV=1.54e-01 gNU=2.29e-01 gNV=2.74e-01 gJac=9.30e-02
11000: Loss avg=0.0738 ± 0.0081  (6.364s, avg: 6.368s) lr=1.00e-04 gTot=1.03e+01 gLift0=7.94e-02 gLift2=1.14e-01 gGCN0=1.93e-02 gGCN1=1.49e-02 gEmbLn=1.18e-02 gEnc=1.76e-01 gDiag0=9.55e+00 gDiag1=3.72e+00 gDiag2=4.94e-01 gOffTf0=1.75e-01 gOffTf1=6.53e-02 gOffTf2=6.59e-02 gL=2.42e-01 gOffUV=1.70e-01 gNU=1.42e-01 gNV=2.10e-01 gJac=3.67e-02
11100: Loss avg=0.0702 ± 0.0057  (6.364s, avg: 6.369s) lr=1.00e-04 gTot=8.47e+00 gLift0=6.44e-02 gLift2=1.32e-01 gGCN0=2.16e-02 gGCN1=1.79e-02 gEmbLn=1.56e-02 gEnc=2.38e-01 gDiag0=7.86e+00 gDiag1=2.80e+00 gDiag2=4.19e-01 gOffTf0=1.09e+00 gOffTf1=1.22e-01 gOffTf2=1.88e-01 gL=5.05e-01 gOffUV=2.76e-01 gNU=3.88e-01 gNV=4.71e-01 gJac=8.24e-02
11200: Loss avg=0.0708 ± 0.0039  (6.365s, avg: 6.369s) lr=1.00e-04 gTot=4.22e+00 gLift0=8.04e-02 gLift2=1.27e-01 gGCN0=2.55e-02 gGCN1=1.68e-02 gEmbLn=1.39e-02 gEnc=1.71e-01 gDiag0=4.17e+00 gDiag1=2.41e-01 gDiag2=2.60e-01 gOffTf0=1.70e-01 gOffTf1=7.89e-02 gOffTf2=9.54e-02 gL=2.61e-01 gOffUV=2.12e-01 gNU=1.91e-01 gNV=2.24e-01 gJac=1.67e-01
11300: Loss avg=0.0685 ± 0.0045  (6.365s, avg: 6.369s) lr=1.00e-04 gTot=9.13e+00 gLift0=2.38e-01 gLift2=3.51e-01 gGCN0=5.99e-02 gGCN1=4.98e-02 gEmbLn=3.61e-02 gEnc=5.61e-01 gDiag0=1.32e+00 gDiag1=8.19e+00 gDiag2=1.88e+00 gOffTf0=2.24e+00 gOffTf1=3.35e-01 gOffTf2=7.57e-01 gL=1.93e+00 gOffUV=6.79e-01 gNU=3.86e-01 gNV=6.13e-01 gJac=4.79e-01
11400: Loss avg=0.0713 ± 0.0041  (6.382s, avg: 6.369s) lr=1.00e-04 gTot=4.56e+00 gLift0=6.78e-02 gLift2=1.11e-01 gGCN0=1.93e-02 gGCN1=1.50e-02 gEmbLn=1.21e-02 gEnc=1.54e-01 gDiag0=2.78e+00 gDiag1=3.57e+00 gDiag2=2.30e-01 gOffTf0=1.19e-01 gOffTf1=6.09e-02 gOffTf2=9.87e-02 gL=2.06e-01 gOffUV=1.94e-01 gNU=2.25e-01 gNV=2.18e-01 gJac=6.71e-02
11500: Loss avg=0.0683 ± 0.0032  (6.383s, avg: 6.369s) lr=1.00e-04 gTot=3.22e+00 gLift0=6.82e-02 gLift2=1.07e-01 gGCN0=2.38e-02 gGCN1=1.45e-02 gEmbLn=1.14e-02 gEnc=1.61e-01 gDiag0=1.26e+00 gDiag1=2.81e+00 gDiag2=4.94e-01 gOffTf0=4.95e-01 gOffTf1=7.96e-02 gOffTf2=1.56e-01 gL=3.69e-01 gOffUV=2.67e-01 gNU=2.51e-01 gNV=2.36e-01 gJac=4.52e-02
11600: Loss avg=0.0666 ± 0.0060  (6.377s, avg: 6.369s) lr=1.00e-04 gTot=1.49e+01 gLift0=6.71e-02 gLift2=1.67e-01 gGCN0=2.27e-02 gGCN1=2.20e-02 gEmbLn=2.17e-02 gEnc=3.42e-01 gDiag0=1.47e+01 gDiag1=1.53e+00 gDiag2=8.80e-01 gOffTf0=2.49e-01 gOffTf1=1.62e-01 gOffTf2=1.89e-01 gL=7.79e-01 gOffUV=5.23e-01 gNU=4.73e-01 gNV=4.92e-01 gJac=3.51e-01
11700: Loss avg=0.0690 ± 0.0067  (6.368s, avg: 6.369s) lr=1.00e-04 gTot=1.78e+00 gLift0=2.73e-02 gLift2=5.29e-02 gGCN0=8.64e-03 gGCN1=7.49e-03 gEmbLn=5.71e-03 gEnc=9.16e-02 gDiag0=1.38e+00 gDiag1=8.67e-01 gDiag2=5.43e-01 gOffTf0=1.22e-01 gOffTf1=5.26e-02 gOffTf2=9.17e-02 gL=3.22e-01 gOffUV=1.55e-01 gNU=1.40e-01 gNV=1.71e-01 gJac=7.28e-02
11800: Loss avg=0.0667 ± 0.0049  (6.364s, avg: 6.369s) lr=1.00e-04 gTot=4.48e+00 gLift0=3.15e-02 gLift2=5.17e-02 gGCN0=8.47e-03 gGCN1=7.39e-03 gEmbLn=5.32e-03 gEnc=8.65e-02 gDiag0=3.70e+00 gDiag1=2.44e+00 gDiag2=2.56e-01 gOffTf0=4.44e-01 gOffTf1=4.29e-02 gOffTf2=8.58e-02 gL=2.07e-01 gOffUV=1.21e-01 gNU=1.65e-01 gNV=2.29e-01 gJac=2.19e-02
11900: Loss avg=0.0643 ± 0.0042  (6.364s, avg: 6.369s) lr=1.00e-04 gTot=4.68e+00 gLift0=6.21e-02 gLift2=1.02e-01 gGCN0=1.60e-02 gGCN1=1.21e-02 gEmbLn=1.11e-02 gEnc=1.73e-01 gDiag0=3.26e+00 gDiag1=3.17e+00 gDiag2=2.41e-01 gOffTf0=8.82e-01 gOffTf1=6.96e-02 gOffTf2=1.19e-01 gL=3.84e-01 gOffUV=2.25e-01 gNU=2.15e-01 gNV=2.63e-01 gJac=9.12e-02
12000: Loss avg=0.0641 ± 0.0035  (6.365s, avg: 6.369s) lr=1.00e-04 gTot=4.23e+00 gLift0=1.93e-01 gLift2=2.84e-01 gGCN0=4.21e-02 gGCN1=3.60e-02 gEmbLn=2.98e-02 gEnc=5.12e-01 gDiag0=1.37e+00 gDiag1=1.55e+00 gDiag2=3.00e+00 gOffTf0=1.13e+00 gOffTf1=2.77e-01 gOffTf2=7.37e-01 gL=1.02e+00 gOffUV=6.68e-01 gNU=5.17e-01 gNV=5.80e-01 gJac=4.94e-01
  [track] Checkpoint -> v2_8192_d128_L3_hw_smooth_default_step012000.bytes
12100: Loss avg=0.0695 ± 0.0072  (6.364s, avg: 6.369s) lr=1.00e-04 gTot=4.09e+00 gLift0=5.06e-02 gLift2=6.83e-02 gGCN0=1.22e-02 gGCN1=9.82e-03 gEmbLn=6.90e-03 gEnc=8.96e-02 gDiag0=2.93e+00 gDiag1=2.75e+00 gDiag2=5.22e-01 gOffTf0=3.22e-01 gOffTf1=4.77e-02 gOffTf2=8.60e-02 gL=2.96e-01 gOffUV=1.57e-01 gNU=1.46e-01 gNV=1.68e-01 gJac=3.37e-02
12200: Loss avg=0.0683 ± 0.0056  (6.364s, avg: 6.369s) lr=1.00e-04 gTot=5.93e+00 gLift0=5.77e-02 gLift2=9.83e-02 gGCN0=1.45e-02 gGCN1=1.32e-02 gEmbLn=1.07e-02 gEnc=1.53e-01 gDiag0=1.26e+00 gDiag1=5.75e+00 gDiag2=3.35e-01 gOffTf0=3.43e-01 gOffTf1=7.52e-02 gOffTf2=7.35e-02 gL=2.12e-01 gOffUV=3.26e-01 gNU=2.11e-01 gNV=1.93e-01 gJac=7.90e-02
12300: Loss avg=0.0671 ± 0.0047  (6.364s, avg: 6.369s) lr=1.00e-04 gTot=5.11e+00 gLift0=6.57e-02 gLift2=1.08e-01 gGCN0=1.67e-02 gGCN1=1.51e-02 gEmbLn=1.24e-02 gEnc=1.67e-01 gDiag0=1.70e+00 gDiag1=4.69e+00 gDiag2=6.81e-01 gOffTf0=4.03e-01 gOffTf1=9.05e-02 gOffTf2=1.06e-01 gL=4.36e-01 gOffUV=2.30e-01 gNU=2.41e-01 gNV=4.52e-01 gJac=7.58e-02
12400: Loss avg=0.0650 ± 0.0039  (6.364s, avg: 6.369s) lr=1.00e-04 gTot=3.50e+00 gLift0=9.33e-02 gLift2=1.40e-01 gGCN0=2.93e-02 gGCN1=1.96e-02 gEmbLn=1.47e-02 gEnc=2.54e-01 gDiag0=5.84e-01 gDiag1=2.35e+00 gDiag2=1.43e+00 gOffTf0=6.84e-01 gOffTf1=1.91e-01 gOffTf2=1.51e-01 gL=1.69e+00 gOffUV=4.16e-01 gNU=4.78e-01 gNV=6.09e-01 gJac=2.90e-01
12500: Loss avg=0.0631 ± 0.0037  (6.363s, avg: 6.369s) lr=1.00e-04 gTot=7.41e+00 gLift0=4.41e-02 gLift2=7.06e-02 gGCN0=1.27e-02 gGCN1=9.42e-03 gEmbLn=7.54e-03 gEnc=1.21e-01 gDiag0=7.36e+00 gDiag1=7.91e-01 gDiag2=1.53e-01 gOffTf0=2.47e-01 gOffTf1=4.05e-02 gOffTf2=4.14e-02 gL=2.10e-01 gOffUV=1.49e-01 gNU=1.21e-01 gNV=1.42e-01 gJac=3.23e-02
12600: Loss avg=0.0632 ± 0.0043  (6.363s, avg: 6.369s) lr=1.00e-04 gTot=3.62e+00 gLift0=3.12e-02 gLift2=4.66e-02 gGCN0=9.38e-03 gGCN1=6.22e-03 gEmbLn=5.39e-03 gEnc=7.35e-02 gDiag0=3.49e+00 gDiag1=8.98e-01 gDiag2=1.45e-01 gOffTf0=9.29e-02 gOffTf1=4.14e-02 gOffTf2=4.43e-02 gL=2.03e-01 gOffUV=8.98e-02 gNU=9.51e-02 gNV=1.24e-01 gJac=8.49e-02
12700: Loss avg=0.0623 ± 0.0038  (6.362s, avg: 6.369s) lr=1.00e-04 gTot=6.48e+00 gLift0=1.28e-01 gLift2=1.57e-01 gGCN0=2.63e-02 gGCN1=1.97e-02 gEmbLn=1.59e-02 gEnc=1.87e-01 gDiag0=5.39e+00 gDiag1=3.51e+00 gDiag2=4.04e-01 gOffTf0=4.27e-01 gOffTf1=7.09e-02 gOffTf2=1.66e-01 gL=2.27e-01 gOffUV=1.49e-01 gNU=1.54e-01 gNV=1.53e-01 gJac=9.71e-02
12800: Loss avg=0.0658 ± 0.0066  (6.363s, avg: 6.369s) lr=1.00e-04 gTot=1.02e+01 gLift0=5.23e-02 gLift2=8.86e-02 gGCN0=1.41e-02 gGCN1=1.19e-02 gEmbLn=1.13e-02 gEnc=1.61e-01 gDiag0=1.01e+01 gDiag1=6.40e-01 gDiag2=6.20e-01 gOffTf0=3.79e-01 gOffTf1=8.69e-02 gOffTf2=1.16e-01 gL=4.85e-01 gOffUV=2.52e-01 gNU=2.66e-01 gNV=3.72e-01 gJac=4.10e-02
12900: Loss avg=0.0647 ± 0.0042  (6.363s, avg: 6.369s) lr=1.00e-04 gTot=5.18e+00 gLift0=1.50e-01 gLift2=1.87e-01 gGCN0=4.63e-02 gGCN1=2.59e-02 gEmbLn=1.75e-02 gEnc=2.31e-01 gDiag0=4.99e+00 gDiag1=6.99e-01 gDiag2=3.81e-01 gOffTf0=9.40e-01 gOffTf1=8.42e-02 gOffTf2=1.21e-01 gL=3.29e-01 gOffUV=2.14e-01 gNU=2.91e-01 gNV=2.39e-01 gJac=8.36e-02
13000: Loss avg=0.0663 ± 0.0062  (6.363s, avg: 6.369s) lr=1.00e-04 gTot=1.30e+01 gLift0=7.57e-02 gLift2=1.38e-01 gGCN0=2.06e-02 gGCN1=1.84e-02 gEmbLn=1.49e-02 gEnc=2.28e-01 gDiag0=7.47e+00 gDiag1=1.05e+01 gDiag2=1.02e+00 gOffTf0=5.75e-01 gOffTf1=1.05e-01 gOffTf2=2.32e-01 gL=3.44e-01 gOffUV=3.27e-01 gNU=2.53e-01 gNV=3.02e-01 gJac=1.95e-01
13100: Loss avg=0.0608 ± 0.0032  (6.362s, avg: 6.369s) lr=1.00e-04 gTot=2.06e+00 gLift0=8.10e-02 gLift2=1.12e-01 gGCN0=2.15e-02 gGCN1=1.31e-02 gEmbLn=1.01e-02 gEnc=1.55e-01 gDiag0=6.71e-01 gDiag1=1.10e+00 gDiag2=6.21e-01 gOffTf0=1.03e+00 gOffTf1=8.63e-02 gOffTf2=2.10e-01 gL=6.91e-01 gOffUV=4.50e-01 gNU=3.84e-01 gNV=4.18e-01 gJac=1.64e-01
13200: Loss avg=0.0621 ± 0.0037  (6.362s, avg: 6.369s) lr=1.00e-04 gTot=8.27e+00 gLift0=9.06e-02 gLift2=1.34e-01 gGCN0=2.41e-02 gGCN1=1.66e-02 gEmbLn=1.41e-02 gEnc=2.04e-01 gDiag0=7.98e+00 gDiag1=1.79e+00 gDiag2=8.46e-01 gOffTf0=2.06e-01 gOffTf1=1.42e-01 gOffTf2=3.60e-01 gL=5.29e-01 gOffUV=3.19e-01 gNU=3.31e-01 gNV=2.60e-01 gJac=9.43e-02
13300: Loss avg=0.0601 ± 0.0041  (6.362s, avg: 6.369s) lr=1.00e-04 gTot=3.23e+00 gLift0=3.39e-02 gLift2=6.15e-02 gGCN0=9.44e-03 gGCN1=8.10e-03 gEmbLn=7.02e-03 gEnc=1.03e-01 gDiag0=2.89e+00 gDiag1=1.19e+00 gDiag2=2.20e-01 gOffTf0=3.00e-01 gOffTf1=5.24e-02 gOffTf2=9.07e-02 gL=4.15e-01 gOffUV=1.88e-01 gNU=2.91e-01 gNV=4.51e-01 gJac=1.29e-02
13400: Loss avg=0.0636 ± 0.0062  (6.363s, avg: 6.369s) lr=1.00e-04 gTot=3.41e+00 gLift0=2.46e-02 gLift2=4.83e-02 gGCN0=7.67e-03 gGCN1=6.98e-03 gEmbLn=5.53e-03 gEnc=1.02e-01 gDiag0=3.29e+00 gDiag1=7.06e-01 gDiag2=2.92e-01 gOffTf0=3.14e-01 gOffTf1=5.85e-02 gOffTf2=8.45e-02 gL=1.96e-01 gOffUV=1.76e-01 gNU=1.34e-01 gNV=1.51e-01 gJac=7.12e-02
13500: Loss avg=0.0616 ± 0.0046  (6.364s, avg: 6.369s) lr=1.00e-04 gTot=6.19e+00 gLift0=6.02e-02 gLift2=1.08e-01 gGCN0=1.66e-02 gGCN1=1.38e-02 gEmbLn=1.44e-02 gEnc=1.99e-01 gDiag0=4.74e+00 gDiag1=3.74e+00 gDiag2=4.30e-01 gOffTf0=1.15e+00 gOffTf1=8.04e-02 gOffTf2=1.67e-01 gL=3.66e-01 gOffUV=2.24e-01 gNU=2.55e-01 gNV=2.75e-01 gJac=1.41e-01
13600: Loss avg=0.0605 ± 0.0033  (6.364s, avg: 6.369s) lr=1.00e-04 gTot=2.24e+00 gLift0=6.66e-02 gLift2=1.23e-01 gGCN0=2.00e-02 gGCN1=1.53e-02 gEmbLn=1.37e-02 gEnc=2.16e-01 gDiag0=1.22e+00 gDiag1=1.25e+00 gDiag2=6.87e-01 gOffTf0=7.65e-01 gOffTf1=1.46e-01 gOffTf2=2.07e-01 gL=5.47e-01 gOffUV=3.73e-01 gNU=4.55e-01 gNV=3.34e-01 gJac=1.67e-01
13700: Loss avg=0.0639 ± 0.0060  (6.363s, avg: 6.369s) lr=1.00e-04 gTot=3.64e+00 gLift0=3.14e-02 gLift2=7.02e-02 gGCN0=1.21e-02 gGCN1=9.56e-03 gEmbLn=8.85e-03 gEnc=1.40e-01 gDiag0=3.00e+00 gDiag1=1.97e+00 gDiag2=2.21e-01 gOffTf0=2.69e-01 gOffTf1=6.08e-02 gOffTf2=8.27e-02 gL=2.75e-01 gOffUV=2.10e-01 gNU=2.25e-01 gNV=1.88e-01 gJac=7.68e-02
13800: Loss avg=0.0599 ± 0.0033  (6.364s, avg: 6.369s) lr=1.00e-04 gTot=8.72e+00 gLift0=7.67e-02 gLift2=1.01e-01 gGCN0=1.54e-02 gGCN1=1.34e-02 gEmbLn=9.62e-03 gEnc=1.57e-01 gDiag0=5.21e+00 gDiag1=6.82e+00 gDiag2=1.18e+00 gOffTf0=2.36e-01 gOffTf1=9.42e-02 gOffTf2=1.94e-01 gL=7.28e-01 gOffUV=2.99e-01 gNU=4.06e-01 gNV=3.78e-01 gJac=1.35e-01
  [lr] plateau detected: lr 1.00e-04 -> 5.00e-05
13900: Loss avg=0.0638 ± 0.0060  (6.362s, avg: 6.369s) lr=5.00e-05 gTot=4.90e+00 gLift0=1.03e-01 gLift2=1.50e-01 gGCN0=2.91e-02 gGCN1=2.11e-02 gEmbLn=1.80e-02 gEnc=2.48e-01 gDiag0=4.35e+00 gDiag1=7.24e-01 gDiag2=1.56e+00 gOffTf0=2.90e-01 gOffTf1=1.29e-01 gOffTf2=1.34e-01 gL=9.77e-01 gOffUV=4.74e-01 gNU=5.36e-01 gNV=6.40e-01 gJac=2.30e-01
14000: Loss avg=0.0585 ± 0.0032  (6.362s, avg: 6.369s) lr=5.00e-05 gTot=7.36e+00 gLift0=3.78e-02 gLift2=8.81e-02 gGCN0=1.29e-02 gGCN1=1.14e-02 gEmbLn=1.11e-02 gEnc=1.76e-01 gDiag0=4.62e+00 gDiag1=5.51e+00 gDiag2=4.27e-01 gOffTf0=1.13e+00 gOffTf1=1.03e-01 gOffTf2=1.96e-01 gL=4.30e-01 gOffUV=3.74e-01 gNU=2.81e-01 gNV=7.23e-01 gJac=8.38e-02
  [track] Checkpoint -> v2_8192_d128_L3_hw_smooth_default_step014000.bytes
14100: Loss avg=0.0573 ± 0.0025  (6.369s, avg: 6.369s) lr=5.00e-05 gTot=6.69e+00 gLift0=1.98e-02 gLift2=4.24e-02 gGCN0=6.97e-03 gGCN1=5.94e-03 gEmbLn=5.09e-03 gEnc=7.68e-02 gDiag0=1.38e+00 gDiag1=6.50e+00 gDiag2=3.72e-01 gOffTf0=4.50e-01 gOffTf1=4.42e-02 gOffTf2=5.26e-02 gL=3.14e-01 gOffUV=1.35e-01 gNU=1.49e-01 gNV=1.41e-01 gJac=3.82e-02
14200: Loss avg=0.0565 ± 0.0025  (6.377s, avg: 6.369s) lr=5.00e-05 gTot=5.95e+00 gLift0=2.90e-02 gLift2=4.93e-02 gGCN0=7.67e-03 gGCN1=6.59e-03 gEmbLn=6.00e-03 gEnc=9.28e-02 gDiag0=3.88e+00 gDiag1=4.47e+00 gDiag2=3.78e-01 gOffTf0=1.72e-01 gOffTf1=5.73e-02 gOffTf2=1.48e-01 gL=1.63e-01 gOffUV=1.76e-01 gNU=1.22e-01 gNV=1.73e-01 gJac=1.48e-02
14300: Loss avg=0.0572 ± 0.0030  (6.374s, avg: 6.369s) lr=5.00e-05 gTot=2.64e+00 gLift0=9.34e-02 gLift2=1.16e-01 gGCN0=1.90e-02 gGCN1=1.40e-02 gEmbLn=1.17e-02 gEnc=1.55e-01 gDiag0=2.15e+00 gDiag1=1.20e+00 gDiag2=3.02e-01 gOffTf0=7.32e-01 gOffTf1=7.64e-02 gOffTf2=1.78e-01 gL=2.69e-01 gOffUV=2.10e-01 gNU=1.71e-01 gNV=2.50e-01 gJac=6.98e-02
14400: Loss avg=0.0561 ± 0.0025  (6.374s, avg: 6.369s) lr=5.00e-05 gTot=2.48e+00 gLift0=2.57e-02 gLift2=5.06e-02 gGCN0=8.44e-03 gGCN1=7.08e-03 gEmbLn=5.80e-03 gEnc=1.02e-01 gDiag0=1.83e+00 gDiag1=8.22e-01 gDiag2=5.39e-01 gOffTf0=3.76e-01 gOffTf1=1.01e-01 gOffTf2=1.21e-01 gL=1.00e+00 gOffUV=3.73e-01 gNU=4.55e-01 gNV=5.26e-01 gJac=1.15e-01
14500: Loss avg=0.0578 ± 0.0039  (6.373s, avg: 6.369s) lr=5.00e-05 gTot=5.47e+00 gLift0=1.65e-02 gLift2=3.51e-02 gGCN0=6.47e-03 gGCN1=4.97e-03 gEmbLn=4.33e-03 gEnc=7.33e-02 gDiag0=4.59e+00 gDiag1=2.94e+00 gDiag2=1.63e-01 gOffTf0=5.47e-02 gOffTf1=3.25e-02 gOffTf2=4.16e-02 gL=2.07e-01 gOffUV=1.20e-01 gNU=1.30e-01 gNV=1.16e-01 gJac=2.58e-02
14600: Loss avg=0.0554 ± 0.0026  (6.376s, avg: 6.369s) lr=5.00e-05 gTot=6.14e+00 gLift0=1.79e-02 gLift2=3.77e-02 gGCN0=6.53e-03 gGCN1=4.91e-03 gEmbLn=4.72e-03 gEnc=8.11e-02 gDiag0=5.96e+00 gDiag1=1.40e+00 gDiag2=3.29e-01 gOffTf0=9.58e-02 gOffTf1=3.68e-02 gOffTf2=5.48e-02 gL=1.71e-01 gOffUV=1.11e-01 gNU=1.09e-01 gNV=1.09e-01 gJac=8.55e-03
14700: Loss avg=0.0548 ± 0.0025  (6.373s, avg: 6.369s) lr=5.00e-05 gTot=1.73e+00 gLift0=3.31e-02 gLift2=6.55e-02 gGCN0=1.15e-02 gGCN1=8.50e-03 gEmbLn=7.36e-03 gEnc=1.26e-01 gDiag0=6.63e-01 gDiag1=1.22e+00 gDiag2=5.84e-01 gOffTf0=3.55e-01 gOffTf1=1.00e-01 gOffTf2=3.52e-01 gL=3.63e-01 gOffUV=2.81e-01 gNU=2.02e-01 gNV=4.44e-01 gJac=4.00e-02
14800: Loss avg=0.0581 ± 0.0040  (6.372s, avg: 6.369s) lr=5.00e-05 gTot=1.00e+01 gLift0=9.21e-02 gLift2=1.25e-01 gGCN0=2.30e-02 gGCN1=1.76e-02 gEmbLn=1.32e-02 gEnc=1.86e-01 gDiag0=9.13e+00 gDiag1=3.65e+00 gDiag2=1.25e+00 gOffTf0=6.96e-01 gOffTf1=1.06e-01 gOffTf2=1.75e-01 gL=8.08e-01 gOffUV=3.17e-01 gNU=2.95e-01 gNV=3.02e-01 gJac=1.50e-01
14900: Loss avg=0.0570 ± 0.0033  (6.371s, avg: 6.369s) lr=5.00e-05 gTot=1.26e+01 gLift0=3.92e-02 gLift2=7.12e-02 gGCN0=1.08e-02 gGCN1=9.31e-03 gEmbLn=1.00e-02 gEnc=1.55e-01 gDiag0=1.20e+01 gDiag1=3.70e+00 gDiag2=4.34e-01 gOffTf0=5.92e-01 gOffTf1=5.39e-02 gOffTf2=7.08e-02 gL=4.06e-01 gOffUV=1.89e-01 gNU=1.58e-01 gNV=2.34e-01 gJac=3.75e-02
15000: Loss avg=0.0564 ± 0.0037  (6.374s, avg: 6.369s) lr=5.00e-05 gTot=4.84e+00 gLift0=7.29e-02 gLift2=9.43e-02 gGCN0=1.44e-02 gGCN1=1.29e-02 gEmbLn=1.02e-02 gEnc=1.38e-01 gDiag0=4.17e-01 gDiag1=4.72e+00 gDiag2=6.96e-01 gOffTf0=5.64e-01 gOffTf1=7.62e-02 gOffTf2=8.88e-02 gL=2.14e-01 gOffUV=1.77e-01 gNU=2.05e-01 gNV=2.48e-01 gJac=2.58e-02
15100: Loss avg=0.0545 ± 0.0029  (6.373s, avg: 6.369s) lr=5.00e-05 gTot=1.58e+00 gLift0=2.73e-02 gLift2=5.53e-02 gGCN0=9.96e-03 gGCN1=9.43e-03 gEmbLn=6.16e-03 gEnc=9.85e-02 gDiag0=2.58e-01 gDiag1=1.42e+00 gDiag2=1.49e-01 gOffTf0=4.62e-01 gOffTf1=4.27e-02 gOffTf2=9.63e-02 gL=2.09e-01 gOffUV=2.41e-01 gNU=1.66e-01 gNV=1.66e-01 gJac=3.37e-02
15200: Loss avg=0.0545 ± 0.0030  (6.373s, avg: 6.369s) lr=5.00e-05 gTot=4.27e+00 gLift0=5.47e-02 gLift2=7.73e-02 gGCN0=1.31e-02 gGCN1=1.06e-02 gEmbLn=8.58e-03 gEnc=1.32e-01 gDiag0=3.36e+00 gDiag1=2.52e+00 gDiag2=4.07e-01 gOffTf0=3.87e-01 gOffTf1=7.02e-02 gOffTf2=8.01e-02 gL=3.00e-01 gOffUV=2.24e-01 gNU=2.65e-01 gNV=2.39e-01 gJac=4.60e-02
15300: Loss avg=0.0545 ± 0.0030  (6.373s, avg: 6.369s) lr=5.00e-05 gTot=7.24e+00 gLift0=6.78e-02 gLift2=9.39e-02 gGCN0=1.67e-02 gGCN1=1.38e-02 gEmbLn=9.72e-03 gEnc=1.48e-01 gDiag0=7.17e+00 gDiag1=6.15e-01 gDiag2=3.78e-01 gOffTf0=5.10e-01 gOffTf1=6.46e-02 gOffTf2=9.82e-02 gL=3.41e-01 gOffUV=1.97e-01 gNU=2.33e-01 gNV=2.96e-01 gJac=6.63e-02
15400: Loss avg=0.0534 ± 0.0025  (6.373s, avg: 6.369s) lr=5.00e-05 gTot=1.05e+00 gLift0=2.54e-02 gLift2=5.62e-02 gGCN0=8.92e-03 gGCN1=7.56e-03 gEmbLn=7.67e-03 gEnc=1.09e-01 gDiag0=5.98e-01 gDiag1=5.93e-01 gDiag2=1.80e-01 gOffTf0=3.36e-01 gOffTf1=4.80e-02 gOffTf2=8.74e-02 gL=2.04e-01 gOffUV=2.94e-01 gNU=1.89e-01 gNV=2.30e-01 gJac=1.42e-02
15500: Loss avg=0.0544 ± 0.0029  (6.372s, avg: 6.369s) lr=5.00e-05 gTot=7.61e+00 gLift0=3.08e-02 gLift2=5.67e-02 gGCN0=9.38e-03 gGCN1=7.94e-03 gEmbLn=7.65e-03 gEnc=1.03e-01 gDiag0=6.27e+00 gDiag1=4.27e+00 gDiag2=2.96e-01 gOffTf0=3.10e-01 gOffTf1=4.50e-02 gOffTf2=4.93e-02 gL=2.35e-01 gOffUV=1.25e-01 gNU=1.80e-01 gNV=1.17e-01 gJac=2.36e-02
15600: Loss avg=0.0523 ± 0.0024  (6.372s, avg: 6.370s) lr=5.00e-05 gTot=2.89e+00 gLift0=1.94e-02 gLift2=2.93e-02 gGCN0=4.44e-03 gGCN1=3.92e-03 gEmbLn=3.41e-03 gEnc=5.05e-02 gDiag0=2.67e+00 gDiag1=1.08e+00 gDiag2=7.37e-02 gOffTf0=9.72e-02 gOffTf1=2.12e-02 gOffTf2=3.80e-02 gL=6.65e-02 gOffUV=7.36e-02 gNU=5.83e-02 gNV=6.97e-02 gJac=2.84e-02
15700: Loss avg=0.0537 ± 0.0032  (6.373s, avg: 6.370s) lr=5.00e-05 gTot=2.14e+00 gLift0=4.73e-02 gLift2=7.34e-02 gGCN0=1.07e-02 gGCN1=9.51e-03 gEmbLn=8.43e-03 gEnc=1.16e-01 gDiag0=8.02e-01 gDiag1=1.84e+00 gDiag2=2.49e-01 gOffTf0=1.02e-01 gOffTf1=6.03e-02 gOffTf2=1.11e-01 gL=3.89e-01 gOffUV=2.84e-01 gNU=3.00e-01 gNV=3.50e-01 gJac=2.33e-02
15800: Loss avg=0.0527 ± 0.0028  (6.374s, avg: 6.370s) lr=5.00e-05 gTot=3.37e+00 gLift0=4.62e-02 gLift2=5.87e-02 gGCN0=1.03e-02 gGCN1=8.86e-03 gEmbLn=5.91e-03 gEnc=8.35e-02 gDiag0=4.93e-01 gDiag1=3.30e+00 gDiag2=1.93e-01 gOffTf0=2.24e-01 gOffTf1=3.93e-02 gOffTf2=1.31e-01 gL=1.89e-01 gOffUV=1.29e-01 gNU=1.66e-01 gNV=1.67e-01 gJac=2.12e-02
15900: Loss avg=0.0534 ± 0.0029  (6.373s, avg: 6.370s) lr=5.00e-05 gTot=2.45e+00 gLift0=1.29e-02 gLift2=2.94e-02 gGCN0=5.96e-03 gGCN1=5.06e-03 gEmbLn=3.43e-03 gEnc=5.44e-02 gDiag0=1.71e+00 gDiag1=1.71e+00 gDiag2=1.89e-01 gOffTf0=1.12e-01 gOffTf1=3.11e-02 gOffTf2=4.02e-02 gL=1.77e-01 gOffUV=1.30e-01 gNU=1.51e-01 gNV=1.58e-01 gJac=1.85e-02
16000: Loss avg=0.0556 ± 0.0052  (6.375s, avg: 6.370s) lr=5.00e-05 gTot=1.09e+00 gLift0=3.77e-02 gLift2=5.35e-02 gGCN0=8.67e-03 gGCN1=7.59e-03 gEmbLn=5.68e-03 gEnc=9.32e-02 gDiag0=2.55e-01 gDiag1=8.43e-01 gDiag2=2.22e-01 gOffTf0=4.71e-01 gOffTf1=5.05e-02 gOffTf2=1.12e-01 gL=1.28e-01 gOffUV=1.67e-01 gNU=1.14e-01 gNV=2.28e-01 gJac=3.41e-02
  [track] Checkpoint -> v2_8192_d128_L3_hw_smooth_default_step016000.bytes
16100: Loss avg=0.0523 ± 0.0026  (6.374s, avg: 6.370s) lr=5.00e-05 gTot=2.63e+00 gLift0=3.80e-02 gLift2=5.94e-02 gGCN0=1.02e-02 gGCN1=7.39e-03 gEmbLn=6.66e-03 gEnc=9.00e-02 gDiag0=6.19e-01 gDiag1=2.51e+00 gDiag2=2.42e-01 gOffTf0=7.14e-02 gOffTf1=4.46e-02 gOffTf2=1.10e-01 gL=1.66e-01 gOffUV=1.36e-01 gNU=1.70e-01 gNV=2.22e-01 gJac=5.81e-02
  [lr] plateau detected: lr 5.00e-05 -> 2.50e-05
16200: Loss avg=0.0529 ± 0.0026  (6.383s, avg: 6.370s) lr=2.50e-05 gTot=9.08e-01 gLift0=2.56e-02 gLift2=4.34e-02 gGCN0=7.81e-03 gGCN1=6.37e-03 gEmbLn=6.52e-03 gEnc=7.96e-02 gDiag0=4.49e-01 gDiag1=6.06e-01 gDiag2=2.77e-01 gOffTf0=1.32e-01 gOffTf1=4.36e-02 gOffTf2=9.29e-02 gL=1.69e-01 gOffUV=2.35e-01 gNU=1.79e-01 gNV=1.63e-01 gJac=1.05e-02
16300: Loss avg=0.0515 ± 0.0028  (6.391s, avg: 6.370s) lr=2.50e-05 gTot=1.59e+00 gLift0=2.72e-02 gLift2=5.08e-02 gGCN0=1.47e-02 gGCN1=7.31e-03 gEmbLn=5.42e-03 gEnc=9.19e-02 gDiag0=3.74e-01 gDiag1=4.37e-01 gDiag2=1.03e+00 gOffTf0=1.21e-01 gOffTf1=8.94e-02 gOffTf2=2.09e-01 gL=7.75e-01 gOffUV=3.22e-01 gNU=4.55e-01 gNV=3.96e-01 gJac=3.03e-02
16400: Loss avg=0.0523 ± 0.0022  (6.387s, avg: 6.370s) lr=2.50e-05 gTot=2.20e+00 gLift0=3.41e-02 gLift2=4.71e-02 gGCN0=7.13e-03 gGCN1=6.20e-03 gEmbLn=4.62e-03 gEnc=6.38e-02 gDiag0=5.62e-01 gDiag1=2.09e+00 gDiag2=2.18e-01 gOffTf0=9.87e-02 gOffTf1=2.99e-02 gOffTf2=5.71e-02 gL=2.05e-01 gOffUV=9.95e-02 gNU=9.63e-02 gNV=1.41e-01 gJac=8.64e-03
16500: Loss avg=0.0522 ± 0.0021  (6.384s, avg: 6.370s) lr=2.50e-05 gTot=9.77e-01 gLift0=2.71e-02 gLift2=4.05e-02 gGCN0=7.00e-03 gGCN1=5.49e-03 gEmbLn=4.10e-03 gEnc=6.45e-02 gDiag0=7.84e-01 gDiag1=4.84e-01 gDiag2=1.34e-01 gOffTf0=1.32e-01 gOffTf1=2.75e-02 gOffTf2=5.79e-02 gL=1.02e-01 gOffUV=1.13e-01 gNU=1.04e-01 gNV=1.56e-01 gJac=2.05e-02
16600: Loss avg=0.0503 ± 0.0025  (6.379s, avg: 6.370s) lr=2.50e-05 gTot=2.27e+00 gLift0=1.94e-02 gLift2=3.04e-02 gGCN0=6.50e-03 gGCN1=4.24e-03 gEmbLn=3.21e-03 gEnc=5.45e-02 gDiag0=1.92e+00 gDiag1=1.11e+00 gDiag2=2.62e-01 gOffTf0=1.56e-01 gOffTf1=3.13e-02 gOffTf2=5.03e-02 gL=2.52e-01 gOffUV=1.60e-01 gNU=1.45e-01 gNV=1.49e-01 gJac=2.26e-02
16700: Loss avg=0.0509 ± 0.0025  (6.377s, avg: 6.370s) lr=2.50e-05 gTot=9.16e-01 gLift0=2.63e-02 gLift2=4.11e-02 gGCN0=7.36e-03 gGCN1=6.75e-03 gEmbLn=4.65e-03 gEnc=6.97e-02 gDiag0=3.59e-01 gDiag1=7.17e-01 gDiag2=1.83e-01 gOffTf0=2.37e-01 gOffTf1=3.68e-02 gOffTf2=5.97e-02 gL=1.76e-01 gOffUV=1.28e-01 gNU=1.53e-01 gNV=1.51e-01 gJac=2.02e-02
16800: Loss avg=0.0511 ± 0.0025  (6.378s, avg: 6.371s) lr=2.50e-05 gTot=2.70e+00 gLift0=1.70e-02 gLift2=3.64e-02 gGCN0=5.99e-03 gGCN1=5.07e-03 gEmbLn=4.83e-03 gEnc=7.68e-02 gDiag0=8.98e-01 gDiag1=2.48e+00 gDiag2=3.99e-01 gOffTf0=1.63e-01 gOffTf1=4.97e-02 gOffTf2=1.02e-01 gL=2.71e-01 gOffUV=1.48e-01 gNU=1.55e-01 gNV=1.73e-01 gJac=2.86e-02
16900: Loss avg=0.0508 ± 0.0025  (6.377s, avg: 6.371s) lr=2.50e-05 gTot=1.62e+00 gLift0=3.73e-02 gLift2=5.18e-02 gGCN0=8.81e-03 gGCN1=7.02e-03 gEmbLn=7.00e-03 gEnc=8.69e-02 gDiag0=6.70e-01 gDiag1=1.41e+00 gDiag2=1.38e-01 gOffTf0=2.71e-01 gOffTf1=3.95e-02 gOffTf2=5.65e-02 gL=1.33e-01 gOffUV=1.09e-01 gNU=1.23e-01 gNV=9.63e-02 gJac=3.15e-02
17000: Loss avg=0.0504 ± 0.0025  (6.388s, avg: 6.371s) lr=2.50e-05 gTot=2.29e+00 gLift0=3.08e-02 gLift2=4.52e-02 gGCN0=7.24e-03 gGCN1=6.20e-03 gEmbLn=5.12e-03 gEnc=7.51e-02 gDiag0=2.01e+00 gDiag1=1.06e+00 gDiag2=1.42e-01 gOffTf0=1.34e-01 gOffTf1=3.54e-02 gOffTf2=3.90e-02 gL=1.23e-01 gOffUV=1.05e-01 gNU=1.00e-01 gNV=8.82e-02 gJac=1.28e-02
17100: Loss avg=0.0509 ± 0.0025  (6.372s, avg: 6.371s) lr=2.50e-05 gTot=1.67e+00 gLift0=2.14e-02 gLift2=3.77e-02 gGCN0=5.79e-03 gGCN1=5.39e-03 gEmbLn=4.22e-03 gEnc=6.53e-02 gDiag0=1.04e+00 gDiag1=1.24e+00 gDiag2=1.88e-01 gOffTf0=1.09e-01 gOffTf1=3.33e-02 gOffTf2=6.99e-02 gL=1.38e-01 gOffUV=1.28e-01 gNU=1.09e-01 gNV=2.00e-01 gJac=1.60e-02
17200: Loss avg=0.0500 ± 0.0023  (6.371s, avg: 6.371s) lr=2.50e-05 gTot=1.42e+00 gLift0=1.36e-02 gLift2=2.50e-02 gGCN0=5.12e-03 gGCN1=3.71e-03 gEmbLn=3.15e-03 gEnc=4.86e-02 gDiag0=1.35e+00 gDiag1=3.51e-01 gDiag2=1.04e-01 gOffTf0=1.47e-01 gOffTf1=2.95e-02 gOffTf2=3.56e-02 gL=1.36e-01 gOffUV=9.33e-02 gNU=7.66e-02 gNV=1.10e-01 gJac=1.37e-02
17300: Loss avg=0.0501 ± 0.0025  (6.369s, avg: 6.371s) lr=2.50e-05 gTot=2.46e+00 gLift0=4.47e-02 gLift2=5.78e-02 gGCN0=8.82e-03 gGCN1=7.51e-03 gEmbLn=6.45e-03 gEnc=8.31e-02 gDiag0=1.73e+00 gDiag1=1.70e+00 gDiag2=1.23e-01 gOffTf0=1.17e-01 gOffTf1=4.01e-02 gOffTf2=8.25e-02 gL=1.21e-01 gOffUV=1.99e-01 gNU=1.37e-01 gNV=1.77e-01 gJac=1.69e-02
17400: Loss avg=0.0500 ± 0.0023  (6.370s, avg: 6.371s) lr=2.50e-05 gTot=1.37e+00 gLift0=3.45e-02 gLift2=6.18e-02 gGCN0=1.06e-02 gGCN1=8.32e-03 gEmbLn=7.05e-03 gEnc=1.21e-01 gDiag0=9.80e-01 gDiag1=6.38e-01 gDiag2=2.43e-01 gOffTf0=3.27e-01 gOffTf1=8.26e-02 gOffTf2=1.28e-01 gL=1.98e-01 gOffUV=2.05e-01 gNU=2.54e-01 gNV=4.05e-01 gJac=1.22e-02
17500: Loss avg=0.0502 ± 0.0024  (6.369s, avg: 6.371s) lr=2.50e-05 gTot=1.06e+00 gLift0=2.41e-02 gLift2=4.60e-02 gGCN0=8.03e-03 gGCN1=6.72e-03 gEmbLn=5.79e-03 gEnc=8.14e-02 gDiag0=8.23e-01 gDiag1=4.31e-01 gDiag2=2.60e-01 gOffTf0=2.22e-01 gOffTf1=4.67e-02 gOffTf2=6.13e-02 gL=1.87e-01 gOffUV=1.40e-01 gNU=1.97e-01 gNV=1.59e-01 gJac=3.49e-02
17600: Loss avg=0.0505 ± 0.0029  (6.372s, avg: 6.371s) lr=2.50e-05 gTot=4.61e+00 gLift0=2.15e-02 gLift2=4.72e-02 gGCN0=7.50e-03 gGCN1=6.80e-03 gEmbLn=5.69e-03 gEnc=8.87e-02 gDiag0=3.15e+00 gDiag1=3.04e+00 gDiag2=8.76e-01 gOffTf0=1.98e-01 gOffTf1=8.28e-02 gOffTf2=1.78e-01 gL=8.78e-01 gOffUV=3.65e-01 gNU=4.92e-01 gNV=4.10e-01 gJac=1.83e-02
17700: Loss avg=0.0498 ± 0.0026  (6.370s, avg: 6.371s) lr=2.50e-05 gTot=1.30e+00 gLift0=1.89e-02 gLift2=3.95e-02 gGCN0=7.76e-03 gGCN1=5.93e-03 gEmbLn=4.77e-03 gEnc=7.55e-02 gDiag0=7.64e-01 gDiag1=9.73e-01 gDiag2=1.36e-01 gOffTf0=9.65e-02 gOffTf1=4.19e-02 gOffTf2=6.55e-02 gL=1.32e-01 gOffUV=1.74e-01 gNU=1.50e-01 gNV=1.90e-01 gJac=9.28e-03
17800: Loss avg=0.0515 ± 0.0036  (6.372s, avg: 6.371s) lr=2.50e-05 gTot=9.66e+00 gLift0=4.52e-02 gLift2=7.52e-02 gGCN0=1.64e-02 gGCN1=1.32e-02 gEmbLn=8.04e-03 gEnc=1.47e-01 gDiag0=8.63e+00 gDiag1=3.17e+00 gDiag2=1.90e+00 gOffTf0=2.49e-01 gOffTf1=1.56e-01 gOffTf2=2.60e-01 gL=1.73e+00 gOffUV=6.36e-01 gNU=8.85e-01 gNV=8.65e-01 gJac=4.34e-02
17900: Loss avg=0.0502 ± 0.0029  (6.376s, avg: 6.371s) lr=2.50e-05 gTot=3.95e+00 gLift0=1.55e-02 gLift2=2.93e-02 gGCN0=4.81e-03 gGCN1=3.82e-03 gEmbLn=3.81e-03 gEnc=5.24e-02 gDiag0=2.20e-01 gDiag1=3.90e+00 gDiag2=3.43e-01 gOffTf0=1.66e-01 gOffTf1=3.65e-02 gOffTf2=7.03e-02 gL=2.77e-01 gOffUV=1.27e-01 gNU=1.56e-01 gNV=1.93e-01 gJac=1.98e-02
18000: Loss avg=0.0497 ± 0.0025  (6.371s, avg: 6.371s) lr=2.50e-05 gTot=2.44e+00 gLift0=6.75e-02 gLift2=9.91e-02 gGCN0=1.51e-02 gGCN1=1.33e-02 gEmbLn=1.22e-02 gEnc=1.49e-01 gDiag0=1.86e+00 gDiag1=1.06e+00 gDiag2=4.91e-01 gOffTf0=1.40e-01 gOffTf1=7.78e-02 gOffTf2=1.01e-01 gL=8.32e-01 gOffUV=2.96e-01 gNU=3.10e-01 gNV=3.68e-01 gJac=1.02e-01
  [track] Checkpoint -> v2_8192_d128_L3_hw_smooth_default_step018000.bytes
18100: Loss avg=0.0501 ± 0.0028  (6.370s, avg: 6.371s) lr=2.50e-05 gTot=1.60e+00 gLift0=2.75e-02 gLift2=6.05e-02 gGCN0=9.32e-03 gGCN1=8.34e-03 gEmbLn=7.21e-03 gEnc=1.23e-01 gDiag0=1.00e+00 gDiag1=7.88e-01 gDiag2=4.34e-01 gOffTf0=5.85e-01 gOffTf1=7.72e-02 gOffTf2=2.24e-01 gL=3.10e-01 gOffUV=2.13e-01 gNU=2.52e-01 gNV=3.53e-01 gJac=3.21e-02
18200: Loss avg=0.0496 ± 0.0024  (6.378s, avg: 6.371s) lr=2.50e-05 gTot=1.15e+00 gLift0=2.87e-02 gLift2=4.74e-02 gGCN0=9.15e-03 gGCN1=7.79e-03 gEmbLn=5.19e-03 gEnc=8.45e-02 gDiag0=5.93e-01 gDiag1=9.07e-01 gDiag2=1.42e-01 gOffTf0=2.27e-01 gOffTf1=3.84e-02 gOffTf2=5.81e-02 gL=1.55e-01 gOffUV=1.15e-01 gNU=1.18e-01 gNV=1.07e-01 gJac=1.95e-02
18300: Loss avg=0.0493 ± 0.0021  (6.375s, avg: 6.371s) lr=2.50e-05 gTot=2.72e+00 gLift0=1.41e-02 gLift2=3.05e-02 gGCN0=4.69e-03 gGCN1=4.18e-03 gEmbLn=3.68e-03 gEnc=5.77e-02 gDiag0=2.48e+00 gDiag1=1.08e+00 gDiag2=6.51e-02 gOffTf0=7.57e-02 gOffTf1=2.86e-02 gOffTf2=3.76e-02 gL=8.97e-02 gOffUV=9.87e-02 gNU=1.42e-01 gNV=1.09e-01 gJac=7.59e-03
18400: Loss avg=0.0498 ± 0.0026  (6.375s, avg: 6.371s) lr=2.50e-05 gTot=6.02e+00 gLift0=2.23e-02 gLift2=4.58e-02 gGCN0=6.82e-03 gGCN1=6.80e-03 gEmbLn=5.48e-03 gEnc=8.73e-02 gDiag0=5.86e+00 gDiag1=1.26e+00 gDiag2=3.48e-01 gOffTf0=9.50e-02 gOffTf1=4.88e-02 gOffTf2=6.06e-02 gL=2.75e-01 gOffUV=1.63e-01 gNU=1.96e-01 gNV=1.88e-01 gJac=9.61e-03
18500: Loss avg=0.0499 ± 0.0026  (6.373s, avg: 6.371s) lr=2.50e-05 gTot=2.38e+00 gLift0=1.52e-02 gLift2=2.91e-02 gGCN0=5.07e-03 gGCN1=4.04e-03 gEmbLn=3.77e-03 gEnc=6.11e-02 gDiag0=7.62e-01 gDiag1=2.17e+00 gDiag2=4.07e-01 gOffTf0=1.37e-01 gOffTf1=4.80e-02 gOffTf2=9.49e-02 gL=3.04e-01 gOffUV=1.64e-01 gNU=2.10e-01 gNV=1.68e-01 gJac=2.86e-02
18600: Loss avg=0.0493 ± 0.0028  (6.362s, avg: 6.371s) lr=2.50e-05 gTot=7.79e+00 gLift0=2.54e-02 gLift2=4.44e-02 gGCN0=6.92e-03 gGCN1=6.34e-03 gEmbLn=5.58e-03 gEnc=9.46e-02 gDiag0=7.35e+00 gDiag1=2.46e+00 gDiag2=4.46e-01 gOffTf0=8.83e-02 gOffTf1=5.30e-02 gOffTf2=8.60e-02 gL=4.42e-01 gOffUV=1.99e-01 gNU=2.38e-01 gNV=2.36e-01 gJac=3.37e-02
18700: Loss avg=0.0492 ± 0.0028  (6.363s, avg: 6.371s) lr=2.50e-05 gTot=1.70e+00 gLift0=4.74e-02 gLift2=6.13e-02 gGCN0=9.84e-03 gGCN1=8.03e-03 gEmbLn=6.24e-03 gEnc=9.79e-02 gDiag0=1.54e+00 gDiag1=5.72e-01 gDiag2=1.36e-01 gOffTf0=2.35e-01 gOffTf1=3.56e-02 gOffTf2=4.81e-02 gL=1.25e-01 gOffUV=1.25e-01 gNU=1.83e-01 gNV=1.40e-01 gJac=3.00e-02
18800: Loss avg=0.0510 ± 0.0026  (6.368s, avg: 6.371s) lr=2.50e-05 gTot=3.55e+00 gLift0=3.44e-02 gLift2=5.05e-02 gGCN0=9.65e-03 gGCN1=7.35e-03 gEmbLn=5.35e-03 gEnc=8.42e-02 gDiag0=3.42e+00 gDiag1=8.14e-01 gDiag2=3.10e-01 gOffTf0=1.47e-01 gOffTf1=4.53e-02 gOffTf2=1.20e-01 gL=2.19e-01 gOffUV=1.33e-01 gNU=1.27e-01 gNV=1.23e-01 gJac=2.14e-02
18900: Loss avg=0.0489 ± 0.0025  (6.368s, avg: 6.371s) lr=2.50e-05 gTot=2.20e+00 gLift0=3.09e-02 gLift2=4.68e-02 gGCN0=7.97e-03 gGCN1=8.39e-03 gEmbLn=5.45e-03 gEnc=6.99e-02 gDiag0=6.65e-01 gDiag1=2.07e+00 gDiag2=1.19e-01 gOffTf0=8.20e-02 gOffTf1=2.95e-02 gOffTf2=4.21e-02 gL=1.57e-01 gOffUV=1.23e-01 gNU=1.04e-01 gNV=1.15e-01 gJac=1.31e-02
19000: Loss avg=0.0494 ± 0.0028  (6.371s, avg: 6.371s) lr=2.50e-05 gTot=2.75e+00 gLift0=2.15e-02 gLift2=4.17e-02 gGCN0=8.19e-03 gGCN1=6.88e-03 gEmbLn=5.01e-03 gEnc=8.33e-02 gDiag0=2.18e+00 gDiag1=3.53e-01 gDiag2=1.02e+00 gOffTf0=2.11e-01 gOffTf1=9.15e-02 gOffTf2=1.84e-01 gL=1.01e+00 gOffUV=3.63e-01 gNU=4.67e-01 gNV=4.84e-01 gJac=3.16e-02
19100: Loss avg=0.0495 ± 0.0025  (6.369s, avg: 6.371s) lr=2.50e-05 gTot=2.41e+00 gLift0=2.30e-02 gLift2=3.66e-02 gGCN0=7.08e-03 gGCN1=5.84e-03 gEmbLn=4.36e-03 gEnc=6.57e-02 gDiag0=2.29e+00 gDiag1=5.78e-01 gDiag2=2.33e-01 gOffTf0=9.49e-02 gOffTf1=3.55e-02 gOffTf2=7.00e-02 gL=3.05e-01 gOffUV=1.15e-01 gNU=1.45e-01 gNV=1.69e-01 gJac=9.55e-03
19200: Loss avg=0.0492 ± 0.0024  (6.370s, avg: 6.371s) lr=2.50e-05 gTot=1.79e+00 gLift0=2.83e-02 gLift2=4.38e-02 gGCN0=7.10e-03 gGCN1=5.75e-03 gEmbLn=5.00e-03 gEnc=7.57e-02 gDiag0=1.23e+00 gDiag1=9.87e-01 gDiag2=4.99e-01 gOffTf0=3.90e-01 gOffTf1=5.26e-02 gOffTf2=9.04e-02 gL=3.83e-01 gOffUV=2.17e-01 gNU=2.11e-01 gNV=2.18e-01 gJac=1.20e-02
19300: Loss avg=0.0488 ± 0.0028  (6.369s, avg: 6.371s) lr=2.50e-05 gTot=1.41e+00 gLift0=2.52e-02 gLift2=4.14e-02 gGCN0=6.68e-03 gGCN1=6.50e-03 gEmbLn=5.55e-03 gEnc=8.52e-02 gDiag0=8.95e-01 gDiag1=9.00e-01 gDiag2=2.11e-01 gOffTf0=3.87e-01 gOffTf1=4.81e-02 gOffTf2=5.42e-02 gL=2.45e-01 gOffUV=1.77e-01 gNU=1.73e-01 gNV=2.04e-01 gJac=1.65e-02
19400: Loss avg=0.0486 ± 0.0023  (6.367s, avg: 6.371s) lr=2.50e-05 gTot=1.71e+00 gLift0=2.55e-02 gLift2=4.32e-02 gGCN0=7.42e-03 gGCN1=6.17e-03 gEmbLn=5.45e-03 gEnc=7.64e-02 gDiag0=1.63e+00 gDiag1=4.08e-01 gDiag2=1.45e-01 gOffTf0=1.46e-01 gOffTf1=3.23e-02 gOffTf2=4.52e-02 gL=1.29e-01 gOffUV=1.19e-01 gNU=1.30e-01 gNV=1.29e-01 gJac=1.02e-02
19500: Loss avg=0.0490 ± 0.0027  (6.368s, avg: 6.371s) lr=2.50e-05 gTot=2.07e+00 gLift0=1.95e-02 gLift2=3.93e-02 gGCN0=6.48e-03 gGCN1=5.75e-03 gEmbLn=4.86e-03 gEnc=7.63e-02 gDiag0=1.92e+00 gDiag1=3.52e-01 gDiag2=2.13e-01 gOffTf0=5.35e-01 gOffTf1=4.15e-02 gOffTf2=7.31e-02 gL=1.80e-01 gOffUV=1.92e-01 gNU=1.52e-01 gNV=1.56e-01 gJac=2.03e-02
19600: Loss avg=0.0486 ± 0.0026  (6.369s, avg: 6.371s) lr=2.50e-05 gTot=2.55e+00 gLift0=2.86e-02 gLift2=4.75e-02 gGCN0=9.18e-03 gGCN1=7.61e-03 gEmbLn=5.56e-03 gEnc=7.98e-02 gDiag0=2.73e-01 gDiag1=2.51e+00 gDiag2=9.59e-02 gOffTf0=1.62e-01 gOffTf1=3.19e-02 gOffTf2=4.62e-02 gL=1.20e-01 gOffUV=1.24e-01 gNU=1.59e-01 gNV=1.21e-01 gJac=1.49e-02
19700: Loss avg=0.0485 ± 0.0024  (6.371s, avg: 6.371s) lr=2.50e-05 gTot=3.01e+00 gLift0=1.59e-02 gLift2=3.85e-02 gGCN0=6.07e-03 gGCN1=5.45e-03 gEmbLn=5.40e-03 gEnc=7.09e-02 gDiag0=2.67e+00 gDiag1=1.36e+00 gDiag2=8.59e-02 gOffTf0=1.55e-01 gOffTf1=3.12e-02 gOffTf2=4.79e-02 gL=1.36e-01 gOffUV=1.11e-01 gNU=1.17e-01 gNV=9.65e-02 gJac=8.50e-03
19800: Loss avg=0.0482 ± 0.0024  (6.369s, avg: 6.371s) lr=2.50e-05 gTot=1.68e+00 gLift0=2.26e-02 gLift2=5.36e-02 gGCN0=7.93e-03 gGCN1=8.41e-03 gEmbLn=6.94e-03 gEnc=1.12e-01 gDiag0=4.98e-01 gDiag1=1.25e+00 gDiag2=6.02e-01 gOffTf0=5.79e-01 gOffTf1=6.40e-02 gOffTf2=1.10e-01 gL=3.17e-01 gOffUV=1.75e-01 gNU=2.98e-01 gNV=2.35e-01 gJac=3.33e-02
19900: Loss avg=0.0479 ± 0.0026  (6.370s, avg: 6.371s) lr=2.50e-05 gTot=2.19e+00 gLift0=2.77e-02 gLift2=4.74e-02 gGCN0=8.25e-03 gGCN1=7.81e-03 gEmbLn=4.94e-03 gEnc=7.89e-02 gDiag0=1.87e+00 gDiag1=1.09e+00 gDiag2=8.61e-02 gOffTf0=1.40e-01 gOffTf1=3.93e-02 gOffTf2=5.66e-02 gL=1.14e-01 gOffUV=1.04e-01 gNU=1.06e-01 gNV=1.12e-01 gJac=9.38e-03
20000: Loss avg=0.0488 ± 0.0026  (6.374s, avg: 6.371s) lr=2.50e-05 gTot=7.57e+00 gLift0=5.07e-02 gLift2=7.82e-02 gGCN0=1.50e-02 gGCN1=1.17e-02 gEmbLn=8.84e-03 gEnc=1.32e-01 gDiag0=6.87e+00 gDiag1=1.77e+00 gDiag2=1.45e+00 gOffTf0=2.85e-01 gOffTf1=1.35e-01 gOffTf2=2.09e-01 gL=1.63e+00 gOffUV=6.22e-01 gNU=9.52e-01 gNV=9.16e-01 gJac=2.42e-02
  [track] Checkpoint -> v2_8192_d128_L3_hw_smooth_default_step020000.bytes
20100: Loss avg=0.0485 ± 0.0029  (6.378s, avg: 6.372s) lr=2.50e-05 gTot=1.10e+00 gLift0=1.13e-01 gLift2=1.33e-01 gGCN0=2.37e-02 gGCN1=2.01e-02 gEmbLn=1.30e-02 gEnc=1.63e-01 gDiag0=4.27e-01 gDiag1=6.69e-01 gDiag2=4.21e-01 gOffTf0=1.73e-01 gOffTf1=7.17e-02 gOffTf2=1.70e-01 gL=2.87e-01 gOffUV=2.74e-01 gNU=1.89e-01 gNV=3.08e-01 gJac=3.76e-02
20200: Loss avg=0.0485 ± 0.0023  (6.374s, avg: 6.372s) lr=2.50e-05 gTot=5.95e+00 gLift0=2.35e-02 gLift2=4.90e-02 gGCN0=8.23e-03 gGCN1=6.78e-03 gEmbLn=6.27e-03 gEnc=9.57e-02 gDiag0=3.74e+00 gDiag1=4.59e+00 gDiag2=3.29e-01 gOffTf0=2.53e-01 gOffTf1=6.75e-02 gOffTf2=7.59e-02 gL=1.87e-01 gOffUV=1.70e-01 gNU=1.08e-01 gNV=1.27e-01 gJac=4.34e-02
20300: Loss avg=0.0481 ± 0.0026  (6.367s, avg: 6.372s) lr=2.50e-05 gTot=4.75e+00 gLift0=5.23e-02 gLift2=7.31e-02 gGCN0=1.10e-02 gGCN1=9.54e-03 gEmbLn=7.66e-03 gEnc=1.20e-01 gDiag0=2.07e+00 gDiag1=4.14e+00 gDiag2=6.90e-01 gOffTf0=1.12e-01 gOffTf1=7.53e-02 gOffTf2=1.92e-01 gL=5.67e-01 gOffUV=2.08e-01 gNU=3.11e-01 gNV=3.56e-01 gJac=3.69e-02
20400: Loss avg=0.0490 ± 0.0026  (6.361s, avg: 6.371s) lr=2.50e-05 gTot=2.69e+00 gLift0=1.78e-02 gLift2=4.11e-02 gGCN0=6.69e-03 gGCN1=6.62e-03 gEmbLn=5.68e-03 gEnc=7.66e-02 gDiag0=2.07e+00 gDiag1=1.65e+00 gDiag2=1.23e-01 gOffTf0=2.73e-01 gOffTf1=3.82e-02 gOffTf2=5.10e-02 gL=2.16e-01 gOffUV=1.32e-01 gNU=1.95e-01 gNV=1.68e-01 gJac=1.97e-02
20500: Loss avg=0.0476 ± 0.0026  (6.359s, avg: 6.371s) lr=2.50e-05 gTot=1.83e+00 gLift0=2.74e-02 gLift2=3.94e-02 gGCN0=7.44e-03 gGCN1=5.45e-03 gEmbLn=4.26e-03 gEnc=7.00e-02 gDiag0=5.32e-01 gDiag1=1.66e+00 gDiag2=2.81e-01 gOffTf0=6.22e-02 gOffTf1=4.09e-02 gOffTf2=8.28e-02 gL=2.90e-01 gOffUV=1.93e-01 gNU=1.73e-01 gNV=2.46e-01 gJac=1.64e-02
20600: Loss avg=0.0484 ± 0.0025  (6.370s, avg: 6.371s) lr=2.50e-05 gTot=1.83e+00 gLift0=2.03e-02 gLift2=4.71e-02 gGCN0=7.13e-03 gGCN1=6.84e-03 gEmbLn=6.50e-03 gEnc=9.39e-02 gDiag0=7.26e-01 gDiag1=1.50e+00 gDiag2=2.15e-01 gOffTf0=5.54e-01 gOffTf1=5.36e-02 gOffTf2=5.61e-02 gL=2.84e-01 gOffUV=1.56e-01 gNU=2.13e-01 gNV=2.19e-01 gJac=2.60e-02
20700: Loss avg=0.0477 ± 0.0028  (6.369s, avg: 6.371s) lr=2.50e-05 gTot=1.44e+01 gLift0=4.47e-02 gLift2=9.64e-02 gGCN0=1.53e-02 gGCN1=1.44e-02 gEmbLn=1.54e-02 gEnc=2.06e-01 gDiag0=1.31e+01 gDiag1=5.35e+00 gDiag2=1.45e+00 gOffTf0=9.72e-01 gOffTf1=1.48e-01 gOffTf2=4.93e-01 gL=1.16e+00 gOffUV=3.94e-01 gNU=4.97e-01 gNV=5.26e-01 gJac=6.67e-02
20800: Loss avg=0.0481 ± 0.0026  (6.369s, avg: 6.371s) lr=2.50e-05 gTot=1.35e+00 gLift0=5.41e-02 gLift2=7.80e-02 gGCN0=1.36e-02 gGCN1=1.10e-02 gEmbLn=8.45e-03 gEnc=1.39e-01 gDiag0=1.08e+00 gDiag1=3.83e-01 gDiag2=3.65e-01 gOffTf0=1.83e-01 gOffTf1=7.60e-02 gOffTf2=1.05e-01 gL=2.10e-01 gOffUV=2.94e-01 gNU=3.55e-01 gNV=2.15e-01 gJac=3.26e-02
20900: Loss avg=0.0475 ± 0.0024  (6.370s, avg: 6.371s) lr=2.50e-05 gTot=1.47e+00 gLift0=4.29e-02 gLift2=6.75e-02 gGCN0=1.01e-02 gGCN1=9.94e-03 gEmbLn=8.77e-03 gEnc=1.11e-01 gDiag0=6.55e-01 gDiag1=1.23e+00 gDiag2=1.95e-01 gOffTf0=1.25e-01 gOffTf1=4.79e-02 gOffTf2=6.14e-02 gL=2.16e-01 gOffUV=1.80e-01 gNU=1.59e-01 gNV=2.34e-01 gJac=3.06e-02
21000: Loss avg=0.0476 ± 0.0025  (6.370s, avg: 6.371s) lr=2.50e-05 gTot=1.67e+00 gLift0=5.23e-02 gLift2=9.79e-02 gGCN0=1.56e-02 gGCN1=1.52e-02 gEmbLn=1.25e-02 gEnc=1.92e-01 gDiag0=9.27e-01 gDiag1=7.69e-01 gDiag2=2.99e-01 gOffTf0=7.31e-01 gOffTf1=9.19e-02 gOffTf2=1.77e-01 gL=3.93e-01 gOffUV=4.42e-01 gNU=4.06e-01 gNV=3.29e-01 gJac=2.96e-02
  [lr] plateau detected: lr 2.50e-05 -> 1.25e-05
21100: Loss avg=0.0497 ± 0.0030  (6.370s, avg: 6.372s) lr=1.25e-05 gTot=2.45e+00 gLift0=2.05e-02 gLift2=3.72e-02 gGCN0=5.62e-03 gGCN1=5.01e-03 gEmbLn=4.76e-03 gEnc=7.88e-02 gDiag0=2.23e+00 gDiag1=3.58e-01 gDiag2=4.16e-01 gOffTf0=2.95e-01 gOffTf1=4.65e-02 gOffTf2=7.52e-02 gL=5.94e-01 gOffUV=2.39e-01 gNU=3.36e-01 gNV=3.39e-01 gJac=2.67e-02
21200: Loss avg=0.0471 ± 0.0026  (6.370s, avg: 6.371s) lr=1.25e-05 gTot=3.00e+00 gLift0=2.71e-02 gLift2=3.95e-02 gGCN0=8.11e-03 gGCN1=5.80e-03 gEmbLn=4.20e-03 gEnc=6.69e-02 gDiag0=1.78e+00 gDiag1=2.38e+00 gDiag2=1.65e-01 gOffTf0=1.81e-01 gOffTf1=3.58e-02 gOffTf2=5.52e-02 gL=1.95e-01 gOffUV=1.57e-01 gNU=1.41e-01 gNV=1.30e-01 gJac=1.50e-02
21300: Loss avg=0.0473 ± 0.0028  (6.368s, avg: 6.371s) lr=1.25e-05 gTot=1.42e+00 gLift0=3.56e-02 gLift2=5.01e-02 gGCN0=9.26e-03 gGCN1=7.89e-03 gEmbLn=5.63e-03 gEnc=6.62e-02 gDiag0=7.60e-01 gDiag1=1.16e+00 gDiag2=1.02e-01 gOffTf0=1.65e-01 gOffTf1=2.93e-02 gOffTf2=4.06e-02 gL=8.22e-02 gOffUV=9.68e-02 gNU=9.02e-02 gNV=9.36e-02 gJac=1.69e-02
21400: Loss avg=0.0471 ± 0.0026  (6.373s, avg: 6.371s) lr=1.25e-05 gTot=1.32e+00 gLift0=2.89e-02 gLift2=4.70e-02 gGCN0=7.04e-03 gGCN1=6.27e-03 gEmbLn=5.85e-03 gEnc=7.71e-02 gDiag0=1.01e+00 gDiag1=7.89e-01 gDiag2=9.82e-02 gOffTf0=7.79e-02 gOffTf1=3.39e-02 gOffTf2=7.27e-02 gL=1.59e-01 gOffUV=1.16e-01 gNU=1.15e-01 gNV=1.63e-01 gJac=1.08e-02
21500: Loss avg=0.0473 ± 0.0027  (6.371s, avg: 6.371s) lr=1.25e-05 gTot=9.36e-01 gLift0=2.18e-02 gLift2=3.51e-02 gGCN0=5.73e-03 gGCN1=4.75e-03 gEmbLn=4.69e-03 gEnc=7.21e-02 gDiag0=5.92e-01 gDiag1=4.09e-01 gDiag2=1.67e-01 gOffTf0=4.94e-01 gOffTf1=3.41e-02 gOffTf2=5.79e-02 gL=1.91e-01 gOffUV=1.22e-01 gNU=8.93e-02 gNV=1.25e-01 gJac=8.04e-03
21600: Loss avg=0.0472 ± 0.0026  (6.373s, avg: 6.371s) lr=1.25e-05 gTot=2.24e+00 gLift0=1.91e-02 gLift2=3.60e-02 gGCN0=6.08e-03 gGCN1=5.16e-03 gEmbLn=3.99e-03 gEnc=6.98e-02 gDiag0=1.38e+00 gDiag1=1.74e+00 gDiag2=6.78e-02 gOffTf0=1.50e-01 gOffTf1=2.71e-02 gOffTf2=3.51e-02 gL=9.07e-02 gOffUV=9.53e-02 gNU=1.09e-01 gNV=1.03e-01 gJac=1.83e-02
21700: Loss avg=0.0474 ± 0.0027  (6.373s, avg: 6.372s) lr=1.25e-05 gTot=2.06e+00 gLift0=1.75e-02 gLift2=2.97e-02 gGCN0=5.15e-03 gGCN1=4.77e-03 gEmbLn=3.60e-03 gEnc=5.56e-02 gDiag0=1.29e+00 gDiag1=1.55e+00 gDiag2=1.49e-01 gOffTf0=3.02e-01 gOffTf1=2.85e-02 gOffTf2=4.02e-02 gL=1.71e-01 gOffUV=1.13e-01 gNU=1.29e-01 gNV=1.12e-01 gJac=7.65e-03
21800: Loss avg=0.0467 ± 0.0024  (6.376s, avg: 6.372s) lr=1.25e-05 gTot=1.82e+00 gLift0=2.10e-02 gLift2=3.22e-02 gGCN0=5.17e-03 gGCN1=4.69e-03 gEmbLn=4.10e-03 gEnc=5.17e-02 gDiag0=8.86e-01 gDiag1=1.57e+00 gDiag2=6.71e-02 gOffTf0=6.90e-02 gOffTf1=2.37e-02 gOffTf2=3.37e-02 gL=8.06e-02 gOffUV=1.29e-01 gNU=7.83e-02 gNV=9.11e-02 gJac=4.76e-03
21900: Loss avg=0.0468 ± 0.0024  (6.375s, avg: 6.372s) lr=1.25e-05 gTot=1.17e+00 gLift0=2.69e-02 gLift2=4.10e-02 gGCN0=6.77e-03 gGCN1=5.77e-03 gEmbLn=4.64e-03 gEnc=6.37e-02 gDiag0=1.04e+00 gDiag1=2.68e-01 gDiag2=3.30e-01 gOffTf0=4.67e-02 gOffTf1=3.82e-02 gOffTf2=7.35e-02 gL=1.82e-01 gOffUV=1.21e-01 gNU=1.51e-01 gNV=1.67e-01 gJac=2.83e-02
