/home/osbo/.conda/envs/fluid/lib/python3.12/site-packages/torch/cuda/__init__.py:61: FutureWarning: The pynvml package is deprecated. Please install nvidia-ml-py instead. If you did not install pynvml directly, please report this to the maintainers of the package that installed pynvml for you.
  import pynvml  # type: ignore[import]
Using device: cuda
  [startup] Random sample of 100 frames (--num-frames 100)
  [startup] Loaded 100 training contexts from disk cache (22030.28 ms) → .leafonly_training_context_cache/
  [startup] global_max_edges = 40596
  [startup] contexts_per_step = 4 (gradient accumulation)
  [startup] Ablation config: layers=3, gcn_layers=2, jacobi=True (node_scalar), attention_layout=128x129, off_diag_dense_attn=True, diag_dense_attn=True, use_highways=True
/home/osbo/.conda/envs/fluid/lib/python3.12/site-packages/torch/cuda/__init__.py:61: FutureWarning: The pynvml package is deprecated. Please install nvidia-ml-py instead. If you did not install pynvml directly, please report this to the maintainers of the package that installed pynvml for you.
  import pynvml  # type: ignore[import]
  [startup] torch.compile(model): enabled (CUDA)
  [startup] LR scheduler: ReduceLROnPlateau (factor=0.5, patience=5, threshold=5e-3, min_lr=1.00e-06, auto-stop (patience=10, threshold=5e-3 at min_lr))
  Block preconditioner: 64 leaves, diag 128×128, off 32×32 (128 nodes/leaf)
  Probe vectors (loss MC columns): auto max(64, ⌈√n_pad⌉) per step (override with --probe-vectors K)
  Probe MAZ path: --leafonly-pcg=matrix_free (A@Z: sparse block-diagonal A@Z (all devices; dense bmm only if context cache has use_dense_A); apply_block_diagonal_M torch.compile (matrix_free))
  Loss mode: hutchinson (cosine-similarity probe; --loss-mode hutchinson)
  Probe Jacobi smoothing: steps=0, omega=0.600

=== Startup timing (wall clock, ms) ===
  Dataset + run folder scan:         100.16
  Load training contexts (disk→device):   22030.28 ms  (100 contexts)
  LeafOnlyNet + .to(device):          25.83
  torch.compile(model) call:        2354.84  (CUDA; Inductor runs on 1st forward/backward)
  load_leaf_only_weights:         skipped
  AdamW + ReduceLROnPlateau:           0.42
  ---
  Total before training loop:      24527.27
  Note: First loss line’s (elapsed) is wall time for that step only (after startup); with torch.compile, the first forward+backward triggers Inductor codegen (often ~10–20s).
  At step 299, a one-time detailed breakdown (zero_grad / forward / apply M / backward / …) is printed.

  [track] Training profile CSV: /orcd/home/002/osbo/ondemand/fluid-sim/Assets/Scripts/weights/v2_8192_d128_L3_hw_smooth_zero_training_profile.csv
00000: Loss avg=0.1180 ± 0.0000  (45.041s) lr=1.00e-04 gTot=2.12e+00 gLift0=6.79e-02 gLift2=1.57e-01 gGCN0=2.72e-02 gGCN1=2.67e-02 gEmbLn=1.07e-02 gEnc=1.62e-01 gDiag0=5.50e-01 gDiag1=6.17e-01 gDiag2=8.44e-01 gOffTf0=4.23e-01 gOffTf1=5.67e-01 gOffTf2=5.63e-05 gL=9.05e-04 gOffUV=1.90e-03 gNU=1.36e-04 gNV=4.79e-04 gJac=1.59e+00
  [track] Checkpoint -> v2_8192_d128_L3_hw_smooth_zero_step000000.bytes
00100: Loss avg=0.1118 ± 0.0011  (22.394s) lr=1.00e-04 gTot=1.42e-03 gLift0=2.58e-05 gLift2=6.24e-05 gGCN0=9.71e-06 gGCN1=1.06e-05 gEmbLn=4.41e-06 gEnc=6.73e-05 gDiag0=2.08e-04 gDiag1=2.03e-04 gDiag2=1.50e-04 gOffTf0=1.60e-04 gOffTf1=1.61e-04 gOffTf2=1.67e-05 gL=1.31e-03 gOffUV=3.26e-04 gNU=1.24e-04 gNV=5.26e-06 gJac=1.53e-05
00200: Loss avg=0.1114 ± 0.0012  (6.234s) lr=1.00e-04 gTot=9.33e-04 gLift0=1.43e-05 gLift2=3.36e-05 gGCN0=5.31e-06 gGCN1=5.42e-06 gEmbLn=2.27e-06 gEnc=3.43e-05 gDiag0=9.05e-05 gDiag1=1.01e-04 gDiag2=9.23e-05 gOffTf0=7.87e-05 gOffTf1=8.39e-05 gOffTf2=1.58e-05 gL=7.97e-04 gOffUV=3.55e-04 gNU=2.58e-04 gNV=1.44e-05 gJac=2.60e-05

--- Detailed timing for step 300 (contexts_per_step=4, batched forward) ---
  batch: B=4, n_pad=8192, batch_vectors=256
--- Step 300 detailed timing (ms) ---
  zero_grad:            0.34
  batch assembly:       1.19
  model forward:       24.82
  probe Z+Jacobi:       0.11
  A @ Z (sparse block-mm):     1.03
  apply M (MAZ):        1.10
  residual + loss:      0.43
  backward:            34.72
  clip_grad_norm:       1.46
  optimizer.step:       1.78
  total:               66.98
  full iter (wall):    92.06 ms  (Python / scheduler / print overhead ≈ +25.08 ms vs sum above)
----------------------------------------

00300: Loss avg=0.1114 ± 0.0011  (6.241s, avg: 6.241s) lr=1.00e-04 gTot=2.07e-03 gLift0=2.60e-05 gLift2=6.24e-05 gGCN0=9.67e-06 gGCN1=1.01e-05 gEmbLn=4.38e-06 gEnc=6.60e-05 gDiag0=2.08e-04 gDiag1=1.78e-04 gDiag2=2.01e-04 gOffTf0=1.45e-04 gOffTf1=1.57e-04 gOffTf2=1.62e-05 gL=1.99e-03 gOffUV=3.89e-04 gNU=7.27e-05 gNV=4.02e-06 gJac=8.90e-06
00400: Loss avg=0.1114 ± 0.0011  (6.236s, avg: 6.236s) lr=1.00e-04 gTot=1.19e-03 gLift0=1.34e-05 gLift2=3.63e-05 gGCN0=6.04e-06 gGCN1=6.10e-06 gEmbLn=2.56e-06 gEnc=3.45e-05 gDiag0=1.15e-04 gDiag1=9.45e-05 gDiag2=1.33e-04 gOffTf0=7.53e-05 gOffTf1=1.02e-04 gOffTf2=2.46e-05 gL=9.75e-04 gOffUV=4.94e-04 gNU=3.99e-04 gNV=2.41e-05 gJac=4.99e-05
00500: Loss avg=0.1114 ± 0.0011  (6.237s, avg: 6.236s) lr=1.00e-04 gTot=3.64e-03 gLift0=9.85e-05 gLift2=2.24e-04 gGCN0=3.38e-05 gGCN1=3.62e-05 gEmbLn=1.52e-05 gEnc=2.29e-04 gDiag0=7.83e-04 gDiag1=4.32e-04 gDiag2=4.59e-04 gOffTf0=4.47e-04 gOffTf1=3.76e-04 gOffTf2=5.54e-05 gL=3.31e-03 gOffUV=9.10e-04 gNU=1.28e-04 gNV=8.13e-06 gJac=3.02e-05
00600: Loss avg=0.1117 ± 0.0012  (6.242s, avg: 6.238s) lr=1.00e-04 gTot=1.98e-03 gLift0=1.15e-04 gLift2=2.45e-04 gGCN0=3.70e-05 gGCN1=3.93e-05 gEmbLn=1.62e-05 gEnc=2.48e-04 gDiag0=8.15e-04 gDiag1=3.92e-04 gDiag2=3.04e-04 gOffTf0=4.56e-04 gOffTf1=3.01e-04 gOffTf2=2.75e-05 gL=1.54e-03 gOffUV=3.93e-04 gNU=1.65e-04 gNV=1.94e-05 gJac=5.91e-05
  [lr] plateau detected: lr 1.00e-04 -> 5.00e-05
00700: Loss avg=0.1218 ± 0.0474  (6.237s, avg: 6.238s) lr=5.00e-05 gTot=1.12e-03 gLift0=2.39e-05 gLift2=5.64e-05 gGCN0=1.12e-05 gGCN1=9.91e-06 gEmbLn=4.32e-06 gEnc=6.19e-05 gDiag0=2.79e-04 gDiag1=2.27e-04 gDiag2=2.78e-04 gOffTf0=1.32e-04 gOffTf1=2.15e-04 gOffTf2=2.72e-05 gL=8.92e-04 gOffUV=4.03e-04 gNU=1.54e-05 gNV=1.20e-04 gJac=2.93e-05
00800: Loss avg=0.1115 ± 0.0012  (6.235s, avg: 6.238s) lr=5.00e-05 gTot=1.12e-03 gLift0=3.31e-05 gLift2=7.43e-05 gGCN0=1.42e-05 gGCN1=1.33e-05 gEmbLn=5.96e-06 gEnc=8.15e-05 gDiag0=2.38e-04 gDiag1=2.91e-04 gDiag2=4.31e-04 gOffTf0=1.75e-04 gOffTf1=3.00e-04 gOffTf2=1.70e-05 gL=8.38e-04 gOffUV=2.53e-04 gNU=7.03e-05 gNV=4.97e-05 gJac=8.72e-05
00900: Loss avg=0.1114 ± 0.0014  (6.237s, avg: 6.238s) lr=5.00e-05 gTot=8.38e-03 gLift0=6.73e-04 gLift2=1.22e-03 gGCN0=2.14e-04 gGCN1=2.20e-04 gEmbLn=1.02e-04 gEnc=1.19e-03 gDiag0=4.86e-03 gDiag1=2.91e-03 gDiag2=2.60e-03 gOffTf0=2.20e-03 gOffTf1=2.14e-03 gOffTf2=1.24e-05 gL=1.68e-03 gOffUV=1.84e-04 gNU=3.07e-06 gNV=2.77e-05 gJac=3.96e-03
01000: Loss avg=0.1116 ± 0.0014  (6.237s, avg: 6.238s) lr=5.00e-05 gTot=7.41e-03 gLift0=6.64e-04 gLift2=1.21e-03 gGCN0=2.17e-04 gGCN1=2.12e-04 gEmbLn=1.04e-04 gEnc=1.14e-03 gDiag0=4.15e-03 gDiag1=2.26e-03 gDiag2=2.79e-03 gOffTf0=1.89e-03 gOffTf1=1.86e-03 gOffTf2=1.56e-05 gL=1.63e-03 gOffUV=2.49e-04 gNU=2.13e-05 gNV=5.16e-05 gJac=3.42e-03
01100: Loss avg=0.1115 ± 0.0018  (6.239s, avg: 6.241s) lr=5.00e-05 gTot=6.56e-03 gLift0=2.85e-04 gLift2=6.33e-04 gGCN0=1.16e-04 gGCN1=1.17e-04 gEmbLn=5.56e-05 gEnc=6.61e-04 gDiag0=1.76e-03 gDiag1=1.87e-03 gDiag2=2.40e-03 gOffTf0=1.27e-03 gOffTf1=1.89e-03 gOffTf2=1.04e-05 gL=3.68e-03 gOffUV=9.21e-05 gNU=2.64e-05 gNV=6.88e-05 gJac=3.30e-03
01200: Loss avg=0.1114 ± 0.0012  (6.240s, avg: 6.241s) lr=5.00e-05 gTot=1.93e-02 gLift0=8.80e-04 gLift2=2.05e-03 gGCN0=3.87e-04 gGCN1=3.67e-04 gEmbLn=1.52e-04 gEnc=2.35e-03 gDiag0=7.73e-03 gDiag1=6.03e-03 gDiag2=8.59e-03 gOffTf0=4.33e-03 gOffTf1=5.56e-03 gOffTf2=4.66e-05 gL=2.10e-03 gOffUV=5.65e-04 gNU=1.06e-04 gNV=2.49e-05 gJac=1.18e-02
01300: Loss avg=0.1108 ± 0.0011  (6.241s, avg: 6.241s) lr=5.00e-05 gTot=3.92e-02 gLift0=7.13e-03 gLift2=1.22e-02 gGCN0=2.33e-03 gGCN1=2.25e-03 gEmbLn=9.03e-04 gEnc=1.03e-02 gDiag0=2.49e-02 gDiag1=9.49e-03 gDiag2=9.97e-03 gOffTf0=1.12e-02 gOffTf1=6.88e-03 gOffTf2=5.71e-06 gL=1.92e-04 gOffUV=8.61e-05 gNU=4.45e-05 gNV=2.21e-05 gJac=1.54e-02
01400: Loss avg=0.1104 ± 0.0008  (6.242s, avg: 6.241s) lr=5.00e-05 gTot=1.06e-02 gLift0=1.73e-03 gLift2=2.93e-03 gGCN0=5.29e-04 gGCN1=4.98e-04 gEmbLn=2.19e-04 gEnc=2.43e-03 gDiag0=7.71e-03 gDiag1=2.27e-03 gDiag2=2.34e-03 gOffTf0=2.61e-03 gOffTf1=1.61e-03 gOffTf2=1.92e-05 gL=1.54e-03 gOffUV=4.01e-04 gNU=1.43e-05 gNV=2.14e-05 gJac=3.36e-03
01500: Loss avg=0.1102 ± 0.0008  (6.247s, avg: 6.242s) lr=5.00e-05 gTot=2.56e-02 gLift0=4.39e-03 gLift2=7.41e-03 gGCN0=1.25e-03 gGCN1=1.25e-03 gEmbLn=5.46e-04 gEnc=6.20e-03 gDiag0=1.65e-02 gDiag1=6.58e-03 gDiag2=6.77e-03 gOffTf0=6.77e-03 gOffTf1=4.60e-03 gOffTf2=2.40e-05 gL=3.54e-03 gOffUV=3.86e-04 gNU=3.89e-05 gNV=1.87e-05 gJac=9.90e-03
01600: Loss avg=0.1100 ± 0.0009  (6.248s, avg: 6.242s) lr=5.00e-05 gTot=2.82e-02 gLift0=3.31e-03 gLift2=7.81e-03 gGCN0=1.50e-03 gGCN1=1.79e-03 gEmbLn=5.82e-04 gEnc=7.32e-03 gDiag0=2.13e-02 gDiag1=8.01e-03 gDiag2=3.32e-03 gOffTf0=8.29e-03 gOffTf1=3.36e-03 gOffTf2=2.28e-05 gL=6.86e-03 gOffUV=5.26e-04 gNU=8.11e-05 gNV=2.72e-05 gJac=2.68e-03
01700: Loss avg=0.1098 ± 0.0009  (6.247s, avg: 6.243s) lr=5.00e-05 gTot=2.50e-02 gLift0=3.58e-03 gLift2=7.58e-03 gGCN0=1.30e-03 gGCN1=1.54e-03 gEmbLn=5.30e-04 gEnc=6.64e-03 gDiag0=1.84e-02 gDiag1=5.08e-03 gDiag2=4.00e-03 gOffTf0=7.00e-03 gOffTf1=3.23e-03 gOffTf2=9.36e-05 gL=5.59e-03 gOffUV=2.49e-03 gNU=1.01e-04 gNV=4.38e-05 gJac=5.53e-03
01800: Loss avg=0.1098 ± 0.0008  (6.247s, avg: 6.243s) lr=5.00e-05 gTot=3.08e-02 gLift0=2.80e-03 gLift2=6.40e-03 gGCN0=1.17e-03 gGCN1=1.39e-03 gEmbLn=4.69e-04 gEnc=6.28e-03 gDiag0=2.69e-02 gDiag1=5.14e-03 gDiag2=2.69e-03 gOffTf0=7.53e-03 gOffTf1=2.71e-03 gOffTf2=2.90e-05 gL=5.51e-03 gOffUV=6.31e-04 gNU=2.31e-05 gNV=6.50e-05 gJac=1.93e-03
01900: Loss avg=0.1097 ± 0.0007  (6.248s, avg: 6.243s) lr=5.00e-05 gTot=2.14e-02 gLift0=2.68e-03 gLift2=5.41e-03 gGCN0=9.20e-04 gGCN1=1.17e-03 gEmbLn=3.69e-04 gEnc=4.77e-03 gDiag0=1.43e-02 gDiag1=5.63e-03 gDiag2=4.43e-03 gOffTf0=4.87e-03 gOffTf1=2.98e-03 gOffTf2=3.08e-05 gL=9.21e-03 gOffUV=7.05e-04 gNU=4.69e-05 gNV=4.62e-05 gJac=4.75e-03
02000: Loss avg=0.1094 ± 0.0008  (6.248s, avg: 6.244s) lr=5.00e-05 gTot=2.14e-02 gLift0=2.23e-03 gLift2=4.82e-03 gGCN0=8.80e-04 gGCN1=1.15e-03 gEmbLn=3.19e-04 gEnc=3.95e-03 gDiag0=1.71e-02 gDiag1=4.24e-03 gDiag2=3.51e-03 gOffTf0=3.50e-03 gOffTf1=2.83e-03 gOffTf2=2.04e-05 gL=8.21e-03 gOffUV=3.57e-04 gNU=4.15e-05 gNV=3.31e-05 gJac=1.02e-03
  [track] Checkpoint -> v2_8192_d128_L3_hw_smooth_zero_step002000.bytes
02100: Loss avg=0.1093 ± 0.0007  (6.248s, avg: 6.247s) lr=5.00e-05 gTot=1.87e-02 gLift0=2.13e-03 gLift2=4.20e-03 gGCN0=7.71e-04 gGCN1=8.26e-04 gEmbLn=3.14e-04 gEnc=3.95e-03 gDiag0=1.41e-02 gDiag1=5.60e-03 gDiag2=2.32e-03 gOffTf0=4.02e-03 gOffTf1=1.99e-03 gOffTf2=2.75e-05 gL=6.26e-03 gOffUV=7.53e-04 gNU=4.22e-05 gNV=4.51e-05 gJac=3.52e-03
02200: Loss avg=0.1094 ± 0.0008  (6.248s, avg: 6.247s) lr=5.00e-05 gTot=2.80e-02 gLift0=3.26e-03 gLift2=6.08e-03 gGCN0=9.68e-04 gGCN1=1.00e-03 gEmbLn=4.40e-04 gEnc=5.21e-03 gDiag0=2.24e-02 gDiag1=8.94e-03 gDiag2=4.39e-03 gOffTf0=4.27e-03 gOffTf1=3.09e-03 gOffTf2=1.66e-05 gL=4.71e-03 gOffUV=3.49e-04 gNU=1.36e-05 gNV=1.86e-05 gJac=7.40e-03
02300: Loss avg=0.1093 ± 0.0007  (6.248s, avg: 6.247s) lr=5.00e-05 gTot=2.63e-02 gLift0=2.69e-03 gLift2=5.15e-03 gGCN0=9.52e-04 gGCN1=1.03e-03 gEmbLn=3.74e-04 gEnc=4.41e-03 gDiag0=2.03e-02 gDiag1=1.07e-02 gDiag2=4.07e-03 gOffTf0=4.29e-03 gOffTf1=3.36e-03 gOffTf2=2.09e-05 gL=5.05e-03 gOffUV=4.76e-04 gNU=1.22e-05 gNV=1.59e-05 gJac=6.40e-03
02400: Loss avg=0.1094 ± 0.0008  (6.248s, avg: 6.247s) lr=5.00e-05 gTot=2.32e-02 gLift0=1.97e-03 gLift2=4.53e-03 gGCN0=8.68e-04 gGCN1=9.94e-04 gEmbLn=3.18e-04 gEnc=4.17e-03 gDiag0=2.03e-02 gDiag1=5.38e-03 gDiag2=2.67e-03 gOffTf0=3.63e-03 gOffTf1=2.96e-03 gOffTf2=8.91e-06 gL=4.56e-03 gOffUV=1.85e-04 gNU=1.30e-05 gNV=1.16e-05 gJac=1.29e-03
02500: Loss avg=0.1095 ± 0.0008  (6.250s, avg: 6.247s) lr=5.00e-05 gTot=2.11e-02 gLift0=2.78e-03 gLift2=4.96e-03 gGCN0=7.77e-04 gGCN1=7.79e-04 gEmbLn=3.73e-04 gEnc=4.56e-03 gDiag0=1.50e-02 gDiag1=7.02e-03 gDiag2=4.72e-03 gOffTf0=4.47e-03 gOffTf1=3.92e-03 gOffTf2=1.69e-05 gL=4.89e-03 gOffUV=4.98e-04 gNU=1.76e-05 gNV=1.45e-05 gJac=6.08e-03
  [lr] plateau detected: lr 5.00e-05 -> 2.50e-05
02600: Loss avg=0.1091 ± 0.0009  (6.249s, avg: 6.247s) lr=2.50e-05 gTot=5.27e-02 gLift0=5.85e-03 gLift2=1.43e-02 gGCN0=2.93e-03 gGCN1=3.47e-03 gEmbLn=9.87e-04 gEnc=1.23e-02 gDiag0=4.45e-02 gDiag1=1.04e-02 gDiag2=4.99e-03 gOffTf0=1.12e-02 gOffTf1=4.50e-03 gOffTf2=1.93e-05 gL=9.72e-03 gOffUV=5.37e-04 gNU=2.10e-05 gNV=4.94e-05 gJac=4.41e-03
02700: Loss avg=0.1089 ± 0.0008  (6.248s, avg: 6.247s) lr=2.50e-05 gTot=3.61e-02 gLift0=3.41e-03 gLift2=6.82e-03 gGCN0=1.09e-03 gGCN1=1.14e-03 gEmbLn=4.90e-04 gEnc=6.68e-03 gDiag0=2.93e-02 gDiag1=8.03e-03 gDiag2=6.92e-03 gOffTf0=5.99e-03 gOffTf1=5.51e-03 gOffTf2=9.32e-06 gL=8.75e-03 gOffUV=2.24e-04 gNU=1.59e-05 gNV=2.89e-05 gJac=9.19e-03
02800: Loss avg=0.1090 ± 0.0008  (6.247s, avg: 6.247s) lr=2.50e-05 gTot=4.96e-02 gLift0=3.55e-03 gLift2=8.96e-03 gGCN0=1.67e-03 gGCN1=1.83e-03 gEmbLn=6.55e-04 gEnc=9.44e-03 gDiag0=4.36e-02 gDiag1=6.23e-03 gDiag2=5.64e-03 gOffTf0=1.05e-02 gOffTf1=4.71e-03 gOffTf2=3.68e-06 gL=1.19e-02 gOffUV=1.52e-04 gNU=2.34e-05 gNV=3.75e-05 gJac=4.39e-03
02900: Loss avg=0.1087 ± 0.0009  (6.240s, avg: 6.247s) lr=2.50e-05 gTot=4.02e-02 gLift0=3.77e-03 gLift2=9.42e-03 gGCN0=1.57e-03 gGCN1=1.70e-03 gEmbLn=6.70e-04 gEnc=9.76e-03 gDiag0=2.96e-02 gDiag1=1.13e-02 gDiag2=8.94e-03 gOffTf0=9.44e-03 gOffTf1=7.12e-03 gOffTf2=1.28e-05 gL=1.38e-02 gOffUV=3.37e-04 gNU=2.63e-05 gNV=4.78e-05 gJac=2.47e-03
03000: Loss avg=0.1087 ± 0.0008  (6.231s, avg: 6.247s) lr=2.50e-05 gTot=4.31e-02 gLift0=4.18e-03 gLift2=1.10e-02 gGCN0=2.23e-03 gGCN1=2.62e-03 gEmbLn=7.77e-04 gEnc=9.81e-03 gDiag0=3.27e-02 gDiag1=1.07e-02 gDiag2=8.77e-03 gOffTf0=9.58e-03 gOffTf1=7.09e-03 gOffTf2=1.65e-05 gL=1.40e-02 gOffUV=3.71e-04 gNU=3.21e-05 gNV=7.37e-05 gJac=1.88e-03
03100: Loss avg=0.1087 ± 0.0008  (6.246s, avg: 6.248s) lr=2.50e-05 gTot=2.14e-02 gLift0=2.12e-03 gLift2=4.55e-03 gGCN0=7.57e-04 gGCN1=7.93e-04 gEmbLn=3.09e-04 gEnc=4.53e-03 gDiag0=1.45e-02 gDiag1=4.92e-03 gDiag2=4.70e-03 gOffTf0=3.21e-03 gOffTf1=3.92e-03 gOffTf2=1.97e-05 gL=8.24e-03 gOffUV=5.31e-04 gNU=3.87e-05 gNV=4.04e-05 gJac=7.76e-03
03200: Loss avg=0.1085 ± 0.0008  (6.253s, avg: 6.248s) lr=2.50e-05 gTot=5.49e-02 gLift0=5.93e-03 gLift2=1.36e-02 gGCN0=2.77e-03 gGCN1=3.53e-03 gEmbLn=9.35e-04 gEnc=1.19e-02 gDiag0=4.63e-02 gDiag1=6.87e-03 gDiag2=6.29e-03 gOffTf0=1.41e-02 gOffTf1=5.23e-03 gOffTf2=3.95e-05 gL=9.42e-03 gOffUV=1.06e-03 gNU=1.02e-04 gNV=7.94e-05 gJac=9.73e-03
03300: Loss avg=0.1084 ± 0.0008  (6.250s, avg: 6.248s) lr=2.50e-05 gTot=7.01e-02 gLift0=7.47e-03 gLift2=1.70e-02 gGCN0=3.17e-03 gGCN1=3.78e-03 gEmbLn=1.22e-03 gEnc=1.59e-02 gDiag0=4.86e-02 gDiag1=2.94e-02 gDiag2=1.58e-02 gOffTf0=1.44e-02 gOffTf1=1.27e-02 gOffTf2=1.61e-05 gL=2.11e-02 gOffUV=4.97e-04 gNU=4.46e-05 gNV=7.68e-05 gJac=1.86e-03
03400: Loss avg=0.1080 ± 0.0008  (6.249s, avg: 6.248s) lr=2.50e-05 gTot=4.75e-02 gLift0=4.48e-03 gLift2=1.02e-02 gGCN0=1.62e-03 gGCN1=1.71e-03 gEmbLn=7.11e-04 gEnc=9.98e-03 gDiag0=3.15e-02 gDiag1=1.79e-02 gDiag2=1.14e-02 gOffTf0=8.61e-03 gOffTf1=1.07e-02 gOffTf2=1.13e-05 gL=1.95e-02 gOffUV=4.64e-04 gNU=3.50e-05 gNV=4.26e-05 gJac=2.46e-03
03500: Loss avg=0.1079 ± 0.0008  (6.250s, avg: 6.248s) lr=2.50e-05 gTot=5.44e-02 gLift0=5.71e-03 gLift2=1.19e-02 gGCN0=2.22e-03 gGCN1=2.43e-03 gEmbLn=8.87e-04 gEnc=1.24e-02 gDiag0=4.36e-02 gDiag1=7.70e-03 gDiag2=7.42e-03 gOffTf0=1.70e-02 gOffTf1=5.54e-03 gOffTf2=1.61e-05 gL=1.05e-02 gOffUV=3.13e-04 gNU=6.66e-05 gNV=8.07e-05 gJac=1.34e-02
03600: Loss avg=0.1080 ± 0.0009  (6.250s, avg: 6.248s) lr=2.50e-05 gTot=3.90e-02 gLift0=4.08e-03 gLift2=9.81e-03 gGCN0=1.69e-03 gGCN1=1.76e-03 gEmbLn=6.74e-04 gEnc=1.02e-02 gDiag0=2.72e-02 gDiag1=1.20e-02 gDiag2=7.57e-03 gOffTf0=9.70e-03 gOffTf1=6.81e-03 gOffTf2=1.60e-05 gL=1.44e-02 gOffUV=4.94e-04 gNU=4.88e-05 gNV=7.27e-05 gJac=3.04e-03
03700: Loss avg=0.1077 ± 0.0008  (6.249s, avg: 6.248s) lr=2.50e-05 gTot=3.75e-02 gLift0=3.59e-03 gLift2=8.21e-03 gGCN0=1.46e-03 gGCN1=1.56e-03 gEmbLn=5.95e-04 gEnc=7.44e-03 gDiag0=2.68e-02 gDiag1=6.84e-03 gDiag2=9.05e-03 gOffTf0=6.82e-03 gOffTf1=5.99e-03 gOffTf2=1.44e-05 gL=1.70e-02 gOffUV=3.41e-04 gNU=6.62e-05 gNV=6.46e-05 gJac=6.87e-03
03800: Loss avg=0.1075 ± 0.0009  (6.250s, avg: 6.248s) lr=2.50e-05 gTot=8.29e-02 gLift0=7.13e-03 gLift2=1.48e-02 gGCN0=2.43e-03 gGCN1=2.90e-03 gEmbLn=1.03e-03 gEnc=1.51e-02 gDiag0=6.42e-02 gDiag1=2.41e-02 gDiag2=1.84e-02 gOffTf0=1.63e-02 gOffTf1=1.50e-02 gOffTf2=1.25e-05 gL=2.45e-02 gOffUV=2.91e-04 gNU=3.95e-05 gNV=4.76e-05 gJac=1.48e-02
03900: Loss avg=0.1075 ± 0.0008  (6.250s, avg: 6.248s) lr=2.50e-05 gTot=5.30e-02 gLift0=5.82e-03 gLift2=1.31e-02 gGCN0=3.02e-03 gGCN1=2.94e-03 gEmbLn=9.66e-04 gEnc=1.06e-02 gDiag0=4.29e-02 gDiag1=1.00e-02 gDiag2=7.00e-03 gOffTf0=7.66e-03 gOffTf1=6.73e-03 gOffTf2=3.22e-05 gL=1.90e-02 gOffUV=8.23e-04 gNU=9.73e-05 gNV=8.57e-05 gJac=3.63e-03
04000: Loss avg=0.1072 ± 0.0009  (6.246s, avg: 6.248s) lr=2.50e-05 gTot=1.03e-01 gLift0=7.16e-03 gLift2=1.77e-02 gGCN0=3.22e-03 gGCN1=2.87e-03 gEmbLn=1.21e-03 gEnc=1.51e-02 gDiag0=9.28e-02 gDiag1=1.67e-02 gDiag2=1.09e-02 gOffTf0=1.27e-02 gOffTf1=9.23e-03 gOffTf2=6.93e-06 gL=2.39e-02 gOffUV=1.54e-04 gNU=4.38e-05 gNV=5.48e-05 gJac=1.39e-02
  [track] Checkpoint -> v2_8192_d128_L3_hw_smooth_zero_step004000.bytes
04100: Loss avg=0.1069 ± 0.0010  (6.248s, avg: 6.250s) lr=2.50e-05 gTot=3.89e-02 gLift0=5.34e-03 gLift2=1.20e-02 gGCN0=2.72e-03 gGCN1=3.12e-03 gEmbLn=7.78e-04 gEnc=9.32e-03 gDiag0=2.83e-02 gDiag1=1.01e-02 gDiag2=6.03e-03 gOffTf0=8.48e-03 gOffTf1=6.50e-03 gOffTf2=2.88e-05 gL=1.27e-02 gOffUV=5.98e-04 gNU=3.89e-05 gNV=5.71e-05 gJac=4.83e-03
04200: Loss avg=0.1068 ± 0.0007  (6.249s, avg: 6.250s) lr=2.50e-05 gTot=7.22e-02 gLift0=7.53e-03 gLift2=1.58e-02 gGCN0=2.68e-03 gGCN1=3.01e-03 gEmbLn=1.18e-03 gEnc=1.48e-02 gDiag0=4.82e-02 gDiag1=2.62e-02 gDiag2=1.39e-02 gOffTf0=1.63e-02 gOffTf1=1.24e-02 gOffTf2=1.75e-05 gL=2.74e-02 gOffUV=3.32e-04 gNU=5.54e-05 gNV=6.30e-05 gJac=1.70e-02
04300: Loss avg=0.1065 ± 0.0009  (6.248s, avg: 6.250s) lr=2.50e-05 gTot=5.66e-02 gLift0=5.43e-03 gLift2=1.32e-02 gGCN0=2.53e-03 gGCN1=2.18e-03 gEmbLn=9.56e-04 gEnc=1.26e-02 gDiag0=3.87e-02 gDiag1=1.23e-02 gDiag2=1.05e-02 gOffTf0=1.11e-02 gOffTf1=8.25e-03 gOffTf2=1.38e-05 gL=2.85e-02 gOffUV=3.74e-04 gNU=3.12e-05 gNV=5.64e-05 gJac=8.00e-03
04400: Loss avg=0.1063 ± 0.0009  (6.249s, avg: 6.250s) lr=2.50e-05 gTot=9.56e-02 gLift0=1.09e-02 gLift2=2.49e-02 gGCN0=4.28e-03 gGCN1=4.58e-03 gEmbLn=1.66e-03 gEnc=2.24e-02 gDiag0=6.19e-02 gDiag1=2.31e-02 gDiag2=1.59e-02 gOffTf0=2.24e-02 gOffTf1=1.50e-02 gOffTf2=2.03e-05 gL=4.97e-02 gOffUV=4.83e-04 gNU=6.35e-05 gNV=8.12e-05 gJac=6.51e-03
04500: Loss avg=0.1063 ± 0.0008  (6.248s, avg: 6.250s) lr=2.50e-05 gTot=5.80e-02 gLift0=5.66e-03 gLift2=1.58e-02 gGCN0=3.32e-03 gGCN1=3.93e-03 gEmbLn=1.03e-03 gEnc=1.34e-02 gDiag0=4.31e-02 gDiag1=8.10e-03 gDiag2=9.25e-03 gOffTf0=1.15e-02 gOffTf1=6.48e-03 gOffTf2=1.40e-05 gL=2.60e-02 gOffUV=3.18e-04 gNU=5.62e-05 gNV=7.75e-05 gJac=3.34e-03
04600: Loss avg=0.1063 ± 0.0009  (6.249s, avg: 6.250s) lr=2.50e-05 gTot=7.15e-02 gLift0=7.21e-03 gLift2=1.84e-02 gGCN0=3.80e-03 gGCN1=4.27e-03 gEmbLn=1.22e-03 gEnc=1.48e-02 gDiag0=4.64e-02 gDiag1=1.43e-02 gDiag2=1.37e-02 gOffTf0=1.33e-02 gOffTf1=1.31e-02 gOffTf2=1.79e-05 gL=3.18e-02 gOffUV=4.02e-04 gNU=4.88e-05 gNV=8.25e-05 gJac=2.37e-02
04700: Loss avg=0.1059 ± 0.0009  (6.249s, avg: 6.250s) lr=2.50e-05 gTot=8.46e-02 gLift0=7.39e-03 gLift2=1.47e-02 gGCN0=2.68e-03 gGCN1=2.88e-03 gEmbLn=9.56e-04 gEnc=1.51e-02 gDiag0=4.48e-02 gDiag1=1.12e-02 gDiag2=1.54e-02 gOffTf0=1.98e-02 gOffTf1=8.73e-03 gOffTf2=2.34e-05 gL=5.35e-02 gOffUV=4.69e-04 gNU=5.09e-05 gNV=7.39e-05 gJac=3.06e-02
04800: Loss avg=0.1057 ± 0.0008  (6.249s, avg: 6.250s) lr=2.50e-05 gTot=1.38e-01 gLift0=1.38e-02 gLift2=3.08e-02 gGCN0=5.87e-03 gGCN1=7.06e-03 gEmbLn=1.98e-03 gEnc=3.03e-02 gDiag0=7.44e-02 gDiag1=3.29e-02 gDiag2=2.21e-02 gOffTf0=4.49e-02 gOffTf1=1.57e-02 gOffTf2=3.85e-05 gL=8.65e-02 gOffUV=7.34e-04 gNU=5.54e-05 gNV=1.18e-04 gJac=2.32e-03
04900: Loss avg=0.1057 ± 0.0008  (6.249s, avg: 6.250s) lr=2.50e-05 gTot=4.09e-02 gLift0=4.27e-03 gLift2=9.29e-03 gGCN0=2.17e-03 gGCN1=1.91e-03 gEmbLn=6.31e-04 gEnc=9.19e-03 gDiag0=2.59e-02 gDiag1=8.84e-03 gDiag2=5.78e-03 gOffTf0=8.93e-03 gOffTf1=5.64e-03 gOffTf2=1.72e-05 gL=2.40e-02 gOffUV=4.01e-04 gNU=8.04e-05 gNV=4.97e-05 gJac=1.49e-03
05000: Loss avg=0.1053 ± 0.0009  (6.248s, avg: 6.250s) lr=2.50e-05 gTot=4.24e-02 gLift0=4.74e-03 gLift2=1.07e-02 gGCN0=2.88e-03 gGCN1=2.38e-03 gEmbLn=7.09e-04 gEnc=8.59e-03 gDiag0=2.20e-02 gDiag1=9.32e-03 gDiag2=9.29e-03 gOffTf0=8.77e-03 gOffTf1=6.59e-03 gOffTf2=4.11e-05 gL=2.61e-02 gOffUV=1.03e-03 gNU=5.31e-05 gNV=8.15e-05 gJac=1.04e-02
05100: Loss avg=0.1052 ± 0.0010  (6.249s, avg: 6.250s) lr=2.50e-05 gTot=6.49e-02 gLift0=6.39e-03 gLift2=1.41e-02 gGCN0=2.85e-03 gGCN1=3.11e-03 gEmbLn=9.44e-04 gEnc=1.23e-02 gDiag0=3.00e-02 gDiag1=1.90e-02 gDiag2=1.46e-02 gOffTf0=1.54e-02 gOffTf1=9.98e-03 gOffTf2=1.25e-05 gL=3.51e-02 gOffUV=3.29e-04 gNU=6.25e-05 gNV=1.16e-04 gJac=2.76e-02
05200: Loss avg=0.1052 ± 0.0008  (6.249s, avg: 6.250s) lr=2.50e-05 gTot=6.72e-02 gLift0=8.73e-03 gLift2=1.69e-02 gGCN0=4.90e-03 gGCN1=3.15e-03 gEmbLn=1.20e-03 gEnc=1.69e-02 gDiag0=3.81e-02 gDiag1=1.64e-02 gDiag2=1.48e-02 gOffTf0=2.13e-02 gOffTf1=1.21e-02 gOffTf2=2.32e-05 gL=3.59e-02 gOffUV=6.05e-04 gNU=7.43e-05 gNV=1.03e-04 gJac=1.74e-03
05300: Loss avg=0.1047 ± 0.0008  (6.249s, avg: 6.250s) lr=2.50e-05 gTot=1.64e-01 gLift0=1.45e-02 gLift2=3.28e-02 gGCN0=8.77e-03 gGCN1=9.15e-03 gEmbLn=2.04e-03 gEnc=2.38e-02 gDiag0=1.40e-01 gDiag1=2.62e-02 gDiag2=1.73e-02 gOffTf0=3.27e-02 gOffTf1=1.75e-02 gOffTf2=1.62e-05 gL=5.27e-02 gOffUV=3.53e-04 gNU=5.94e-05 gNV=9.59e-05 gJac=1.45e-02
05400: Loss avg=0.1047 ± 0.0009  (6.248s, avg: 6.250s) lr=2.50e-05 gTot=9.66e-02 gLift0=8.39e-03 gLift2=2.05e-02 gGCN0=4.45e-03 gGCN1=5.73e-03 gEmbLn=1.23e-03 gEnc=1.54e-02 gDiag0=6.95e-02 gDiag1=2.11e-02 gDiag2=1.17e-02 gOffTf0=2.02e-02 gOffTf1=9.18e-03 gOffTf2=1.01e-05 gL=5.08e-02 gOffUV=2.67e-04 gNU=5.83e-05 gNV=7.98e-05 gJac=7.86e-03
05500: Loss avg=0.1045 ± 0.0009  (6.249s, avg: 6.250s) lr=2.50e-05 gTot=9.83e-02 gLift0=9.84e-03 gLift2=2.05e-02 gGCN0=3.71e-03 gGCN1=4.33e-03 gEmbLn=1.34e-03 gEnc=1.87e-02 gDiag0=6.49e-02 gDiag1=2.67e-02 gDiag2=1.23e-02 gOffTf0=1.95e-02 gOffTf1=1.02e-02 gOffTf2=1.21e-05 gL=5.56e-02 gOffUV=2.95e-04 gNU=5.92e-05 gNV=9.30e-05 gJac=1.12e-02
05600: Loss avg=0.1043 ± 0.0009  (6.250s, avg: 6.250s) lr=2.50e-05 gTot=7.12e-02 gLift0=7.88e-03 gLift2=1.59e-02 gGCN0=3.58e-03 gGCN1=3.27e-03 gEmbLn=1.05e-03 gEnc=1.40e-02 gDiag0=3.52e-02 gDiag1=2.01e-02 gDiag2=1.29e-02 gOffTf0=1.48e-02 gOffTf1=9.41e-03 gOffTf2=2.87e-05 gL=4.78e-02 gOffUV=6.96e-04 gNU=1.05e-04 gNV=5.95e-05 gJac=1.14e-02
05700: Loss avg=0.1042 ± 0.0009  (6.250s, avg: 6.250s) lr=2.50e-05 gTot=7.68e-02 gLift0=4.41e-03 gLift2=9.70e-03 gGCN0=1.80e-03 gGCN1=1.90e-03 gEmbLn=7.19e-04 gEnc=1.07e-02 gDiag0=5.65e-02 gDiag1=1.18e-02 gDiag2=1.02e-02 gOffTf0=1.06e-02 gOffTf1=7.63e-03 gOffTf2=1.88e-05 gL=4.39e-02 gOffUV=5.02e-04 gNU=8.33e-05 gNV=7.59e-05 gJac=1.14e-02
05800: Loss avg=0.1040 ± 0.0008  (6.250s, avg: 6.250s) lr=2.50e-05 gTot=1.63e-01 gLift0=1.25e-02 gLift2=2.68e-02 gGCN0=4.68e-03 gGCN1=4.81e-03 gEmbLn=1.95e-03 gEnc=2.68e-02 gDiag0=1.24e-01 gDiag1=4.15e-02 gDiag2=1.79e-02 gOffTf0=3.03e-02 gOffTf1=1.41e-02 gOffTf2=2.84e-05 gL=7.65e-02 gOffUV=7.45e-04 gNU=1.07e-04 gNV=7.91e-05 gJac=2.59e-02
05900: Loss avg=0.1041 ± 0.0010  (6.250s, avg: 6.250s) lr=2.50e-05 gTot=1.33e-01 gLift0=1.45e-02 gLift2=2.89e-02 gGCN0=7.15e-03 gGCN1=8.27e-03 gEmbLn=1.85e-03 gEnc=1.93e-02 gDiag0=9.30e-02 gDiag1=1.38e-02 gDiag2=1.20e-02 gOffTf0=1.84e-02 gOffTf1=8.34e-03 gOffTf2=6.31e-05 gL=7.84e-02 gOffUV=2.02e-03 gNU=9.38e-05 gNV=1.18e-04 gJac=2.59e-02
06000: Loss avg=0.1038 ± 0.0009  (6.248s, avg: 6.250s) lr=2.50e-05 gTot=7.71e-02 gLift0=6.28e-03 gLift2=1.36e-02 gGCN0=2.80e-03 gGCN1=3.33e-03 gEmbLn=8.63e-04 gEnc=1.13e-02 gDiag0=4.53e-02 gDiag1=1.40e-02 gDiag2=1.25e-02 gOffTf0=1.17e-02 gOffTf1=8.72e-03 gOffTf2=2.22e-05 gL=5.34e-02 gOffUV=4.49e-04 gNU=6.51e-05 gNV=1.47e-04 gJac=1.07e-02
  [track] Checkpoint -> v2_8192_d128_L3_hw_smooth_zero_step006000.bytes
06100: Loss avg=0.1037 ± 0.0009  (6.249s, avg: 6.251s) lr=2.50e-05 gTot=7.44e-02 gLift0=7.38e-03 gLift2=1.58e-02 gGCN0=4.11e-03 gGCN1=2.91e-03 gEmbLn=1.05e-03 gEnc=1.59e-02 gDiag0=4.62e-02 gDiag1=2.11e-02 gDiag2=1.26e-02 gOffTf0=2.07e-02 gOffTf1=1.22e-02 gOffTf2=2.26e-05 gL=3.82e-02 gOffUV=1.12e-03 gNU=5.79e-05 gNV=4.76e-05 gJac=1.30e-02
06200: Loss avg=0.1038 ± 0.0009  (6.248s, avg: 6.251s) lr=2.50e-05 gTot=1.41e-01 gLift0=1.22e-02 gLift2=2.67e-02 gGCN0=5.82e-03 gGCN1=6.97e-03 gEmbLn=1.63e-03 gEnc=2.24e-02 gDiag0=1.12e-01 gDiag1=3.31e-02 gDiag2=1.65e-02 gOffTf0=2.45e-02 gOffTf1=1.27e-02 gOffTf2=2.99e-05 gL=5.39e-02 gOffUV=9.53e-04 gNU=8.33e-05 gNV=1.22e-04 gJac=2.94e-02
06300: Loss avg=0.1034 ± 0.0009  (6.246s, avg: 6.251s) lr=2.50e-05 gTot=1.18e-01 gLift0=1.07e-02 gLift2=2.14e-02 gGCN0=4.11e-03 gGCN1=4.17e-03 gEmbLn=1.32e-03 gEnc=1.97e-02 gDiag0=8.49e-02 gDiag1=2.44e-02 gDiag2=1.12e-02 gOffTf0=2.14e-02 gOffTf1=1.14e-02 gOffTf2=1.42e-05 gL=6.59e-02 gOffUV=5.59e-04 gNU=6.49e-05 gNV=5.59e-05 gJac=1.18e-02
06400: Loss avg=0.1032 ± 0.0009  (6.247s, avg: 6.251s) lr=2.50e-05 gTot=7.70e-02 gLift0=5.79e-03 gLift2=1.22e-02 gGCN0=5.80e-03 gGCN1=2.89e-03 gEmbLn=7.87e-04 gEnc=1.14e-02 gDiag0=5.11e-02 gDiag1=1.46e-02 gDiag2=1.36e-02 gOffTf0=1.08e-02 gOffTf1=8.80e-03 gOffTf2=4.09e-05 gL=4.31e-02 gOffUV=1.45e-03 gNU=6.83e-05 gNV=1.53e-04 gJac=2.26e-02
06500: Loss avg=0.1032 ± 0.0009  (6.245s, avg: 6.251s) lr=2.50e-05 gTot=1.76e-01 gLift0=1.19e-02 gLift2=2.50e-02 gGCN0=4.46e-03 gGCN1=4.78e-03 gEmbLn=1.69e-03 gEnc=2.55e-02 gDiag0=1.53e-01 gDiag1=3.36e-02 gDiag2=1.77e-02 gOffTf0=2.31e-02 gOffTf1=2.57e-02 gOffTf2=1.83e-05 gL=5.56e-02 gOffUV=6.08e-04 gNU=5.08e-05 gNV=1.19e-04 gJac=2.17e-02
06600: Loss avg=0.1030 ± 0.0010  (6.243s, avg: 6.251s) lr=2.50e-05 gTot=9.36e-02 gLift0=1.00e-02 gLift2=2.24e-02 gGCN0=5.15e-03 gGCN1=5.13e-03 gEmbLn=1.38e-03 gEnc=1.83e-02 gDiag0=5.64e-02 gDiag1=2.85e-02 gDiag2=1.52e-02 gOffTf0=1.96e-02 gOffTf1=2.16e-02 gOffTf2=1.58e-05 gL=5.14e-02 gOffUV=3.41e-04 gNU=5.60e-05 gNV=4.86e-05 gJac=6.49e-03
06700: Loss avg=0.1028 ± 0.0009  (6.241s, avg: 6.251s) lr=2.50e-05 gTot=1.10e-01 gLift0=9.49e-03 gLift2=2.58e-02 gGCN0=6.11e-03 gGCN1=7.21e-03 gEmbLn=1.61e-03 gEnc=1.68e-02 gDiag0=8.55e-02 gDiag1=1.94e-02 gDiag2=1.15e-02 gOffTf0=1.47e-02 gOffTf1=1.06e-02 gOffTf2=1.76e-05 gL=5.11e-02 gOffUV=4.95e-04 gNU=1.04e-04 gNV=9.71e-05 gJac=9.73e-03
06800: Loss avg=0.1027 ± 0.0010  (6.240s, avg: 6.250s) lr=2.50e-05 gTot=1.08e-01 gLift0=1.19e-02 gLift2=2.61e-02 gGCN0=7.29e-03 gGCN1=6.19e-03 gEmbLn=1.65e-03 gEnc=2.18e-02 gDiag0=7.72e-02 gDiag1=1.98e-02 gDiag2=1.04e-02 gOffTf0=2.28e-02 gOffTf1=1.31e-02 gOffTf2=5.62e-05 gL=5.46e-02 gOffUV=1.22e-03 gNU=9.43e-05 gNV=1.46e-04 gJac=7.34e-03
06900: Loss avg=0.1025 ± 0.0010  (6.246s, avg: 6.250s) lr=2.50e-05 gTot=1.04e-01 gLift0=9.43e-03 gLift2=2.12e-02 gGCN0=4.72e-03 gGCN1=3.67e-03 gEmbLn=1.44e-03 gEnc=2.14e-02 gDiag0=7.90e-02 gDiag1=1.61e-02 gDiag2=1.46e-02 gOffTf0=2.38e-02 gOffTf1=1.04e-02 gOffTf2=2.26e-05 gL=4.88e-02 gOffUV=5.22e-04 gNU=1.29e-04 gNV=2.21e-04 gJac=3.25e-03
07000: Loss avg=0.1024 ± 0.0010  (6.246s, avg: 6.250s) lr=2.50e-05 gTot=1.41e-01 gLift0=1.38e-02 gLift2=2.84e-02 gGCN0=6.34e-03 gGCN1=5.10e-03 gEmbLn=1.91e-03 gEnc=2.92e-02 gDiag0=9.94e-02 gDiag1=5.72e-02 gDiag2=1.71e-02 gOffTf0=2.74e-02 gOffTf1=3.09e-02 gOffTf2=3.66e-05 gL=5.20e-02 gOffUV=8.26e-04 gNU=6.64e-05 gNV=7.92e-05 gJac=1.50e-02
07100: Loss avg=0.1022 ± 0.0009  (6.244s, avg: 6.251s) lr=2.50e-05 gTot=1.51e-01 gLift0=1.48e-02 gLift2=2.98e-02 gGCN0=7.86e-03 gGCN1=7.62e-03 gEmbLn=1.91e-03 gEnc=2.44e-02 gDiag0=1.18e-01 gDiag1=3.46e-02 gDiag2=1.28e-02 gOffTf0=3.44e-02 gOffTf1=1.74e-02 gOffTf2=4.79e-05 gL=6.40e-02 gOffUV=8.94e-04 gNU=8.10e-05 gNV=8.28e-05 gJac=9.12e-03
07200: Loss avg=0.1021 ± 0.0009  (6.246s, avg: 6.251s) lr=2.50e-05 gTot=1.44e-01 gLift0=1.06e-02 gLift2=2.38e-02 gGCN0=6.02e-03 gGCN1=6.26e-03 gEmbLn=1.45e-03 gEnc=1.95e-02 gDiag0=1.31e-01 gDiag1=1.82e-02 gDiag2=7.01e-03 gOffTf0=1.95e-02 gOffTf1=1.52e-02 gOffTf2=3.01e-05 gL=3.88e-02 gOffUV=5.94e-04 gNU=1.07e-04 gNV=9.32e-05 gJac=6.15e-03
07300: Loss avg=0.1021 ± 0.0010  (6.244s, avg: 6.250s) lr=2.50e-05 gTot=8.98e-02 gLift0=7.39e-03 gLift2=1.79e-02 gGCN0=3.51e-03 gGCN1=3.67e-03 gEmbLn=1.26e-03 gEnc=1.63e-02 gDiag0=5.56e-02 gDiag1=2.35e-02 gDiag2=1.26e-02 gOffTf0=1.55e-02 gOffTf1=1.22e-02 gOffTf2=2.54e-05 gL=5.35e-02 gOffUV=8.08e-04 gNU=8.79e-05 gNV=1.24e-04 gJac=1.83e-02
07400: Loss avg=0.1021 ± 0.0010  (6.238s, avg: 6.250s) lr=2.50e-05 gTot=9.61e-02 gLift0=7.51e-03 gLift2=1.49e-02 gGCN0=4.52e-03 gGCN1=2.62e-03 gEmbLn=9.89e-04 gEnc=1.59e-02 gDiag0=7.42e-02 gDiag1=1.96e-02 gDiag2=1.21e-02 gOffTf0=2.34e-02 gOffTf1=1.77e-02 gOffTf2=5.84e-05 gL=4.09e-02 gOffUV=9.17e-04 gNU=1.00e-04 gNV=1.04e-04 gJac=1.07e-02
07500: Loss avg=0.1020 ± 0.0009  (6.244s, avg: 6.250s) lr=2.50e-05 gTot=1.02e-01 gLift0=7.03e-03 gLift2=1.53e-02 gGCN0=4.53e-03 gGCN1=3.25e-03 gEmbLn=1.08e-03 gEnc=1.36e-02 gDiag0=8.21e-02 gDiag1=1.74e-02 gDiag2=1.06e-02 gOffTf0=1.34e-02 gOffTf1=1.04e-02 gOffTf2=3.01e-05 gL=4.65e-02 gOffUV=5.77e-04 gNU=9.63e-05 gNV=9.39e-05 gJac=1.62e-02
07600: Loss avg=0.1017 ± 0.0010  (6.235s, avg: 6.250s) lr=2.50e-05 gTot=1.48e-01 gLift0=1.23e-02 gLift2=2.52e-02 gGCN0=5.03e-03 gGCN1=4.96e-03 gEmbLn=1.66e-03 gEnc=2.43e-02 gDiag0=1.25e-01 gDiag1=1.56e-02 gDiag2=1.29e-02 gOffTf0=3.31e-02 gOffTf1=9.81e-03 gOffTf2=5.97e-05 gL=5.33e-02 gOffUV=1.03e-03 gNU=9.37e-05 gNV=2.21e-04 gJac=1.50e-02
07700: Loss avg=0.1018 ± 0.0010  (6.238s, avg: 6.250s) lr=2.50e-05 gTot=1.06e-01 gLift0=8.82e-03 gLift2=1.73e-02 gGCN0=3.35e-03 gGCN1=3.38e-03 gEmbLn=1.15e-03 gEnc=1.88e-02 gDiag0=7.03e-02 gDiag1=2.40e-02 gDiag2=1.55e-02 gOffTf0=2.94e-02 gOffTf1=1.35e-02 gOffTf2=6.16e-05 gL=4.94e-02 gOffUV=1.11e-03 gNU=8.92e-05 gNV=1.73e-04 gJac=3.65e-02
07800: Loss avg=0.1015 ± 0.0009  (6.246s, avg: 6.250s) lr=2.50e-05 gTot=1.20e-01 gLift0=1.02e-02 gLift2=1.88e-02 gGCN0=3.19e-03 gGCN1=3.20e-03 gEmbLn=1.24e-03 gEnc=1.85e-02 gDiag0=8.86e-02 gDiag1=2.93e-02 gDiag2=1.53e-02 gOffTf0=2.17e-02 gOffTf1=1.26e-02 gOffTf2=2.11e-05 gL=6.11e-02 gOffUV=3.67e-04 gNU=1.01e-04 gNV=1.04e-04 gJac=1.48e-02
07900: Loss avg=0.1015 ± 0.0010  (6.245s, avg: 6.250s) lr=2.50e-05 gTot=1.26e-01 gLift0=9.33e-03 gLift2=2.22e-02 gGCN0=4.32e-03 gGCN1=4.58e-03 gEmbLn=1.30e-03 gEnc=2.05e-02 gDiag0=8.93e-02 gDiag1=2.63e-02 gDiag2=1.73e-02 gOffTf0=2.79e-02 gOffTf1=1.88e-02 gOffTf2=2.63e-05 gL=5.32e-02 gOffUV=5.25e-04 gNU=9.38e-05 gNV=6.94e-05 gJac=4.43e-02
08000: Loss avg=0.1014 ± 0.0010  (6.244s, avg: 6.250s) lr=2.50e-05 gTot=1.57e-01 gLift0=1.12e-02 gLift2=2.90e-02 gGCN0=8.16e-03 gGCN1=7.79e-03 gEmbLn=1.86e-03 gEnc=2.09e-02 gDiag0=1.40e-01 gDiag1=3.08e-02 gDiag2=1.20e-02 gOffTf0=1.78e-02 gOffTf1=9.36e-03 gOffTf2=3.42e-05 gL=4.62e-02 gOffUV=4.98e-04 gNU=8.47e-05 gNV=1.34e-04 gJac=8.87e-03
  [track] Checkpoint -> v2_8192_d128_L3_hw_smooth_zero_step008000.bytes
08100: Loss avg=0.1013 ± 0.0011  (6.248s, avg: 6.250s) lr=2.50e-05 gTot=1.45e-01 gLift0=9.29e-03 gLift2=2.25e-02 gGCN0=4.27e-03 gGCN1=4.70e-03 gEmbLn=1.40e-03 gEnc=2.03e-02 gDiag0=1.29e-01 gDiag1=2.31e-02 gDiag2=1.03e-02 gOffTf0=1.92e-02 gOffTf1=1.63e-02 gOffTf2=6.89e-05 gL=4.11e-02 gOffUV=1.28e-03 gNU=1.24e-04 gNV=1.11e-04 gJac=1.63e-02
  [lr] plateau detected: lr 2.50e-05 -> 1.25e-05
08200: Loss avg=0.1012 ± 0.0009  (6.247s, avg: 6.250s) lr=1.25e-05 gTot=2.03e-01 gLift0=1.53e-02 gLift2=3.27e-02 gGCN0=6.92e-03 gGCN1=7.92e-03 gEmbLn=1.97e-03 gEnc=2.48e-02 gDiag0=1.87e-01 gDiag1=2.39e-02 gDiag2=1.03e-02 gOffTf0=2.28e-02 gOffTf1=1.32e-02 gOffTf2=2.86e-05 gL=5.01e-02 gOffUV=5.20e-04 gNU=9.77e-05 gNV=2.07e-04 gJac=1.43e-02
08300: Loss avg=0.1009 ± 0.0010  (6.246s, avg: 6.250s) lr=1.25e-05 gTot=1.04e-01 gLift0=9.04e-03 gLift2=1.96e-02 gGCN0=4.38e-03 gGCN1=5.11e-03 gEmbLn=1.15e-03 gEnc=1.42e-02 gDiag0=9.00e-02 gDiag1=1.99e-02 gDiag2=9.93e-03 gOffTf0=1.59e-02 gOffTf1=7.90e-03 gOffTf2=5.71e-05 gL=3.45e-02 gOffUV=9.33e-04 gNU=1.15e-04 gNV=1.56e-04 gJac=7.31e-03
08400: Loss avg=0.1011 ± 0.0009  (6.246s, avg: 6.250s) lr=1.25e-05 gTot=1.08e-01 gLift0=1.08e-02 gLift2=2.38e-02 gGCN0=4.54e-03 gGCN1=4.65e-03 gEmbLn=1.52e-03 gEnc=2.15e-02 gDiag0=7.91e-02 gDiag1=1.99e-02 gDiag2=9.50e-03 gOffTf0=2.93e-02 gOffTf1=1.12e-02 gOffTf2=3.32e-05 gL=4.46e-02 gOffUV=4.90e-04 gNU=1.44e-04 gNV=1.30e-04 gJac=2.60e-02
08500: Loss avg=0.1008 ± 0.0010  (6.246s, avg: 6.250s) lr=1.25e-05 gTot=1.11e-01 gLift0=6.17e-03 gLift2=1.35e-02 gGCN0=2.82e-03 gGCN1=2.43e-03 gEmbLn=8.84e-04 gEnc=1.28e-02 gDiag0=9.68e-02 gDiag1=1.55e-02 gDiag2=9.39e-03 gOffTf0=1.39e-02 gOffTf1=8.13e-03 gOffTf2=2.63e-05 gL=4.13e-02 gOffUV=5.13e-04 gNU=8.19e-05 gNV=1.26e-04 gJac=1.61e-02
08600: Loss avg=0.1009 ± 0.0010  (6.245s, avg: 6.250s) lr=1.25e-05 gTot=1.35e-01 gLift0=1.03e-02 gLift2=2.17e-02 gGCN0=7.40e-03 gGCN1=4.60e-03 gEmbLn=1.35e-03 gEnc=2.06e-02 gDiag0=1.15e-01 gDiag1=3.50e-02 gDiag2=1.22e-02 gOffTf0=1.90e-02 gOffTf1=1.53e-02 gOffTf2=3.24e-05 gL=4.26e-02 gOffUV=6.61e-04 gNU=6.76e-05 gNV=8.84e-05 gJac=1.36e-02
08700: Loss avg=0.1009 ± 0.0010  (6.246s, avg: 6.250s) lr=1.25e-05 gTot=1.57e-01 gLift0=1.07e-02 gLift2=2.44e-02 gGCN0=1.14e-02 gGCN1=5.95e-03 gEmbLn=1.52e-03 gEnc=1.85e-02 gDiag0=1.41e-01 gDiag1=1.56e-02 gDiag2=9.82e-03 gOffTf0=1.60e-02 gOffTf1=9.25e-03 gOffTf2=5.65e-05 gL=5.22e-02 gOffUV=6.97e-04 gNU=1.46e-04 gNV=1.63e-04 gJac=1.80e-02
08800: Loss avg=0.1007 ± 0.0010  (6.246s, avg: 6.250s) lr=1.25e-05 gTot=1.15e-01 gLift0=1.08e-02 gLift2=2.43e-02 gGCN0=6.27e-03 gGCN1=4.52e-03 gEmbLn=1.47e-03 gEnc=2.25e-02 gDiag0=8.78e-02 gDiag1=4.25e-02 gDiag2=9.88e-03 gOffTf0=2.38e-02 gOffTf1=1.67e-02 gOffTf2=7.05e-05 gL=3.76e-02 gOffUV=9.97e-04 gNU=1.14e-04 gNV=1.29e-04 gJac=3.57e-03
  [lr] plateau detected: lr 1.25e-05 -> 6.25e-06
08900: Loss avg=0.1008 ± 0.0010  (6.249s, avg: 6.250s) lr=6.25e-06 gTot=8.44e-02 gLift0=7.75e-03 gLift2=1.55e-02 gGCN0=8.25e-03 gGCN1=2.84e-03 gEmbLn=1.01e-03 gEnc=1.63e-02 gDiag0=6.39e-02 gDiag1=1.77e-02 gDiag2=7.62e-03 gOffTf0=1.92e-02 gOffTf1=8.71e-03 gOffTf2=2.88e-05 gL=3.89e-02 gOffUV=4.43e-04 gNU=9.54e-05 gNV=1.15e-04 gJac=8.31e-03
09000: Loss avg=0.1009 ± 0.0009  (6.248s, avg: 6.250s) lr=6.25e-06 gTot=9.12e-02 gLift0=6.71e-03 gLift2=1.38e-02 gGCN0=2.30e-03 gGCN1=2.33e-03 gEmbLn=8.85e-04 gEnc=1.30e-02 gDiag0=7.93e-02 gDiag1=1.62e-02 gDiag2=6.26e-03 gOffTf0=1.71e-02 gOffTf1=9.75e-03 gOffTf2=4.47e-05 gL=3.01e-02 gOffUV=8.43e-04 gNU=1.12e-04 gNV=2.28e-04 gJac=2.58e-03
09100: Loss avg=0.1008 ± 0.0010  (6.249s, avg: 6.250s) lr=6.25e-06 gTot=1.20e-01 gLift0=1.03e-02 gLift2=2.09e-02 gGCN0=5.09e-03 gGCN1=3.98e-03 gEmbLn=1.28e-03 gEnc=1.79e-02 gDiag0=1.03e-01 gDiag1=1.88e-02 gDiag2=8.31e-03 gOffTf0=2.27e-02 gOffTf1=1.04e-02 gOffTf2=4.48e-05 gL=4.30e-02 gOffUV=5.57e-04 gNU=1.32e-04 gNV=1.50e-04 gJac=3.64e-03
09200: Loss avg=0.1006 ± 0.0010  (6.247s, avg: 6.250s) lr=6.25e-06 gTot=8.00e-02 gLift0=7.40e-03 gLift2=1.54e-02 gGCN0=3.17e-03 gGCN1=2.87e-03 gEmbLn=9.77e-04 gEnc=1.37e-02 gDiag0=4.98e-02 gDiag1=2.51e-02 gDiag2=1.14e-02 gOffTf0=1.72e-02 gOffTf1=1.27e-02 gOffTf2=9.37e-05 gL=4.59e-02 gOffUV=1.38e-03 gNU=1.76e-04 gNV=1.95e-04 gJac=9.89e-03
09300: Loss avg=0.1005 ± 0.0010  (6.248s, avg: 6.250s) lr=6.25e-06 gTot=1.42e-01 gLift0=1.17e-02 gLift2=2.50e-02 gGCN0=4.10e-03 gGCN1=4.47e-03 gEmbLn=1.59e-03 gEnc=2.35e-02 gDiag0=1.21e-01 gDiag1=3.52e-02 gDiag2=1.40e-02 gOffTf0=2.09e-02 gOffTf1=1.82e-02 gOffTf2=1.51e-04 gL=4.38e-02 gOffUV=1.67e-03 gNU=1.46e-04 gNV=2.86e-04 gJac=4.62e-03
09400: Loss avg=0.1005 ± 0.0011  (6.247s, avg: 6.250s) lr=6.25e-06 gTot=7.98e-02 gLift0=4.57e-03 gLift2=1.10e-02 gGCN0=4.94e-03 gGCN1=2.03e-03 gEmbLn=7.05e-04 gEnc=1.07e-02 gDiag0=6.16e-02 gDiag1=1.54e-02 gDiag2=7.36e-03 gOffTf0=1.25e-02 gOffTf1=6.88e-03 gOffTf2=6.79e-05 gL=4.09e-02 gOffUV=8.29e-04 gNU=1.31e-04 gNV=1.97e-04 gJac=1.14e-02
09500: Loss avg=0.1007 ± 0.0009  (6.248s, avg: 6.250s) lr=6.25e-06 gTot=7.58e-02 gLift0=7.78e-03 gLift2=1.88e-02 gGCN0=4.15e-03 gGCN1=4.30e-03 gEmbLn=1.27e-03 gEnc=1.63e-02 gDiag0=4.92e-02 gDiag1=1.86e-02 gDiag2=6.53e-03 gOffTf0=2.31e-02 gOffTf1=9.06e-03 gOffTf2=3.48e-05 gL=3.88e-02 gOffUV=4.12e-04 gNU=8.21e-05 gNV=1.13e-04 gJac=9.53e-03
  [lr] plateau detected: lr 6.25e-06 -> 3.13e-06
09600: Loss avg=0.1006 ± 0.0010  (6.248s, avg: 6.250s) lr=3.13e-06 gTot=9.42e-02 gLift0=8.48e-03 gLift2=1.82e-02 gGCN0=7.76e-03 gGCN1=3.72e-03 gEmbLn=1.23e-03 gEnc=1.66e-02 gDiag0=6.78e-02 gDiag1=1.71e-02 gDiag2=9.42e-03 gOffTf0=2.06e-02 gOffTf1=9.18e-03 gOffTf2=7.26e-05 gL=5.11e-02 gOffUV=9.68e-04 gNU=9.82e-05 gNV=2.32e-04 gJac=3.06e-03
09700: Loss avg=0.1005 ± 0.0011  (6.248s, avg: 6.250s) lr=3.13e-06 gTot=7.62e-02 gLift0=6.43e-03 gLift2=1.47e-02 gGCN0=3.31e-03 gGCN1=3.40e-03 gEmbLn=8.68e-04 gEnc=1.07e-02 gDiag0=6.45e-02 gDiag1=1.09e-02 gDiag2=5.53e-03 gOffTf0=1.02e-02 gOffTf1=6.63e-03 gOffTf2=4.48e-05 gL=3.01e-02 gOffUV=7.27e-04 gNU=9.95e-05 gNV=1.90e-04 gJac=6.14e-03
09800: Loss avg=0.1003 ± 0.0009  (6.248s, avg: 6.250s) lr=3.13e-06 gTot=7.58e-02 gLift0=5.80e-03 gLift2=1.30e-02 gGCN0=2.30e-03 gGCN1=2.51e-03 gEmbLn=8.47e-04 gEnc=1.20e-02 gDiag0=6.08e-02 gDiag1=1.54e-02 gDiag2=7.07e-03 gOffTf0=1.46e-02 gOffTf1=8.56e-03 gOffTf2=3.91e-05 gL=3.27e-02 gOffUV=4.20e-04 gNU=1.04e-04 gNV=1.30e-04 gJac=6.92e-03
09900: Loss avg=0.1005 ± 0.0009  (6.248s, avg: 6.250s) lr=3.13e-06 gTot=6.59e-02 gLift0=5.23e-03 gLift2=1.02e-02 gGCN0=1.71e-03 gGCN1=1.91e-03 gEmbLn=6.75e-04 gEnc=8.83e-03 gDiag0=4.50e-02 gDiag1=1.08e-02 gDiag2=6.88e-03 gOffTf0=1.01e-02 gOffTf1=7.80e-03 gOffTf2=4.24e-05 gL=4.14e-02 gOffUV=8.45e-04 gNU=1.33e-04 gNV=1.80e-04 gJac=8.16e-03
10000: Loss avg=0.1003 ± 0.0011  (6.249s, avg: 6.250s) lr=3.13e-06 gTot=7.00e-02 gLift0=6.43e-03 gLift2=1.24e-02 gGCN0=2.36e-03 gGCN1=2.28e-03 gEmbLn=7.90e-04 gEnc=1.26e-02 gDiag0=5.23e-02 gDiag1=1.15e-02 gDiag2=5.45e-03 gOffTf0=1.45e-02 gOffTf1=5.86e-03 gOffTf2=4.98e-05 gL=3.71e-02 gOffUV=5.87e-04 gNU=1.35e-04 gNV=1.80e-04 gJac=3.87e-03
  [track] Checkpoint -> v2_8192_d128_L3_hw_smooth_zero_step010000.bytes
10100: Loss avg=0.1005 ± 0.0010  (6.249s, avg: 6.251s) lr=3.13e-06 gTot=5.40e-02 gLift0=7.09e-03 gLift2=1.37e-02 gGCN0=2.79e-03 gGCN1=3.10e-03 gEmbLn=8.55e-04 gEnc=1.03e-02 gDiag0=3.21e-02 gDiag1=1.12e-02 gDiag2=6.26e-03 gOffTf0=1.14e-02 gOffTf1=6.93e-03 gOffTf2=5.82e-05 gL=3.29e-02 gOffUV=9.31e-04 gNU=1.50e-04 gNV=2.75e-04 gJac=1.00e-02
10200: Loss avg=0.1003 ± 0.0009  (6.248s, avg: 6.251s) lr=3.13e-06 gTot=1.00e-01 gLift0=8.88e-03 gLift2=2.16e-02 gGCN0=4.81e-03 gGCN1=5.56e-03 gEmbLn=1.34e-03 gEnc=1.49e-02 gDiag0=8.57e-02 gDiag1=1.64e-02 gDiag2=6.26e-03 gOffTf0=1.47e-02 gOffTf1=7.99e-03 gOffTf2=6.20e-05 gL=3.61e-02 gOffUV=7.09e-04 gNU=2.50e-04 gNV=3.04e-04 gJac=4.32e-03
10300: Loss avg=0.1003 ± 0.0009  (6.247s, avg: 6.251s) lr=3.13e-06 gTot=7.90e-02 gLift0=7.02e-03 gLift2=1.47e-02 gGCN0=7.60e-03 gGCN1=3.53e-03 gEmbLn=9.58e-04 gEnc=1.20e-02 gDiag0=6.46e-02 gDiag1=1.79e-02 gDiag2=6.34e-03 gOffTf0=1.25e-02 gOffTf1=6.37e-03 gOffTf2=8.39e-05 gL=3.13e-02 gOffUV=9.92e-04 gNU=1.71e-04 gNV=3.12e-04 gJac=6.21e-03
  [lr] plateau detected: lr 3.13e-06 -> 1.56e-06
10400: Loss avg=0.1006 ± 0.0010  (6.248s, avg: 6.251s) lr=1.56e-06 gTot=8.47e-02 gLift0=6.94e-03 gLift2=1.63e-02 gGCN0=3.69e-03 gGCN1=3.38e-03 gEmbLn=1.05e-03 gEnc=1.56e-02 gDiag0=6.19e-02 gDiag1=2.05e-02 gDiag2=7.82e-03 gOffTf0=2.04e-02 gOffTf1=8.15e-03 gOffTf2=1.00e-04 gL=4.11e-02 gOffUV=1.26e-03 gNU=2.46e-04 gNV=2.31e-04 gJac=9.35e-03
10500: Loss avg=0.1003 ± 0.0009  (6.247s, avg: 6.251s) lr=1.56e-06 gTot=6.92e-02 gLift0=3.78e-03 gLift2=9.29e-03 gGCN0=3.62e-03 gGCN1=2.09e-03 gEmbLn=5.80e-04 gEnc=7.54e-03 gDiag0=5.44e-02 gDiag1=9.30e-03 gDiag2=5.24e-03 gOffTf0=8.97e-03 gOffTf1=4.67e-03 gOffTf2=9.46e-05 gL=3.71e-02 gOffUV=1.02e-03 gNU=1.44e-04 gNV=2.39e-04 gJac=8.24e-03
10600: Loss avg=0.1003 ± 0.0009  (6.247s, avg: 6.251s) lr=1.56e-06 gTot=1.01e-01 gLift0=7.83e-03 gLift2=1.99e-02 gGCN0=8.94e-03 gGCN1=5.53e-03 gEmbLn=1.19e-03 gEnc=1.17e-02 gDiag0=8.48e-02 gDiag1=1.39e-02 gDiag2=6.66e-03 gOffTf0=1.04e-02 gOffTf1=7.72e-03 gOffTf2=1.28e-04 gL=4.37e-02 gOffUV=1.37e-03 gNU=1.82e-04 gNV=1.72e-04 gJac=6.30e-03
10700: Loss avg=0.1003 ± 0.0011  (6.246s, avg: 6.251s) lr=1.56e-06 gTot=5.83e-02 gLift0=7.17e-03 gLift2=1.35e-02 gGCN0=7.80e-03 gGCN1=2.66e-03 gEmbLn=8.51e-04 gEnc=1.35e-02 gDiag0=3.26e-02 gDiag1=1.49e-02 gDiag2=5.03e-03 gOffTf0=1.80e-02 gOffTf1=6.77e-03 gOffTf2=8.20e-05 gL=3.48e-02 gOffUV=9.70e-04 gNU=1.26e-04 gNV=2.00e-04 gJac=4.97e-03
10800: Loss avg=0.1002 ± 0.0010  (6.247s, avg: 6.250s) lr=1.56e-06 gTot=7.96e-02 gLift0=7.35e-03 gLift2=1.36e-02 gGCN0=3.48e-03 gGCN1=3.01e-03 gEmbLn=8.14e-04 gEnc=1.10e-02 gDiag0=6.67e-02 gDiag1=9.69e-03 gDiag2=5.19e-03 gOffTf0=1.26e-02 gOffTf1=5.22e-03 gOffTf2=7.66e-05 gL=3.44e-02 gOffUV=9.32e-04 gNU=1.23e-04 gNV=2.67e-04 gJac=2.76e-03
10900: Loss avg=0.1003 ± 0.0011  (6.246s, avg: 6.250s) lr=1.56e-06 gTot=1.33e-01 gLift0=1.02e-02 gLift2=2.22e-02 gGCN0=5.32e-03 gGCN1=6.34e-03 gEmbLn=1.25e-03 gEnc=1.52e-02 gDiag0=1.22e-01 gDiag1=1.25e-02 gDiag2=5.59e-03 gOffTf0=2.00e-02 gOffTf1=6.86e-03 gOffTf2=7.22e-05 gL=3.29e-02 gOffUV=9.01e-04 gNU=1.70e-04 gNV=1.99e-04 gJac=5.10e-03
11000: Loss avg=0.1003 ± 0.0011  (6.247s, avg: 6.250s) lr=1.56e-06 gTot=6.77e-02 gLift0=7.26e-03 gLift2=1.54e-02 gGCN0=3.74e-03 gGCN1=2.94e-03 gEmbLn=9.99e-04 gEnc=1.26e-02 gDiag0=4.54e-02 gDiag1=1.42e-02 gDiag2=6.09e-03 gOffTf0=1.30e-02 gOffTf1=7.66e-03 gOffTf2=9.12e-05 gL=3.96e-02 gOffUV=1.20e-03 gNU=1.67e-04 gNV=3.42e-04 gJac=3.03e-03
  [lr] plateau detected: lr 1.56e-06 -> 1.00e-06
11100: Loss avg=0.1005 ± 0.0009  (6.249s, avg: 6.251s) lr=1.00e-06 gTot=8.46e-02 gLift0=6.93e-03 gLift2=1.37e-02 gGCN0=6.00e-03 gGCN1=2.50e-03 gEmbLn=9.11e-04 gEnc=1.39e-02 gDiag0=6.62e-02 gDiag1=1.74e-02 gDiag2=7.28e-03 gOffTf0=1.80e-02 gOffTf1=1.02e-02 gOffTf2=1.00e-04 gL=3.89e-02 gOffUV=1.33e-03 gNU=1.52e-04 gNV=1.67e-04 gJac=3.44e-03
11200: Loss avg=0.1003 ± 0.0010  (6.247s, avg: 6.251s) lr=1.00e-06 gTot=9.67e-02 gLift0=5.48e-03 gLift2=1.07e-02 gGCN0=7.51e-03 gGCN1=2.31e-03 gEmbLn=6.70e-04 gEnc=1.06e-02 gDiag0=8.48e-02 gDiag1=1.09e-02 gDiag2=5.11e-03 gOffTf0=1.07e-02 gOffTf1=5.92e-03 gOffTf2=7.50e-05 gL=3.91e-02 gOffUV=6.38e-04 gNU=1.84e-04 gNV=3.82e-04 gJac=2.56e-03
11300: Loss avg=0.1004 ± 0.0009  (6.247s, avg: 6.251s) lr=1.00e-06 gTot=7.45e-02 gLift0=6.45e-03 gLift2=1.40e-02 gGCN0=2.58e-03 gGCN1=2.60e-03 gEmbLn=8.96e-04 gEnc=1.29e-02 gDiag0=5.30e-02 gDiag1=1.80e-02 gDiag2=7.87e-03 gOffTf0=1.50e-02 gOffTf1=1.11e-02 gOffTf2=7.35e-05 gL=3.95e-02 gOffUV=9.75e-04 gNU=1.57e-04 gNV=2.70e-04 gJac=5.06e-03
11400: Loss avg=0.1005 ± 0.0009  (6.247s, avg: 6.251s) lr=1.00e-06 gTot=7.34e-02 gLift0=5.10e-03 gLift2=1.16e-02 gGCN0=3.94e-03 gGCN1=2.00e-03 gEmbLn=7.39e-04 gEnc=1.11e-02 gDiag0=5.59e-02 gDiag1=1.18e-02 gDiag2=6.02e-03 gOffTf0=1.59e-02 gOffTf1=6.59e-03 gOffTf2=4.92e-05 gL=3.82e-02 gOffUV=8.30e-04 gNU=1.15e-04 gNV=1.84e-04 gJac=6.16e-03
11500: Loss avg=0.1004 ± 0.0010  (6.246s, avg: 6.251s) lr=1.00e-06 gTot=7.42e-02 gLift0=6.34e-03 gLift2=1.23e-02 gGCN0=7.35e-03 gGCN1=2.51e-03 gEmbLn=8.05e-04 gEnc=1.13e-02 gDiag0=5.91e-02 gDiag1=1.59e-02 gDiag2=5.87e-03 gOffTf0=1.18e-02 gOffTf1=7.34e-03 gOffTf2=6.54e-05 gL=3.36e-02 gOffUV=8.07e-04 gNU=1.82e-04 gNV=1.60e-04 gJac=5.12e-03
11600: Loss avg=0.1004 ± 0.0011  (6.248s, avg: 6.251s) lr=1.00e-06 gTot=6.69e-02 gLift0=4.79e-03 gLift2=1.25e-02 gGCN0=3.02e-03 gGCN1=2.83e-03 gEmbLn=8.46e-04 gEnc=1.10e-02 gDiag0=5.04e-02 gDiag1=1.50e-02 gDiag2=5.89e-03 gOffTf0=1.40e-02 gOffTf1=7.01e-03 gOffTf2=4.48e-05 gL=3.23e-02 gOffUV=6.43e-04 gNU=1.78e-04 gNV=2.43e-04 gJac=8.30e-03
11700: Loss avg=0.1004 ± 0.0009  (6.247s, avg: 6.251s) lr=1.00e-06 gTot=8.03e-02 gLift0=7.51e-03 gLift2=1.71e-02 gGCN0=8.85e-03 gGCN1=4.45e-03 gEmbLn=9.92e-04 gEnc=1.27e-02 gDiag0=6.68e-02 gDiag1=1.29e-02 gDiag2=5.09e-03 gOffTf0=1.35e-02 gOffTf1=7.33e-03 gOffTf2=9.83e-05 gL=3.07e-02 gOffUV=1.31e-03 gNU=1.23e-04 gNV=2.15e-04 gJac=2.05e-03
11800: Loss avg=0.1004 ± 0.0009  (6.248s, avg: 6.250s) lr=1.00e-06 gTot=7.44e-02 gLift0=7.48e-03 gLift2=1.63e-02 gGCN0=5.27e-03 gGCN1=3.52e-03 gEmbLn=9.60e-04 gEnc=1.32e-02 gDiag0=5.56e-02 gDiag1=1.89e-02 gDiag2=6.32e-03 gOffTf0=1.61e-02 gOffTf1=9.16e-03 gOffTf2=5.06e-05 gL=3.30e-02 gOffUV=6.52e-04 gNU=2.11e-04 gNV=3.72e-04 gJac=9.19e-03
11900: Loss avg=0.1004 ± 0.0010  (6.247s, avg: 6.250s) lr=1.00e-06 gTot=8.74e-02 gLift0=7.27e-03 gLift2=1.60e-02 gGCN0=3.59e-03 gGCN1=3.85e-03 gEmbLn=9.45e-04 gEnc=1.25e-02 gDiag0=6.94e-02 gDiag1=1.57e-02 gDiag2=7.10e-03 gOffTf0=1.72e-02 gOffTf1=1.10e-02 gOffTf2=6.99e-05 gL=4.00e-02 gOffUV=8.11e-04 gNU=1.35e-04 gNV=1.94e-04 gJac=4.64e-03
12000: Loss avg=0.1005 ± 0.0009  (6.247s, avg: 6.250s) lr=1.00e-06 gTot=5.47e-02 gLift0=4.89e-03 gLift2=1.10e-02 gGCN0=4.27e-03 gGCN1=2.27e-03 gEmbLn=7.21e-04 gEnc=1.06e-02 gDiag0=3.63e-02 gDiag1=9.08e-03 gDiag2=5.10e-03 gOffTf0=1.05e-02 gOffTf1=5.95e-03 gOffTf2=8.59e-05 gL=3.32e-02 gOffUV=1.20e-03 gNU=2.96e-04 gNV=3.63e-04 gJac=6.33e-03
  [track] Checkpoint -> v2_8192_d128_L3_hw_smooth_zero_step012000.bytes
12100: Loss avg=0.1004 ± 0.0010  (6.249s) lr=1.00e-06 gTot=7.23e-02 gLift0=5.90e-03 gLift2=1.26e-02 gGCN0=6.44e-03 gGCN1=2.62e-03 gEmbLn=8.05e-04 gEnc=1.16e-02 gDiag0=5.20e-02 gDiag1=1.14e-02 gDiag2=6.99e-03 gOffTf0=1.55e-02 gOffTf1=7.23e-03 gOffTf2=1.37e-04 gL=4.02e-02 gOffUV=1.40e-03 gNU=2.06e-04 gNV=3.00e-04 gJac=7.78e-03
  [auto-stop] plateau at min_lr=1.00e-06 (10/10 steps without >5e-03 improvement); stopping.
Saved to /orcd/home/002/osbo/ondemand/fluid-sim/Assets/Scripts/weights/v2_8192_d128_L3_hw_smooth_zero.bytes
