================================================================
Job 13582466, task 6 on node2434
Started: Fri May  8 15:31:23 EDT 2026
================================================================
[6/19] v2_4096_d64_L3_hw
Using device: cuda
  [startup] Random sample of 100 frames (--num-frames 100)
  [startup] Loaded 100 training contexts from disk cache (2748.64 ms) → .leafonly_training_context_cache/
  [startup] global_max_edges = 20224
  [startup] contexts_per_step = 4 (gradient accumulation)
  [startup] Ablation config: layers=3, gcn_layers=2, jacobi=True (node_scalar), attention_layout=128x129, off_diag_dense_attn=True, diag_dense_attn=True, use_highways=True
  [startup] torch.compile(model): enabled (CUDA)
  [startup] LR scheduler: ReduceLROnPlateau (factor=0.5, patience=5, threshold=5e-3, min_lr=1.00e-06, auto-stop (patience=10, threshold=5e-3 at min_lr))
  Block preconditioner: 32 leaves, diag 128×128, off 32×32 (128 nodes/leaf)
  Probe vectors (loss MC columns): auto max(64, ⌈√n_pad⌉) per step (override with --probe-vectors K)
  Probe MAZ path: --leafonly-pcg=matrix_free (A@Z: sparse block-diagonal A@Z (all devices; dense bmm only if context cache has use_dense_A); apply_block_diagonal_M torch.compile (matrix_free))
  Loss mode: hutchinson (cosine-similarity probe; --loss-mode hutchinson)

=== Startup timing (wall clock, ms) ===
  Dataset + run folder scan:         107.15
  Load training contexts (disk→device):    2748.64 ms  (100 contexts)
  LeafOnlyNet + .to(device):          12.00
  torch.compile(model) call:        2409.93  (CUDA; Inductor runs on 1st forward/backward)
  load_leaf_only_weights:         skipped
  AdamW + ReduceLROnPlateau:           0.42
  ---
  Total before training loop:       5315.75
  Note: First loss line’s (elapsed) is wall time for that step only (after startup); with torch.compile, the first forward+backward triggers Inductor codegen (often ~10–20s).
  At step 299, a one-time detailed breakdown (zero_grad / forward / apply M / backward / …) is printed.

  [track] Training profile CSV: /orcd/home/002/osbo/ondemand/fluid-sim/Assets/Scripts/weights/v2_4096_d64_L3_hw_training_profile.csv
00000: Loss avg=0.2437 ± 0.0000  (34.677s) lr=2.00e-04
  [track] Checkpoint -> v2_4096_d64_L3_hw_step000000.bytes
00100: Loss avg=0.2400 ± 0.0135  (21.062s) lr=2.00e-04
00200: Loss avg=0.2375 ± 0.0014  (2.383s) lr=2.00e-04

--- Detailed timing for step 300 (contexts_per_step=4, batched forward) ---
  batch: B=4, n_pad=4096, batch_vectors=256
--- Step 300 detailed timing (ms) ---
  zero_grad:            0.25
  batch assembly:       0.28
  model forward:        5.13
  probe Z+Jacobi:       1.39
  A @ Z (sparse block-mm):     0.52
  apply M (MAZ):        0.71
  residual + loss:      0.31
  backward:            10.28
  clip_grad_norm:       1.39
  optimizer.step:       1.67
  total:               21.93
  full iter (wall):    22.13 ms  (Python / scheduler / print overhead ≈ +0.21 ms vs sum above)
----------------------------------------

00300: Loss avg=0.2369 ± 0.0014  (2.272s, avg: 2.272s) lr=2.00e-04
00400: Loss avg=0.2365 ± 0.0015  (1.908s, avg: 1.908s) lr=2.00e-04
00500: Loss avg=0.2334 ± 0.0016  (1.926s, avg: 1.917s) lr=2.00e-04
00600: Loss avg=0.2314 ± 0.0017  (1.924s, avg: 1.920s) lr=2.00e-04
00700: Loss avg=0.2300 ± 0.0017  (2.517s, avg: 2.069s) lr=2.00e-04
00800: Loss avg=0.2288 ± 0.0014  (2.093s, avg: 2.074s) lr=2.00e-04
00900: Loss avg=0.2275 ± 0.0016  (2.456s, avg: 2.138s) lr=2.00e-04
01000: Loss avg=0.2250 ± 0.0025  (2.274s, avg: 2.157s) lr=2.00e-04
01100: Loss avg=0.2154 ± 0.0026  (2.126s, avg: 2.155s) lr=2.00e-04
01200: Loss avg=0.2112 ± 0.0021  (2.177s, avg: 2.158s) lr=2.00e-04
01300: Loss avg=0.2064 ± 0.0026  (1.933s, avg: 2.135s) lr=2.00e-04
01400: Loss avg=0.2016 ± 0.0033  (2.216s, avg: 2.143s) lr=2.00e-04
01500: Loss avg=0.1980 ± 0.0033  (2.149s, avg: 2.143s) lr=2.00e-04
01600: Loss avg=0.1945 ± 0.0034  (2.121s, avg: 2.141s) lr=2.00e-04
01700: Loss avg=0.1903 ± 0.0044  (2.200s, avg: 2.146s) lr=2.00e-04
01800: Loss avg=0.1881 ± 0.0040  (1.932s, avg: 2.131s) lr=2.00e-04
01900: Loss avg=0.1860 ± 0.0041  (2.195s, avg: 2.135s) lr=2.00e-04
02000: Loss avg=0.1815 ± 0.0054  (2.457s, avg: 2.154s) lr=2.00e-04
  [track] Checkpoint -> v2_4096_d64_L3_hw_step002000.bytes
02100: Loss avg=0.1785 ± 0.0046  (2.170s, avg: 2.157s) lr=2.00e-04
02200: Loss avg=0.1752 ± 0.0048  (2.457s, avg: 2.172s) lr=2.00e-04
02300: Loss avg=0.1614 ± 0.0056  (1.899s, avg: 2.159s) lr=2.00e-04
02400: Loss avg=0.1494 ± 0.0050  (2.350s, avg: 2.168s) lr=2.00e-04
02500: Loss avg=0.1390 ± 0.0057  (1.879s, avg: 2.155s) lr=2.00e-04
02600: Loss avg=0.1296 ± 0.0055  (2.162s, avg: 2.155s) lr=2.00e-04
02700: Loss avg=0.1228 ± 0.0044  (2.160s, avg: 2.155s) lr=2.00e-04
02800: Loss avg=0.1172 ± 0.0046  (2.391s, avg: 2.165s) lr=2.00e-04
02900: Loss avg=0.1132 ± 0.0041  (2.444s, avg: 2.175s) lr=2.00e-04
03000: Loss avg=0.1125 ± 0.0060  (2.120s, avg: 2.173s) lr=2.00e-04
03100: Loss avg=0.1052 ± 0.0043  (2.225s, avg: 2.176s) lr=2.00e-04
03200: Loss avg=0.1039 ± 0.0044  (2.460s, avg: 2.186s) lr=2.00e-04
03300: Loss avg=0.1073 ± 0.0076  (2.190s, avg: 2.186s) lr=2.00e-04
03400: Loss avg=0.1063 ± 0.0046  (2.474s, avg: 2.195s) lr=2.00e-04
03500: Loss avg=0.1019 ± 0.0053  (2.239s, avg: 2.196s) lr=2.00e-04
03600: Loss avg=0.0970 ± 0.0045  (2.198s, avg: 2.196s) lr=2.00e-04
03700: Loss avg=0.0977 ± 0.0062  (1.932s, avg: 2.189s) lr=2.00e-04
03800: Loss avg=0.0937 ± 0.0065  (2.193s, avg: 2.189s) lr=2.00e-04
03900: Loss avg=0.1002 ± 0.0102  (2.439s, avg: 2.196s) lr=2.00e-04
04000: Loss avg=0.0949 ± 0.0060  (2.146s, avg: 2.194s) lr=2.00e-04
  [track] Checkpoint -> v2_4096_d64_L3_hw_step004000.bytes
04100: Loss avg=0.0897 ± 0.0045  (2.513s, avg: 2.204s) lr=2.00e-04
04200: Loss avg=0.0900 ± 0.0077  (2.167s, avg: 2.203s) lr=2.00e-04
04300: Loss avg=0.0867 ± 0.0043  (2.158s, avg: 2.201s) lr=2.00e-04
04400: Loss avg=0.0838 ± 0.0045  (2.529s, avg: 2.209s) lr=2.00e-04
04500: Loss avg=0.0840 ± 0.0049  (2.089s, avg: 2.207s) lr=2.00e-04
04600: Loss avg=0.0809 ± 0.0046  (2.405s, avg: 2.211s) lr=2.00e-04
04700: Loss avg=0.0831 ± 0.0055  (2.246s, avg: 2.212s) lr=2.00e-04
04800: Loss avg=0.0780 ± 0.0040  (2.119s, avg: 2.210s) lr=2.00e-04
04900: Loss avg=0.0783 ± 0.0041  (2.144s, avg: 2.209s) lr=2.00e-04
05000: Loss avg=0.0769 ± 0.0039  (2.186s, avg: 2.208s) lr=2.00e-04
05100: Loss avg=0.0760 ± 0.0045  (2.387s, avg: 2.212s) lr=2.00e-04
05200: Loss avg=0.0793 ± 0.0087  (2.208s, avg: 2.212s) lr=2.00e-04
05300: Loss avg=0.0747 ± 0.0049  (2.469s, avg: 2.217s) lr=2.00e-04
05400: Loss avg=0.0800 ± 0.0087  (2.170s, avg: 2.216s) lr=2.00e-04
05500: Loss avg=0.0715 ± 0.0042  (2.449s, avg: 2.221s) lr=2.00e-04
05600: Loss avg=0.0701 ± 0.0037  (1.898s, avg: 2.215s) lr=2.00e-04
05700: Loss avg=0.0721 ± 0.0060  (2.186s, avg: 2.214s) lr=2.00e-04
05800: Loss avg=0.0697 ± 0.0043  (2.414s, avg: 2.218s) lr=2.00e-04
05900: Loss avg=0.0689 ± 0.0040  (2.205s, avg: 2.218s) lr=2.00e-04
06000: Loss avg=0.0675 ± 0.0040  (2.330s, avg: 2.220s) lr=2.00e-04
  [track] Checkpoint -> v2_4096_d64_L3_hw_step006000.bytes
06100: Loss avg=0.0675 ± 0.0043  (2.199s, avg: 2.222s) lr=2.00e-04
06200: Loss avg=0.0671 ± 0.0054  (2.100s, avg: 2.220s) lr=2.00e-04
06300: Loss avg=0.0666 ± 0.0050  (2.047s, avg: 2.217s) lr=2.00e-04
06400: Loss avg=0.0655 ± 0.0044  (2.237s, avg: 2.217s) lr=2.00e-04
06500: Loss avg=0.0658 ± 0.0041  (2.171s, avg: 2.216s) lr=2.00e-04
06600: Loss avg=0.0805 ± 0.0119  (2.456s, avg: 2.220s) lr=2.00e-04
06700: Loss avg=0.0672 ± 0.0045  (1.876s, avg: 2.215s) lr=2.00e-04
06800: Loss avg=0.0634 ± 0.0041  (1.916s, avg: 2.210s) lr=2.00e-04
06900: Loss avg=0.0627 ± 0.0046  (1.915s, avg: 2.206s) lr=2.00e-04
07000: Loss avg=0.0618 ± 0.0036  (2.334s, avg: 2.208s) lr=2.00e-04
07100: Loss avg=0.0627 ± 0.0040  (1.896s, avg: 2.203s) lr=2.00e-04
07200: Loss avg=0.0629 ± 0.0065  (2.130s, avg: 2.202s) lr=2.00e-04
07300: Loss avg=0.0606 ± 0.0038  (2.392s, avg: 2.205s) lr=2.00e-04
07400: Loss avg=0.0604 ± 0.0041  (2.270s, avg: 2.206s) lr=2.00e-04
07500: Loss avg=0.0592 ± 0.0043  (2.165s, avg: 2.205s) lr=2.00e-04
07600: Loss avg=0.0629 ± 0.0063  (2.257s, avg: 2.206s) lr=2.00e-04
07700: Loss avg=0.0623 ± 0.0053  (2.187s, avg: 2.206s) lr=2.00e-04
07800: Loss avg=0.0587 ± 0.0045  (1.907s, avg: 2.202s) lr=2.00e-04
07900: Loss avg=0.0570 ± 0.0030  (2.170s, avg: 2.201s) lr=2.00e-04
08000: Loss avg=0.0588 ± 0.0045  (2.411s, avg: 2.204s) lr=2.00e-04
  [track] Checkpoint -> v2_4096_d64_L3_hw_step008000.bytes
08100: Loss avg=0.0590 ± 0.0043  (2.201s, avg: 2.204s) lr=2.00e-04
08200: Loss avg=0.0567 ± 0.0035  (2.083s, avg: 2.203s) lr=2.00e-04
08300: Loss avg=0.0572 ± 0.0043  (2.142s, avg: 2.202s) lr=2.00e-04
08400: Loss avg=0.0553 ± 0.0039  (2.077s, avg: 2.200s) lr=2.00e-04
08500: Loss avg=0.0541 ± 0.0038  (2.331s, avg: 2.202s) lr=2.00e-04
08600: Loss avg=0.0546 ± 0.0036  (2.169s, avg: 2.202s) lr=2.00e-04
08700: Loss avg=0.0563 ± 0.0056  (2.447s, avg: 2.205s) lr=2.00e-04
08800: Loss avg=0.0536 ± 0.0038  (2.081s, avg: 2.203s) lr=2.00e-04
08900: Loss avg=0.0534 ± 0.0037  (2.190s, avg: 2.203s) lr=2.00e-04
09000: Loss avg=0.0542 ± 0.0042  (2.355s, avg: 2.205s) lr=2.00e-04
09100: Loss avg=0.0546 ± 0.0041  (2.174s, avg: 2.205s) lr=2.00e-04
09200: Loss avg=0.0531 ± 0.0041  (2.413s, avg: 2.207s) lr=2.00e-04
09300: Loss avg=0.0531 ± 0.0039  (2.081s, avg: 2.205s) lr=2.00e-04
09400: Loss avg=0.0537 ± 0.0037  (2.504s, avg: 2.209s) lr=2.00e-04
09500: Loss avg=0.0528 ± 0.0045  (2.192s, avg: 2.209s) lr=2.00e-04
09600: Loss avg=0.0525 ± 0.0053  (2.342s, avg: 2.210s) lr=2.00e-04
09700: Loss avg=0.0524 ± 0.0037  (2.077s, avg: 2.209s) lr=2.00e-04
09800: Loss avg=0.0512 ± 0.0040  (2.156s, avg: 2.208s) lr=2.00e-04
09900: Loss avg=0.0513 ± 0.0040  (1.838s, avg: 2.204s) lr=2.00e-04
10000: Loss avg=0.0500 ± 0.0035  (2.103s, avg: 2.203s) lr=2.00e-04
  [track] Checkpoint -> v2_4096_d64_L3_hw_step010000.bytes
10100: Loss avg=0.0504 ± 0.0040  (2.097s, avg: 2.202s) lr=2.00e-04
10200: Loss avg=0.0518 ± 0.0048  (2.039s, avg: 2.201s) lr=2.00e-04
10300: Loss avg=0.0509 ± 0.0045  (2.247s, avg: 2.201s) lr=2.00e-04
10400: Loss avg=0.0490 ± 0.0036  (1.974s, avg: 2.199s) lr=2.00e-04
10500: Loss avg=0.0495 ± 0.0037  (1.957s, avg: 2.197s) lr=2.00e-04
10600: Loss avg=0.0496 ± 0.0035  (2.230s, avg: 2.197s) lr=2.00e-04
10700: Loss avg=0.0487 ± 0.0037  (1.899s, avg: 2.194s) lr=2.00e-04
10800: Loss avg=0.0486 ± 0.0036  (1.956s, avg: 2.192s) lr=2.00e-04
10900: Loss avg=0.0552 ± 0.0095  (1.881s, avg: 2.189s) lr=2.00e-04
11000: Loss avg=0.0490 ± 0.0040  (1.976s, avg: 2.187s) lr=2.00e-04
11100: Loss avg=0.0484 ± 0.0038  (2.389s, avg: 2.189s) lr=2.00e-04
11200: Loss avg=0.0482 ± 0.0034  (1.797s, avg: 2.185s) lr=2.00e-04
11300: Loss avg=0.0470 ± 0.0042  (2.066s, avg: 2.184s) lr=2.00e-04
11400: Loss avg=0.0481 ± 0.0037  (2.025s, avg: 2.183s) lr=2.00e-04
11500: Loss avg=0.0485 ± 0.0049  (1.931s, avg: 2.181s) lr=2.00e-04
11600: Loss avg=0.0474 ± 0.0036  (1.829s, avg: 2.177s) lr=2.00e-04
11700: Loss avg=0.0467 ± 0.0036  (1.842s, avg: 2.174s) lr=2.00e-04
11800: Loss avg=0.0476 ± 0.0037  (1.624s, avg: 2.170s) lr=2.00e-04
11900: Loss avg=0.0459 ± 0.0029  (1.937s, avg: 2.168s) lr=2.00e-04
12000: Loss avg=0.0472 ± 0.0044  (2.122s, avg: 2.167s) lr=2.00e-04
  [track] Checkpoint -> v2_4096_d64_L3_hw_step012000.bytes
12100: Loss avg=0.0451 ± 0.0036  (2.020s, avg: 2.166s) lr=2.00e-04
12200: Loss avg=0.0449 ± 0.0034  (1.942s, avg: 2.164s) lr=2.00e-04
12300: Loss avg=0.0473 ± 0.0038  (1.904s, avg: 2.162s) lr=2.00e-04
12400: Loss avg=0.0467 ± 0.0035  (2.178s, avg: 2.162s) lr=2.00e-04
12500: Loss avg=0.0457 ± 0.0035  (1.616s, avg: 2.158s) lr=2.00e-04
12600: Loss avg=0.0448 ± 0.0033  (1.840s, avg: 2.155s) lr=2.00e-04
12700: Loss avg=0.0467 ± 0.0045  (1.900s, avg: 2.153s) lr=2.00e-04
12800: Loss avg=0.0452 ± 0.0030  (1.867s, avg: 2.151s) lr=2.00e-04
12900: Loss avg=0.0454 ± 0.0034  (1.911s, avg: 2.149s) lr=2.00e-04
13000: Loss avg=0.0441 ± 0.0036  (1.861s, avg: 2.147s) lr=2.00e-04
13100: Loss avg=0.0455 ± 0.0041  (1.845s, avg: 2.144s) lr=2.00e-04
13200: Loss avg=0.0466 ± 0.0047  (1.905s, avg: 2.143s) lr=2.00e-04
13300: Loss avg=0.0450 ± 0.0032  (2.211s, avg: 2.143s) lr=2.00e-04
13400: Loss avg=0.0441 ± 0.0034  (1.899s, avg: 2.141s) lr=2.00e-04
13500: Loss avg=0.0433 ± 0.0031  (1.944s, avg: 2.140s) lr=2.00e-04
13600: Loss avg=0.0438 ± 0.0037  (1.907s, avg: 2.138s) lr=2.00e-04
13700: Loss avg=0.0441 ± 0.0033  (2.087s, avg: 2.138s) lr=2.00e-04
13800: Loss avg=0.0442 ± 0.0038  (1.619s, avg: 2.134s) lr=2.00e-04
13900: Loss avg=0.0431 ± 0.0032  (1.896s, avg: 2.132s) lr=2.00e-04
14000: Loss avg=0.0431 ± 0.0034  (1.609s, avg: 2.128s) lr=2.00e-04
  [track] Checkpoint -> v2_4096_d64_L3_hw_step014000.bytes
  [lr] plateau detected: lr 2.00e-04 -> 1.00e-04
14100: Loss avg=0.0438 ± 0.0033  (1.612s, avg: 2.125s) lr=1.00e-04
14200: Loss avg=0.0409 ± 0.0030  (1.933s, avg: 2.123s) lr=1.00e-04
14300: Loss avg=0.0418 ± 0.0032  (1.917s, avg: 2.122s) lr=1.00e-04
14400: Loss avg=0.0406 ± 0.0031  (2.150s, avg: 2.122s) lr=1.00e-04
14500: Loss avg=0.0405 ± 0.0033  (1.833s, avg: 2.120s) lr=1.00e-04
14600: Loss avg=0.0400 ± 0.0033  (1.843s, avg: 2.118s) lr=1.00e-04
14700: Loss avg=0.0404 ± 0.0034  (1.909s, avg: 2.117s) lr=1.00e-04
14800: Loss avg=0.0405 ± 0.0030  (2.165s, avg: 2.117s) lr=1.00e-04
14900: Loss avg=0.0402 ± 0.0031  (1.812s, avg: 2.115s) lr=1.00e-04
15000: Loss avg=0.0405 ± 0.0029  (1.845s, avg: 2.113s) lr=1.00e-04
15100: Loss avg=0.0396 ± 0.0032  (1.925s, avg: 2.112s) lr=1.00e-04
15200: Loss avg=0.0401 ± 0.0032  (1.927s, avg: 2.111s) lr=1.00e-04
15300: Loss avg=0.0392 ± 0.0028  (2.133s, avg: 2.111s) lr=1.00e-04
15400: Loss avg=0.0398 ± 0.0031  (1.835s, avg: 2.109s) lr=1.00e-04
15500: Loss avg=0.0396 ± 0.0032  (1.832s, avg: 2.107s) lr=1.00e-04
15600: Loss avg=0.0395 ± 0.0026  (1.613s, avg: 2.104s) lr=1.00e-04
15700: Loss avg=0.0397 ± 0.0034  (1.939s, avg: 2.103s) lr=1.00e-04
15800: Loss avg=0.0394 ± 0.0027  (2.198s, avg: 2.103s) lr=1.00e-04
  [lr] plateau detected: lr 1.00e-04 -> 5.00e-05
15900: Loss avg=0.0393 ± 0.0032  (1.912s, avg: 2.102s) lr=5.00e-05
16000: Loss avg=0.0388 ± 0.0031  (1.934s, avg: 2.101s) lr=5.00e-05
  [track] Checkpoint -> v2_4096_d64_L3_hw_step016000.bytes
16100: Loss avg=0.0387 ± 0.0027  (1.935s, avg: 2.100s) lr=5.00e-05
16200: Loss avg=0.0382 ± 0.0031  (1.811s, avg: 2.098s) lr=5.00e-05
16300: Loss avg=0.0384 ± 0.0030  (1.908s, avg: 2.097s) lr=5.00e-05
16400: Loss avg=0.0383 ± 0.0030  (1.937s, avg: 2.096s) lr=5.00e-05
16500: Loss avg=0.0380 ± 0.0031  (1.939s, avg: 2.095s) lr=5.00e-05
16600: Loss avg=0.0383 ± 0.0027  (1.930s, avg: 2.094s) lr=5.00e-05
16700: Loss avg=0.0384 ± 0.0034  (1.938s, avg: 2.093s) lr=5.00e-05
16800: Loss avg=0.0379 ± 0.0026  (2.110s, avg: 2.093s) lr=5.00e-05
16900: Loss avg=0.0382 ± 0.0029  (1.914s, avg: 2.092s) lr=5.00e-05
17000: Loss avg=0.0378 ± 0.0031  (1.938s, avg: 2.091s) lr=5.00e-05
17100: Loss avg=0.0378 ± 0.0026  (1.955s, avg: 2.091s) lr=5.00e-05
17200: Loss avg=0.0380 ± 0.0029  (1.622s, avg: 2.088s) lr=5.00e-05
17300: Loss avg=0.0374 ± 0.0033  (2.162s, avg: 2.088s) lr=5.00e-05
17400: Loss avg=0.0382 ± 0.0030  (2.015s, avg: 2.088s) lr=5.00e-05
17500: Loss avg=0.0382 ± 0.0030  (2.197s, avg: 2.089s) lr=5.00e-05
17600: Loss avg=0.0375 ± 0.0029  (2.378s, avg: 2.090s) lr=5.00e-05
17700: Loss avg=0.0368 ± 0.0030  (2.199s, avg: 2.091s) lr=5.00e-05
17800: Loss avg=0.0373 ± 0.0027  (2.409s, avg: 2.093s) lr=5.00e-05
17900: Loss avg=0.0374 ± 0.0030  (2.114s, avg: 2.093s) lr=5.00e-05
18000: Loss avg=0.0378 ± 0.0029  (2.078s, avg: 2.093s) lr=5.00e-05
  [track] Checkpoint -> v2_4096_d64_L3_hw_step018000.bytes
18100: Loss avg=0.0371 ± 0.0028  (2.385s, avg: 2.095s) lr=5.00e-05
18200: Loss avg=0.0372 ± 0.0032  (2.208s, avg: 2.095s) lr=5.00e-05
  [lr] plateau detected: lr 5.00e-05 -> 2.50e-05
18300: Loss avg=0.0368 ± 0.0028  (2.137s, avg: 2.096s) lr=2.50e-05
18400: Loss avg=0.0370 ± 0.0031  (2.477s, avg: 2.098s) lr=2.50e-05
18500: Loss avg=0.0368 ± 0.0032  (1.917s, avg: 2.097s) lr=2.50e-05
18600: Loss avg=0.0373 ± 0.0030  (2.516s, avg: 2.099s) lr=2.50e-05
18700: Loss avg=0.0368 ± 0.0028  (2.173s, avg: 2.099s) lr=2.50e-05
18800: Loss avg=0.0369 ± 0.0030  (2.487s, avg: 2.102s) lr=2.50e-05
18900: Loss avg=0.0372 ± 0.0031  (2.107s, avg: 2.102s) lr=2.50e-05
19000: Loss avg=0.0363 ± 0.0030  (2.200s, avg: 2.102s) lr=2.50e-05
19100: Loss avg=0.0372 ± 0.0031  (2.469s, avg: 2.104s) lr=2.50e-05
19200: Loss avg=0.0368 ± 0.0029  (2.212s, avg: 2.105s) lr=2.50e-05
19300: Loss avg=0.0370 ± 0.0028  (2.415s, avg: 2.106s) lr=2.50e-05
19400: Loss avg=0.0366 ± 0.0029  (2.507s, avg: 2.108s) lr=2.50e-05
19500: Loss avg=0.0369 ± 0.0026  (2.198s, avg: 2.109s) lr=2.50e-05
  [lr] plateau detected: lr 2.50e-05 -> 1.25e-05
19600: Loss avg=0.0363 ± 0.0029  (1.916s, avg: 2.108s) lr=1.25e-05
19700: Loss avg=0.0365 ± 0.0029  (1.929s, avg: 2.107s) lr=1.25e-05
19800: Loss avg=0.0368 ± 0.0027  (2.512s, avg: 2.109s) lr=1.25e-05
19900: Loss avg=0.0360 ± 0.0033  (2.120s, avg: 2.109s) lr=1.25e-05
20000: Loss avg=0.0360 ± 0.0030  (2.365s, avg: 2.110s) lr=1.25e-05
  [track] Checkpoint -> v2_4096_d64_L3_hw_step020000.bytes
20100: Loss avg=0.0360 ± 0.0033  (2.147s, avg: 2.111s) lr=1.25e-05
20200: Loss avg=0.0360 ± 0.0031  (2.184s, avg: 2.111s) lr=1.25e-05
20300: Loss avg=0.0365 ± 0.0029  (2.526s, avg: 2.113s) lr=1.25e-05
20400: Loss avg=0.0362 ± 0.0031  (2.142s, avg: 2.113s) lr=1.25e-05
  [lr] plateau detected: lr 1.25e-05 -> 6.25e-06
20500: Loss avg=0.0359 ± 0.0031  (2.149s, avg: 2.114s) lr=6.25e-06
20600: Loss avg=0.0359 ± 0.0028  (2.544s, avg: 2.116s) lr=6.25e-06
20700: Loss avg=0.0362 ± 0.0032  (1.916s, avg: 2.115s) lr=6.25e-06
20800: Loss avg=0.0361 ± 0.0029  (1.938s, avg: 2.114s) lr=6.25e-06
20900: Loss avg=0.0361 ± 0.0030  (2.529s, avg: 2.116s) lr=6.25e-06
21000: Loss avg=0.0359 ± 0.0029  (2.408s, avg: 2.117s) lr=6.25e-06
21100: Loss avg=0.0364 ± 0.0033  (2.225s, avg: 2.118s) lr=6.25e-06
  [lr] plateau detected: lr 6.25e-06 -> 3.13e-06
21200: Loss avg=0.0361 ± 0.0031  (2.391s, avg: 2.119s) lr=3.13e-06
21300: Loss avg=0.0362 ± 0.0031  (2.122s, avg: 2.119s) lr=3.13e-06
21400: Loss avg=0.0357 ± 0.0033  (2.489s, avg: 2.121s) lr=3.13e-06
21500: Loss avg=0.0352 ± 0.0031  (2.173s, avg: 2.121s) lr=3.13e-06
21600: Loss avg=0.0360 ± 0.0032  (2.161s, avg: 2.121s) lr=3.13e-06
21700: Loss avg=0.0358 ± 0.0034  (2.424s, avg: 2.123s) lr=3.13e-06
21800: Loss avg=0.0357 ± 0.0032  (2.168s, avg: 2.123s) lr=3.13e-06
21900: Loss avg=0.0360 ± 0.0029  (2.470s, avg: 2.125s) lr=3.13e-06
22000: Loss avg=0.0360 ± 0.0029  (2.357s, avg: 2.126s) lr=3.13e-06
  [track] Checkpoint -> v2_4096_d64_L3_hw_step022000.bytes
  [lr] plateau detected: lr 3.13e-06 -> 1.56e-06
22100: Loss avg=0.0360 ± 0.0031  (2.232s, avg: 2.127s) lr=1.56e-06
22200: Loss avg=0.0359 ± 0.0027  (2.211s, avg: 2.127s) lr=1.56e-06
22300: Loss avg=0.0362 ± 0.0026  (2.134s, avg: 2.127s) lr=1.56e-06
22400: Loss avg=0.0357 ± 0.0031  (2.209s, avg: 2.128s) lr=1.56e-06
22500: Loss avg=0.0359 ± 0.0029  (2.480s, avg: 2.129s) lr=1.56e-06
22600: Loss avg=0.0360 ± 0.0028  (2.185s, avg: 2.129s) lr=1.56e-06
22700: Loss avg=0.0360 ± 0.0031  (2.471s, avg: 2.131s) lr=1.56e-06
  [lr] plateau detected: lr 1.56e-06 -> 1.00e-06
22800: Loss avg=0.0358 ± 0.0028  (2.363s, avg: 2.132s) lr=1.00e-06
22900: Loss avg=0.0351 ± 0.0026  (2.265s, avg: 2.133s) lr=1.00e-06
23000: Loss avg=0.0362 ± 0.0031  (2.162s, avg: 2.133s) lr=1.00e-06
23100: Loss avg=0.0368 ± 0.0031  (2.608s, avg: 2.135s) lr=1.00e-06
23200: Loss avg=0.0356 ± 0.0029  (2.161s, avg: 2.135s) lr=1.00e-06
23300: Loss avg=0.0361 ± 0.0029  (2.212s, avg: 2.135s) lr=1.00e-06
23400: Loss avg=0.0359 ± 0.0030  (2.481s, avg: 2.137s) lr=1.00e-06
23500: Loss avg=0.0357 ± 0.0029  (2.143s, avg: 2.137s) lr=1.00e-06
23600: Loss avg=0.0355 ± 0.0032  (2.450s, avg: 2.138s) lr=1.00e-06
23700: Loss avg=0.0355 ± 0.0030  (2.147s, avg: 2.138s) lr=1.00e-06
23800: Loss avg=0.0358 ± 0.0025  (2.171s, avg: 2.138s) lr=1.00e-06
23900: Loss avg=0.0359 ± 0.0030  (2.446s) lr=1.00e-06
  [auto-stop] plateau at min_lr=1.00e-06 (10/10 steps without >5e-03 improvement); stopping.
Saved to /orcd/home/002/osbo/ondemand/fluid-sim/Assets/Scripts/weights/v2_4096_d64_L3_hw.bytes
================================================================
Finished: Fri May  8 15:41:00 EDT 2026
================================================================
