================================================================
Job 13582466, task 15 on node3100
Started: Fri May  8 16:34:18 EDT 2026
================================================================
[15/19] v2_4096_d128_L2_hw
Using device: cuda
  [startup] Random sample of 100 frames (--num-frames 100)
  [startup] Loaded 100 training contexts from disk cache (3082.24 ms) → .leafonly_training_context_cache/
  [startup] global_max_edges = 20224
  [startup] contexts_per_step = 4 (gradient accumulation)
  [startup] Ablation config: layers=2, gcn_layers=2, jacobi=True (node_scalar), attention_layout=128x129, off_diag_dense_attn=True, diag_dense_attn=True, use_highways=True
  [startup] torch.compile(model): enabled (CUDA)
  [startup] LR scheduler: ReduceLROnPlateau (factor=0.5, patience=5, threshold=5e-3, min_lr=1.00e-06, auto-stop (patience=10, threshold=5e-3 at min_lr))
  Block preconditioner: 32 leaves, diag 128×128, off 32×32 (128 nodes/leaf)
  Probe vectors (loss MC columns): auto max(64, ⌈√n_pad⌉) per step (override with --probe-vectors K)
  Probe MAZ path: --leafonly-pcg=matrix_free (A@Z: sparse block-diagonal A@Z (all devices; dense bmm only if context cache has use_dense_A); apply_block_diagonal_M torch.compile (matrix_free))
  Loss mode: hutchinson (cosine-similarity probe; --loss-mode hutchinson)

=== Startup timing (wall clock, ms) ===
  Dataset + run folder scan:         126.50
  Load training contexts (disk→device):    3082.24 ms  (100 contexts)
  LeafOnlyNet + .to(device):          18.04
  torch.compile(model) call:        2399.32  (CUDA; Inductor runs on 1st forward/backward)
  load_leaf_only_weights:         skipped
  AdamW + ReduceLROnPlateau:           0.36
  ---
  Total before training loop:       5670.88
  Note: First loss line’s (elapsed) is wall time for that step only (after startup); with torch.compile, the first forward+backward triggers Inductor codegen (often ~10–20s).
  At step 299, a one-time detailed breakdown (zero_grad / forward / apply M / backward / …) is printed.

  [track] Training profile CSV: /orcd/home/002/osbo/ondemand/fluid-sim/Assets/Scripts/weights/v2_4096_d128_L2_hw_training_profile.csv
00000: Loss avg=0.2426 ± 0.0000  (40.406s) lr=2.00e-04
  [track] Checkpoint -> v2_4096_d128_L2_hw_step000000.bytes
00100: Loss avg=0.2382 ± 0.0022  (13.138s) lr=2.00e-04
00200: Loss avg=0.2371 ± 0.0014  (1.362s) lr=2.00e-04

--- Detailed timing for step 300 (contexts_per_step=4, batched forward) ---
  batch: B=4, n_pad=4096, batch_vectors=256
--- Step 300 detailed timing (ms) ---
  zero_grad:            0.26
  batch assembly:       0.29
  model forward:        3.92
  probe Z+Jacobi:       1.14
  A @ Z (sparse block-mm):     0.55
  apply M (MAZ):        0.53
  residual + loss:      0.21
  backward:             7.83
  clip_grad_norm:       0.72
  optimizer.step:       1.09
  total:               16.55
  full iter (wall):    18.79 ms  (Python / scheduler / print overhead ≈ +2.24 ms vs sum above)
----------------------------------------

00300: Loss avg=0.2367 ± 0.0015  (1.369s, avg: 1.369s) lr=2.00e-04
00400: Loss avg=0.2338 ± 0.0012  (1.367s, avg: 1.367s) lr=2.00e-04
00500: Loss avg=0.2326 ± 0.0013  (1.395s, avg: 1.381s) lr=2.00e-04
00600: Loss avg=0.2315 ± 0.0015  (1.401s, avg: 1.388s) lr=2.00e-04
00700: Loss avg=0.2299 ± 0.0013  (1.414s, avg: 1.394s) lr=2.00e-04
00800: Loss avg=0.2287 ± 0.0015  (1.406s, avg: 1.397s) lr=2.00e-04
00900: Loss avg=0.2274 ± 0.0016  (1.414s, avg: 1.400s) lr=2.00e-04
01000: Loss avg=0.2267 ± 0.0017  (1.383s, avg: 1.397s) lr=2.00e-04
01100: Loss avg=0.2258 ± 0.0019  (1.394s, avg: 1.400s) lr=2.00e-04
01200: Loss avg=0.2245 ± 0.0017  (1.408s, avg: 1.400s) lr=2.00e-04
01300: Loss avg=0.2244 ± 0.0021  (1.393s, avg: 1.400s) lr=2.00e-04
01400: Loss avg=0.2215 ± 0.0023  (1.378s, avg: 1.398s) lr=2.00e-04
01500: Loss avg=0.2120 ± 0.0043  (1.375s, avg: 1.396s) lr=2.00e-04
01600: Loss avg=0.2057 ± 0.0041  (1.375s, avg: 1.394s) lr=2.00e-04
01700: Loss avg=0.1994 ± 0.0041  (1.386s, avg: 1.394s) lr=2.00e-04
01800: Loss avg=0.1952 ± 0.0048  (1.387s, avg: 1.393s) lr=2.00e-04
01900: Loss avg=0.1912 ± 0.0052  (1.382s, avg: 1.393s) lr=2.00e-04
02000: Loss avg=0.1872 ± 0.0053  (1.388s, avg: 1.392s) lr=2.00e-04
  [track] Checkpoint -> v2_4096_d128_L2_hw_step002000.bytes
02100: Loss avg=0.1849 ± 0.0057  (1.386s, avg: 1.394s) lr=2.00e-04
02200: Loss avg=0.1836 ± 0.0055  (1.386s, avg: 1.394s) lr=2.00e-04
02300: Loss avg=0.1766 ± 0.0058  (1.386s, avg: 1.394s) lr=2.00e-04
02400: Loss avg=0.1762 ± 0.0074  (1.385s, avg: 1.393s) lr=2.00e-04
02500: Loss avg=0.1702 ± 0.0058  (1.387s, avg: 1.393s) lr=2.00e-04
02600: Loss avg=0.1654 ± 0.0053  (1.385s, avg: 1.392s) lr=2.00e-04
02700: Loss avg=0.1624 ± 0.0065  (1.385s, avg: 1.392s) lr=2.00e-04
02800: Loss avg=0.1626 ± 0.0060  (1.380s, avg: 1.392s) lr=2.00e-04
02900: Loss avg=0.1544 ± 0.0062  (1.387s, avg: 1.392s) lr=2.00e-04
03000: Loss avg=0.1528 ± 0.0058  (1.383s, avg: 1.391s) lr=2.00e-04
03100: Loss avg=0.1553 ± 0.0062  (1.382s, avg: 1.392s) lr=2.00e-04
03200: Loss avg=0.1567 ± 0.0069  (1.383s, avg: 1.391s) lr=2.00e-04
03300: Loss avg=0.1478 ± 0.0059  (1.386s, avg: 1.391s) lr=2.00e-04
03400: Loss avg=0.1483 ± 0.0061  (1.380s, avg: 1.391s) lr=2.00e-04
03500: Loss avg=0.1430 ± 0.0066  (1.388s, avg: 1.391s) lr=2.00e-04
03600: Loss avg=0.1411 ± 0.0051  (1.387s, avg: 1.391s) lr=2.00e-04
03700: Loss avg=0.1258 ± 0.0077  (1.390s, avg: 1.391s) lr=2.00e-04
03800: Loss avg=0.1100 ± 0.0058  (1.377s, avg: 1.390s) lr=2.00e-04
03900: Loss avg=0.1028 ± 0.0057  (1.391s, avg: 1.390s) lr=2.00e-04
04000: Loss avg=0.0991 ± 0.0070  (1.372s, avg: 1.390s) lr=2.00e-04
  [track] Checkpoint -> v2_4096_d128_L2_hw_step004000.bytes
04100: Loss avg=0.0919 ± 0.0043  (1.379s, avg: 1.391s) lr=2.00e-04
04200: Loss avg=0.0912 ± 0.0056  (1.367s, avg: 1.390s) lr=2.00e-04
04300: Loss avg=0.0892 ± 0.0061  (1.380s, avg: 1.390s) lr=2.00e-04
04400: Loss avg=0.0866 ± 0.0049  (1.380s, avg: 1.390s) lr=2.00e-04
04500: Loss avg=0.0836 ± 0.0051  (1.374s, avg: 1.389s) lr=2.00e-04
04600: Loss avg=0.0821 ± 0.0048  (1.375s, avg: 1.389s) lr=2.00e-04
04700: Loss avg=0.0793 ± 0.0059  (1.375s, avg: 1.389s) lr=2.00e-04
04800: Loss avg=0.0775 ± 0.0042  (1.383s, avg: 1.389s) lr=2.00e-04
04900: Loss avg=0.0750 ± 0.0047  (1.372s, avg: 1.388s) lr=2.00e-04
05000: Loss avg=0.0755 ± 0.0056  (1.365s, avg: 1.388s) lr=2.00e-04
05100: Loss avg=0.0763 ± 0.0079  (1.372s, avg: 1.388s) lr=2.00e-04
05200: Loss avg=0.0702 ± 0.0044  (1.373s, avg: 1.388s) lr=2.00e-04
05300: Loss avg=0.0690 ± 0.0039  (1.367s, avg: 1.387s) lr=2.00e-04
05400: Loss avg=0.0693 ± 0.0050  (1.378s, avg: 1.387s) lr=2.00e-04
05500: Loss avg=0.0668 ± 0.0042  (1.369s, avg: 1.387s) lr=2.00e-04
05600: Loss avg=0.0652 ± 0.0045  (1.364s, avg: 1.386s) lr=2.00e-04
05700: Loss avg=0.0645 ± 0.0047  (1.370s, avg: 1.386s) lr=2.00e-04
05800: Loss avg=0.0649 ± 0.0049  (1.362s, avg: 1.386s) lr=2.00e-04
05900: Loss avg=0.0615 ± 0.0039  (1.372s, avg: 1.385s) lr=2.00e-04
06000: Loss avg=0.0623 ± 0.0043  (1.377s, avg: 1.385s) lr=2.00e-04
  [track] Checkpoint -> v2_4096_d128_L2_hw_step006000.bytes
06100: Loss avg=0.0607 ± 0.0039  (1.375s, avg: 1.386s) lr=2.00e-04
06200: Loss avg=0.0588 ± 0.0038  (1.373s, avg: 1.386s) lr=2.00e-04
06300: Loss avg=0.0620 ± 0.0060  (1.379s, avg: 1.385s) lr=2.00e-04
06400: Loss avg=0.0598 ± 0.0052  (1.371s, avg: 1.385s) lr=2.00e-04
06500: Loss avg=0.0569 ± 0.0042  (1.372s, avg: 1.385s) lr=2.00e-04
06600: Loss avg=0.0567 ± 0.0046  (1.375s, avg: 1.385s) lr=2.00e-04
06700: Loss avg=0.0557 ± 0.0044  (1.375s, avg: 1.385s) lr=2.00e-04
06800: Loss avg=0.0551 ± 0.0044  (1.365s, avg: 1.384s) lr=2.00e-04
06900: Loss avg=0.0526 ± 0.0033  (1.368s, avg: 1.384s) lr=2.00e-04
07000: Loss avg=0.0535 ± 0.0056  (1.372s, avg: 1.384s) lr=2.00e-04
07100: Loss avg=0.0517 ± 0.0047  (1.373s, avg: 1.384s) lr=2.00e-04
07200: Loss avg=0.0519 ± 0.0037  (1.387s, avg: 1.384s) lr=2.00e-04
07300: Loss avg=0.0514 ± 0.0043  (1.386s, avg: 1.384s) lr=2.00e-04
07400: Loss avg=0.0519 ± 0.0047  (1.386s, avg: 1.384s) lr=2.00e-04
07500: Loss avg=0.0500 ± 0.0044  (1.382s, avg: 1.384s) lr=2.00e-04
07600: Loss avg=0.0511 ± 0.0060  (1.374s, avg: 1.384s) lr=2.00e-04
07700: Loss avg=0.0479 ± 0.0040  (1.380s, avg: 1.384s) lr=2.00e-04
07800: Loss avg=0.0480 ± 0.0040  (1.366s, avg: 1.384s) lr=2.00e-04
07900: Loss avg=0.0495 ± 0.0065  (1.370s, avg: 1.384s) lr=2.00e-04
08000: Loss avg=0.0466 ± 0.0036  (1.369s, avg: 1.383s) lr=2.00e-04
  [track] Checkpoint -> v2_4096_d128_L2_hw_step008000.bytes
08100: Loss avg=0.0461 ± 0.0037  (1.366s, avg: 1.384s) lr=2.00e-04
08200: Loss avg=0.0471 ± 0.0038  (1.371s, avg: 1.384s) lr=2.00e-04
08300: Loss avg=0.0455 ± 0.0038  (1.373s, avg: 1.384s) lr=2.00e-04
08400: Loss avg=0.0451 ± 0.0035  (1.364s, avg: 1.383s) lr=2.00e-04
08500: Loss avg=0.0440 ± 0.0039  (1.378s, avg: 1.383s) lr=2.00e-04
08600: Loss avg=0.0433 ± 0.0031  (1.372s, avg: 1.383s) lr=2.00e-04
08700: Loss avg=0.0436 ± 0.0038  (1.375s, avg: 1.383s) lr=2.00e-04
08800: Loss avg=0.0425 ± 0.0031  (1.374s, avg: 1.383s) lr=2.00e-04
08900: Loss avg=0.0422 ± 0.0028  (1.379s, avg: 1.383s) lr=2.00e-04
09000: Loss avg=0.0426 ± 0.0036  (1.363s, avg: 1.383s) lr=2.00e-04
09100: Loss avg=0.0434 ± 0.0052  (1.392s, avg: 1.383s) lr=2.00e-04
09200: Loss avg=0.0418 ± 0.0035  (1.358s, avg: 1.383s) lr=2.00e-04
09300: Loss avg=0.0430 ± 0.0041  (1.365s, avg: 1.382s) lr=2.00e-04
09400: Loss avg=0.0422 ± 0.0038  (1.357s, avg: 1.382s) lr=2.00e-04
09500: Loss avg=0.0403 ± 0.0035  (1.357s, avg: 1.382s) lr=2.00e-04
09600: Loss avg=0.0443 ± 0.0081  (1.360s, avg: 1.382s) lr=2.00e-04
09700: Loss avg=0.0397 ± 0.0033  (1.368s, avg: 1.382s) lr=2.00e-04
09800: Loss avg=0.0415 ± 0.0048  (1.373s, avg: 1.381s) lr=2.00e-04
09900: Loss avg=0.0415 ± 0.0045  (1.377s, avg: 1.381s) lr=2.00e-04
10000: Loss avg=0.0388 ± 0.0033  (1.376s, avg: 1.381s) lr=2.00e-04
  [track] Checkpoint -> v2_4096_d128_L2_hw_step010000.bytes
10100: Loss avg=0.0394 ± 0.0033  (1.369s, avg: 1.382s) lr=2.00e-04
10200: Loss avg=0.0403 ± 0.0038  (1.373s, avg: 1.382s) lr=2.00e-04
10300: Loss avg=0.0394 ± 0.0040  (1.372s, avg: 1.382s) lr=2.00e-04
10400: Loss avg=0.0378 ± 0.0038  (1.371s, avg: 1.381s) lr=2.00e-04
10500: Loss avg=0.0394 ± 0.0041  (1.375s, avg: 1.381s) lr=2.00e-04
10600: Loss avg=0.0401 ± 0.0061  (1.380s, avg: 1.381s) lr=2.00e-04
10700: Loss avg=0.0381 ± 0.0035  (1.380s, avg: 1.381s) lr=2.00e-04
10800: Loss avg=0.0369 ± 0.0035  (1.377s, avg: 1.381s) lr=2.00e-04
10900: Loss avg=0.0367 ± 0.0029  (1.369s, avg: 1.381s) lr=2.00e-04
11000: Loss avg=0.0362 ± 0.0034  (1.377s, avg: 1.381s) lr=2.00e-04
11100: Loss avg=0.0371 ± 0.0033  (1.384s, avg: 1.381s) lr=2.00e-04
11200: Loss avg=0.0355 ± 0.0027  (1.377s, avg: 1.381s) lr=2.00e-04
11300: Loss avg=0.0346 ± 0.0030  (1.372s, avg: 1.381s) lr=2.00e-04
11400: Loss avg=0.0351 ± 0.0038  (1.372s, avg: 1.381s) lr=2.00e-04
11500: Loss avg=0.0345 ± 0.0029  (1.375s, avg: 1.381s) lr=2.00e-04
11600: Loss avg=0.0347 ± 0.0033  (1.384s, avg: 1.381s) lr=2.00e-04
11700: Loss avg=0.0341 ± 0.0035  (1.388s, avg: 1.381s) lr=2.00e-04
11800: Loss avg=0.0339 ± 0.0033  (1.391s, avg: 1.381s) lr=2.00e-04
11900: Loss avg=0.0341 ± 0.0032  (1.379s, avg: 1.381s) lr=2.00e-04
12000: Loss avg=0.0334 ± 0.0029  (1.380s, avg: 1.381s) lr=2.00e-04
  [track] Checkpoint -> v2_4096_d128_L2_hw_step012000.bytes
12100: Loss avg=0.0337 ± 0.0033  (1.382s, avg: 1.382s) lr=2.00e-04
12200: Loss avg=0.0331 ± 0.0034  (1.382s, avg: 1.382s) lr=2.00e-04
12300: Loss avg=0.0329 ± 0.0033  (1.382s, avg: 1.382s) lr=2.00e-04
12400: Loss avg=0.0333 ± 0.0035  (1.382s, avg: 1.382s) lr=2.00e-04
12500: Loss avg=0.0334 ± 0.0034  (1.380s, avg: 1.382s) lr=2.00e-04
12600: Loss avg=0.0319 ± 0.0036  (1.384s, avg: 1.382s) lr=2.00e-04
12700: Loss avg=0.0330 ± 0.0035  (1.381s, avg: 1.382s) lr=2.00e-04
12800: Loss avg=0.0320 ± 0.0034  (1.384s, avg: 1.382s) lr=2.00e-04
12900: Loss avg=0.0333 ± 0.0032  (1.380s, avg: 1.382s) lr=2.00e-04
13000: Loss avg=0.0310 ± 0.0027  (1.380s, avg: 1.382s) lr=2.00e-04
13100: Loss avg=0.0307 ± 0.0029  (1.383s, avg: 1.382s) lr=2.00e-04
13200: Loss avg=0.0304 ± 0.0030  (1.382s, avg: 1.382s) lr=2.00e-04
13300: Loss avg=0.0313 ± 0.0031  (1.385s, avg: 1.382s) lr=2.00e-04
13400: Loss avg=0.0357 ± 0.0062  (1.383s, avg: 1.382s) lr=2.00e-04
13500: Loss avg=0.0317 ± 0.0034  (1.385s, avg: 1.382s) lr=2.00e-04
13600: Loss avg=0.0311 ± 0.0031  (1.380s, avg: 1.382s) lr=2.00e-04
13700: Loss avg=0.0299 ± 0.0027  (1.382s, avg: 1.382s) lr=2.00e-04
13800: Loss avg=0.0304 ± 0.0027  (1.385s, avg: 1.382s) lr=2.00e-04
13900: Loss avg=0.0319 ± 0.0032  (1.381s, avg: 1.382s) lr=2.00e-04
14000: Loss avg=0.0310 ± 0.0030  (1.385s, avg: 1.382s) lr=2.00e-04
  [track] Checkpoint -> v2_4096_d128_L2_hw_step014000.bytes
14100: Loss avg=0.0300 ± 0.0031  (1.379s, avg: 1.382s) lr=2.00e-04
14200: Loss avg=0.0300 ± 0.0025  (1.383s, avg: 1.382s) lr=2.00e-04
  [lr] plateau detected: lr 2.00e-04 -> 1.00e-04
14300: Loss avg=0.0297 ± 0.0028  (1.382s, avg: 1.382s) lr=1.00e-04
14400: Loss avg=0.0278 ± 0.0030  (1.383s, avg: 1.382s) lr=1.00e-04
14500: Loss avg=0.0275 ± 0.0024  (1.386s, avg: 1.382s) lr=1.00e-04
14600: Loss avg=0.0274 ± 0.0022  (1.385s, avg: 1.382s) lr=1.00e-04
14700: Loss avg=0.0266 ± 0.0026  (1.379s, avg: 1.382s) lr=1.00e-04
14800: Loss avg=0.0269 ± 0.0023  (1.379s, avg: 1.382s) lr=1.00e-04
14900: Loss avg=0.0271 ± 0.0027  (1.383s, avg: 1.382s) lr=1.00e-04
15000: Loss avg=0.0270 ± 0.0026  (1.383s, avg: 1.382s) lr=1.00e-04
15100: Loss avg=0.0264 ± 0.0028  (1.382s, avg: 1.382s) lr=1.00e-04
15200: Loss avg=0.0267 ± 0.0026  (1.383s, avg: 1.382s) lr=1.00e-04
15300: Loss avg=0.0266 ± 0.0025  (1.381s, avg: 1.382s) lr=1.00e-04
15400: Loss avg=0.0278 ± 0.0027  (1.383s, avg: 1.382s) lr=1.00e-04
15500: Loss avg=0.0268 ± 0.0023  (1.384s, avg: 1.382s) lr=1.00e-04
15600: Loss avg=0.0267 ± 0.0029  (1.379s, avg: 1.382s) lr=1.00e-04
  [lr] plateau detected: lr 1.00e-04 -> 5.00e-05
15700: Loss avg=0.0265 ± 0.0029  (1.383s, avg: 1.382s) lr=5.00e-05
15800: Loss avg=0.0256 ± 0.0025  (1.388s, avg: 1.382s) lr=5.00e-05
15900: Loss avg=0.0253 ± 0.0027  (1.386s, avg: 1.382s) lr=5.00e-05
16000: Loss avg=0.0255 ± 0.0024  (1.383s, avg: 1.382s) lr=5.00e-05
  [track] Checkpoint -> v2_4096_d128_L2_hw_step016000.bytes
16100: Loss avg=0.0253 ± 0.0024  (1.383s, avg: 1.383s) lr=5.00e-05
16200: Loss avg=0.0254 ± 0.0026  (1.383s, avg: 1.383s) lr=5.00e-05
16300: Loss avg=0.0249 ± 0.0026  (1.382s, avg: 1.383s) lr=5.00e-05
16400: Loss avg=0.0251 ± 0.0024  (1.384s, avg: 1.383s) lr=5.00e-05
16500: Loss avg=0.0252 ± 0.0025  (1.382s, avg: 1.383s) lr=5.00e-05
16600: Loss avg=0.0252 ± 0.0027  (1.382s, avg: 1.383s) lr=5.00e-05
16700: Loss avg=0.0249 ± 0.0024  (1.383s, avg: 1.383s) lr=5.00e-05
16800: Loss avg=0.0244 ± 0.0023  (1.386s, avg: 1.383s) lr=5.00e-05
16900: Loss avg=0.0250 ± 0.0025  (1.382s, avg: 1.383s) lr=5.00e-05
17000: Loss avg=0.0244 ± 0.0025  (1.386s, avg: 1.383s) lr=5.00e-05
17100: Loss avg=0.0247 ± 0.0026  (1.386s, avg: 1.383s) lr=5.00e-05
17200: Loss avg=0.0246 ± 0.0023  (1.384s, avg: 1.383s) lr=5.00e-05
17300: Loss avg=0.0245 ± 0.0023  (1.381s, avg: 1.383s) lr=5.00e-05
17400: Loss avg=0.0238 ± 0.0024  (1.383s, avg: 1.383s) lr=5.00e-05
17500: Loss avg=0.0244 ± 0.0023  (1.382s, avg: 1.383s) lr=5.00e-05
17600: Loss avg=0.0246 ± 0.0024  (1.382s, avg: 1.383s) lr=5.00e-05
17700: Loss avg=0.0240 ± 0.0025  (1.383s, avg: 1.383s) lr=5.00e-05
17800: Loss avg=0.0238 ± 0.0022  (1.380s, avg: 1.383s) lr=5.00e-05
17900: Loss avg=0.0244 ± 0.0024  (1.388s, avg: 1.383s) lr=5.00e-05
  [lr] plateau detected: lr 5.00e-05 -> 2.50e-05
18000: Loss avg=0.0242 ± 0.0022  (1.383s, avg: 1.383s) lr=2.50e-05
  [track] Checkpoint -> v2_4096_d128_L2_hw_step018000.bytes
18100: Loss avg=0.0237 ± 0.0023  (1.383s, avg: 1.383s) lr=2.50e-05
18200: Loss avg=0.0236 ± 0.0023  (1.383s, avg: 1.383s) lr=2.50e-05
18300: Loss avg=0.0236 ± 0.0026  (1.386s, avg: 1.383s) lr=2.50e-05
18400: Loss avg=0.0232 ± 0.0023  (1.384s, avg: 1.383s) lr=2.50e-05
18500: Loss avg=0.0237 ± 0.0024  (1.378s, avg: 1.383s) lr=2.50e-05
18600: Loss avg=0.0232 ± 0.0020  (1.384s, avg: 1.383s) lr=2.50e-05
18700: Loss avg=0.0233 ± 0.0024  (1.381s, avg: 1.383s) lr=2.50e-05
18800: Loss avg=0.0236 ± 0.0025  (1.378s, avg: 1.383s) lr=2.50e-05
18900: Loss avg=0.0231 ± 0.0023  (1.382s, avg: 1.383s) lr=2.50e-05
  [lr] plateau detected: lr 2.50e-05 -> 1.25e-05
19000: Loss avg=0.0233 ± 0.0022  (1.379s, avg: 1.383s) lr=1.25e-05
19100: Loss avg=0.0233 ± 0.0022  (1.382s, avg: 1.383s) lr=1.25e-05
19200: Loss avg=0.0239 ± 0.0028  (1.385s, avg: 1.383s) lr=1.25e-05
19300: Loss avg=0.0229 ± 0.0022  (1.384s, avg: 1.383s) lr=1.25e-05
19400: Loss avg=0.0231 ± 0.0024  (1.371s, avg: 1.383s) lr=1.25e-05
19500: Loss avg=0.0226 ± 0.0021  (1.378s, avg: 1.383s) lr=1.25e-05
19600: Loss avg=0.0224 ± 0.0023  (1.380s, avg: 1.383s) lr=1.25e-05
19700: Loss avg=0.0230 ± 0.0022  (1.378s, avg: 1.383s) lr=1.25e-05
19800: Loss avg=0.0230 ± 0.0025  (1.384s, avg: 1.383s) lr=1.25e-05
19900: Loss avg=0.0227 ± 0.0022  (1.380s, avg: 1.383s) lr=1.25e-05
20000: Loss avg=0.0234 ± 0.0025  (1.382s, avg: 1.383s) lr=1.25e-05
  [track] Checkpoint -> v2_4096_d128_L2_hw_step020000.bytes
20100: Loss avg=0.0231 ± 0.0023  (1.379s, avg: 1.383s) lr=1.25e-05
  [lr] plateau detected: lr 1.25e-05 -> 6.25e-06
20200: Loss avg=0.0227 ± 0.0021  (1.381s, avg: 1.383s) lr=6.25e-06
20300: Loss avg=0.0228 ± 0.0025  (1.381s, avg: 1.383s) lr=6.25e-06
20400: Loss avg=0.0225 ± 0.0022  (1.380s, avg: 1.383s) lr=6.25e-06
20500: Loss avg=0.0229 ± 0.0021  (1.377s, avg: 1.383s) lr=6.25e-06
20600: Loss avg=0.0227 ± 0.0024  (1.372s, avg: 1.383s) lr=6.25e-06
20700: Loss avg=0.0230 ± 0.0022  (1.383s, avg: 1.383s) lr=6.25e-06
20800: Loss avg=0.0226 ± 0.0025  (1.379s, avg: 1.383s) lr=6.25e-06
  [lr] plateau detected: lr 6.25e-06 -> 3.13e-06
20900: Loss avg=0.0232 ± 0.0024  (1.377s, avg: 1.383s) lr=3.13e-06
21000: Loss avg=0.0226 ± 0.0024  (1.381s, avg: 1.383s) lr=3.13e-06
21100: Loss avg=0.0227 ± 0.0021  (1.381s, avg: 1.383s) lr=3.13e-06
21200: Loss avg=0.0227 ± 0.0025  (1.382s, avg: 1.383s) lr=3.13e-06
21300: Loss avg=0.0227 ± 0.0024  (1.382s, avg: 1.383s) lr=3.13e-06
21400: Loss avg=0.0230 ± 0.0024  (1.380s, avg: 1.383s) lr=3.13e-06
21500: Loss avg=0.0224 ± 0.0024  (1.382s, avg: 1.383s) lr=3.13e-06
  [lr] plateau detected: lr 3.13e-06 -> 1.56e-06
21600: Loss avg=0.0227 ± 0.0026  (1.376s, avg: 1.383s) lr=1.56e-06
21700: Loss avg=0.0223 ± 0.0023  (1.366s, avg: 1.383s) lr=1.56e-06
21800: Loss avg=0.0227 ± 0.0026  (1.376s, avg: 1.383s) lr=1.56e-06
21900: Loss avg=0.0231 ± 0.0024  (1.380s, avg: 1.383s) lr=1.56e-06
22000: Loss avg=0.0225 ± 0.0023  (1.379s, avg: 1.383s) lr=1.56e-06
  [track] Checkpoint -> v2_4096_d128_L2_hw_step022000.bytes
22100: Loss avg=0.0226 ± 0.0023  (1.410s, avg: 1.383s) lr=1.56e-06
22200: Loss avg=0.0227 ± 0.0022  (1.398s, avg: 1.383s) lr=1.56e-06
  [lr] plateau detected: lr 1.56e-06 -> 1.00e-06
22300: Loss avg=0.0229 ± 0.0025  (1.368s, avg: 1.383s) lr=1.00e-06
22400: Loss avg=0.0227 ± 0.0025  (1.370s, avg: 1.383s) lr=1.00e-06
22500: Loss avg=0.0227 ± 0.0023  (1.374s, avg: 1.383s) lr=1.00e-06
22600: Loss avg=0.0223 ± 0.0024  (1.370s, avg: 1.383s) lr=1.00e-06
22700: Loss avg=0.0227 ± 0.0023  (1.379s, avg: 1.383s) lr=1.00e-06
22800: Loss avg=0.0224 ± 0.0023  (1.379s, avg: 1.383s) lr=1.00e-06
22900: Loss avg=0.0224 ± 0.0019  (1.379s, avg: 1.383s) lr=1.00e-06
23000: Loss avg=0.0229 ± 0.0024  (1.369s, avg: 1.383s) lr=1.00e-06
23100: Loss avg=0.0225 ± 0.0024  (1.373s, avg: 1.383s) lr=1.00e-06
23200: Loss avg=0.0226 ± 0.0024  (1.372s, avg: 1.383s) lr=1.00e-06
23300: Loss avg=0.0226 ± 0.0025  (1.368s, avg: 1.383s) lr=1.00e-06
23400: Loss avg=0.0226 ± 0.0021  (1.372s, avg: 1.383s) lr=1.00e-06
23500: Loss avg=0.0225 ± 0.0023  (1.378s, avg: 1.383s) lr=1.00e-06
23600: Loss avg=0.0224 ± 0.0023  (1.383s) lr=1.00e-06
  [auto-stop] plateau at min_lr=1.00e-06 (10/10 steps without >5e-03 improvement); stopping.
Saved to /orcd/home/002/osbo/ondemand/fluid-sim/Assets/Scripts/weights/v2_4096_d128_L2_hw.bytes
================================================================
Finished: Fri May  8 16:40:47 EDT 2026
================================================================
