================================================================
Job 13582466, task 1 on node2434
Started: Fri May  8 14:59:25 EDT 2026
================================================================
[1/19] v2_2048_d128_L3_hw
Using device: cuda
  [startup] Random sample of 100 frames (--num-frames 100)
  [startup] Loaded 100 training contexts from disk cache (6768.02 ms) → .leafonly_training_context_cache/
  [startup] global_max_edges = 10058
  [startup] contexts_per_step = 4 (gradient accumulation)
  [startup] Ablation config: layers=3, gcn_layers=2, jacobi=True (node_scalar), attention_layout=128x129, off_diag_dense_attn=True, diag_dense_attn=True, use_highways=True
  [startup] torch.compile(model): enabled (CUDA)
  [startup] LR scheduler: ReduceLROnPlateau (factor=0.5, patience=5, threshold=5e-3, min_lr=1.00e-06, auto-stop (patience=10, threshold=5e-3 at min_lr))
  Block preconditioner: 16 leaves, diag 128×128, off 32×32 (128 nodes/leaf)
  Probe vectors (loss MC columns): auto max(64, ⌈√n_pad⌉) per step (override with --probe-vectors K)
  Probe MAZ path: --leafonly-pcg=matrix_free (A@Z: sparse block-diagonal A@Z (all devices; dense bmm only if context cache has use_dense_A); apply_block_diagonal_M torch.compile (matrix_free))
  Loss mode: hutchinson (cosine-similarity probe; --loss-mode hutchinson)

=== Startup timing (wall clock, ms) ===
  Dataset + run folder scan:         119.39
  Load training contexts (disk→device):    6768.02 ms  (100 contexts)
  LeafOnlyNet + .to(device):          24.89
  torch.compile(model) call:        3293.41  (CUDA; Inductor runs on 1st forward/backward)
  load_leaf_only_weights:         skipped
  AdamW + ReduceLROnPlateau:           0.42
  ---
  Total before training loop:      10224.98
  Note: First loss line’s (elapsed) is wall time for that step only (after startup); with torch.compile, the first forward+backward triggers Inductor codegen (often ~10–20s).
  At step 299, a one-time detailed breakdown (zero_grad / forward / apply M / backward / …) is printed.

  [track] Training profile CSV: /orcd/home/002/osbo/ondemand/fluid-sim/Assets/Scripts/weights/v2_2048_d128_L3_hw_training_profile.csv
00000: Loss avg=0.2514 ± 0.0000  (45.363s) lr=2.00e-04
  [track] Checkpoint -> v2_2048_d128_L3_hw_step000000.bytes
00100: Loss avg=0.2450 ± 0.0050  (19.285s) lr=2.00e-04
00200: Loss avg=0.2426 ± 0.0018  (1.666s) lr=2.00e-04

--- Detailed timing for step 300 (contexts_per_step=4, batched forward) ---
  batch: B=4, n_pad=2048, batch_vectors=256
--- Step 300 detailed timing (ms) ---
  zero_grad:            0.17
  batch assembly:       0.18
  model forward:        3.37
  probe Z+Jacobi:       0.94
  A @ Z (sparse block-mm):     0.39
  apply M (MAZ):        0.46
  residual + loss:      0.20
  backward:             6.70
  clip_grad_norm:       0.89
  optimizer.step:       1.22
  total:               14.52
  full iter (wall):    14.66 ms  (Python / scheduler / print overhead ≈ +0.14 ms vs sum above)
----------------------------------------

00300: Loss avg=0.2425 ± 0.0043  (1.653s, avg: 1.653s) lr=2.00e-04
00400: Loss avg=0.2389 ± 0.0020  (1.391s, avg: 1.392s) lr=2.00e-04
00500: Loss avg=0.2374 ± 0.0019  (1.571s, avg: 1.481s) lr=2.00e-04
00600: Loss avg=0.2366 ± 0.0019  (1.693s, avg: 1.552s) lr=2.00e-04
00700: Loss avg=0.2358 ± 0.0019  (1.635s, avg: 1.573s) lr=2.00e-04
00800: Loss avg=0.2343 ± 0.0018  (1.645s, avg: 1.587s) lr=2.00e-04
00900: Loss avg=0.2330 ± 0.0019  (1.671s, avg: 1.601s) lr=2.00e-04
01000: Loss avg=0.2310 ± 0.0020  (1.645s, avg: 1.607s) lr=2.00e-04
01100: Loss avg=0.2301 ± 0.0021  (1.600s, avg: 1.610s) lr=2.00e-04
01200: Loss avg=0.2268 ± 0.0021  (1.683s, avg: 1.618s) lr=2.00e-04
01300: Loss avg=0.2234 ± 0.0019  (1.311s, avg: 1.587s) lr=2.00e-04
01400: Loss avg=0.2201 ± 0.0026  (1.855s, avg: 1.612s) lr=2.00e-04
01500: Loss avg=0.2170 ± 0.0027  (1.315s, avg: 1.587s) lr=2.00e-04
01600: Loss avg=0.2145 ± 0.0027  (1.596s, avg: 1.588s) lr=2.00e-04
01700: Loss avg=0.2073 ± 0.0034  (1.352s, avg: 1.571s) lr=2.00e-04
01800: Loss avg=0.2032 ± 0.0035  (1.624s, avg: 1.574s) lr=2.00e-04
01900: Loss avg=0.1961 ± 0.0038  (1.353s, avg: 1.561s) lr=2.00e-04
02000: Loss avg=0.1909 ± 0.0040  (1.636s, avg: 1.565s) lr=2.00e-04
  [track] Checkpoint -> v2_2048_d128_L3_hw_step002000.bytes
02100: Loss avg=0.1839 ± 0.0037  (1.633s, avg: 1.572s) lr=2.00e-04
02200: Loss avg=0.1742 ± 0.0052  (1.616s, avg: 1.574s) lr=2.00e-04
02300: Loss avg=0.1626 ± 0.0061  (1.646s, avg: 1.578s) lr=2.00e-04
02400: Loss avg=0.1516 ± 0.0064  (1.620s, avg: 1.580s) lr=2.00e-04
02500: Loss avg=0.1383 ± 0.0085  (1.617s, avg: 1.582s) lr=2.00e-04
02600: Loss avg=0.1330 ± 0.0089  (1.625s, avg: 1.583s) lr=2.00e-04
02700: Loss avg=0.1240 ± 0.0064  (1.574s, avg: 1.583s) lr=2.00e-04
02800: Loss avg=0.1169 ± 0.0067  (1.669s, avg: 1.587s) lr=2.00e-04
02900: Loss avg=0.1145 ± 0.0068  (1.435s, avg: 1.581s) lr=2.00e-04
03000: Loss avg=0.1052 ± 0.0044  (1.879s, avg: 1.592s) lr=2.00e-04
03100: Loss avg=0.1033 ± 0.0080  (1.869s, avg: 1.603s) lr=2.00e-04
03200: Loss avg=0.1014 ± 0.0068  (1.840s, avg: 1.611s) lr=2.00e-04
03300: Loss avg=0.0979 ± 0.0072  (1.877s, avg: 1.620s) lr=2.00e-04
03400: Loss avg=0.0924 ± 0.0054  (1.899s, avg: 1.629s) lr=2.00e-04
03500: Loss avg=0.0925 ± 0.0061  (2.124s, avg: 1.644s) lr=2.00e-04
03600: Loss avg=0.0906 ± 0.0067  (1.801s, avg: 1.649s) lr=2.00e-04
03700: Loss avg=0.0857 ± 0.0056  (1.576s, avg: 1.647s) lr=2.00e-04
03800: Loss avg=0.0863 ± 0.0062  (1.877s, avg: 1.653s) lr=2.00e-04
03900: Loss avg=0.0810 ± 0.0070  (1.862s, avg: 1.659s) lr=2.00e-04
04000: Loss avg=0.0832 ± 0.0080  (1.789s, avg: 1.663s) lr=2.00e-04
  [track] Checkpoint -> v2_2048_d128_L3_hw_step004000.bytes
04100: Loss avg=0.0775 ± 0.0066  (1.894s, avg: 1.670s) lr=2.00e-04
04200: Loss avg=0.0720 ± 0.0042  (1.593s, avg: 1.668s) lr=2.00e-04
04300: Loss avg=0.0703 ± 0.0047  (1.597s, avg: 1.667s) lr=2.00e-04
04400: Loss avg=0.0743 ± 0.0059  (2.109s, avg: 1.677s) lr=2.00e-04
04500: Loss avg=0.0721 ± 0.0063  (1.570s, avg: 1.675s) lr=2.00e-04
04600: Loss avg=0.0709 ± 0.0065  (1.596s, avg: 1.673s) lr=2.00e-04
04700: Loss avg=0.0669 ± 0.0057  (1.590s, avg: 1.671s) lr=2.00e-04
04800: Loss avg=0.0666 ± 0.0076  (1.598s, avg: 1.669s) lr=2.00e-04
04900: Loss avg=0.0662 ± 0.0055  (1.928s, avg: 1.675s) lr=2.00e-04
05000: Loss avg=0.0662 ± 0.0089  (1.886s, avg: 1.680s) lr=2.00e-04
05100: Loss avg=0.0646 ± 0.0055  (1.789s, avg: 1.682s) lr=2.00e-04
05200: Loss avg=0.0626 ± 0.0059  (1.802s, avg: 1.685s) lr=2.00e-04
05300: Loss avg=0.0620 ± 0.0059  (2.021s, avg: 1.692s) lr=2.00e-04
05400: Loss avg=0.0638 ± 0.0083  (1.925s, avg: 1.696s) lr=2.00e-04
05500: Loss avg=0.0605 ± 0.0061  (1.887s, avg: 1.700s) lr=2.00e-04
05600: Loss avg=0.0566 ± 0.0064  (1.841s, avg: 1.703s) lr=2.00e-04
05700: Loss avg=0.0628 ± 0.0156  (1.838s, avg: 1.705s) lr=2.00e-04
05800: Loss avg=0.0556 ± 0.0057  (1.884s, avg: 1.708s) lr=2.00e-04
05900: Loss avg=0.0536 ± 0.0045  (2.124s, avg: 1.716s) lr=2.00e-04
06000: Loss avg=0.0537 ± 0.0064  (1.568s, avg: 1.713s) lr=2.00e-04
  [track] Checkpoint -> v2_2048_d128_L3_hw_step006000.bytes
06100: Loss avg=0.0537 ± 0.0058  (2.147s, avg: 1.722s) lr=2.00e-04
06200: Loss avg=0.0527 ± 0.0063  (1.809s, avg: 1.723s) lr=2.00e-04
06300: Loss avg=0.0519 ± 0.0046  (1.838s, avg: 1.725s) lr=2.00e-04
06400: Loss avg=0.0490 ± 0.0052  (1.888s, avg: 1.728s) lr=2.00e-04
06500: Loss avg=0.0477 ± 0.0038  (1.894s, avg: 1.730s) lr=2.00e-04
06600: Loss avg=0.0475 ± 0.0055  (1.865s, avg: 1.733s) lr=2.00e-04
06700: Loss avg=0.0460 ± 0.0039  (2.184s, avg: 1.740s) lr=2.00e-04
06800: Loss avg=0.0470 ± 0.0046  (1.869s, avg: 1.742s) lr=2.00e-04
06900: Loss avg=0.0486 ± 0.0055  (1.812s, avg: 1.743s) lr=2.00e-04
07000: Loss avg=0.0495 ± 0.0062  (1.873s, avg: 1.745s) lr=2.00e-04
07100: Loss avg=0.0461 ± 0.0053  (1.844s, avg: 1.746s) lr=2.00e-04
07200: Loss avg=0.0442 ± 0.0041  (1.612s, avg: 1.745s) lr=2.00e-04
07300: Loss avg=0.0440 ± 0.0052  (1.868s, avg: 1.746s) lr=2.00e-04
07400: Loss avg=0.0468 ± 0.0063  (1.877s, avg: 1.748s) lr=2.00e-04
07500: Loss avg=0.0467 ± 0.0061  (1.803s, avg: 1.749s) lr=2.00e-04
07600: Loss avg=0.0441 ± 0.0061  (1.823s, avg: 1.750s) lr=2.00e-04
07700: Loss avg=0.0444 ± 0.0058  (1.865s, avg: 1.751s) lr=2.00e-04
  [lr] plateau detected: lr 2.00e-04 -> 1.00e-04
07800: Loss avg=0.0445 ± 0.0053  (1.824s, avg: 1.752s) lr=1.00e-04
07900: Loss avg=0.0385 ± 0.0036  (1.547s, avg: 1.750s) lr=1.00e-04
08000: Loss avg=0.0381 ± 0.0033  (1.867s, avg: 1.751s) lr=1.00e-04
  [track] Checkpoint -> v2_2048_d128_L3_hw_step008000.bytes
08100: Loss avg=0.0373 ± 0.0038  (1.825s, avg: 1.753s) lr=1.00e-04
08200: Loss avg=0.0364 ± 0.0038  (1.572s, avg: 1.751s) lr=1.00e-04
08300: Loss avg=0.0357 ± 0.0040  (1.816s, avg: 1.751s) lr=1.00e-04
08400: Loss avg=0.0359 ± 0.0034  (1.833s, avg: 1.752s) lr=1.00e-04
08500: Loss avg=0.0353 ± 0.0037  (1.585s, avg: 1.750s) lr=1.00e-04
08600: Loss avg=0.0360 ± 0.0031  (1.837s, avg: 1.751s) lr=1.00e-04
08700: Loss avg=0.0347 ± 0.0038  (1.849s, avg: 1.753s) lr=1.00e-04
08800: Loss avg=0.0349 ± 0.0036  (1.518s, avg: 1.750s) lr=1.00e-04
08900: Loss avg=0.0344 ± 0.0035  (1.476s, avg: 1.747s) lr=1.00e-04
09000: Loss avg=0.0350 ± 0.0033  (1.740s, avg: 1.747s) lr=1.00e-04
09100: Loss avg=0.0338 ± 0.0032  (1.441s, avg: 1.743s) lr=1.00e-04
09200: Loss avg=0.0329 ± 0.0035  (1.415s, avg: 1.740s) lr=1.00e-04
09300: Loss avg=0.0348 ± 0.0035  (1.661s, avg: 1.739s) lr=1.00e-04
09400: Loss avg=0.0335 ± 0.0034  (1.665s, avg: 1.738s) lr=1.00e-04
09500: Loss avg=0.0331 ± 0.0034  (1.591s, avg: 1.736s) lr=1.00e-04
09600: Loss avg=0.0334 ± 0.0042  (1.611s, avg: 1.735s) lr=1.00e-04
09700: Loss avg=0.0331 ± 0.0037  (1.818s, avg: 1.736s) lr=1.00e-04
09800: Loss avg=0.0318 ± 0.0032  (1.410s, avg: 1.733s) lr=1.00e-04
09900: Loss avg=0.0327 ± 0.0032  (1.674s, avg: 1.732s) lr=1.00e-04
10000: Loss avg=0.0322 ± 0.0032  (1.591s, avg: 1.731s) lr=1.00e-04
  [track] Checkpoint -> v2_2048_d128_L3_hw_step010000.bytes
10100: Loss avg=0.0329 ± 0.0036  (1.808s, avg: 1.732s) lr=1.00e-04
10200: Loss avg=0.0322 ± 0.0037  (1.271s, avg: 1.727s) lr=1.00e-04
10300: Loss avg=0.0324 ± 0.0032  (1.526s, avg: 1.725s) lr=1.00e-04
  [lr] plateau detected: lr 1.00e-04 -> 5.00e-05
10400: Loss avg=0.0322 ± 0.0034  (1.602s, avg: 1.724s) lr=5.00e-05
10500: Loss avg=0.0303 ± 0.0036  (1.614s, avg: 1.723s) lr=5.00e-05
10600: Loss avg=0.0303 ± 0.0034  (1.624s, avg: 1.722s) lr=5.00e-05
10700: Loss avg=0.0298 ± 0.0034  (1.603s, avg: 1.721s) lr=5.00e-05
10800: Loss avg=0.0293 ± 0.0033  (1.564s, avg: 1.719s) lr=5.00e-05
10900: Loss avg=0.0314 ± 0.0037  (1.366s, avg: 1.716s) lr=5.00e-05
11000: Loss avg=0.0297 ± 0.0033  (1.337s, avg: 1.712s) lr=5.00e-05
11100: Loss avg=0.0300 ± 0.0034  (1.604s, avg: 1.712s) lr=5.00e-05
11200: Loss avg=0.0297 ± 0.0032  (1.307s, avg: 1.708s) lr=5.00e-05
11300: Loss avg=0.0295 ± 0.0032  (1.326s, avg: 1.704s) lr=5.00e-05
  [lr] plateau detected: lr 5.00e-05 -> 2.50e-05
11400: Loss avg=0.0294 ± 0.0030  (1.937s, avg: 1.707s) lr=2.50e-05
11500: Loss avg=0.0290 ± 0.0038  (1.275s, avg: 1.703s) lr=2.50e-05
11600: Loss avg=0.0289 ± 0.0033  (1.578s, avg: 1.702s) lr=2.50e-05
11700: Loss avg=0.0285 ± 0.0037  (1.319s, avg: 1.698s) lr=2.50e-05
11800: Loss avg=0.0288 ± 0.0035  (1.319s, avg: 1.695s) lr=2.50e-05
11900: Loss avg=0.0287 ± 0.0033  (1.613s, avg: 1.694s) lr=2.50e-05
12000: Loss avg=0.0278 ± 0.0029  (1.602s, avg: 1.693s) lr=2.50e-05
  [track] Checkpoint -> v2_2048_d128_L3_hw_step012000.bytes
12100: Loss avg=0.0282 ± 0.0033  (1.605s, avg: 1.693s) lr=2.50e-05
12200: Loss avg=0.0288 ± 0.0032  (1.529s, avg: 1.692s) lr=2.50e-05
12300: Loss avg=0.0279 ± 0.0027  (1.671s, avg: 1.692s) lr=2.50e-05
12400: Loss avg=0.0282 ± 0.0028  (1.547s, avg: 1.690s) lr=2.50e-05
12500: Loss avg=0.0285 ± 0.0031  (1.606s, avg: 1.690s) lr=2.50e-05
  [lr] plateau detected: lr 2.50e-05 -> 1.25e-05
12600: Loss avg=0.0283 ± 0.0030  (1.434s, avg: 1.688s) lr=1.25e-05
12700: Loss avg=0.0275 ± 0.0036  (1.462s, avg: 1.686s) lr=1.25e-05
12800: Loss avg=0.0278 ± 0.0032  (1.585s, avg: 1.685s) lr=1.25e-05
12900: Loss avg=0.0278 ± 0.0034  (1.285s, avg: 1.682s) lr=1.25e-05
13000: Loss avg=0.0280 ± 0.0038  (1.327s, avg: 1.679s) lr=1.25e-05
13100: Loss avg=0.0278 ± 0.0034  (1.462s, avg: 1.678s) lr=1.25e-05
13200: Loss avg=0.0276 ± 0.0032  (1.362s, avg: 1.675s) lr=1.25e-05
  [lr] plateau detected: lr 1.25e-05 -> 6.25e-06
13300: Loss avg=0.0279 ± 0.0028  (1.627s, avg: 1.675s) lr=6.25e-06
13400: Loss avg=0.0273 ± 0.0031  (1.500s, avg: 1.673s) lr=6.25e-06
13500: Loss avg=0.0269 ± 0.0033  (1.543s, avg: 1.672s) lr=6.25e-06
13600: Loss avg=0.0266 ± 0.0031  (1.659s, avg: 1.672s) lr=6.25e-06
13700: Loss avg=0.0273 ± 0.0034  (1.592s, avg: 1.672s) lr=6.25e-06
13800: Loss avg=0.0276 ± 0.0032  (1.781s, avg: 1.673s) lr=6.25e-06
13900: Loss avg=0.0270 ± 0.0033  (2.190s, avg: 1.676s) lr=6.25e-06
14000: Loss avg=0.0274 ± 0.0034  (1.905s, avg: 1.678s) lr=6.25e-06
  [track] Checkpoint -> v2_2048_d128_L3_hw_step014000.bytes
14100: Loss avg=0.0273 ± 0.0030  (1.758s, avg: 1.679s) lr=6.25e-06
  [lr] plateau detected: lr 6.25e-06 -> 3.13e-06
14200: Loss avg=0.0272 ± 0.0035  (1.774s, avg: 1.680s) lr=3.13e-06
14300: Loss avg=0.0271 ± 0.0034  (2.099s, avg: 1.683s) lr=3.13e-06
14400: Loss avg=0.0276 ± 0.0031  (1.883s, avg: 1.684s) lr=3.13e-06
14500: Loss avg=0.0268 ± 0.0029  (1.543s, avg: 1.683s) lr=3.13e-06
14600: Loss avg=0.0275 ± 0.0034  (1.572s, avg: 1.682s) lr=3.13e-06
14700: Loss avg=0.0272 ± 0.0027  (1.852s, avg: 1.684s) lr=3.13e-06
14800: Loss avg=0.0268 ± 0.0029  (1.826s, avg: 1.684s) lr=3.13e-06
  [lr] plateau detected: lr 3.13e-06 -> 1.56e-06
14900: Loss avg=0.0273 ± 0.0029  (1.820s, avg: 1.685s) lr=1.56e-06
15000: Loss avg=0.0269 ± 0.0031  (1.576s, avg: 1.685s) lr=1.56e-06
15100: Loss avg=0.0273 ± 0.0033  (1.838s, avg: 1.686s) lr=1.56e-06
15200: Loss avg=0.0269 ± 0.0033  (1.840s, avg: 1.687s) lr=1.56e-06
15300: Loss avg=0.0269 ± 0.0030  (1.773s, avg: 1.688s) lr=1.56e-06
15400: Loss avg=0.0268 ± 0.0030  (1.829s, avg: 1.688s) lr=1.56e-06
15500: Loss avg=0.0277 ± 0.0031  (1.825s, avg: 1.689s) lr=1.56e-06
  [lr] plateau detected: lr 1.56e-06 -> 1.00e-06
15600: Loss avg=0.0272 ± 0.0032  (1.833s, avg: 1.690s) lr=1.00e-06
15700: Loss avg=0.0269 ± 0.0029  (1.865s, avg: 1.691s) lr=1.00e-06
15800: Loss avg=0.0269 ± 0.0027  (1.585s, avg: 1.691s) lr=1.00e-06
15900: Loss avg=0.0269 ± 0.0030  (1.877s, avg: 1.692s) lr=1.00e-06
16000: Loss avg=0.0268 ± 0.0029  (1.868s, avg: 1.693s) lr=1.00e-06
  [track] Checkpoint -> v2_2048_d128_L3_hw_step016000.bytes
16100: Loss avg=0.0269 ± 0.0032  (1.575s, avg: 1.693s) lr=1.00e-06
16200: Loss avg=0.0272 ± 0.0031  (1.574s, avg: 1.692s) lr=1.00e-06
16300: Loss avg=0.0277 ± 0.0034  (1.852s, avg: 1.693s) lr=1.00e-06
16400: Loss avg=0.0266 ± 0.0030  (1.861s, avg: 1.694s) lr=1.00e-06
16500: Loss avg=0.0266 ± 0.0031  (1.762s, avg: 1.694s) lr=1.00e-06
16600: Loss avg=0.0272 ± 0.0026  (2.127s, avg: 1.697s) lr=1.00e-06
16700: Loss avg=0.0266 ± 0.0028  (1.826s, avg: 1.698s) lr=1.00e-06
16800: Loss avg=0.0272 ± 0.0029  (1.828s, avg: 1.699s) lr=1.00e-06
16900: Loss avg=0.0271 ± 0.0031  (1.828s, avg: 1.699s) lr=1.00e-06
17000: Loss avg=0.0270 ± 0.0030  (1.878s, avg: 1.700s) lr=1.00e-06
17100: Loss avg=0.0271 ± 0.0032  (2.010s, avg: 1.702s) lr=1.00e-06
17200: Loss avg=0.0268 ± 0.0031  (1.909s, avg: 1.704s) lr=1.00e-06
17300: Loss avg=0.0274 ± 0.0030  (1.865s, avg: 1.705s) lr=1.00e-06
17400: Loss avg=0.0270 ± 0.0030  (1.865s) lr=1.00e-06
  [auto-stop] plateau at min_lr=1.00e-06 (10/10 steps without >5e-03 improvement); stopping.
Saved to /orcd/home/002/osbo/ondemand/fluid-sim/Assets/Scripts/weights/v2_2048_d128_L3_hw.bytes
================================================================
Finished: Fri May  8 15:05:43 EDT 2026
================================================================
