================================================================
Job 13787642, task 0 on node3007
Started: Tue May 12 00:22:28 EDT 2026
================================================================
[0/3] g4096_id_d128_L3_hw (g4096_train_id)
Using device: cuda
  [startup] Random sample of 100 frames (--num-frames 100)
  [startup] Wrote disk cache ctx_v14_ae030c8363bc8b68b304.pt under .leafonly_training_context_cache/
  [startup] Cached 100 training contexts in memory
  [startup] global_max_edges = 20224
  [startup] contexts_per_step = 4 (gradient accumulation)
  [startup] Ablation config: layers=3, gcn_layers=2, jacobi=True (node_scalar), attention_layout=128x129, off_diag_dense_attn=True, diag_dense_attn=True, use_highways=True
  [startup] torch.compile(model): enabled (CUDA)
  [startup] LR scheduler: ReduceLROnPlateau (factor=0.5, patience=5, threshold=5e-3, min_lr=1.00e-06, auto-stop (patience=10, threshold=5e-3 at min_lr))
  Block preconditioner: 32 leaves, diag 128×128, off 32×32 (128 nodes/leaf)
  Probe vectors (loss MC columns): auto max(64, ⌈√n_pad⌉) per step (override with --probe-vectors K)
  Probe MAZ path: --leafonly-pcg=matrix_free (A@Z: sparse block-diagonal A@Z (all devices; dense bmm only if context cache has use_dense_A); apply_block_diagonal_M torch.compile (matrix_free))
  Loss mode: hutchinson (cosine-similarity probe; --loss-mode hutchinson)

=== Startup timing (wall clock, ms) ===
  Dataset + run folder scan:          93.13
  Build 100 training contexts:    7992.43  (avg 79.92 ms/context)
    x/edges → device + centroid:       259.95
    A operator + Jacobi diag:          238.39
    n-hop connectivity:             4584.21
    jacobi vec + append dict:          2.07
  LeafOnlyNet + .to(device):          20.67
  torch.compile(model) call:        3243.38  (CUDA; Inductor runs on 1st forward/backward)
  load_leaf_only_weights:         skipped
  AdamW + ReduceLROnPlateau:           0.37
  ---
  Total before training loop:      18794.37
  Note: First loss line’s (elapsed) is wall time for that step only (after startup); with torch.compile, the first forward+backward triggers Inductor codegen (often ~10–20s).
  At step 299, a one-time detailed breakdown (zero_grad / forward / apply M / backward / …) is printed.

  [track] Training profile CSV: /orcd/home/002/osbo/ondemand/fluid-sim/Assets/Scripts/weights/g4096_id_d128_L3_hw_training_profile.csv
00000: Loss avg=0.2441 ± 0.0000  (41.982s) lr=2.00e-04
  [track] Checkpoint -> g4096_id_d128_L3_hw_step000000.bytes
00100: Loss avg=0.2444 ± 0.0531  (15.711s) lr=2.00e-04
00200: Loss avg=0.2374 ± 0.0016  (2.782s) lr=2.00e-04

--- Detailed timing for step 300 (contexts_per_step=4, batched forward) ---
  batch: B=4, n_pad=4096, batch_vectors=256
--- Step 300 detailed timing (ms) ---
  zero_grad:            0.18
  batch assembly:       0.59
  model forward:        9.91
  probe Z+Jacobi:       1.10
  A @ Z (sparse block-mm):     0.49
  apply M (MAZ):        0.47
  residual + loss:      0.20
  backward:            15.72
  clip_grad_norm:       0.79
  optimizer.step:       1.07
  total:               30.54
  full iter (wall):    39.41 ms  (Python / scheduler / print overhead ≈ +8.87 ms vs sum above)
----------------------------------------

00300: Loss avg=0.2369 ± 0.0017  (2.788s, avg: 2.788s) lr=2.00e-04
00400: Loss avg=0.2363 ± 0.0019  (2.787s, avg: 2.787s) lr=2.00e-04
00500: Loss avg=0.2337 ± 0.0015  (2.786s, avg: 2.787s) lr=2.00e-04
00600: Loss avg=0.2315 ± 0.0019  (2.787s, avg: 2.787s) lr=2.00e-04
00700: Loss avg=0.2288 ± 0.0021  (2.786s, avg: 2.787s) lr=2.00e-04
00800: Loss avg=0.2268 ± 0.0021  (2.781s, avg: 2.786s) lr=2.00e-04
00900: Loss avg=0.2245 ± 0.0021  (2.788s, avg: 2.786s) lr=2.00e-04
01000: Loss avg=0.2221 ± 0.0021  (2.790s, avg: 2.787s) lr=2.00e-04
01100: Loss avg=0.2214 ± 0.0021  (2.779s, avg: 2.790s) lr=2.00e-04
01200: Loss avg=0.2196 ± 0.0020  (2.789s, avg: 2.790s) lr=2.00e-04
01300: Loss avg=0.2178 ± 0.0022  (2.790s, avg: 2.790s) lr=2.00e-04
01400: Loss avg=0.2168 ± 0.0026  (2.785s, avg: 2.789s) lr=2.00e-04
01500: Loss avg=0.2133 ± 0.0028  (2.783s, avg: 2.789s) lr=2.00e-04
01600: Loss avg=0.2126 ± 0.0032  (2.786s, avg: 2.789s) lr=2.00e-04
01700: Loss avg=0.2085 ± 0.0033  (2.785s, avg: 2.788s) lr=2.00e-04
01800: Loss avg=0.2013 ± 0.0036  (2.791s, avg: 2.788s) lr=2.00e-04
01900: Loss avg=0.1931 ± 0.0048  (2.791s, avg: 2.789s) lr=2.00e-04
02000: Loss avg=0.1839 ± 0.0060  (2.794s, avg: 2.789s) lr=2.00e-04
  [track] Checkpoint -> g4096_id_d128_L3_hw_step002000.bytes
02100: Loss avg=0.1725 ± 0.0070  (2.783s, avg: 2.792s) lr=2.00e-04
02200: Loss avg=0.1642 ± 0.0061  (2.789s, avg: 2.792s) lr=2.00e-04
02300: Loss avg=0.1560 ± 0.0053  (2.788s, avg: 2.791s) lr=2.00e-04
02400: Loss avg=0.1496 ± 0.0062  (2.788s, avg: 2.791s) lr=2.00e-04
02500: Loss avg=0.1428 ± 0.0058  (2.789s, avg: 2.791s) lr=2.00e-04
02600: Loss avg=0.1341 ± 0.0063  (2.790s, avg: 2.791s) lr=2.00e-04
02700: Loss avg=0.1262 ± 0.0052  (2.788s, avg: 2.791s) lr=2.00e-04
02800: Loss avg=0.1213 ± 0.0062  (2.788s, avg: 2.791s) lr=2.00e-04
02900: Loss avg=0.1129 ± 0.0056  (2.793s, avg: 2.791s) lr=2.00e-04
03000: Loss avg=0.1071 ± 0.0069  (2.790s, avg: 2.791s) lr=2.00e-04
03100: Loss avg=0.1031 ± 0.0072  (2.776s, avg: 2.792s) lr=2.00e-04
03200: Loss avg=0.0974 ± 0.0049  (2.780s, avg: 2.791s) lr=2.00e-04
03300: Loss avg=0.0907 ± 0.0049  (2.784s, avg: 2.791s) lr=2.00e-04
03400: Loss avg=0.0895 ± 0.0071  (2.792s, avg: 2.791s) lr=2.00e-04
03500: Loss avg=0.0853 ± 0.0055  (2.785s, avg: 2.791s) lr=2.00e-04
03600: Loss avg=0.0827 ± 0.0057  (2.780s, avg: 2.791s) lr=2.00e-04
03700: Loss avg=0.0812 ± 0.0054  (2.782s, avg: 2.790s) lr=2.00e-04
03800: Loss avg=0.0798 ± 0.0062  (2.786s, avg: 2.790s) lr=2.00e-04
03900: Loss avg=0.0758 ± 0.0065  (2.786s, avg: 2.790s) lr=2.00e-04
04000: Loss avg=0.0744 ± 0.0061  (2.792s, avg: 2.790s) lr=2.00e-04
  [track] Checkpoint -> g4096_id_d128_L3_hw_step004000.bytes
04100: Loss avg=0.0716 ± 0.0049  (2.787s, avg: 2.792s) lr=2.00e-04
04200: Loss avg=0.0716 ± 0.0057  (2.790s, avg: 2.792s) lr=2.00e-04
04300: Loss avg=0.0683 ± 0.0073  (2.791s, avg: 2.792s) lr=2.00e-04
04400: Loss avg=0.0693 ± 0.0069  (2.789s, avg: 2.791s) lr=2.00e-04
04500: Loss avg=0.0707 ± 0.0079  (2.792s, avg: 2.791s) lr=2.00e-04
04600: Loss avg=0.0660 ± 0.0066  (2.791s, avg: 2.791s) lr=2.00e-04
04700: Loss avg=0.0652 ± 0.0049  (2.791s, avg: 2.791s) lr=2.00e-04
04800: Loss avg=0.0654 ± 0.0065  (2.790s, avg: 2.791s) lr=2.00e-04
04900: Loss avg=0.0648 ± 0.0052  (2.790s, avg: 2.791s) lr=2.00e-04
05000: Loss avg=0.0635 ± 0.0052  (2.791s, avg: 2.791s) lr=2.00e-04
05100: Loss avg=0.0615 ± 0.0052  (2.779s, avg: 2.792s) lr=2.00e-04
05200: Loss avg=0.0606 ± 0.0050  (2.806s, avg: 2.792s) lr=2.00e-04
05300: Loss avg=0.0594 ± 0.0048  (2.791s, avg: 2.792s) lr=2.00e-04
05400: Loss avg=0.0618 ± 0.0058  (2.788s, avg: 2.792s) lr=2.00e-04
05500: Loss avg=0.0581 ± 0.0054  (2.788s, avg: 2.792s) lr=2.00e-04
05600: Loss avg=0.0579 ± 0.0058  (2.791s, avg: 2.792s) lr=2.00e-04
05700: Loss avg=0.0592 ± 0.0059  (2.789s, avg: 2.792s) lr=2.00e-04
05800: Loss avg=0.0612 ± 0.0061  (2.788s, avg: 2.792s) lr=2.00e-04
05900: Loss avg=0.0568 ± 0.0049  (2.787s, avg: 2.792s) lr=2.00e-04
06000: Loss avg=0.0554 ± 0.0051  (2.790s, avg: 2.792s) lr=2.00e-04
  [track] Checkpoint -> g4096_id_d128_L3_hw_step006000.bytes
06100: Loss avg=0.0568 ± 0.0062  (2.784s, avg: 2.793s) lr=2.00e-04
06200: Loss avg=0.0525 ± 0.0045  (2.792s, avg: 2.792s) lr=2.00e-04
06300: Loss avg=0.0562 ± 0.0064  (2.793s, avg: 2.793s) lr=2.00e-04
06400: Loss avg=0.0534 ± 0.0051  (2.785s, avg: 2.792s) lr=2.00e-04
06500: Loss avg=0.0508 ± 0.0043  (2.789s, avg: 2.792s) lr=2.00e-04
06600: Loss avg=0.0492 ± 0.0046  (2.791s, avg: 2.792s) lr=2.00e-04
06700: Loss avg=0.0495 ± 0.0049  (2.790s, avg: 2.792s) lr=2.00e-04
06800: Loss avg=0.0534 ± 0.0060  (2.788s, avg: 2.792s) lr=2.00e-04
06900: Loss avg=0.0494 ± 0.0063  (2.788s, avg: 2.792s) lr=2.00e-04
07000: Loss avg=0.0495 ± 0.0050  (2.787s, avg: 2.792s) lr=2.00e-04
07100: Loss avg=0.0494 ± 0.0054  (2.781s, avg: 2.792s) lr=2.00e-04
07200: Loss avg=0.0478 ± 0.0042  (2.790s, avg: 2.792s) lr=2.00e-04
07300: Loss avg=0.0497 ± 0.0053  (2.790s, avg: 2.792s) lr=2.00e-04
07400: Loss avg=0.0475 ± 0.0049  (2.788s, avg: 2.792s) lr=2.00e-04
07500: Loss avg=0.0473 ± 0.0048  (2.788s, avg: 2.792s) lr=2.00e-04
07600: Loss avg=0.0447 ± 0.0038  (2.788s, avg: 2.792s) lr=2.00e-04
07700: Loss avg=0.0446 ± 0.0039  (2.788s, avg: 2.792s) lr=2.00e-04
07800: Loss avg=0.0456 ± 0.0046  (2.786s, avg: 2.792s) lr=2.00e-04
07900: Loss avg=0.0448 ± 0.0042  (2.789s, avg: 2.792s) lr=2.00e-04
08000: Loss avg=0.0426 ± 0.0042  (2.791s, avg: 2.792s) lr=2.00e-04
  [track] Checkpoint -> g4096_id_d128_L3_hw_step008000.bytes
08100: Loss avg=0.0410 ± 0.0041  (2.782s, avg: 2.793s) lr=2.00e-04
08200: Loss avg=0.0402 ± 0.0033  (2.789s, avg: 2.793s) lr=2.00e-04
08300: Loss avg=0.0391 ± 0.0036  (2.792s, avg: 2.793s) lr=2.00e-04
08400: Loss avg=0.0408 ± 0.0041  (2.793s, avg: 2.793s) lr=2.00e-04
08500: Loss avg=0.0397 ± 0.0039  (2.791s, avg: 2.793s) lr=2.00e-04
08600: Loss avg=0.0399 ± 0.0039  (2.788s, avg: 2.792s) lr=2.00e-04
08700: Loss avg=0.0391 ± 0.0042  (2.786s, avg: 2.792s) lr=2.00e-04
08800: Loss avg=0.0395 ± 0.0041  (2.787s, avg: 2.792s) lr=2.00e-04
08900: Loss avg=0.0386 ± 0.0041  (2.787s, avg: 2.792s) lr=2.00e-04
09000: Loss avg=0.0369 ± 0.0032  (2.789s, avg: 2.792s) lr=2.00e-04
09100: Loss avg=0.0367 ± 0.0033  (2.781s, avg: 2.792s) lr=2.00e-04
09200: Loss avg=0.0366 ± 0.0037  (2.789s, avg: 2.792s) lr=2.00e-04
09300: Loss avg=0.0357 ± 0.0031  (2.790s, avg: 2.792s) lr=2.00e-04
09400: Loss avg=0.0350 ± 0.0036  (2.791s, avg: 2.792s) lr=2.00e-04
09500: Loss avg=0.0376 ± 0.0041  (2.794s, avg: 2.792s) lr=2.00e-04
09600: Loss avg=0.0367 ± 0.0037  (2.791s, avg: 2.792s) lr=2.00e-04
09700: Loss avg=0.0367 ± 0.0045  (2.789s, avg: 2.792s) lr=2.00e-04
09800: Loss avg=0.0346 ± 0.0034  (2.788s, avg: 2.792s) lr=2.00e-04
09900: Loss avg=0.0335 ± 0.0033  (2.792s, avg: 2.792s) lr=2.00e-04
10000: Loss avg=0.0339 ± 0.0033  (2.788s, avg: 2.792s) lr=2.00e-04
  [track] Checkpoint -> g4096_id_d128_L3_hw_step010000.bytes
10100: Loss avg=0.0363 ± 0.0040  (2.782s, avg: 2.793s) lr=2.00e-04
10200: Loss avg=0.0347 ± 0.0035  (2.790s, avg: 2.793s) lr=2.00e-04
10300: Loss avg=0.0330 ± 0.0040  (2.792s, avg: 2.793s) lr=2.00e-04
10400: Loss avg=0.0335 ± 0.0034  (2.773s, avg: 2.793s) lr=2.00e-04
10500: Loss avg=0.0327 ± 0.0032  (2.772s, avg: 2.792s) lr=2.00e-04
10600: Loss avg=0.0336 ± 0.0041  (2.775s, avg: 2.792s) lr=2.00e-04
10700: Loss avg=0.0330 ± 0.0036  (2.771s, avg: 2.792s) lr=2.00e-04
10800: Loss avg=0.0337 ± 0.0036  (2.771s, avg: 2.792s) lr=2.00e-04
10900: Loss avg=0.0325 ± 0.0036  (2.772s, avg: 2.792s) lr=2.00e-04
11000: Loss avg=0.0319 ± 0.0029  (2.774s, avg: 2.791s) lr=2.00e-04
11100: Loss avg=0.0330 ± 0.0037  (2.762s, avg: 2.791s) lr=2.00e-04
11200: Loss avg=0.0311 ± 0.0030  (2.770s, avg: 2.791s) lr=2.00e-04
11300: Loss avg=0.0314 ± 0.0027  (2.771s, avg: 2.791s) lr=2.00e-04
11400: Loss avg=0.0311 ± 0.0031  (2.771s, avg: 2.791s) lr=2.00e-04
11500: Loss avg=0.0304 ± 0.0033  (2.772s, avg: 2.791s) lr=2.00e-04
11600: Loss avg=0.0326 ± 0.0041  (2.773s, avg: 2.791s) lr=2.00e-04
11700: Loss avg=0.0313 ± 0.0035  (2.772s, avg: 2.790s) lr=2.00e-04
11800: Loss avg=0.0295 ± 0.0027  (2.772s, avg: 2.790s) lr=2.00e-04
11900: Loss avg=0.0315 ± 0.0028  (2.771s, avg: 2.790s) lr=2.00e-04
12000: Loss avg=0.0310 ± 0.0030  (2.773s, avg: 2.790s) lr=2.00e-04
  [track] Checkpoint -> g4096_id_d128_L3_hw_step012000.bytes
12100: Loss avg=0.0294 ± 0.0029  (2.763s, avg: 2.790s) lr=2.00e-04
12200: Loss avg=0.0302 ± 0.0031  (2.772s, avg: 2.790s) lr=2.00e-04
12300: Loss avg=0.0300 ± 0.0030  (2.771s, avg: 2.790s) lr=2.00e-04
12400: Loss avg=0.0285 ± 0.0026  (2.771s, avg: 2.790s) lr=2.00e-04
12500: Loss avg=0.0303 ± 0.0045  (2.772s, avg: 2.790s) lr=2.00e-04
12600: Loss avg=0.0305 ± 0.0034  (2.773s, avg: 2.789s) lr=2.00e-04
12700: Loss avg=0.0302 ± 0.0033  (2.774s, avg: 2.789s) lr=2.00e-04
12800: Loss avg=0.0292 ± 0.0030  (2.773s, avg: 2.789s) lr=2.00e-04
12900: Loss avg=0.0291 ± 0.0042  (2.771s, avg: 2.789s) lr=2.00e-04
  [lr] plateau detected: lr 2.00e-04 -> 1.00e-04
13000: Loss avg=0.0284 ± 0.0028  (2.772s, avg: 2.789s) lr=1.00e-04
13100: Loss avg=0.0264 ± 0.0029  (2.761s, avg: 2.789s) lr=1.00e-04
13200: Loss avg=0.0259 ± 0.0025  (2.773s, avg: 2.789s) lr=1.00e-04
13300: Loss avg=0.0259 ± 0.0030  (2.772s, avg: 2.789s) lr=1.00e-04
13400: Loss avg=0.0256 ± 0.0027  (2.771s, avg: 2.789s) lr=1.00e-04
13500: Loss avg=0.0252 ± 0.0030  (2.771s, avg: 2.788s) lr=1.00e-04
13600: Loss avg=0.0253 ± 0.0026  (2.774s, avg: 2.788s) lr=1.00e-04
13700: Loss avg=0.0248 ± 0.0029  (2.773s, avg: 2.788s) lr=1.00e-04
13800: Loss avg=0.0251 ± 0.0028  (2.779s, avg: 2.788s) lr=1.00e-04
13900: Loss avg=0.0249 ± 0.0028  (2.772s, avg: 2.788s) lr=1.00e-04
14000: Loss avg=0.0248 ± 0.0024  (2.773s, avg: 2.788s) lr=1.00e-04
  [track] Checkpoint -> g4096_id_d128_L3_hw_step014000.bytes
14100: Loss avg=0.0248 ± 0.0024  (2.763s, avg: 2.788s) lr=1.00e-04
14200: Loss avg=0.0252 ± 0.0029  (2.774s, avg: 2.788s) lr=1.00e-04
14300: Loss avg=0.0244 ± 0.0027  (2.772s, avg: 2.788s) lr=1.00e-04
14400: Loss avg=0.0249 ± 0.0026  (2.772s, avg: 2.788s) lr=1.00e-04
14500: Loss avg=0.0246 ± 0.0025  (2.772s, avg: 2.788s) lr=1.00e-04
14600: Loss avg=0.0249 ± 0.0029  (2.772s, avg: 2.788s) lr=1.00e-04
14700: Loss avg=0.0241 ± 0.0027  (2.774s, avg: 2.787s) lr=1.00e-04
14800: Loss avg=0.0244 ± 0.0027  (2.773s, avg: 2.787s) lr=1.00e-04
14900: Loss avg=0.0241 ± 0.0024  (2.775s, avg: 2.787s) lr=1.00e-04
15000: Loss avg=0.0238 ± 0.0027  (2.774s, avg: 2.787s) lr=1.00e-04
15100: Loss avg=0.0239 ± 0.0027  (2.763s, avg: 2.787s) lr=1.00e-04
15200: Loss avg=0.0233 ± 0.0029  (2.772s, avg: 2.787s) lr=1.00e-04
15300: Loss avg=0.0237 ± 0.0027  (2.775s, avg: 2.787s) lr=1.00e-04
15400: Loss avg=0.0237 ± 0.0025  (2.773s, avg: 2.787s) lr=1.00e-04
15500: Loss avg=0.0228 ± 0.0026  (2.773s, avg: 2.787s) lr=1.00e-04
15600: Loss avg=0.0237 ± 0.0029  (2.773s, avg: 2.787s) lr=1.00e-04
15700: Loss avg=0.0233 ± 0.0020  (2.772s, avg: 2.787s) lr=1.00e-04
15800: Loss avg=0.0226 ± 0.0024  (2.774s, avg: 2.787s) lr=1.00e-04
15900: Loss avg=0.0231 ± 0.0026  (2.771s, avg: 2.786s) lr=1.00e-04
16000: Loss avg=0.0224 ± 0.0023  (2.774s, avg: 2.786s) lr=1.00e-04
  [track] Checkpoint -> g4096_id_d128_L3_hw_step016000.bytes
16100: Loss avg=0.0231 ± 0.0026  (2.764s, avg: 2.787s) lr=1.00e-04
16200: Loss avg=0.0225 ± 0.0025  (2.772s, avg: 2.787s) lr=1.00e-04
16300: Loss avg=0.0237 ± 0.0026  (2.772s, avg: 2.786s) lr=1.00e-04
16400: Loss avg=0.0224 ± 0.0024  (2.771s, avg: 2.786s) lr=1.00e-04
16500: Loss avg=0.0229 ± 0.0028  (2.771s, avg: 2.786s) lr=1.00e-04
  [lr] plateau detected: lr 1.00e-04 -> 5.00e-05
16600: Loss avg=0.0223 ± 0.0026  (2.771s, avg: 2.786s) lr=5.00e-05
16700: Loss avg=0.0213 ± 0.0024  (2.771s, avg: 2.786s) lr=5.00e-05
16800: Loss avg=0.0209 ± 0.0023  (2.772s, avg: 2.786s) lr=5.00e-05
16900: Loss avg=0.0210 ± 0.0023  (2.774s, avg: 2.786s) lr=5.00e-05
17000: Loss avg=0.0209 ± 0.0025  (2.774s, avg: 2.786s) lr=5.00e-05
17100: Loss avg=0.0210 ± 0.0025  (2.765s, avg: 2.786s) lr=5.00e-05
17200: Loss avg=0.0213 ± 0.0023  (2.772s, avg: 2.786s) lr=5.00e-05
17300: Loss avg=0.0213 ± 0.0027  (2.771s, avg: 2.786s) lr=5.00e-05
  [lr] plateau detected: lr 5.00e-05 -> 2.50e-05
17400: Loss avg=0.0211 ± 0.0027  (2.772s, avg: 2.786s) lr=2.50e-05
17500: Loss avg=0.0202 ± 0.0024  (2.773s, avg: 2.786s) lr=2.50e-05
17600: Loss avg=0.0206 ± 0.0024  (2.771s, avg: 2.786s) lr=2.50e-05
17700: Loss avg=0.0208 ± 0.0027  (2.772s, avg: 2.785s) lr=2.50e-05
17800: Loss avg=0.0205 ± 0.0026  (2.772s, avg: 2.785s) lr=2.50e-05
17900: Loss avg=0.0201 ± 0.0023  (2.774s, avg: 2.785s) lr=2.50e-05
18000: Loss avg=0.0199 ± 0.0021  (2.774s, avg: 2.785s) lr=2.50e-05
  [track] Checkpoint -> g4096_id_d128_L3_hw_step018000.bytes
18100: Loss avg=0.0202 ± 0.0025  (2.766s, avg: 2.785s) lr=2.50e-05
18200: Loss avg=0.0201 ± 0.0024  (2.772s, avg: 2.785s) lr=2.50e-05
18300: Loss avg=0.0204 ± 0.0025  (2.773s, avg: 2.785s) lr=2.50e-05
18400: Loss avg=0.0202 ± 0.0025  (2.772s, avg: 2.785s) lr=2.50e-05
18500: Loss avg=0.0199 ± 0.0022  (2.773s, avg: 2.785s) lr=2.50e-05
  [lr] plateau detected: lr 2.50e-05 -> 1.25e-05
18600: Loss avg=0.0198 ± 0.0023  (2.771s, avg: 2.785s) lr=1.25e-05
18700: Loss avg=0.0200 ± 0.0022  (2.771s, avg: 2.785s) lr=1.25e-05
18800: Loss avg=0.0201 ± 0.0023  (2.772s, avg: 2.785s) lr=1.25e-05
18900: Loss avg=0.0202 ± 0.0026  (2.772s, avg: 2.785s) lr=1.25e-05
19000: Loss avg=0.0200 ± 0.0024  (2.773s, avg: 2.785s) lr=1.25e-05
19100: Loss avg=0.0197 ± 0.0024  (2.763s, avg: 2.785s) lr=1.25e-05
19200: Loss avg=0.0196 ± 0.0025  (2.774s, avg: 2.785s) lr=1.25e-05
19300: Loss avg=0.0193 ± 0.0024  (2.772s, avg: 2.785s) lr=1.25e-05
19400: Loss avg=0.0194 ± 0.0023  (2.772s, avg: 2.785s) lr=1.25e-05
19500: Loss avg=0.0204 ± 0.0022  (2.771s, avg: 2.785s) lr=1.25e-05
19600: Loss avg=0.0197 ± 0.0023  (2.774s, avg: 2.785s) lr=1.25e-05
19700: Loss avg=0.0197 ± 0.0024  (2.772s, avg: 2.784s) lr=1.25e-05
19800: Loss avg=0.0196 ± 0.0026  (2.772s, avg: 2.784s) lr=1.25e-05
  [lr] plateau detected: lr 1.25e-05 -> 6.25e-06
19900: Loss avg=0.0195 ± 0.0024  (2.772s, avg: 2.784s) lr=6.25e-06
20000: Loss avg=0.0193 ± 0.0023  (2.771s, avg: 2.784s) lr=6.25e-06
  [track] Checkpoint -> g4096_id_d128_L3_hw_step020000.bytes
20100: Loss avg=0.0193 ± 0.0023  (2.765s, avg: 2.784s) lr=6.25e-06
20200: Loss avg=0.0199 ± 0.0024  (2.772s, avg: 2.784s) lr=6.25e-06
20300: Loss avg=0.0194 ± 0.0022  (2.776s, avg: 2.784s) lr=6.25e-06
20400: Loss avg=0.0195 ± 0.0027  (2.772s, avg: 2.784s) lr=6.25e-06
20500: Loss avg=0.0192 ± 0.0022  (2.772s, avg: 2.784s) lr=6.25e-06
20600: Loss avg=0.0191 ± 0.0025  (2.771s, avg: 2.784s) lr=6.25e-06
20700: Loss avg=0.0196 ± 0.0023  (2.772s, avg: 2.784s) lr=6.25e-06
20800: Loss avg=0.0194 ± 0.0024  (2.771s, avg: 2.784s) lr=6.25e-06
20900: Loss avg=0.0196 ± 0.0025  (2.772s, avg: 2.784s) lr=6.25e-06
21000: Loss avg=0.0198 ± 0.0024  (2.771s, avg: 2.784s) lr=6.25e-06
21100: Loss avg=0.0190 ± 0.0021  (2.762s, avg: 2.784s) lr=6.25e-06
21200: Loss avg=0.0194 ± 0.0024  (2.773s, avg: 2.784s) lr=6.25e-06
21300: Loss avg=0.0199 ± 0.0025  (2.771s, avg: 2.784s) lr=6.25e-06
21400: Loss avg=0.0195 ± 0.0024  (2.774s, avg: 2.784s) lr=6.25e-06
21500: Loss avg=0.0195 ± 0.0024  (2.771s, avg: 2.784s) lr=6.25e-06
21600: Loss avg=0.0191 ± 0.0023  (2.772s, avg: 2.784s) lr=6.25e-06
  [lr] plateau detected: lr 6.25e-06 -> 3.13e-06
21700: Loss avg=0.0193 ± 0.0025  (2.773s, avg: 2.784s) lr=3.13e-06
21800: Loss avg=0.0191 ± 0.0022  (2.770s, avg: 2.784s) lr=3.13e-06
21900: Loss avg=0.0192 ± 0.0025  (2.771s, avg: 2.784s) lr=3.13e-06
22000: Loss avg=0.0195 ± 0.0027  (2.771s, avg: 2.783s) lr=3.13e-06
  [track] Checkpoint -> g4096_id_d128_L3_hw_step022000.bytes
22100: Loss avg=0.0193 ± 0.0025  (2.763s, avg: 2.784s) lr=3.13e-06
22200: Loss avg=0.0194 ± 0.0022  (2.771s, avg: 2.784s) lr=3.13e-06
22300: Loss avg=0.0195 ± 0.0023  (2.773s, avg: 2.784s) lr=3.13e-06
  [lr] plateau detected: lr 3.13e-06 -> 1.56e-06
22400: Loss avg=0.0192 ± 0.0025  (2.773s, avg: 2.783s) lr=1.56e-06
22500: Loss avg=0.0191 ± 0.0023  (2.773s, avg: 2.783s) lr=1.56e-06
22600: Loss avg=0.0196 ± 0.0025  (2.773s, avg: 2.783s) lr=1.56e-06
22700: Loss avg=0.0190 ± 0.0024  (2.772s, avg: 2.783s) lr=1.56e-06
22800: Loss avg=0.0190 ± 0.0023  (2.773s, avg: 2.783s) lr=1.56e-06
22900: Loss avg=0.0191 ± 0.0023  (2.773s, avg: 2.783s) lr=1.56e-06
23000: Loss avg=0.0190 ± 0.0026  (2.771s, avg: 2.783s) lr=1.56e-06
  [lr] plateau detected: lr 1.56e-06 -> 1.00e-06
23100: Loss avg=0.0193 ± 0.0024  (2.764s, avg: 2.783s) lr=1.00e-06
23200: Loss avg=0.0195 ± 0.0022  (2.772s, avg: 2.783s) lr=1.00e-06
23300: Loss avg=0.0193 ± 0.0022  (2.772s, avg: 2.783s) lr=1.00e-06
23400: Loss avg=0.0192 ± 0.0025  (2.773s, avg: 2.783s) lr=1.00e-06
23500: Loss avg=0.0193 ± 0.0024  (2.778s, avg: 2.783s) lr=1.00e-06
23600: Loss avg=0.0188 ± 0.0022  (2.773s, avg: 2.783s) lr=1.00e-06
23700: Loss avg=0.0192 ± 0.0022  (2.773s, avg: 2.783s) lr=1.00e-06
23800: Loss avg=0.0188 ± 0.0021  (2.773s, avg: 2.783s) lr=1.00e-06
23900: Loss avg=0.0187 ± 0.0020  (2.774s, avg: 2.783s) lr=1.00e-06
24000: Loss avg=0.0191 ± 0.0021  (2.774s, avg: 2.783s) lr=1.00e-06
  [track] Checkpoint -> g4096_id_d128_L3_hw_step024000.bytes
24100: Loss avg=0.0191 ± 0.0023  (2.764s, avg: 2.783s) lr=1.00e-06
24200: Loss avg=0.0193 ± 0.0023  (2.772s, avg: 2.783s) lr=1.00e-06
24300: Loss avg=0.0191 ± 0.0026  (2.772s, avg: 2.783s) lr=1.00e-06
24400: Loss avg=0.0190 ± 0.0023  (2.775s, avg: 2.783s) lr=1.00e-06
24500: Loss avg=0.0192 ± 0.0024  (2.771s, avg: 2.783s) lr=1.00e-06
24600: Loss avg=0.0190 ± 0.0024  (2.775s, avg: 2.783s) lr=1.00e-06
24700: Loss avg=0.0194 ± 0.0022  (2.772s, avg: 2.783s) lr=1.00e-06
24800: Loss avg=0.0192 ± 0.0024  (2.772s, avg: 2.783s) lr=1.00e-06
24900: Loss avg=0.0190 ± 0.0025  (2.773s) lr=1.00e-06
  [auto-stop] plateau at min_lr=1.00e-06 (10/10 steps without >5e-03 improvement); stopping.
Saved to /orcd/home/002/osbo/ondemand/fluid-sim/Assets/Scripts/weights/g4096_id_d128_L3_hw.bytes
================================================================
Finished: Tue May 12 00:35:19 EDT 2026
================================================================
