================================================================
Job 13582466, task 5 on node2434
Started: Fri May  8 15:23:22 EDT 2026
================================================================
[5/19] v2_2048_d64_L3_hw
Using device: cuda
  [startup] Random sample of 100 frames (--num-frames 100)
  [startup] Loaded 100 training contexts from disk cache (1826.65 ms) → .leafonly_training_context_cache/
  [startup] global_max_edges = 10058
  [startup] contexts_per_step = 4 (gradient accumulation)
  [startup] Ablation config: layers=3, gcn_layers=2, jacobi=True (node_scalar), attention_layout=128x129, off_diag_dense_attn=True, diag_dense_attn=True, use_highways=True
  [startup] torch.compile(model): enabled (CUDA)
  [startup] LR scheduler: ReduceLROnPlateau (factor=0.5, patience=5, threshold=5e-3, min_lr=1.00e-06, auto-stop (patience=10, threshold=5e-3 at min_lr))
  Block preconditioner: 16 leaves, diag 128×128, off 32×32 (128 nodes/leaf)
  Probe vectors (loss MC columns): auto max(64, ⌈√n_pad⌉) per step (override with --probe-vectors K)
  Probe MAZ path: --leafonly-pcg=matrix_free (A@Z: sparse block-diagonal A@Z (all devices; dense bmm only if context cache has use_dense_A); apply_block_diagonal_M torch.compile (matrix_free))
  Loss mode: hutchinson (cosine-similarity probe; --loss-mode hutchinson)

=== Startup timing (wall clock, ms) ===
  Dataset + run folder scan:         103.56
  Load training contexts (disk→device):    1826.65 ms  (100 contexts)
  LeafOnlyNet + .to(device):          10.90
  torch.compile(model) call:        2908.18  (CUDA; Inductor runs on 1st forward/backward)
  load_leaf_only_weights:         skipped
  AdamW + ReduceLROnPlateau:           0.41
  ---
  Total before training loop:       4884.32
  Note: First loss line’s (elapsed) is wall time for that step only (after startup); with torch.compile, the first forward+backward triggers Inductor codegen (often ~10–20s).
  At step 299, a one-time detailed breakdown (zero_grad / forward / apply M / backward / …) is printed.

  [track] Training profile CSV: /orcd/home/002/osbo/ondemand/fluid-sim/Assets/Scripts/weights/v2_2048_d64_L3_hw_training_profile.csv
00000: Loss avg=0.2500 ± 0.0000  (34.907s) lr=2.00e-04
  [track] Checkpoint -> v2_2048_d64_L3_hw_step000000.bytes
00100: Loss avg=0.2442 ± 0.0023  (18.328s) lr=2.00e-04
00200: Loss avg=0.2428 ± 0.0020  (1.451s) lr=2.00e-04

--- Detailed timing for step 300 (contexts_per_step=4, batched forward) ---
  batch: B=4, n_pad=2048, batch_vectors=256
--- Step 300 detailed timing (ms) ---
  zero_grad:            0.18
  batch assembly:       0.19
  model forward:        3.07
  probe Z+Jacobi:       0.96
  A @ Z (sparse block-mm):     0.40
  apply M (MAZ):        0.48
  residual + loss:      0.18
  backward:             6.09
  clip_grad_norm:       0.82
  optimizer.step:       1.08
  total:               13.46
  full iter (wall):    13.59 ms  (Python / scheduler / print overhead ≈ +0.13 ms vs sum above)
----------------------------------------

00300: Loss avg=0.2426 ± 0.0019  (1.654s, avg: 1.654s) lr=2.00e-04
00400: Loss avg=0.2400 ± 0.0021  (1.312s, avg: 1.312s) lr=2.00e-04
00500: Loss avg=0.2382 ± 0.0019  (1.600s, avg: 1.456s) lr=2.00e-04
00600: Loss avg=0.2376 ± 0.0018  (1.276s, avg: 1.396s) lr=2.00e-04
00700: Loss avg=0.2356 ± 0.0016  (1.553s, avg: 1.435s) lr=2.00e-04
00800: Loss avg=0.2353 ± 0.0018  (1.225s, avg: 1.393s) lr=2.00e-04
00900: Loss avg=0.2345 ± 0.0018  (1.251s, avg: 1.370s) lr=2.00e-04
01000: Loss avg=0.2342 ± 0.0020  (1.544s, avg: 1.394s) lr=2.00e-04
01100: Loss avg=0.2331 ± 0.0017  (1.235s, avg: 1.376s) lr=2.00e-04
01200: Loss avg=0.2321 ± 0.0017  (1.514s, avg: 1.391s) lr=2.00e-04
01300: Loss avg=0.2314 ± 0.0019  (1.487s, avg: 1.401s) lr=2.00e-04
01400: Loss avg=0.2297 ± 0.0019  (1.600s, avg: 1.419s) lr=2.00e-04
01500: Loss avg=0.2277 ± 0.0022  (1.564s, avg: 1.431s) lr=2.00e-04
01600: Loss avg=0.2254 ± 0.0021  (1.476s, avg: 1.435s) lr=2.00e-04
01700: Loss avg=0.2232 ± 0.0022  (1.467s, avg: 1.437s) lr=2.00e-04
01800: Loss avg=0.2178 ± 0.0032  (1.539s, avg: 1.444s) lr=2.00e-04
01900: Loss avg=0.2116 ± 0.0024  (1.484s, avg: 1.446s) lr=2.00e-04
02000: Loss avg=0.2072 ± 0.0027  (1.544s, avg: 1.452s) lr=2.00e-04
  [track] Checkpoint -> v2_2048_d64_L3_hw_step002000.bytes
02100: Loss avg=0.2032 ± 0.0032  (1.422s, avg: 1.452s) lr=2.00e-04
02200: Loss avg=0.1990 ± 0.0032  (1.551s, avg: 1.457s) lr=2.00e-04
02300: Loss avg=0.1957 ± 0.0030  (1.432s, avg: 1.456s) lr=2.00e-04
02400: Loss avg=0.1902 ± 0.0039  (1.433s, avg: 1.455s) lr=2.00e-04
02500: Loss avg=0.1834 ± 0.0041  (1.542s, avg: 1.459s) lr=2.00e-04
02600: Loss avg=0.1733 ± 0.0050  (1.453s, avg: 1.458s) lr=2.00e-04
02700: Loss avg=0.1627 ± 0.0049  (1.328s, avg: 1.453s) lr=2.00e-04
02800: Loss avg=0.1530 ± 0.0048  (1.429s, avg: 1.452s) lr=2.00e-04
02900: Loss avg=0.1466 ± 0.0046  (1.523s, avg: 1.455s) lr=2.00e-04
03000: Loss avg=0.1423 ± 0.0059  (1.533s, avg: 1.458s) lr=2.00e-04
03100: Loss avg=0.1398 ± 0.0055  (1.522s, avg: 1.460s) lr=2.00e-04
03200: Loss avg=0.1357 ± 0.0041  (1.442s, avg: 1.460s) lr=2.00e-04
03300: Loss avg=0.1327 ± 0.0053  (1.539s, avg: 1.462s) lr=2.00e-04
03400: Loss avg=0.1281 ± 0.0043  (1.582s, avg: 1.466s) lr=2.00e-04
03500: Loss avg=0.1285 ± 0.0071  (1.334s, avg: 1.462s) lr=2.00e-04
03600: Loss avg=0.1222 ± 0.0049  (1.243s, avg: 1.455s) lr=2.00e-04
03700: Loss avg=0.1200 ± 0.0053  (1.435s, avg: 1.455s) lr=2.00e-04
03800: Loss avg=0.1172 ± 0.0050  (1.538s, avg: 1.457s) lr=2.00e-04
03900: Loss avg=0.1140 ± 0.0053  (1.512s, avg: 1.459s) lr=2.00e-04
04000: Loss avg=0.1112 ± 0.0051  (1.503s, avg: 1.460s) lr=2.00e-04
  [track] Checkpoint -> v2_2048_d64_L3_hw_step004000.bytes
04100: Loss avg=0.1084 ± 0.0049  (1.421s, avg: 1.460s) lr=2.00e-04
04200: Loss avg=0.1071 ± 0.0053  (1.522s, avg: 1.461s) lr=2.00e-04
04300: Loss avg=0.1045 ± 0.0053  (1.179s, avg: 1.454s) lr=2.00e-04
04400: Loss avg=0.1041 ± 0.0060  (1.506s, avg: 1.455s) lr=2.00e-04
04500: Loss avg=0.0987 ± 0.0048  (1.175s, avg: 1.449s) lr=2.00e-04
04600: Loss avg=0.0987 ± 0.0053  (1.185s, avg: 1.443s) lr=2.00e-04
04700: Loss avg=0.0966 ± 0.0043  (1.496s, avg: 1.444s) lr=2.00e-04
04800: Loss avg=0.0952 ± 0.0056  (1.208s, avg: 1.439s) lr=2.00e-04
04900: Loss avg=0.0923 ± 0.0053  (1.423s, avg: 1.438s) lr=2.00e-04
05000: Loss avg=0.0914 ± 0.0061  (1.422s, avg: 1.438s) lr=2.00e-04
05100: Loss avg=0.0894 ± 0.0050  (1.176s, avg: 1.433s) lr=2.00e-04
05200: Loss avg=0.0887 ± 0.0052  (1.175s, avg: 1.427s) lr=2.00e-04
05300: Loss avg=0.0856 ± 0.0049  (1.406s, avg: 1.427s) lr=2.00e-04
05400: Loss avg=0.0868 ± 0.0058  (1.179s, avg: 1.422s) lr=2.00e-04
05500: Loss avg=0.0869 ± 0.0054  (1.411s, avg: 1.422s) lr=2.00e-04
05600: Loss avg=0.0827 ± 0.0047  (1.353s, avg: 1.421s) lr=2.00e-04
05700: Loss avg=0.0844 ± 0.0055  (1.232s, avg: 1.417s) lr=2.00e-04
05800: Loss avg=0.0807 ± 0.0048  (1.315s, avg: 1.415s) lr=2.00e-04
05900: Loss avg=0.0810 ± 0.0060  (1.424s, avg: 1.415s) lr=2.00e-04
06000: Loss avg=0.0808 ± 0.0047  (1.207s, avg: 1.412s) lr=2.00e-04
  [track] Checkpoint -> v2_2048_d64_L3_hw_step006000.bytes
06100: Loss avg=0.0791 ± 0.0058  (1.421s, avg: 1.412s) lr=2.00e-04
06200: Loss avg=0.0798 ± 0.0062  (1.416s, avg: 1.412s) lr=2.00e-04
06300: Loss avg=0.0791 ± 0.0052  (1.180s, avg: 1.408s) lr=2.00e-04
06400: Loss avg=0.0777 ± 0.0057  (1.174s, avg: 1.405s) lr=2.00e-04
06500: Loss avg=0.0769 ± 0.0053  (1.176s, avg: 1.401s) lr=2.00e-04
06600: Loss avg=0.0745 ± 0.0056  (1.423s, avg: 1.401s) lr=2.00e-04
06700: Loss avg=0.0753 ± 0.0054  (1.176s, avg: 1.398s) lr=2.00e-04
06800: Loss avg=0.0748 ± 0.0064  (1.176s, avg: 1.394s) lr=2.00e-04
06900: Loss avg=0.0738 ± 0.0058  (1.417s, avg: 1.395s) lr=2.00e-04
07000: Loss avg=0.0720 ± 0.0051  (1.406s, avg: 1.395s) lr=2.00e-04
07100: Loss avg=0.0744 ± 0.0062  (1.182s, avg: 1.392s) lr=2.00e-04
07200: Loss avg=0.0706 ± 0.0052  (1.177s, avg: 1.389s) lr=2.00e-04
07300: Loss avg=0.0724 ± 0.0061  (1.431s, avg: 1.389s) lr=2.00e-04
07400: Loss avg=0.0704 ± 0.0045  (1.176s, avg: 1.386s) lr=2.00e-04
07500: Loss avg=0.0691 ± 0.0050  (1.422s, avg: 1.387s) lr=2.00e-04
07600: Loss avg=0.0686 ± 0.0051  (1.173s, avg: 1.384s) lr=2.00e-04
07700: Loss avg=0.0684 ± 0.0051  (1.177s, avg: 1.381s) lr=2.00e-04
07800: Loss avg=0.0717 ± 0.0064  (1.419s, avg: 1.382s) lr=2.00e-04
07900: Loss avg=0.0656 ± 0.0047  (1.448s, avg: 1.383s) lr=2.00e-04
08000: Loss avg=0.0668 ± 0.0054  (1.187s, avg: 1.380s) lr=2.00e-04
  [track] Checkpoint -> v2_2048_d64_L3_hw_step008000.bytes
08100: Loss avg=0.0657 ± 0.0061  (1.180s, avg: 1.378s) lr=2.00e-04
08200: Loss avg=0.0666 ± 0.0058  (1.424s, avg: 1.378s) lr=2.00e-04
08300: Loss avg=0.0634 ± 0.0044  (1.420s, avg: 1.379s) lr=2.00e-04
08400: Loss avg=0.0639 ± 0.0048  (1.442s, avg: 1.380s) lr=2.00e-04
08500: Loss avg=0.0648 ± 0.0047  (1.350s, avg: 1.379s) lr=2.00e-04
08600: Loss avg=0.0637 ± 0.0053  (1.181s, avg: 1.377s) lr=2.00e-04
08700: Loss avg=0.0644 ± 0.0065  (1.176s, avg: 1.374s) lr=2.00e-04
08800: Loss avg=0.0641 ± 0.0053  (1.201s, avg: 1.372s) lr=2.00e-04
08900: Loss avg=0.0617 ± 0.0050  (1.422s, avg: 1.373s) lr=2.00e-04
09000: Loss avg=0.0612 ± 0.0052  (1.350s, avg: 1.373s) lr=2.00e-04
09100: Loss avg=0.0606 ± 0.0051  (1.331s, avg: 1.372s) lr=2.00e-04
09200: Loss avg=0.0610 ± 0.0050  (1.480s, avg: 1.374s) lr=2.00e-04
09300: Loss avg=0.0611 ± 0.0053  (1.409s, avg: 1.374s) lr=2.00e-04
09400: Loss avg=0.0603 ± 0.0051  (1.179s, avg: 1.372s) lr=2.00e-04
09500: Loss avg=0.0600 ± 0.0055  (1.397s, avg: 1.372s) lr=2.00e-04
09600: Loss avg=0.0592 ± 0.0048  (1.465s, avg: 1.373s) lr=2.00e-04
09700: Loss avg=0.0605 ± 0.0064  (1.322s, avg: 1.373s) lr=2.00e-04
09800: Loss avg=0.0572 ± 0.0045  (1.416s, avg: 1.373s) lr=2.00e-04
09900: Loss avg=0.0581 ± 0.0062  (1.195s, avg: 1.371s) lr=2.00e-04
10000: Loss avg=0.0567 ± 0.0049  (1.387s, avg: 1.371s) lr=2.00e-04
  [track] Checkpoint -> v2_2048_d64_L3_hw_step010000.bytes
10100: Loss avg=0.0571 ± 0.0054  (1.418s, avg: 1.372s) lr=2.00e-04
10200: Loss avg=0.0565 ± 0.0044  (1.474s, avg: 1.373s) lr=2.00e-04
10300: Loss avg=0.0557 ± 0.0047  (1.179s, avg: 1.371s) lr=2.00e-04
10400: Loss avg=0.0544 ± 0.0044  (1.437s, avg: 1.372s) lr=2.00e-04
10500: Loss avg=0.0551 ± 0.0051  (1.174s, avg: 1.370s) lr=2.00e-04
10600: Loss avg=0.0553 ± 0.0053  (1.408s, avg: 1.370s) lr=2.00e-04
10700: Loss avg=0.0550 ± 0.0055  (1.176s, avg: 1.368s) lr=2.00e-04
10800: Loss avg=0.0543 ± 0.0049  (1.411s, avg: 1.369s) lr=2.00e-04
10900: Loss avg=0.0536 ± 0.0053  (1.181s, avg: 1.367s) lr=2.00e-04
11000: Loss avg=0.0553 ± 0.0062  (1.177s, avg: 1.365s) lr=2.00e-04
11100: Loss avg=0.0532 ± 0.0046  (1.175s, avg: 1.364s) lr=2.00e-04
11200: Loss avg=0.0534 ± 0.0045  (1.179s, avg: 1.362s) lr=2.00e-04
11300: Loss avg=0.0517 ± 0.0051  (1.394s, avg: 1.362s) lr=2.00e-04
11400: Loss avg=0.0505 ± 0.0041  (1.402s, avg: 1.363s) lr=2.00e-04
11500: Loss avg=0.0535 ± 0.0049  (1.417s, avg: 1.363s) lr=2.00e-04
11600: Loss avg=0.0507 ± 0.0046  (1.431s, avg: 1.364s) lr=2.00e-04
11700: Loss avg=0.0518 ± 0.0046  (1.178s, avg: 1.362s) lr=2.00e-04
11800: Loss avg=0.0516 ± 0.0046  (1.407s, avg: 1.362s) lr=2.00e-04
11900: Loss avg=0.0504 ± 0.0045  (1.349s, avg: 1.362s) lr=2.00e-04
12000: Loss avg=0.0501 ± 0.0047  (1.505s, avg: 1.364s) lr=2.00e-04
  [track] Checkpoint -> v2_2048_d64_L3_hw_step012000.bytes
12100: Loss avg=0.0509 ± 0.0052  (1.306s, avg: 1.363s) lr=2.00e-04
12200: Loss avg=0.0505 ± 0.0048  (1.404s, avg: 1.364s) lr=2.00e-04
12300: Loss avg=0.0505 ± 0.0060  (1.346s, avg: 1.363s) lr=2.00e-04
12400: Loss avg=0.0493 ± 0.0049  (1.182s, avg: 1.362s) lr=2.00e-04
12500: Loss avg=0.0487 ± 0.0041  (1.451s, avg: 1.363s) lr=2.00e-04
12600: Loss avg=0.0484 ± 0.0041  (1.176s, avg: 1.361s) lr=2.00e-04
12700: Loss avg=0.0474 ± 0.0043  (1.404s, avg: 1.361s) lr=2.00e-04
12800: Loss avg=0.0488 ± 0.0045  (1.180s, avg: 1.360s) lr=2.00e-04
12900: Loss avg=0.0465 ± 0.0044  (1.176s, avg: 1.359s) lr=2.00e-04
13000: Loss avg=0.0474 ± 0.0041  (1.397s, avg: 1.359s) lr=2.00e-04
13100: Loss avg=0.0476 ± 0.0046  (1.388s, avg: 1.359s) lr=2.00e-04
13200: Loss avg=0.0464 ± 0.0046  (1.496s, avg: 1.360s) lr=2.00e-04
13300: Loss avg=0.0492 ± 0.0060  (1.473s, avg: 1.361s) lr=2.00e-04
13400: Loss avg=0.0474 ± 0.0049  (1.465s, avg: 1.362s) lr=2.00e-04
  [lr] plateau detected: lr 2.00e-04 -> 1.00e-04
13500: Loss avg=0.0483 ± 0.0047  (1.400s, avg: 1.362s) lr=1.00e-04
13600: Loss avg=0.0444 ± 0.0044  (1.595s, avg: 1.364s) lr=1.00e-04
13700: Loss avg=0.0453 ± 0.0043  (1.639s, avg: 1.366s) lr=1.00e-04
13800: Loss avg=0.0431 ± 0.0036  (1.446s, avg: 1.367s) lr=1.00e-04
13900: Loss avg=0.0450 ± 0.0044  (1.592s, avg: 1.368s) lr=1.00e-04
14000: Loss avg=0.0441 ± 0.0040  (1.736s, avg: 1.371s) lr=1.00e-04
  [track] Checkpoint -> v2_2048_d64_L3_hw_step014000.bytes
14100: Loss avg=0.0443 ± 0.0042  (1.682s, avg: 1.373s) lr=1.00e-04
14200: Loss avg=0.0436 ± 0.0044  (1.614s, avg: 1.375s) lr=1.00e-04
14300: Loss avg=0.0424 ± 0.0042  (1.724s, avg: 1.378s) lr=1.00e-04
14400: Loss avg=0.0428 ± 0.0040  (1.613s, avg: 1.379s) lr=1.00e-04
14500: Loss avg=0.0426 ± 0.0042  (1.631s, avg: 1.381s) lr=1.00e-04
14600: Loss avg=0.0428 ± 0.0039  (1.425s, avg: 1.381s) lr=1.00e-04
14700: Loss avg=0.0430 ± 0.0041  (1.420s, avg: 1.382s) lr=1.00e-04
14800: Loss avg=0.0412 ± 0.0036  (1.415s, avg: 1.382s) lr=1.00e-04
14900: Loss avg=0.0432 ± 0.0039  (1.720s, avg: 1.384s) lr=1.00e-04
15000: Loss avg=0.0425 ± 0.0040  (1.598s, avg: 1.386s) lr=1.00e-04
15100: Loss avg=0.0411 ± 0.0037  (1.739s, avg: 1.388s) lr=1.00e-04
15200: Loss avg=0.0411 ± 0.0044  (1.610s, avg: 1.390s) lr=1.00e-04
15300: Loss avg=0.0420 ± 0.0042  (1.700s, avg: 1.392s) lr=1.00e-04
  [lr] plateau detected: lr 1.00e-04 -> 5.00e-05
15400: Loss avg=0.0414 ± 0.0039  (1.582s, avg: 1.393s) lr=5.00e-05
15500: Loss avg=0.0401 ± 0.0045  (1.431s, avg: 1.393s) lr=5.00e-05
15600: Loss avg=0.0405 ± 0.0042  (1.710s, avg: 1.395s) lr=5.00e-05
15700: Loss avg=0.0401 ± 0.0036  (1.625s, avg: 1.397s) lr=5.00e-05
15800: Loss avg=0.0398 ± 0.0037  (1.735s, avg: 1.399s) lr=5.00e-05
15900: Loss avg=0.0405 ± 0.0043  (1.584s, avg: 1.400s) lr=5.00e-05
16000: Loss avg=0.0403 ± 0.0042  (2.001s, avg: 1.404s) lr=5.00e-05
  [track] Checkpoint -> v2_2048_d64_L3_hw_step016000.bytes
16100: Loss avg=0.0403 ± 0.0040  (1.639s, avg: 1.406s) lr=5.00e-05
16200: Loss avg=0.0393 ± 0.0041  (1.630s, avg: 1.407s) lr=5.00e-05
16300: Loss avg=0.0394 ± 0.0040  (1.709s, avg: 1.409s) lr=5.00e-05
16400: Loss avg=0.0398 ± 0.0040  (1.595s, avg: 1.410s) lr=5.00e-05
16500: Loss avg=0.0394 ± 0.0038  (1.665s, avg: 1.412s) lr=5.00e-05
16600: Loss avg=0.0400 ± 0.0044  (1.700s, avg: 1.413s) lr=5.00e-05
16700: Loss avg=0.0396 ± 0.0044  (1.606s, avg: 1.415s) lr=5.00e-05
16800: Loss avg=0.0391 ± 0.0038  (1.721s, avg: 1.416s) lr=5.00e-05
16900: Loss avg=0.0391 ± 0.0042  (1.605s, avg: 1.418s) lr=5.00e-05
17000: Loss avg=0.0396 ± 0.0041  (1.436s, avg: 1.418s) lr=5.00e-05
17100: Loss avg=0.0390 ± 0.0042  (1.704s, avg: 1.419s) lr=5.00e-05
17200: Loss avg=0.0385 ± 0.0037  (1.633s, avg: 1.421s) lr=5.00e-05
17300: Loss avg=0.0388 ± 0.0041  (1.721s, avg: 1.422s) lr=5.00e-05
17400: Loss avg=0.0386 ± 0.0041  (1.733s, avg: 1.424s) lr=5.00e-05
17500: Loss avg=0.0396 ± 0.0042  (1.745s, avg: 1.426s) lr=5.00e-05
17600: Loss avg=0.0390 ± 0.0041  (1.651s, avg: 1.427s) lr=5.00e-05
17700: Loss avg=0.0382 ± 0.0038  (1.643s, avg: 1.429s) lr=5.00e-05
17800: Loss avg=0.0390 ± 0.0038  (1.792s, avg: 1.431s) lr=5.00e-05
17900: Loss avg=0.0392 ± 0.0038  (1.646s, avg: 1.432s) lr=5.00e-05
18000: Loss avg=0.0380 ± 0.0042  (1.889s, avg: 1.435s) lr=5.00e-05
  [track] Checkpoint -> v2_2048_d64_L3_hw_step018000.bytes
18100: Loss avg=0.0385 ± 0.0036  (1.715s, avg: 1.437s) lr=5.00e-05
18200: Loss avg=0.0381 ± 0.0039  (1.442s, avg: 1.437s) lr=5.00e-05
18300: Loss avg=0.0382 ± 0.0040  (1.466s, avg: 1.437s) lr=5.00e-05
18400: Loss avg=0.0381 ± 0.0035  (1.798s, avg: 1.439s) lr=5.00e-05
18500: Loss avg=0.0388 ± 0.0037  (1.659s, avg: 1.441s) lr=5.00e-05
  [lr] plateau detected: lr 5.00e-05 -> 2.50e-05
18600: Loss avg=0.0381 ± 0.0044  (1.753s, avg: 1.442s) lr=2.50e-05
18700: Loss avg=0.0381 ± 0.0043  (1.643s, avg: 1.443s) lr=2.50e-05
18800: Loss avg=0.0379 ± 0.0041  (1.749s, avg: 1.445s) lr=2.50e-05
18900: Loss avg=0.0376 ± 0.0040  (1.648s, avg: 1.446s) lr=2.50e-05
19000: Loss avg=0.0378 ± 0.0041  (1.717s, avg: 1.448s) lr=2.50e-05
19100: Loss avg=0.0378 ± 0.0044  (1.648s, avg: 1.449s) lr=2.50e-05
19200: Loss avg=0.0371 ± 0.0043  (1.910s, avg: 1.451s) lr=2.50e-05
19300: Loss avg=0.0373 ± 0.0041  (1.906s, avg: 1.454s) lr=2.50e-05
19400: Loss avg=0.0377 ± 0.0039  (1.719s, avg: 1.455s) lr=2.50e-05
19500: Loss avg=0.0367 ± 0.0038  (1.719s, avg: 1.456s) lr=2.50e-05
19600: Loss avg=0.0376 ± 0.0037  (1.713s, avg: 1.458s) lr=2.50e-05
19700: Loss avg=0.0372 ± 0.0036  (1.753s, avg: 1.459s) lr=2.50e-05
19800: Loss avg=0.0374 ± 0.0038  (1.651s, avg: 1.460s) lr=2.50e-05
19900: Loss avg=0.0375 ± 0.0045  (1.673s, avg: 1.461s) lr=2.50e-05
20000: Loss avg=0.0371 ± 0.0038  (1.736s, avg: 1.463s) lr=2.50e-05
  [track] Checkpoint -> v2_2048_d64_L3_hw_step020000.bytes
  [lr] plateau detected: lr 2.50e-05 -> 1.25e-05
20100: Loss avg=0.0372 ± 0.0044  (1.712s, avg: 1.464s) lr=1.25e-05
20200: Loss avg=0.0364 ± 0.0036  (1.738s, avg: 1.465s) lr=1.25e-05
20300: Loss avg=0.0364 ± 0.0039  (1.437s, avg: 1.465s) lr=1.25e-05
20400: Loss avg=0.0372 ± 0.0038  (1.686s, avg: 1.466s) lr=1.25e-05
20500: Loss avg=0.0360 ± 0.0042  (1.705s, avg: 1.468s) lr=1.25e-05
20600: Loss avg=0.0372 ± 0.0040  (1.746s, avg: 1.469s) lr=1.25e-05
20700: Loss avg=0.0371 ± 0.0040  (1.754s, avg: 1.470s) lr=1.25e-05
20800: Loss avg=0.0367 ± 0.0037  (1.749s, avg: 1.472s) lr=1.25e-05
20900: Loss avg=0.0364 ± 0.0042  (1.650s, avg: 1.473s) lr=1.25e-05
21000: Loss avg=0.0372 ± 0.0040  (1.877s, avg: 1.474s) lr=1.25e-05
  [lr] plateau detected: lr 1.25e-05 -> 6.25e-06
21100: Loss avg=0.0368 ± 0.0040  (1.752s, avg: 1.476s) lr=6.25e-06
21200: Loss avg=0.0363 ± 0.0035  (1.751s, avg: 1.477s) lr=6.25e-06
21300: Loss avg=0.0372 ± 0.0036  (1.733s, avg: 1.479s) lr=6.25e-06
21400: Loss avg=0.0369 ± 0.0040  (1.750s, avg: 1.480s) lr=6.25e-06
21500: Loss avg=0.0361 ± 0.0038  (1.774s, avg: 1.481s) lr=6.25e-06
21600: Loss avg=0.0373 ± 0.0032  (1.649s, avg: 1.482s) lr=6.25e-06
21700: Loss avg=0.0367 ± 0.0039  (1.769s, avg: 1.483s) lr=6.25e-06
  [lr] plateau detected: lr 6.25e-06 -> 3.13e-06
21800: Loss avg=0.0360 ± 0.0039  (1.657s, avg: 1.484s) lr=3.13e-06
21900: Loss avg=0.0369 ± 0.0040  (1.725s, avg: 1.485s) lr=3.13e-06
22000: Loss avg=0.0369 ± 0.0034  (1.703s, avg: 1.486s) lr=3.13e-06
  [track] Checkpoint -> v2_2048_d64_L3_hw_step022000.bytes
22100: Loss avg=0.0375 ± 0.0041  (1.739s, avg: 1.488s) lr=3.13e-06
22200: Loss avg=0.0359 ± 0.0035  (2.061s, avg: 1.490s) lr=3.13e-06
22300: Loss avg=0.0369 ± 0.0042  (1.457s, avg: 1.490s) lr=3.13e-06
22400: Loss avg=0.0368 ± 0.0038  (1.304s, avg: 1.489s) lr=3.13e-06
  [lr] plateau detected: lr 3.13e-06 -> 1.56e-06
22500: Loss avg=0.0368 ± 0.0040  (1.389s, avg: 1.489s) lr=1.56e-06
22600: Loss avg=0.0367 ± 0.0038  (1.374s, avg: 1.488s) lr=1.56e-06
22700: Loss avg=0.0367 ± 0.0044  (1.331s, avg: 1.488s) lr=1.56e-06
22800: Loss avg=0.0366 ± 0.0040  (1.421s, avg: 1.487s) lr=1.56e-06
22900: Loss avg=0.0366 ± 0.0041  (1.492s, avg: 1.487s) lr=1.56e-06
23000: Loss avg=0.0359 ± 0.0040  (1.445s, avg: 1.487s) lr=1.56e-06
23100: Loss avg=0.0357 ± 0.0037  (1.234s, avg: 1.486s) lr=1.56e-06
23200: Loss avg=0.0362 ± 0.0034  (1.305s, avg: 1.485s) lr=1.56e-06
23300: Loss avg=0.0362 ± 0.0033  (1.675s, avg: 1.486s) lr=1.56e-06
23400: Loss avg=0.0355 ± 0.0037  (1.633s, avg: 1.487s) lr=1.56e-06
23500: Loss avg=0.0360 ± 0.0037  (1.651s, avg: 1.487s) lr=1.56e-06
23600: Loss avg=0.0373 ± 0.0039  (1.707s, avg: 1.488s) lr=1.56e-06
  [lr] plateau detected: lr 1.56e-06 -> 1.00e-06
23700: Loss avg=0.0368 ± 0.0037  (1.583s, avg: 1.489s) lr=1.00e-06
23800: Loss avg=0.0367 ± 0.0045  (1.574s, avg: 1.489s) lr=1.00e-06
23900: Loss avg=0.0365 ± 0.0040  (1.946s, avg: 1.491s) lr=1.00e-06
24000: Loss avg=0.0372 ± 0.0039  (1.661s, avg: 1.492s) lr=1.00e-06
  [track] Checkpoint -> v2_2048_d64_L3_hw_step024000.bytes
24100: Loss avg=0.0361 ± 0.0040  (1.645s, avg: 1.493s) lr=1.00e-06
24200: Loss avg=0.0362 ± 0.0038  (1.608s, avg: 1.493s) lr=1.00e-06
24300: Loss avg=0.0355 ± 0.0037  (1.605s, avg: 1.494s) lr=1.00e-06
24400: Loss avg=0.0365 ± 0.0044  (1.730s, avg: 1.495s) lr=1.00e-06
24500: Loss avg=0.0371 ± 0.0034  (1.848s, avg: 1.496s) lr=1.00e-06
24600: Loss avg=0.0370 ± 0.0038  (2.065s, avg: 1.498s) lr=1.00e-06
24700: Loss avg=0.0366 ± 0.0040  (2.141s, avg: 1.501s) lr=1.00e-06
24800: Loss avg=0.0366 ± 0.0042  (2.391s, avg: 1.505s) lr=1.00e-06
24900: Loss avg=0.0360 ± 0.0033  (2.213s, avg: 1.507s) lr=1.00e-06
25000: Loss avg=0.0359 ± 0.0040  (2.140s, avg: 1.510s) lr=1.00e-06
25100: Loss avg=0.0368 ± 0.0042  (2.322s, avg: 1.513s) lr=1.00e-06
25200: Loss avg=0.0363 ± 0.0036  (2.118s, avg: 1.516s) lr=1.00e-06
25300: Loss avg=0.0362 ± 0.0038  (2.400s) lr=1.00e-06
  [auto-stop] plateau at min_lr=1.00e-06 (10/10 steps without >5e-03 improvement); stopping.
Saved to /orcd/home/002/osbo/ondemand/fluid-sim/Assets/Scripts/weights/v2_2048_d64_L3_hw.bytes
================================================================
Finished: Fri May  8 15:30:49 EDT 2026
================================================================
