================================================================
Job 13787642, task 2 on node3205
Started: Tue May 12 00:35:31 EDT 2026
================================================================
[2/3] g4096_param_low_d128_L3_hw (g4096_train_param_low)
Using device: cuda
  [startup] Random sample of 100 frames (--num-frames 100)
  [startup] Wrote disk cache ctx_v14_64316c8b3b43fae1c078.pt under .leafonly_training_context_cache/
  [startup] Cached 100 training contexts in memory
  [startup] global_max_edges = 20224
  [startup] contexts_per_step = 4 (gradient accumulation)
  [startup] Ablation config: layers=3, gcn_layers=2, jacobi=True (node_scalar), attention_layout=128x129, off_diag_dense_attn=True, diag_dense_attn=True, use_highways=True
  [startup] torch.compile(model): enabled (CUDA)
  [startup] LR scheduler: ReduceLROnPlateau (factor=0.5, patience=5, threshold=5e-3, min_lr=1.00e-06, auto-stop (patience=10, threshold=5e-3 at min_lr))
  Block preconditioner: 32 leaves, diag 128×128, off 32×32 (128 nodes/leaf)
  Probe vectors (loss MC columns): auto max(64, ⌈√n_pad⌉) per step (override with --probe-vectors K)
  Probe MAZ path: --leafonly-pcg=matrix_free (A@Z: sparse block-diagonal A@Z (all devices; dense bmm only if context cache has use_dense_A); apply_block_diagonal_M torch.compile (matrix_free))
  Loss mode: hutchinson (cosine-similarity probe; --loss-mode hutchinson)

=== Startup timing (wall clock, ms) ===
  Dataset + run folder scan:         106.55
  Build 100 training contexts:    8093.72  (avg 80.94 ms/context)
    x/edges → device + centroid:       369.81
    A operator + Jacobi diag:          545.86
    n-hop connectivity:             4380.68
    jacobi vec + append dict:          1.86
  LeafOnlyNet + .to(device):          28.47
  torch.compile(model) call:        2580.18  (CUDA; Inductor runs on 1st forward/backward)
  load_leaf_only_weights:         skipped
  AdamW + ReduceLROnPlateau:           0.32
  ---
  Total before training loop:      17209.78
  Note: First loss line’s (elapsed) is wall time for that step only (after startup); with torch.compile, the first forward+backward triggers Inductor codegen (often ~10–20s).
  At step 299, a one-time detailed breakdown (zero_grad / forward / apply M / backward / …) is printed.

  [track] Training profile CSV: /orcd/home/002/osbo/ondemand/fluid-sim/Assets/Scripts/weights/g4096_param_low_d128_L3_hw_training_profile.csv
00000: Loss avg=0.2402 ± 0.0000  (36.997s) lr=2.00e-04
  [track] Checkpoint -> g4096_param_low_d128_L3_hw_step000000.bytes
00100: Loss avg=0.2442 ± 0.0529  (14.622s) lr=2.00e-04
00200: Loss avg=0.2364 ± 0.0014  (2.767s) lr=2.00e-04

--- Detailed timing for step 300 (contexts_per_step=4, batched forward) ---
  batch: B=4, n_pad=4096, batch_vectors=256
--- Step 300 detailed timing (ms) ---
  zero_grad:            0.15
  batch assembly:       0.56
  model forward:        9.86
  probe Z+Jacobi:       1.06
  A @ Z (sparse block-mm):     0.46
  apply M (MAZ):        0.44
  residual + loss:      0.18
  backward:            15.48
  clip_grad_norm:       0.70
  optimizer.step:       0.96
  total:               29.85
  full iter (wall):    39.41 ms  (Python / scheduler / print overhead ≈ +9.56 ms vs sum above)
----------------------------------------

00300: Loss avg=0.2358 ± 0.0015  (2.770s, avg: 2.770s) lr=2.00e-04
00400: Loss avg=0.2365 ± 0.0016  (2.766s, avg: 2.766s) lr=2.00e-04
00500: Loss avg=0.2358 ± 0.0014  (2.767s, avg: 2.767s) lr=2.00e-04
00600: Loss avg=0.2326 ± 0.0021  (2.771s, avg: 2.768s) lr=2.00e-04
00700: Loss avg=0.2290 ± 0.0018  (2.765s, avg: 2.767s) lr=2.00e-04
00800: Loss avg=0.2270 ± 0.0018  (2.769s, avg: 2.768s) lr=2.00e-04
00900: Loss avg=0.2257 ± 0.0018  (2.767s, avg: 2.768s) lr=2.00e-04
01000: Loss avg=0.2247 ± 0.0019  (2.769s, avg: 2.768s) lr=2.00e-04
01100: Loss avg=0.2222 ± 0.0018  (2.763s, avg: 2.771s) lr=2.00e-04
01200: Loss avg=0.2200 ± 0.0023  (2.760s, avg: 2.770s) lr=2.00e-04
01300: Loss avg=0.2121 ± 0.0044  (2.768s, avg: 2.770s) lr=2.00e-04
01400: Loss avg=0.2044 ± 0.0036  (2.768s, avg: 2.770s) lr=2.00e-04
01500: Loss avg=0.1972 ± 0.0036  (2.768s, avg: 2.770s) lr=2.00e-04
01600: Loss avg=0.1928 ± 0.0052  (2.770s, avg: 2.770s) lr=2.00e-04
01700: Loss avg=0.1888 ± 0.0042  (2.771s, avg: 2.770s) lr=2.00e-04
01800: Loss avg=0.1854 ± 0.0047  (2.765s, avg: 2.769s) lr=2.00e-04
01900: Loss avg=0.1784 ± 0.0050  (2.771s, avg: 2.770s) lr=2.00e-04
02000: Loss avg=0.1757 ± 0.0058  (2.771s, avg: 2.770s) lr=2.00e-04
  [track] Checkpoint -> g4096_param_low_d128_L3_hw_step002000.bytes
02100: Loss avg=0.1729 ± 0.0055  (2.761s, avg: 2.772s) lr=2.00e-04
02200: Loss avg=0.1671 ± 0.0058  (2.769s, avg: 2.772s) lr=2.00e-04
02300: Loss avg=0.1632 ± 0.0063  (2.765s, avg: 2.772s) lr=2.00e-04
02400: Loss avg=0.1524 ± 0.0080  (2.772s, avg: 2.772s) lr=2.00e-04
02500: Loss avg=0.1383 ± 0.0079  (2.769s, avg: 2.771s) lr=2.00e-04
02600: Loss avg=0.1256 ± 0.0060  (2.769s, avg: 2.771s) lr=2.00e-04
02700: Loss avg=0.1205 ± 0.0049  (2.773s, avg: 2.771s) lr=2.00e-04
02800: Loss avg=0.1175 ± 0.0058  (2.767s, avg: 2.771s) lr=2.00e-04
02900: Loss avg=0.1135 ± 0.0043  (2.770s, avg: 2.771s) lr=2.00e-04
03000: Loss avg=0.1146 ± 0.0100  (2.770s, avg: 2.771s) lr=2.00e-04
03100: Loss avg=0.1076 ± 0.0048  (2.756s, avg: 2.772s) lr=2.00e-04
03200: Loss avg=0.1006 ± 0.0042  (2.766s, avg: 2.772s) lr=2.00e-04
03300: Loss avg=0.0970 ± 0.0043  (2.766s, avg: 2.771s) lr=2.00e-04
03400: Loss avg=0.0934 ± 0.0064  (2.762s, avg: 2.771s) lr=2.00e-04
03500: Loss avg=0.0901 ± 0.0042  (2.767s, avg: 2.771s) lr=2.00e-04
03600: Loss avg=0.0918 ± 0.0079  (2.768s, avg: 2.771s) lr=2.00e-04
03700: Loss avg=0.0868 ± 0.0058  (2.768s, avg: 2.771s) lr=2.00e-04
03800: Loss avg=0.0805 ± 0.0037  (2.776s, avg: 2.771s) lr=2.00e-04
03900: Loss avg=0.0806 ± 0.0046  (2.787s, avg: 2.771s) lr=2.00e-04
04000: Loss avg=0.0832 ± 0.0088  (2.783s, avg: 2.772s) lr=2.00e-04
  [track] Checkpoint -> g4096_param_low_d128_L3_hw_step004000.bytes
04100: Loss avg=0.0843 ± 0.0102  (2.781s, avg: 2.773s) lr=2.00e-04
04200: Loss avg=0.0765 ± 0.0050  (2.789s, avg: 2.774s) lr=2.00e-04
04300: Loss avg=0.0764 ± 0.0081  (2.785s, avg: 2.774s) lr=2.00e-04
04400: Loss avg=0.0715 ± 0.0051  (2.786s, avg: 2.774s) lr=2.00e-04
04500: Loss avg=0.0693 ± 0.0047  (2.785s, avg: 2.775s) lr=2.00e-04
04600: Loss avg=0.0736 ± 0.0071  (2.785s, avg: 2.775s) lr=2.00e-04
04700: Loss avg=0.0712 ± 0.0077  (2.782s, avg: 2.775s) lr=2.00e-04
04800: Loss avg=0.0653 ± 0.0042  (2.780s, avg: 2.775s) lr=2.00e-04
04900: Loss avg=0.0633 ± 0.0037  (2.788s, avg: 2.775s) lr=2.00e-04
05000: Loss avg=0.0632 ± 0.0056  (2.781s, avg: 2.776s) lr=2.00e-04
05100: Loss avg=0.0609 ± 0.0045  (2.776s, avg: 2.776s) lr=2.00e-04
05200: Loss avg=0.0608 ± 0.0046  (2.784s, avg: 2.776s) lr=2.00e-04
05300: Loss avg=0.0576 ± 0.0041  (2.784s, avg: 2.777s) lr=2.00e-04
05400: Loss avg=0.0600 ± 0.0063  (2.785s, avg: 2.777s) lr=2.00e-04
05500: Loss avg=0.0583 ± 0.0049  (2.784s, avg: 2.777s) lr=2.00e-04
05600: Loss avg=0.0585 ± 0.0055  (2.783s, avg: 2.777s) lr=2.00e-04
05700: Loss avg=0.0578 ± 0.0053  (2.778s, avg: 2.777s) lr=2.00e-04
05800: Loss avg=0.0559 ± 0.0058  (2.778s, avg: 2.777s) lr=2.00e-04
05900: Loss avg=0.0535 ± 0.0046  (2.782s, avg: 2.777s) lr=2.00e-04
06000: Loss avg=0.0522 ± 0.0038  (2.778s, avg: 2.777s) lr=2.00e-04
  [track] Checkpoint -> g4096_param_low_d128_L3_hw_step006000.bytes
06100: Loss avg=0.0496 ± 0.0034  (2.768s, avg: 2.778s) lr=2.00e-04
06200: Loss avg=0.0512 ± 0.0040  (2.774s, avg: 2.778s) lr=2.00e-04
06300: Loss avg=0.0483 ± 0.0047  (2.780s, avg: 2.778s) lr=2.00e-04
06400: Loss avg=0.0498 ± 0.0049  (2.785s, avg: 2.778s) lr=2.00e-04
06500: Loss avg=0.0509 ± 0.0061  (2.782s, avg: 2.778s) lr=2.00e-04
06600: Loss avg=0.0507 ± 0.0060  (2.783s, avg: 2.778s) lr=2.00e-04
06700: Loss avg=0.0486 ± 0.0039  (2.787s, avg: 2.778s) lr=2.00e-04
06800: Loss avg=0.0460 ± 0.0034  (2.785s, avg: 2.778s) lr=2.00e-04
06900: Loss avg=0.0486 ± 0.0055  (2.782s, avg: 2.778s) lr=2.00e-04
07000: Loss avg=0.0459 ± 0.0039  (2.777s, avg: 2.778s) lr=2.00e-04
07100: Loss avg=0.0443 ± 0.0038  (2.783s, avg: 2.779s) lr=2.00e-04
07200: Loss avg=0.0450 ± 0.0039  (2.791s, avg: 2.779s) lr=2.00e-04
07300: Loss avg=0.0438 ± 0.0035  (2.789s, avg: 2.779s) lr=2.00e-04
07400: Loss avg=0.0450 ± 0.0047  (2.788s, avg: 2.779s) lr=2.00e-04
07500: Loss avg=0.0440 ± 0.0053  (2.785s, avg: 2.780s) lr=2.00e-04
07600: Loss avg=0.0418 ± 0.0031  (2.771s, avg: 2.779s) lr=2.00e-04
07700: Loss avg=0.0417 ± 0.0036  (2.774s, avg: 2.779s) lr=2.00e-04
07800: Loss avg=0.0423 ± 0.0040  (2.772s, avg: 2.779s) lr=2.00e-04
07900: Loss avg=0.0426 ± 0.0044  (2.776s, avg: 2.779s) lr=2.00e-04
08000: Loss avg=0.0404 ± 0.0037  (2.774s, avg: 2.779s) lr=2.00e-04
  [track] Checkpoint -> g4096_param_low_d128_L3_hw_step008000.bytes
08100: Loss avg=0.0412 ± 0.0044  (2.768s, avg: 2.780s) lr=2.00e-04
08200: Loss avg=0.0397 ± 0.0033  (2.773s, avg: 2.780s) lr=2.00e-04
08300: Loss avg=0.0401 ± 0.0039  (2.775s, avg: 2.780s) lr=2.00e-04
08400: Loss avg=0.0395 ± 0.0036  (2.772s, avg: 2.779s) lr=2.00e-04
08500: Loss avg=0.0394 ± 0.0030  (2.772s, avg: 2.779s) lr=2.00e-04
08600: Loss avg=0.0364 ± 0.0028  (2.774s, avg: 2.779s) lr=2.00e-04
08700: Loss avg=0.0397 ± 0.0065  (2.772s, avg: 2.779s) lr=2.00e-04
08800: Loss avg=0.0391 ± 0.0040  (2.773s, avg: 2.779s) lr=2.00e-04
08900: Loss avg=0.0355 ± 0.0029  (2.770s, avg: 2.779s) lr=2.00e-04
09000: Loss avg=0.0380 ± 0.0047  (2.768s, avg: 2.779s) lr=2.00e-04
09100: Loss avg=0.0343 ± 0.0027  (2.767s, avg: 2.779s) lr=2.00e-04
09200: Loss avg=0.0350 ± 0.0029  (2.775s, avg: 2.779s) lr=2.00e-04
09300: Loss avg=0.0361 ± 0.0039  (2.764s, avg: 2.779s) lr=2.00e-04
09400: Loss avg=0.0363 ± 0.0036  (2.767s, avg: 2.779s) lr=2.00e-04
09500: Loss avg=0.0336 ± 0.0025  (2.759s, avg: 2.779s) lr=2.00e-04
09600: Loss avg=0.0366 ± 0.0066  (2.769s, avg: 2.778s) lr=2.00e-04
09700: Loss avg=0.0330 ± 0.0025  (2.769s, avg: 2.778s) lr=2.00e-04
09800: Loss avg=0.0328 ± 0.0029  (2.770s, avg: 2.778s) lr=2.00e-04
09900: Loss avg=0.0345 ± 0.0031  (2.773s, avg: 2.778s) lr=2.00e-04
10000: Loss avg=0.0329 ± 0.0027  (2.773s, avg: 2.778s) lr=2.00e-04
  [track] Checkpoint -> g4096_param_low_d128_L3_hw_step010000.bytes
10100: Loss avg=0.0331 ± 0.0027  (2.765s, avg: 2.779s) lr=2.00e-04
10200: Loss avg=0.0320 ± 0.0026  (2.773s, avg: 2.779s) lr=2.00e-04
10300: Loss avg=0.0316 ± 0.0029  (2.776s, avg: 2.779s) lr=2.00e-04
10400: Loss avg=0.0313 ± 0.0030  (2.775s, avg: 2.779s) lr=2.00e-04
10500: Loss avg=0.0337 ± 0.0032  (2.772s, avg: 2.778s) lr=2.00e-04
10600: Loss avg=0.0316 ± 0.0030  (2.770s, avg: 2.778s) lr=2.00e-04
10700: Loss avg=0.0303 ± 0.0025  (2.777s, avg: 2.778s) lr=2.00e-04
10800: Loss avg=0.0306 ± 0.0025  (2.773s, avg: 2.778s) lr=2.00e-04
10900: Loss avg=0.0307 ± 0.0029  (2.774s, avg: 2.778s) lr=2.00e-04
11000: Loss avg=0.0323 ± 0.0044  (2.772s, avg: 2.778s) lr=2.00e-04
11100: Loss avg=0.0320 ± 0.0037  (2.763s, avg: 2.778s) lr=2.00e-04
11200: Loss avg=0.0327 ± 0.0051  (2.776s, avg: 2.778s) lr=2.00e-04
11300: Loss avg=0.0286 ± 0.0024  (2.770s, avg: 2.778s) lr=2.00e-04
11400: Loss avg=0.0296 ± 0.0030  (2.771s, avg: 2.778s) lr=2.00e-04
11500: Loss avg=0.0291 ± 0.0029  (2.773s, avg: 2.778s) lr=2.00e-04
11600: Loss avg=0.0292 ± 0.0044  (2.772s, avg: 2.778s) lr=2.00e-04
11700: Loss avg=0.0275 ± 0.0025  (2.775s, avg: 2.778s) lr=2.00e-04
11800: Loss avg=0.0271 ± 0.0024  (2.773s, avg: 2.778s) lr=2.00e-04
11900: Loss avg=0.0295 ± 0.0034  (2.774s, avg: 2.778s) lr=2.00e-04
12000: Loss avg=0.0284 ± 0.0034  (2.774s, avg: 2.778s) lr=2.00e-04
  [track] Checkpoint -> g4096_param_low_d128_L3_hw_step012000.bytes
12100: Loss avg=0.0270 ± 0.0024  (2.764s, avg: 2.778s) lr=2.00e-04
12200: Loss avg=0.0269 ± 0.0024  (2.772s, avg: 2.778s) lr=2.00e-04
12300: Loss avg=0.0272 ± 0.0033  (2.772s, avg: 2.778s) lr=2.00e-04
12400: Loss avg=0.0259 ± 0.0023  (2.772s, avg: 2.778s) lr=2.00e-04
12500: Loss avg=0.0264 ± 0.0027  (2.778s, avg: 2.778s) lr=2.00e-04
12600: Loss avg=0.0258 ± 0.0026  (2.771s, avg: 2.778s) lr=2.00e-04
12700: Loss avg=0.0282 ± 0.0032  (2.772s, avg: 2.778s) lr=2.00e-04
12800: Loss avg=0.0275 ± 0.0037  (2.775s, avg: 2.778s) lr=2.00e-04
12900: Loss avg=0.0253 ± 0.0023  (2.771s, avg: 2.778s) lr=2.00e-04
13000: Loss avg=0.0262 ± 0.0030  (2.768s, avg: 2.778s) lr=2.00e-04
13100: Loss avg=0.0257 ± 0.0039  (2.763s, avg: 2.778s) lr=2.00e-04
13200: Loss avg=0.0267 ± 0.0035  (2.772s, avg: 2.778s) lr=2.00e-04
13300: Loss avg=0.0240 ± 0.0024  (2.757s, avg: 2.778s) lr=2.00e-04
13400: Loss avg=0.0256 ± 0.0033  (2.760s, avg: 2.778s) lr=2.00e-04
13500: Loss avg=0.0242 ± 0.0024  (2.774s, avg: 2.778s) lr=2.00e-04
13600: Loss avg=0.0261 ± 0.0029  (2.776s, avg: 2.778s) lr=2.00e-04
13700: Loss avg=0.0251 ± 0.0037  (2.772s, avg: 2.778s) lr=2.00e-04
13800: Loss avg=0.0231 ± 0.0024  (2.778s, avg: 2.778s) lr=2.00e-04
13900: Loss avg=0.0237 ± 0.0022  (2.773s, avg: 2.778s) lr=2.00e-04
14000: Loss avg=0.0253 ± 0.0031  (2.774s, avg: 2.778s) lr=2.00e-04
  [track] Checkpoint -> g4096_param_low_d128_L3_hw_step014000.bytes
14100: Loss avg=0.0229 ± 0.0024  (2.770s, avg: 2.778s) lr=2.00e-04
14200: Loss avg=0.0234 ± 0.0027  (2.776s, avg: 2.778s) lr=2.00e-04
14300: Loss avg=0.0229 ± 0.0023  (2.772s, avg: 2.778s) lr=2.00e-04
14400: Loss avg=0.0230 ± 0.0022  (2.770s, avg: 2.778s) lr=2.00e-04
14500: Loss avg=0.0233 ± 0.0028  (2.773s, avg: 2.778s) lr=2.00e-04
14600: Loss avg=0.0213 ± 0.0022  (2.771s, avg: 2.778s) lr=2.00e-04
14700: Loss avg=0.0225 ± 0.0023  (2.777s, avg: 2.778s) lr=2.00e-04
14800: Loss avg=0.0229 ± 0.0024  (2.771s, avg: 2.778s) lr=2.00e-04
14900: Loss avg=0.0232 ± 0.0029  (2.773s, avg: 2.778s) lr=2.00e-04
15000: Loss avg=0.0302 ± 0.0107  (2.775s, avg: 2.778s) lr=2.00e-04
15100: Loss avg=0.0235 ± 0.0033  (2.765s, avg: 2.778s) lr=2.00e-04
  [lr] plateau detected: lr 2.00e-04 -> 1.00e-04
15200: Loss avg=0.0226 ± 0.0024  (2.772s, avg: 2.778s) lr=1.00e-04
15300: Loss avg=0.0196 ± 0.0018  (2.776s, avg: 2.778s) lr=1.00e-04
15400: Loss avg=0.0192 ± 0.0019  (2.770s, avg: 2.778s) lr=1.00e-04
15500: Loss avg=0.0191 ± 0.0020  (2.774s, avg: 2.778s) lr=1.00e-04
15600: Loss avg=0.0190 ± 0.0019  (2.775s, avg: 2.778s) lr=1.00e-04
15700: Loss avg=0.0185 ± 0.0019  (2.777s, avg: 2.778s) lr=1.00e-04
15800: Loss avg=0.0190 ± 0.0020  (2.774s, avg: 2.778s) lr=1.00e-04
15900: Loss avg=0.0191 ± 0.0021  (2.774s, avg: 2.778s) lr=1.00e-04
16000: Loss avg=0.0180 ± 0.0017  (2.774s, avg: 2.778s) lr=1.00e-04
  [track] Checkpoint -> g4096_param_low_d128_L3_hw_step016000.bytes
16100: Loss avg=0.0184 ± 0.0017  (2.764s, avg: 2.778s) lr=1.00e-04
16200: Loss avg=0.0188 ± 0.0020  (2.767s, avg: 2.778s) lr=1.00e-04
16300: Loss avg=0.0186 ± 0.0017  (2.771s, avg: 2.778s) lr=1.00e-04
16400: Loss avg=0.0182 ± 0.0020  (2.775s, avg: 2.778s) lr=1.00e-04
16500: Loss avg=0.0186 ± 0.0021  (2.774s, avg: 2.778s) lr=1.00e-04
  [lr] plateau detected: lr 1.00e-04 -> 5.00e-05
16600: Loss avg=0.0184 ± 0.0020  (2.773s, avg: 2.778s) lr=5.00e-05
16700: Loss avg=0.0173 ± 0.0016  (2.773s, avg: 2.778s) lr=5.00e-05
16800: Loss avg=0.0174 ± 0.0018  (2.776s, avg: 2.778s) lr=5.00e-05
16900: Loss avg=0.0176 ± 0.0018  (2.776s, avg: 2.778s) lr=5.00e-05
17000: Loss avg=0.0177 ± 0.0020  (2.769s, avg: 2.778s) lr=5.00e-05
17100: Loss avg=0.0181 ± 0.0018  (2.764s, avg: 2.778s) lr=5.00e-05
17200: Loss avg=0.0176 ± 0.0018  (2.771s, avg: 2.778s) lr=5.00e-05
17300: Loss avg=0.0171 ± 0.0016  (2.772s, avg: 2.778s) lr=5.00e-05
17400: Loss avg=0.0172 ± 0.0018  (2.772s, avg: 2.778s) lr=5.00e-05
17500: Loss avg=0.0169 ± 0.0019  (2.772s, avg: 2.778s) lr=5.00e-05
17600: Loss avg=0.0173 ± 0.0019  (2.772s, avg: 2.777s) lr=5.00e-05
17700: Loss avg=0.0169 ± 0.0019  (2.773s, avg: 2.777s) lr=5.00e-05
17800: Loss avg=0.0172 ± 0.0018  (2.768s, avg: 2.777s) lr=5.00e-05
17900: Loss avg=0.0171 ± 0.0019  (2.774s, avg: 2.777s) lr=5.00e-05
18000: Loss avg=0.0172 ± 0.0020  (2.771s, avg: 2.777s) lr=5.00e-05
  [track] Checkpoint -> g4096_param_low_d128_L3_hw_step018000.bytes
18100: Loss avg=0.0168 ± 0.0015  (2.764s, avg: 2.778s) lr=5.00e-05
18200: Loss avg=0.0169 ± 0.0018  (2.773s, avg: 2.778s) lr=5.00e-05
18300: Loss avg=0.0171 ± 0.0018  (2.775s, avg: 2.778s) lr=5.00e-05
18400: Loss avg=0.0166 ± 0.0015  (2.772s, avg: 2.778s) lr=5.00e-05
18500: Loss avg=0.0166 ± 0.0018  (2.772s, avg: 2.778s) lr=5.00e-05
18600: Loss avg=0.0169 ± 0.0020  (2.768s, avg: 2.778s) lr=5.00e-05
18700: Loss avg=0.0166 ± 0.0019  (2.774s, avg: 2.778s) lr=5.00e-05
18800: Loss avg=0.0168 ± 0.0018  (2.771s, avg: 2.778s) lr=5.00e-05
18900: Loss avg=0.0167 ± 0.0017  (2.776s, avg: 2.778s) lr=5.00e-05
  [lr] plateau detected: lr 5.00e-05 -> 2.50e-05
19000: Loss avg=0.0166 ± 0.0018  (2.773s, avg: 2.777s) lr=2.50e-05
19100: Loss avg=0.0163 ± 0.0020  (2.762s, avg: 2.778s) lr=2.50e-05
19200: Loss avg=0.0165 ± 0.0019  (2.772s, avg: 2.778s) lr=2.50e-05
19300: Loss avg=0.0159 ± 0.0017  (2.772s, avg: 2.778s) lr=2.50e-05
19400: Loss avg=0.0161 ± 0.0019  (2.768s, avg: 2.777s) lr=2.50e-05
19500: Loss avg=0.0163 ± 0.0020  (2.772s, avg: 2.777s) lr=2.50e-05
19600: Loss avg=0.0163 ± 0.0020  (2.772s, avg: 2.777s) lr=2.50e-05
19700: Loss avg=0.0164 ± 0.0020  (2.773s, avg: 2.777s) lr=2.50e-05
19800: Loss avg=0.0165 ± 0.0020  (2.775s, avg: 2.777s) lr=2.50e-05
  [lr] plateau detected: lr 2.50e-05 -> 1.25e-05
19900: Loss avg=0.0163 ± 0.0018  (2.775s, avg: 2.777s) lr=1.25e-05
20000: Loss avg=0.0161 ± 0.0018  (2.773s, avg: 2.777s) lr=1.25e-05
  [track] Checkpoint -> g4096_param_low_d128_L3_hw_step020000.bytes
20100: Loss avg=0.0159 ± 0.0018  (2.763s, avg: 2.778s) lr=1.25e-05
20200: Loss avg=0.0159 ± 0.0017  (2.771s, avg: 2.778s) lr=1.25e-05
20300: Loss avg=0.0160 ± 0.0017  (2.773s, avg: 2.777s) lr=1.25e-05
20400: Loss avg=0.0158 ± 0.0019  (2.775s, avg: 2.777s) lr=1.25e-05
20500: Loss avg=0.0162 ± 0.0019  (2.753s, avg: 2.777s) lr=1.25e-05
20600: Loss avg=0.0162 ± 0.0020  (2.756s, avg: 2.777s) lr=1.25e-05
20700: Loss avg=0.0162 ± 0.0017  (2.757s, avg: 2.777s) lr=1.25e-05
20800: Loss avg=0.0159 ± 0.0018  (2.769s, avg: 2.777s) lr=1.25e-05
20900: Loss avg=0.0161 ± 0.0019  (2.770s, avg: 2.777s) lr=1.25e-05
  [lr] plateau detected: lr 1.25e-05 -> 6.25e-06
21000: Loss avg=0.0163 ± 0.0020  (2.770s, avg: 2.777s) lr=6.25e-06
21100: Loss avg=0.0161 ± 0.0020  (2.767s, avg: 2.777s) lr=6.25e-06
21200: Loss avg=0.0161 ± 0.0019  (2.774s, avg: 2.777s) lr=6.25e-06
21300: Loss avg=0.0157 ± 0.0015  (2.776s, avg: 2.777s) lr=6.25e-06
21400: Loss avg=0.0160 ± 0.0017  (2.774s, avg: 2.777s) lr=6.25e-06
21500: Loss avg=0.0157 ± 0.0016  (2.773s, avg: 2.777s) lr=6.25e-06
21600: Loss avg=0.0157 ± 0.0016  (2.775s, avg: 2.777s) lr=6.25e-06
21700: Loss avg=0.0159 ± 0.0017  (2.770s, avg: 2.777s) lr=6.25e-06
21800: Loss avg=0.0159 ± 0.0020  (2.773s, avg: 2.777s) lr=6.25e-06
  [lr] plateau detected: lr 6.25e-06 -> 3.13e-06
21900: Loss avg=0.0161 ± 0.0017  (2.772s, avg: 2.777s) lr=3.13e-06
22000: Loss avg=0.0158 ± 0.0018  (2.772s, avg: 2.777s) lr=3.13e-06
  [track] Checkpoint -> g4096_param_low_d128_L3_hw_step022000.bytes
22100: Loss avg=0.0161 ± 0.0018  (2.765s, avg: 2.777s) lr=3.13e-06
22200: Loss avg=0.0161 ± 0.0018  (2.775s, avg: 2.777s) lr=3.13e-06
22300: Loss avg=0.0160 ± 0.0016  (2.772s, avg: 2.777s) lr=3.13e-06
22400: Loss avg=0.0158 ± 0.0018  (2.775s, avg: 2.777s) lr=3.13e-06
22500: Loss avg=0.0157 ± 0.0017  (2.770s, avg: 2.777s) lr=3.13e-06
  [lr] plateau detected: lr 3.13e-06 -> 1.56e-06
22600: Loss avg=0.0157 ± 0.0018  (2.770s, avg: 2.777s) lr=1.56e-06
22700: Loss avg=0.0157 ± 0.0019  (2.773s, avg: 2.777s) lr=1.56e-06
22800: Loss avg=0.0156 ± 0.0016  (2.773s, avg: 2.777s) lr=1.56e-06
22900: Loss avg=0.0161 ± 0.0020  (2.771s, avg: 2.777s) lr=1.56e-06
23000: Loss avg=0.0159 ± 0.0018  (2.772s, avg: 2.777s) lr=1.56e-06
23100: Loss avg=0.0159 ± 0.0019  (2.765s, avg: 2.777s) lr=1.56e-06
23200: Loss avg=0.0157 ± 0.0017  (2.772s, avg: 2.777s) lr=1.56e-06
  [lr] plateau detected: lr 1.56e-06 -> 1.00e-06
23300: Loss avg=0.0157 ± 0.0017  (2.772s, avg: 2.777s) lr=1.00e-06
23400: Loss avg=0.0161 ± 0.0019  (2.772s, avg: 2.777s) lr=1.00e-06
23500: Loss avg=0.0158 ± 0.0018  (2.774s, avg: 2.777s) lr=1.00e-06
23600: Loss avg=0.0158 ± 0.0020  (2.773s, avg: 2.777s) lr=1.00e-06
23700: Loss avg=0.0159 ± 0.0018  (2.774s, avg: 2.777s) lr=1.00e-06
23800: Loss avg=0.0159 ± 0.0019  (2.772s, avg: 2.777s) lr=1.00e-06
23900: Loss avg=0.0153 ± 0.0015  (2.772s, avg: 2.777s) lr=1.00e-06
24000: Loss avg=0.0159 ± 0.0018  (2.773s, avg: 2.777s) lr=1.00e-06
  [track] Checkpoint -> g4096_param_low_d128_L3_hw_step024000.bytes
24100: Loss avg=0.0161 ± 0.0020  (2.763s, avg: 2.777s) lr=1.00e-06
24200: Loss avg=0.0160 ± 0.0018  (2.769s, avg: 2.777s) lr=1.00e-06
24300: Loss avg=0.0157 ± 0.0017  (2.780s, avg: 2.777s) lr=1.00e-06
24400: Loss avg=0.0158 ± 0.0018  (2.774s, avg: 2.777s) lr=1.00e-06
24500: Loss avg=0.0158 ± 0.0017  (2.775s, avg: 2.777s) lr=1.00e-06
24600: Loss avg=0.0157 ± 0.0018  (2.774s, avg: 2.777s) lr=1.00e-06
24700: Loss avg=0.0157 ± 0.0019  (2.773s, avg: 2.777s) lr=1.00e-06
24800: Loss avg=0.0156 ± 0.0018  (2.772s, avg: 2.777s) lr=1.00e-06
24900: Loss avg=0.0156 ± 0.0018  (2.769s) lr=1.00e-06
  [auto-stop] plateau at min_lr=1.00e-06 (10/10 steps without >5e-03 improvement); stopping.
Saved to /orcd/home/002/osbo/ondemand/fluid-sim/Assets/Scripts/weights/g4096_param_low_d128_L3_hw.bytes
================================================================
Finished: Tue May 12 00:48:18 EDT 2026
================================================================
