================================================================
Job 13830888, task 2 on node3203
Started: Tue May 12 13:29:19 EDT 2026
Scale: 4096
Batch size: 8
Repo: /orcd/home/002/osbo/ondemand/LearningSparsePreconditioner4GPU
================================================================
/home/osbo/.conda/envs/fluid/lib/python3.12/site-packages/torch/cuda/__init__.py:61: FutureWarning: The pynvml package is deprecated. Please install nvidia-ml-py instead. If you did not install pynvml directly, please report this to the maintainers of the package that installed pynvml for you.
  import pynvml  # type: ignore[import]
/home/osbo/.conda/envs/fluid/lib/python3.12/site-packages/torch_geometric/__init__.py:4: UserWarning: An issue occurred while importing 'pyg-lib'. Disabling its usage. Stacktrace: /lib64/libm.so.6: version `GLIBC_2.29' not found (required by /orcd/home/002/osbo/.conda/envs/fluid/lib/python3.12/site-packages/libpyg.so)
  import torch_geometric.typing
/home/osbo/.conda/envs/fluid/lib/python3.12/site-packages/torch_geometric/__init__.py:4: UserWarning: An issue occurred while importing 'torch-scatter'. Disabling its usage. Stacktrace: /orcd/home/002/osbo/.conda/envs/fluid/lib/python3.12/site-packages/torch_scatter/_scatter_cuda.so: undefined symbol: _ZN2at4_ops16div__Tensor_mode4callERNS_6TensorERKS2_St8optionalISt17basic_string_viewIcSt11char_traitsIcEEE
  import torch_geometric.typing
/home/osbo/.conda/envs/fluid/lib/python3.12/site-packages/torch_geometric/__init__.py:4: UserWarning: An issue occurred while importing 'torch-spline-conv'. Disabling its usage. Stacktrace: /orcd/home/002/osbo/.conda/envs/fluid/lib/python3.12/site-packages/torch_spline_conv/_basis_cuda.so: undefined symbol: _ZN5torch8autograd12VariableInfoC1ERKN2at6TensorEb
  import torch_geometric.typing
/home/osbo/.conda/envs/fluid/lib/python3.12/site-packages/torch_geometric/__init__.py:4: UserWarning: An issue occurred while importing 'torch-sparse'. Disabling its usage. Stacktrace: /orcd/home/002/osbo/.conda/envs/fluid/lib/python3.12/site-packages/torch_sparse/_spmm_cuda.so: undefined symbol: _ZN5torch8autograd12VariableInfoC1ERKN2at6TensorEb
  import torch_geometric.typing
[rank: 0] Seed set to 42
2026-05-12 13:29:27.323 | INFO     | __main__:main:37 - Use multidata: False
2026-05-12 13:29:27.325 | INFO     | neural_cg.data:__init__:375 - Found 100 matrices, 0 lhs, 0 rhs, 0 masks, 0 features
2026-05-12 13:29:27.342 | INFO     | neural_cg.data:__init__:451 - Fixed Topology, matrix shape=(4096, 4096), nnz=20224
2026-05-12 13:29:27.342 | INFO     | neural_cg.data:__init__:452 - Dataset folder: generated/multiphase_v2_4096
Load Folder generated/multiphase_v2_4096:   0%|          | 0/100 [00:00<?, ?it/s]Load Folder generated/multiphase_v2_4096:  30%|в–Ҳв–Ҳв–Ҳ       | 30/100 [00:00<00:00, 292.40it/s]Load Folder generated/multiphase_v2_4096:  61%|в–Ҳв–Ҳв–Ҳв–Ҳв–Ҳв–Ҳ    | 61/100 [00:00<00:00, 301.97it/s]Load Folder generated/multiphase_v2_4096:  93%|в–Ҳв–Ҳв–Ҳв–Ҳв–Ҳв–Ҳв–Ҳв–Ҳв–Ҳв–Һ| 93/100 [00:00<00:00, 309.20it/s]Load Folder generated/multiphase_v2_4096: 100%|в–Ҳв–Ҳв–Ҳв–Ҳв–Ҳв–Ҳв–Ҳв–Ҳв–Ҳв–Ҳ| 100/100 [00:00<00:00, 306.54it/s]
2026-05-12 13:29:27.670 | INFO     | neural_cg.data:__init__:463 - x: torch.Size([4096, 1])
2026-05-12 13:29:27.670 | INFO     | neural_cg.data:__init__:463 - edge_index: torch.Size([2, 20224])
2026-05-12 13:29:27.670 | INFO     | neural_cg.data:__init__:463 - edge_attr: torch.Size([20224, 1])
2026-05-12 13:29:27.670 | INFO     | neural_cg.data:__init__:463 - mask: torch.Size([4096, 1])
2026-05-12 13:29:27.670 | INFO     | neural_cg.data:__init__:463 - matrix_values: torch.Size([20224, 1, 1])
2026-05-12 13:29:27.670 | INFO     | neural_cg.data:__init__:463 - diagonal: torch.Size([4096, 1])
2026-05-12 13:29:27.670 | INFO     | neural_cg.data:__init__:463 - inv_diag: torch.Size([4096, 1])
2026-05-12 13:29:27.670 | INFO     | neural_cg.data:__init__:463 - rsqrt_diag: torch.Size([4096, 1])
2026-05-12 13:29:27.670 | INFO     | neural_cg.data:__init__:463 - residual: torch.Size([4096, 1])
2026-05-12 13:29:27.670 | INFO     | neural_cg.data:__init__:464 - Loaded 100 samples into memory.
2026-05-12 13:29:27.670 | INFO     | neural_cg.utils.datamodule:__init__:39 - Splitting dataset into train/val/test with ratios: 0.8, 0.19999999999999996
2026-05-12 13:29:27.671 | INFO     | __main__:main:49 - Edge input features: 1
2026-05-12 13:29:27.671 | INFO     | __main__:main:50 - Node input features: 1
2026-05-12 13:29:27.671 | INFO     | __main__:main:51 - Block size: 1
2026-05-12 13:29:27.671 | INFO     | __main__:main:54 - Using workspace: simple
2026-05-12 13:29:27.751 | INFO     | __main__:main:71 - Initialized model.
/home/osbo/.conda/envs/fluid/lib/python3.12/site-packages/mlflow/tracking/_tracking_service/utils.py:184: FutureWarning: The filesystem tracking backend (e.g., './mlruns') is deprecated as of February 2026. Consider transitioning to a database backend (e.g., 'sqlite:///mlflow.db') to take advantage of the latest MLflow features. See https://mlflow.org/docs/latest/self-hosting/migrate-from-file-store for migration guidance.
  return FileStore(store_uri, store_uri)
Trainer already configured with model summary callbacks: [<class 'lightning.pytorch.callbacks.rich_model_summary.RichModelSummary'>]. Skipping setting a default `ModelSummary` callback.
GPU available: True (cuda), used: True
TPU available: False, using: 0 TPU cores
рҹ’Ў Tip: For seamless cloud logging and experiment tracking, try installing [litlogger](https://pypi.org/project/litlogger/) to enable LitLogger, which logs metrics and artifacts automatically to the Lightning Experiments platform.
2026-05-12 13:29:29.203 | INFO     | __main__:main:104 - Dataset Length: 100
Experiment with name multiphase_v2_4096 not found. Creating it.
LOCAL_RANK: 0 - CUDA_VISIBLE_DEVICES: [0]
в”Ҹв”Ғв”Ғв”Ғв”ів”Ғв”Ғв”Ғв”Ғв”Ғв”Ғв”Ғв”Ғв”Ғв”Ғв”Ғв”Ғв”Ғв”Ғв”Ғв”Ғв”Ғв”Ғв”Ғв”Ғв”Ғв”ів”Ғв”Ғв”Ғв”Ғв”Ғв”Ғв”Ғв”Ғв”Ғв”Ғв”Ғв”Ғв”Ғв”Ғв”Ғв”Ғв”Ғв”Ғв”Ғв”Ғв”Ғв”Ғв”ів”Ғв”Ғв”Ғв”Ғв”Ғв”Ғв”Ғв”Ғв”ів”Ғв”Ғв”Ғв”Ғв”Ғв”Ғв”Ғв”ів”Ғв”Ғв”Ғв”Ғв”Ғв”Ғв”Ғв”“
в”ғ   в”ғ Name                в”ғ Type                 в”ғ Params в”ғ Mode  в”ғ FLOPs в”ғ
в”Ўв”Ғв”Ғв”Ғв•Үв”Ғв”Ғв”Ғв”Ғв”Ғв”Ғв”Ғв”Ғв”Ғв”Ғв”Ғв”Ғв”Ғв”Ғв”Ғв”Ғв”Ғв”Ғв”Ғв”Ғв”Ғв•Үв”Ғв”Ғв”Ғв”Ғв”Ғв”Ғв”Ғв”Ғв”Ғв”Ғв”Ғв”Ғв”Ғв”Ғв”Ғв”Ғв”Ғв”Ғв”Ғв”Ғв”Ғв”Ғв•Үв”Ғв”Ғв”Ғв”Ғв”Ғв”Ғв”Ғв”Ғв•Үв”Ғв”Ғв”Ғв”Ғв”Ғв”Ғв”Ғв•Үв”Ғв”Ғв”Ғв”Ғв”Ғв”Ғв”Ғв”©
в”Ӯ 0 в”Ӯ loss_fn             в”Ӯ RelativeL2Loss_ANorm в”Ӯ      0 в”Ӯ train в”Ӯ     0 в”Ӯ
в”Ӯ 1 в”Ӯ gnn                 в”Ӯ NodeEdgeProcessing   в”Ӯ 17.0 K в”Ӯ train в”Ӯ     0 в”Ӯ
в”Ӯ 2 в”Ӯ spai_preconditioner в”Ӯ AATPE                в”Ӯ      0 в”Ӯ train в”Ӯ     0 в”Ӯ
в””в”Җв”Җв”Җв”ҙв”Җв”Җв”Җв”Җв”Җв”Җв”Җв”Җв”Җв”Җв”Җв”Җв”Җв”Җв”Җв”Җв”Җв”Җв”Җв”Җв”Җв”ҙв”Җв”Җв”Җв”Җв”Җв”Җв”Җв”Җв”Җв”Җв”Җв”Җв”Җв”Җв”Җв”Җв”Җв”Җв”Җв”Җв”Җв”Җв”ҙв”Җв”Җв”Җв”Җв”Җв”Җв”Җв”Җв”ҙв”Җв”Җв”Җв”Җв”Җв”Җв”Җв”ҙв”Җв”Җв”Җв”Җв”Җв”Җв”Җв”ҳ
Trainable params: 17.0 K                                                        
Non-trainable params: 4                                                         
Total params: 17.0 K                                                            
Total estimated model params size (MB): 0                                       
Modules in train mode: 205                                                      
Modules in eval mode: 0                                                         
Total FLOPs: 0                                                                  
SLURM auto-requeueing enabled. Setting signal handlers.
/home/osbo/.conda/envs/fluid/lib/python3.12/site-packages/lightning/pytorch/trainer/connectors/data_connector.py:434: The 'val_dataloader' does not have many workers which may be a bottleneck. Consider increasing the value of the `num_workers` argument` to `num_workers=15` in the `DataLoader` to improve performance.
/home/osbo/.conda/envs/fluid/lib/python3.12/site-packages/lightning/pytorch/trainer/connectors/data_connector.py:434: The 'train_dataloader' does not have many workers which may be a bottleneck. Consider increasing the value of the `num_workers` argument` to `num_workers=15` in the `DataLoader` to improve performance.
/home/osbo/.conda/envs/fluid/lib/python3.12/site-packages/lightning/pytorch/loops/fit_loop.py:317: The number of training batches (10) is smaller than the logging interval Trainer(log_every_n_steps=50). Set a lower value for log_every_n_steps if you want to see logs for the training epoch.
`Trainer.fit` stopped: `max_epochs=500` reached.
Epoch 499/499 в”Ғв”Ғв”Ғв”Ғв”Ғв”Ғв”Ғв”Ғв”Ғв”Ғв”Ғв”Ғв”Ғв”Ғв”Ғв”Ғ 10/10 0:00:00 вҖў       51.78it/s v_num: 01bd      
                                     0:00:00                   Train/Loss: 0.072
LOCAL_RANK: 0 - CUDA_VISIBLE_DEVICES: [0]
SLURM auto-requeueing enabled. Setting signal handlers.
/home/osbo/.conda/envs/fluid/lib/python3.12/site-packages/lightning/pytorch/trainer/connectors/data_connector.py:434: The 'test_dataloader' does not have many workers which may be a bottleneck. Consider increasing the value of the `num_workers` argument` to `num_workers=15` in the `DataLoader` to improve performance.
в”Ҹв”Ғв”Ғв”Ғв”Ғв”Ғв”Ғв”Ғв”Ғв”Ғв”Ғв”Ғв”Ғв”Ғв”Ғв”Ғв”Ғв”Ғв”Ғв”Ғв”Ғв”Ғв”Ғв”Ғв”Ғв”Ғв”Ғв”Ғв”ів”Ғв”Ғв”Ғв”Ғв”Ғв”Ғв”Ғв”Ғв”Ғв”Ғв”Ғв”Ғв”Ғв”Ғв”Ғв”Ғв”Ғв”Ғв”Ғв”Ғв”Ғв”Ғв”Ғв”Ғв”Ғв”Ғв”Ғв”“
в”ғ        Test metric        в”ғ       DataLoader 0        в”ғ
в”Ўв”Ғв”Ғв”Ғв”Ғв”Ғв”Ғв”Ғв”Ғв”Ғв”Ғв”Ғв”Ғв”Ғв”Ғв”Ғв”Ғв”Ғв”Ғв”Ғв”Ғв”Ғв”Ғв”Ғв”Ғв”Ғв”Ғв”Ғв•Үв”Ғв”Ғв”Ғв”Ғв”Ғв”Ғв”Ғв”Ғв”Ғв”Ғв”Ғв”Ғв”Ғв”Ғв”Ғв”Ғв”Ғв”Ғв”Ғв”Ғв”Ғв”Ғв”Ғв”Ғв”Ғв”Ғв”Ғв”©
в”Ӯ         Test/Loss         в”Ӯ    0.07264910638332367    в”Ӯ
в”Ӯ    Test/boo_entry_norm    в”Ӯ     87.49107360839844     в”Ӯ
в”Ӯ   Test/time_neural_prec   в”Ӯ   0.0017595052486285567   в”Ӯ
в””в”Җв”Җв”Җв”Җв”Җв”Җв”Җв”Җв”Җв”Җв”Җв”Җв”Җв”Җв”Җв”Җв”Җв”Җв”Җв”Җв”Җв”Җв”Җв”Җв”Җв”Җв”Җв”ҙв”Җв”Җв”Җв”Җв”Җв”Җв”Җв”Җв”Җв”Җв”Җв”Җв”Җв”Җв”Җв”Җв”Җв”Җв”Җв”Җв”Җв”Җв”Җв”Җв”Җв”Җв”Җв”ҳ
Testing в”Ғв”Ғв”Ғв”Ғв”Ғв”Ғв”Ғв”Ғв”Ғв”Ғв”Ғв”Ғв”Ғв”Ғв”Ғв”Ғв”Ғв”Ғв”Ғв”Ғв”Ғв”Ғв”Ғв”Ғв”Ғв”Ғв”Ғв”Ғв”Ғв”Ғв”Ғв”Ғв”Ғв”Ғв”Ғ 20/20 0:00:00 вҖў 0:00:00 134.01it/s 
[summary] wrote /home/osbo/ondemand/fluid-sim/Assets/Scripts/results/lsp_scale_train_task_2.csv
================================================================
Finished: Tue May 12 13:31:23 EDT 2026
Elapsed: 124s
Train log: /home/osbo/ondemand/fluid-sim/Assets/Scripts/results/lsp_scale_train_logs/multiphase_v2_4096.log
Summary CSV: /home/osbo/ondemand/fluid-sim/Assets/Scripts/results/lsp_scale_train_task_2.csv
================================================================
