================================================================
Job 13644701 on node4100
Started: Sat May  9 14:29:56 EDT 2026
================================================================
Using device: cuda
  [startup] Random sample of 100 frames (--num-frames 100)
  [startup] Loaded 100 training contexts from disk cache (24576.03 ms) → .leafonly_training_context_cache/
  [startup] global_max_edges = 40596
  [startup] contexts_per_step = 4 (gradient accumulation)
  [startup] Ablation config: layers=3, gcn_layers=2, jacobi=True (node_scalar), attention_layout=128x129, off_diag_dense_attn=True, diag_dense_attn=True, use_highways=True
  [startup] torch.compile(model): enabled (CUDA)
  [startup] LR scheduler: ReduceLROnPlateau (factor=0.5, patience=5, threshold=5e-3, min_lr=1.00e-06, auto-stop (patience=10, threshold=5e-3 at min_lr))
  Block preconditioner: 64 leaves, diag 128×128, off 32×32 (128 nodes/leaf)
  Probe vectors (loss MC columns): auto max(64, ⌈√n_pad⌉) per step (override with --probe-vectors K)
  Probe MAZ path: --leafonly-pcg=matrix_free (A@Z: sparse block-diagonal A@Z (all devices; dense bmm only if context cache has use_dense_A); apply_block_diagonal_M torch.compile (matrix_free))
  Loss mode: sai (mean_k ||A M^{-1} w_k / ||A|| - w_k||^2; --loss-mode sai)

=== Startup timing (wall clock, ms) ===
  Dataset + run folder scan:         125.82
  Load training contexts (disk→device):   24576.03 ms  (100 contexts)
  LeafOnlyNet + .to(device):          22.11
  torch.compile(model) call:        2041.03  (CUDA; Inductor runs on 1st forward/backward)
  load_leaf_only_weights:         skipped
  AdamW + ReduceLROnPlateau:           0.37
  ---
  Total before training loop:      26781.57
  Note: First loss line’s (elapsed) is wall time for that step only (after startup); with torch.compile, the first forward+backward triggers Inductor codegen (often ~10–20s).
  At step 299, a one-time detailed breakdown (zero_grad / forward / apply M / backward / …) is printed.

  [track] Training profile CSV: /orcd/home/002/osbo/ondemand/fluid-sim/Assets/Scripts/weights/v2_8192_d128_L3_hw_sai_training_profile.csv
00000: Loss avg=256646.7656 ± 0.0000  (39.356s) lr=2.00e-04
  [track] Checkpoint -> v2_8192_d128_L3_hw_sai_step000000.bytes
00100: Loss avg=5110.3209 ± 18974.7099  (16.437s) lr=2.00e-04
00200: Loss avg=1945.1292 ± 243.2079  (3.206s) lr=2.00e-04

--- Detailed timing for step 300 (contexts_per_step=4, batched forward) ---
  batch: B=4, n_pad=8192, batch_vectors=256
--- Step 300 detailed timing (ms) ---
  zero_grad:            0.19
  batch assembly:       0.35
  model forward:       10.00
  probe Z+Jacobi:       0.16
  A @ Z (sparse block-mm):     0.59
  apply M (MAZ):        0.78
  residual + loss:      0.16
  backward:            20.63
  clip_grad_norm:       0.90
  optimizer.step:       1.22
  total:               34.97
  full iter (wall):    47.38 ms  (Python / scheduler / print overhead ≈ +12.41 ms vs sum above)
----------------------------------------

00300: Loss avg=1917.7933 ± 255.5650  (3.210s, avg: 3.210s) lr=2.00e-04
00400: Loss avg=1807.1206 ± 103.9181  (3.207s, avg: 3.207s) lr=2.00e-04
00500: Loss avg=1808.5305 ± 98.6317  (3.202s, avg: 3.205s) lr=2.00e-04
00600: Loss avg=1754.4943 ± 58.2715  (3.200s, avg: 3.203s) lr=2.00e-04
00700: Loss avg=1742.8590 ± 34.9079  (3.206s, avg: 3.204s) lr=2.00e-04
00800: Loss avg=1757.3944 ± 60.7297  (3.210s, avg: 3.205s) lr=2.00e-04
00900: Loss avg=301009.4727 ± 1985499.1793  (3.209s, avg: 3.206s) lr=2.00e-04
01000: Loss avg=1777.4499 ± 115.4650  (3.208s, avg: 3.206s) lr=2.00e-04
01100: Loss avg=1723.9515 ± 20.7496  (3.192s, avg: 3.209s) lr=2.00e-04
01200: Loss avg=1733.8628 ± 31.6137  (3.203s, avg: 3.208s) lr=2.00e-04
01300: Loss avg=1728.6591 ± 26.8642  (3.207s, avg: 3.208s) lr=2.00e-04
01400: Loss avg=1742.1083 ± 45.1657  (3.210s, avg: 3.208s) lr=2.00e-04
01500: Loss avg=1724.7751 ± 21.5784  (3.212s, avg: 3.209s) lr=2.00e-04
01600: Loss avg=1731.5999 ± 30.6959  (3.210s, avg: 3.209s) lr=2.00e-04
  [lr] plateau detected: lr 2.00e-04 -> 1.00e-04
01700: Loss avg=1725.4979 ± 18.5106  (3.211s, avg: 3.209s) lr=1.00e-04
01800: Loss avg=1720.4564 ± 16.2153  (3.209s, avg: 3.209s) lr=1.00e-04
01900: Loss avg=1718.3485 ± 16.7072  (3.213s, avg: 3.209s) lr=1.00e-04
02000: Loss avg=1714.2065 ± 16.0019  (3.214s, avg: 3.210s) lr=1.00e-04
  [track] Checkpoint -> v2_8192_d128_L3_hw_sai_step002000.bytes
02100: Loss avg=1711.8560 ± 11.0037  (3.204s, avg: 3.212s) lr=1.00e-04
02200: Loss avg=1719.3272 ± 16.8449  (3.211s, avg: 3.212s) lr=1.00e-04
02300: Loss avg=1713.9537 ± 15.0849  (3.214s, avg: 3.212s) lr=1.00e-04
02400: Loss avg=1710.5274 ± 12.0172  (3.210s, avg: 3.212s) lr=1.00e-04
02500: Loss avg=1709.3960 ± 12.3167  (3.209s, avg: 3.212s) lr=1.00e-04
  [lr] plateau detected: lr 1.00e-04 -> 5.00e-05
02600: Loss avg=1711.6200 ± 16.3378  (3.215s, avg: 3.212s) lr=5.00e-05
02700: Loss avg=1703.2246 ± 11.4419  (3.214s, avg: 3.212s) lr=5.00e-05
02800: Loss avg=1702.5251 ± 12.6573  (3.209s, avg: 3.212s) lr=5.00e-05
02900: Loss avg=1700.5006 ± 13.7690  (3.210s, avg: 3.212s) lr=5.00e-05
03000: Loss avg=1696.2787 ± 12.8251  (3.212s, avg: 3.212s) lr=5.00e-05
03100: Loss avg=1694.6340 ± 11.3255  (3.200s, avg: 3.213s) lr=5.00e-05
03200: Loss avg=1694.7231 ± 11.8748  (3.214s, avg: 3.213s) lr=5.00e-05
03300: Loss avg=1692.5426 ± 12.1119  (3.213s, avg: 3.213s) lr=5.00e-05
03400: Loss avg=1692.0943 ± 13.0942  (3.206s, avg: 3.213s) lr=5.00e-05
03500: Loss avg=1687.2701 ± 11.4345  (3.210s, avg: 3.213s) lr=5.00e-05
03600: Loss avg=1688.3177 ± 13.0175  (3.210s, avg: 3.213s) lr=5.00e-05
03700: Loss avg=1684.0392 ± 13.1561  (3.211s, avg: 3.213s) lr=5.00e-05
03800: Loss avg=1679.2855 ± 13.1284  (3.214s, avg: 3.213s) lr=5.00e-05
03900: Loss avg=1678.0121 ± 12.3451  (3.213s, avg: 3.213s) lr=5.00e-05
04000: Loss avg=1677.8791 ± 11.4749  (3.207s, avg: 3.213s) lr=5.00e-05
  [track] Checkpoint -> v2_8192_d128_L3_hw_sai_step004000.bytes
04100: Loss avg=1675.3890 ± 12.2536  (3.196s, avg: 3.214s) lr=5.00e-05
04200: Loss avg=1676.2000 ± 12.2509  (3.212s, avg: 3.214s) lr=5.00e-05
04300: Loss avg=1671.5104 ± 11.7603  (3.211s, avg: 3.214s) lr=5.00e-05
04400: Loss avg=1667.9409 ± 11.7506  (3.212s, avg: 3.214s) lr=5.00e-05
04500: Loss avg=1667.7270 ± 11.9167  (3.211s, avg: 3.214s) lr=5.00e-05
04600: Loss avg=1667.7796 ± 12.7080  (3.210s, avg: 3.214s) lr=5.00e-05
04700: Loss avg=1664.4225 ± 12.8106  (3.196s, avg: 3.213s) lr=5.00e-05
04800: Loss avg=1659.3822 ± 10.8839  (3.199s, avg: 3.213s) lr=5.00e-05
04900: Loss avg=1657.8039 ± 12.9611  (3.207s, avg: 3.213s) lr=5.00e-05
05000: Loss avg=1654.9163 ± 13.0642  (3.196s, avg: 3.212s) lr=5.00e-05
05100: Loss avg=1655.2120 ± 12.5084  (3.188s, avg: 3.213s) lr=5.00e-05
05200: Loss avg=1652.3906 ± 12.4075  (3.205s, avg: 3.212s) lr=5.00e-05
05300: Loss avg=1651.0481 ± 13.2463  (3.197s, avg: 3.212s) lr=5.00e-05
05400: Loss avg=1648.1862 ± 13.7140  (3.210s, avg: 3.212s) lr=5.00e-05
05500: Loss avg=1641.8696 ± 13.9092  (3.210s, avg: 3.212s) lr=5.00e-05
05600: Loss avg=1643.5151 ± 13.8462  (3.210s, avg: 3.212s) lr=5.00e-05
05700: Loss avg=1637.4456 ± 13.3532  (3.208s, avg: 3.212s) lr=5.00e-05
05800: Loss avg=1635.2393 ± 13.4024  (3.207s, avg: 3.212s) lr=5.00e-05
05900: Loss avg=1635.3262 ± 12.5815  (3.206s, avg: 3.212s) lr=5.00e-05
06000: Loss avg=1631.7588 ± 13.8727  (3.209s, avg: 3.212s) lr=5.00e-05
  [track] Checkpoint -> v2_8192_d128_L3_hw_sai_step006000.bytes
06100: Loss avg=1625.5720 ± 11.8239  (3.184s, avg: 3.212s) lr=5.00e-05
06200: Loss avg=1626.4439 ± 14.1290  (3.193s, avg: 3.212s) lr=5.00e-05
06300: Loss avg=1625.4872 ± 13.3525  (3.201s, avg: 3.212s) lr=5.00e-05
06400: Loss avg=1620.1585 ± 12.8954  (3.199s, avg: 3.212s) lr=5.00e-05
06500: Loss avg=1617.7995 ± 13.1578  (3.201s, avg: 3.211s) lr=5.00e-05
06600: Loss avg=1615.5585 ± 14.1490  (3.207s, avg: 3.211s) lr=5.00e-05
06700: Loss avg=1611.2001 ± 14.2360  (3.208s, avg: 3.211s) lr=5.00e-05
06800: Loss avg=1609.8173 ± 12.8422  (3.209s, avg: 3.211s) lr=5.00e-05
06900: Loss avg=1605.4330 ± 14.0479  (3.205s, avg: 3.211s) lr=5.00e-05
07000: Loss avg=1605.0456 ± 12.1318  (3.207s, avg: 3.211s) lr=5.00e-05
07100: Loss avg=1602.9407 ± 14.2486  (3.194s, avg: 3.211s) lr=5.00e-05
07200: Loss avg=1599.3533 ± 14.4707  (3.207s, avg: 3.211s) lr=5.00e-05
07300: Loss avg=1599.2408 ± 14.5740  (3.208s, avg: 3.211s) lr=5.00e-05
07400: Loss avg=1597.9280 ± 14.1237  (3.209s, avg: 3.211s) lr=5.00e-05
07500: Loss avg=1597.6510 ± 16.2819  (3.203s, avg: 3.211s) lr=5.00e-05
07600: Loss avg=1593.2515 ± 13.8888  (3.206s, avg: 3.211s) lr=5.00e-05
07700: Loss avg=1592.1009 ± 15.0298  (3.207s, avg: 3.211s) lr=5.00e-05
07800: Loss avg=1584.4916 ± 14.9567  (3.208s, avg: 3.211s) lr=5.00e-05
07900: Loss avg=1587.0483 ± 15.9195  (3.210s, avg: 3.211s) lr=5.00e-05
08000: Loss avg=1583.6852 ± 12.6319  (3.208s, avg: 3.211s) lr=5.00e-05
  [track] Checkpoint -> v2_8192_d128_L3_hw_sai_step008000.bytes
08100: Loss avg=1581.6651 ± 14.8667  (3.192s, avg: 3.212s) lr=5.00e-05
08200: Loss avg=1580.7444 ± 13.6716  (3.204s, avg: 3.211s) lr=5.00e-05
08300: Loss avg=1578.6469 ± 13.7815  (3.208s, avg: 3.211s) lr=5.00e-05
08400: Loss avg=1575.1073 ± 15.3976  (3.209s, avg: 3.211s) lr=5.00e-05
08500: Loss avg=1575.3099 ± 16.5120  (3.199s, avg: 3.211s) lr=5.00e-05
08600: Loss avg=1572.0614 ± 14.7772  (3.190s, avg: 3.211s) lr=5.00e-05
08700: Loss avg=1572.7536 ± 13.6343  (3.189s, avg: 3.211s) lr=5.00e-05
08800: Loss avg=1566.7232 ± 14.5272  (3.186s, avg: 3.210s) lr=5.00e-05
08900: Loss avg=1569.8751 ± 15.0243  (3.202s, avg: 3.210s) lr=5.00e-05
09000: Loss avg=1562.6973 ± 15.0570  (3.205s, avg: 3.210s) lr=5.00e-05
09100: Loss avg=1560.3629 ± 15.3098  (3.197s, avg: 3.211s) lr=5.00e-05
09200: Loss avg=1557.9731 ± 11.3933  (3.208s, avg: 3.211s) lr=5.00e-05
09300: Loss avg=1558.2280 ± 11.9208  (3.186s, avg: 3.210s) lr=5.00e-05
09400: Loss avg=1558.5054 ± 14.7362  (3.187s, avg: 3.210s) lr=5.00e-05
09500: Loss avg=1561.4371 ± 15.0111  (3.189s, avg: 3.210s) lr=5.00e-05
09600: Loss avg=1558.6039 ± 16.0478  (3.189s, avg: 3.210s) lr=5.00e-05
09700: Loss avg=1554.7337 ± 14.6088  (3.189s, avg: 3.209s) lr=5.00e-05
  [lr] plateau detected: lr 5.00e-05 -> 2.50e-05
09800: Loss avg=1553.6805 ± 15.3775  (3.189s, avg: 3.209s) lr=2.50e-05
09900: Loss avg=1551.3680 ± 12.2734  (3.199s, avg: 3.209s) lr=2.50e-05
10000: Loss avg=1550.0861 ± 14.5341  (3.203s, avg: 3.209s) lr=2.50e-05
  [track] Checkpoint -> v2_8192_d128_L3_hw_sai_step010000.bytes
10100: Loss avg=1550.1490 ± 15.4756  (3.196s, avg: 3.209s) lr=2.50e-05
10200: Loss avg=1550.0336 ± 14.7514  (3.208s, avg: 3.209s) lr=2.50e-05
10300: Loss avg=1548.7654 ± 15.6671  (3.190s, avg: 3.209s) lr=2.50e-05
10400: Loss avg=1545.9192 ± 14.1973  (3.194s, avg: 3.209s) lr=2.50e-05
10500: Loss avg=1544.4998 ± 15.7389  (3.198s, avg: 3.209s) lr=2.50e-05
  [lr] plateau detected: lr 2.50e-05 -> 1.25e-05
10600: Loss avg=1543.8875 ± 14.6380  (3.188s, avg: 3.209s) lr=1.25e-05
10700: Loss avg=1541.1049 ± 14.7748  (3.208s, avg: 3.209s) lr=1.25e-05
10800: Loss avg=1539.7031 ± 13.4819  (3.208s, avg: 3.209s) lr=1.25e-05
10900: Loss avg=1539.9525 ± 14.3365  (3.209s, avg: 3.209s) lr=1.25e-05
11000: Loss avg=1540.5765 ± 13.8021  (3.192s, avg: 3.209s) lr=1.25e-05
11100: Loss avg=1538.6642 ± 14.6126  (3.176s, avg: 3.209s) lr=1.25e-05
11200: Loss avg=1537.6000 ± 13.4745  (3.187s, avg: 3.208s) lr=1.25e-05
  [lr] plateau detected: lr 1.25e-05 -> 6.25e-06
11300: Loss avg=1539.4478 ± 15.4148  (3.203s, avg: 3.208s) lr=6.25e-06
11400: Loss avg=1536.1895 ± 13.1506  (3.189s, avg: 3.208s) lr=6.25e-06
11500: Loss avg=1537.2424 ± 14.8223  (3.199s, avg: 3.208s) lr=6.25e-06
11600: Loss avg=1535.3842 ± 12.0148  (3.190s, avg: 3.208s) lr=6.25e-06
11700: Loss avg=1537.3993 ± 16.6525  (3.188s, avg: 3.208s) lr=6.25e-06
11800: Loss avg=1538.7334 ± 13.7685  (3.183s, avg: 3.208s) lr=6.25e-06
11900: Loss avg=1535.1026 ± 13.8110  (3.189s, avg: 3.207s) lr=6.25e-06
12000: Loss avg=1532.6491 ± 14.8041  (3.190s, avg: 3.207s) lr=6.25e-06
  [track] Checkpoint -> v2_8192_d128_L3_hw_sai_step012000.bytes
12100: Loss avg=1533.0056 ± 15.5254  (3.179s, avg: 3.208s) lr=6.25e-06
12200: Loss avg=1532.6831 ± 14.3702  (3.186s, avg: 3.207s) lr=6.25e-06
12300: Loss avg=1532.9242 ± 14.2158  (3.195s, avg: 3.207s) lr=6.25e-06
12400: Loss avg=1535.7758 ± 15.1428  (3.196s, avg: 3.207s) lr=6.25e-06
12500: Loss avg=1534.2976 ± 14.0256  (3.189s, avg: 3.207s) lr=6.25e-06
  [lr] plateau detected: lr 6.25e-06 -> 3.13e-06
12600: Loss avg=1535.1885 ± 13.5229  (3.191s, avg: 3.207s) lr=3.13e-06
12700: Loss avg=1535.0301 ± 14.0065  (3.207s, avg: 3.207s) lr=3.13e-06
12800: Loss avg=1532.2633 ± 14.5825  (3.191s, avg: 3.207s) lr=3.13e-06
12900: Loss avg=1532.8705 ± 13.8552  (3.187s, avg: 3.207s) lr=3.13e-06
13000: Loss avg=1531.0476 ± 14.7383  (3.185s, avg: 3.206s) lr=3.13e-06
13100: Loss avg=1530.3912 ± 12.9391  (3.179s, avg: 3.207s) lr=3.13e-06
13200: Loss avg=1530.7151 ± 12.4742  (3.208s, avg: 3.207s) lr=3.13e-06
  [lr] plateau detected: lr 3.13e-06 -> 1.56e-06
13300: Loss avg=1530.7826 ± 15.2390  (3.208s, avg: 3.207s) lr=1.56e-06
13400: Loss avg=1530.1865 ± 14.7385  (3.198s, avg: 3.206s) lr=1.56e-06
13500: Loss avg=1532.7077 ± 14.7574  (3.188s, avg: 3.206s) lr=1.56e-06
13600: Loss avg=1531.3938 ± 14.8888  (3.188s, avg: 3.206s) lr=1.56e-06
13700: Loss avg=1530.1204 ± 13.5733  (3.208s, avg: 3.206s) lr=1.56e-06
13800: Loss avg=1531.2192 ± 13.0417  (3.187s, avg: 3.206s) lr=1.56e-06
13900: Loss avg=1531.8261 ± 12.6726  (3.189s, avg: 3.206s) lr=1.56e-06
  [lr] plateau detected: lr 1.56e-06 -> 1.00e-06
14000: Loss avg=1533.7114 ± 12.6765  (3.185s, avg: 3.206s) lr=1.00e-06
  [track] Checkpoint -> v2_8192_d128_L3_hw_sai_step014000.bytes
14100: Loss avg=1531.3681 ± 13.0675  (3.179s, avg: 3.206s) lr=1.00e-06
14200: Loss avg=1529.3097 ± 14.6282  (3.206s, avg: 3.206s) lr=1.00e-06
14300: Loss avg=1530.6768 ± 15.7200  (3.196s, avg: 3.206s) lr=1.00e-06
14400: Loss avg=1529.4563 ± 14.3497  (3.207s, avg: 3.206s) lr=1.00e-06
14500: Loss avg=1528.0238 ± 13.9345  (3.208s, avg: 3.206s) lr=1.00e-06
14600: Loss avg=1530.1517 ± 13.2879  (3.197s, avg: 3.206s) lr=1.00e-06
14700: Loss avg=1528.7698 ± 13.8932  (3.187s, avg: 3.206s) lr=1.00e-06
14800: Loss avg=1530.9587 ± 13.8842  (3.196s, avg: 3.206s) lr=1.00e-06
14900: Loss avg=1528.9448 ± 13.0878  (3.193s, avg: 3.206s) lr=1.00e-06
15000: Loss avg=1529.0753 ± 14.1218  (3.193s) lr=1.00e-06
  [auto-stop] plateau at min_lr=1.00e-06 (10/10 steps without >5e-03 improvement); stopping.
Saved to /orcd/home/002/osbo/ondemand/fluid-sim/Assets/Scripts/weights/v2_8192_d128_L3_hw_sai.bytes
================================================================
Finished: Sat May  9 14:39:21 EDT 2026
================================================================
