================================================================
Job 13582466, task 18 on node3100
Started: Fri May  8 16:46:32 EDT 2026
================================================================
[18/19] v2_4096_d128_L3_nohw
Using device: cuda
  [startup] Random sample of 100 frames (--num-frames 100)
  [startup] Loaded 100 training contexts from disk cache (3710.47 ms) → .leafonly_training_context_cache/
  [startup] global_max_edges = 20224
  [startup] contexts_per_step = 4 (gradient accumulation)
  [startup] Ablation config: layers=3, gcn_layers=2, jacobi=True (node_scalar), attention_layout=128x129, off_diag_dense_attn=True, diag_dense_attn=True, use_highways=False
  [startup] torch.compile(model): enabled (CUDA)
  [startup] LR scheduler: ReduceLROnPlateau (factor=0.5, patience=5, threshold=5e-3, min_lr=1.00e-06, auto-stop (patience=10, threshold=5e-3 at min_lr))
  Block preconditioner: 32 leaves, diag 128×128, off 32×32 (128 nodes/leaf)
  Probe vectors (loss MC columns): auto max(64, ⌈√n_pad⌉) per step (override with --probe-vectors K)
  Probe MAZ path: --leafonly-pcg=matrix_free (A@Z: sparse block-diagonal A@Z (all devices; dense bmm only if context cache has use_dense_A); apply_block_diagonal_M torch.compile (matrix_free))
  Loss mode: hutchinson (cosine-similarity probe; --loss-mode hutchinson)

=== Startup timing (wall clock, ms) ===
  Dataset + run folder scan:         125.29
  Load training contexts (disk→device):    3710.47 ms  (100 contexts)
  LeafOnlyNet + .to(device):          16.66
  torch.compile(model) call:        2757.17  (CUDA; Inductor runs on 1st forward/backward)
  load_leaf_only_weights:         skipped
  AdamW + ReduceLROnPlateau:           0.46
  ---
  Total before training loop:       6647.97
  Note: First loss line’s (elapsed) is wall time for that step only (after startup); with torch.compile, the first forward+backward triggers Inductor codegen (often ~10–20s).
  At step 299, a one-time detailed breakdown (zero_grad / forward / apply M / backward / …) is printed.

  [track] Training profile CSV: /orcd/home/002/osbo/ondemand/fluid-sim/Assets/Scripts/weights/v2_4096_d128_L3_nohw_training_profile.csv
00000: Loss avg=0.2403 ± 0.0000  (25.657s) lr=2.00e-04
  [track] Checkpoint -> v2_4096_d128_L3_nohw_step000000.bytes
00100: Loss avg=0.2375 ± 0.0015  (2.659s) lr=2.00e-04
00200: Loss avg=0.2370 ± 0.0014  (1.880s) lr=2.00e-04

--- Detailed timing for step 300 (contexts_per_step=4, batched forward) ---
  batch: B=4, n_pad=4096, batch_vectors=256
--- Step 300 detailed timing (ms) ---
  zero_grad:            0.20
  batch assembly:       0.24
  model forward:        4.59
  probe Z+Jacobi:       1.14
  A @ Z (sparse block-mm):     0.51
  apply M (MAZ):        0.52
  residual + loss:      0.22
  backward:             9.86
  clip_grad_norm:       0.96
  optimizer.step:       1.35
  total:               19.57
  full iter (wall):    21.63 ms  (Python / scheduler / print overhead ≈ +2.07 ms vs sum above)
----------------------------------------

00300: Loss avg=0.2369 ± 0.0013  (1.898s, avg: 1.898s) lr=2.00e-04
00400: Loss avg=0.2368 ± 0.0014  (1.684s, avg: 1.684s) lr=2.00e-04
00500: Loss avg=0.2344 ± 0.0015  (2.155s, avg: 1.920s) lr=2.00e-04
00600: Loss avg=0.2316 ± 0.0013  (1.849s, avg: 1.896s) lr=2.00e-04
00700: Loss avg=0.2305 ± 0.0013  (1.866s, avg: 1.889s) lr=2.00e-04
00800: Loss avg=0.2299 ± 0.0015  (1.874s, avg: 1.886s) lr=2.00e-04
00900: Loss avg=0.2279 ± 0.0014  (1.641s, avg: 1.845s) lr=2.00e-04
01000: Loss avg=0.2264 ± 0.0016  (1.808s, avg: 1.840s) lr=2.00e-04
01100: Loss avg=0.2246 ± 0.0021  (2.086s, avg: 1.873s) lr=2.00e-04
01200: Loss avg=0.2217 ± 0.0019  (1.858s, avg: 1.872s) lr=2.00e-04
01300: Loss avg=0.2207 ± 0.0021  (1.846s, avg: 1.869s) lr=2.00e-04
01400: Loss avg=0.2185 ± 0.0031  (1.876s, avg: 1.870s) lr=2.00e-04
01500: Loss avg=0.2150 ± 0.0024  (2.076s, avg: 1.887s) lr=2.00e-04
01600: Loss avg=0.2144 ± 0.0041  (1.852s, avg: 1.884s) lr=2.00e-04
01700: Loss avg=0.2156 ± 0.0040  (1.641s, avg: 1.867s) lr=2.00e-04
01800: Loss avg=0.2032 ± 0.0049  (1.901s, avg: 1.869s) lr=2.00e-04
01900: Loss avg=0.1934 ± 0.0038  (1.955s, avg: 1.875s) lr=2.00e-04
02000: Loss avg=0.1886 ± 0.0036  (1.821s, avg: 1.871s) lr=2.00e-04
  [track] Checkpoint -> v2_4096_d128_L3_nohw_step002000.bytes
02100: Loss avg=0.1886 ± 0.0063  (1.963s, avg: 1.880s) lr=2.00e-04
02200: Loss avg=0.1878 ± 0.0058  (1.708s, avg: 1.871s) lr=2.00e-04
02300: Loss avg=0.1770 ± 0.0039  (1.865s, avg: 1.870s) lr=2.00e-04
02400: Loss avg=0.1762 ± 0.0047  (1.871s, avg: 1.871s) lr=2.00e-04
02500: Loss avg=0.1745 ± 0.0073  (1.943s, avg: 1.874s) lr=2.00e-04
02600: Loss avg=0.1733 ± 0.0048  (2.047s, avg: 1.881s) lr=2.00e-04
02700: Loss avg=0.1707 ± 0.0053  (1.960s, avg: 1.885s) lr=2.00e-04
02800: Loss avg=0.1687 ± 0.0077  (1.634s, avg: 1.875s) lr=2.00e-04
02900: Loss avg=0.1774 ± 0.0146  (1.816s, avg: 1.872s) lr=2.00e-04
03000: Loss avg=0.1736 ± 0.0073  (2.092s, avg: 1.881s) lr=2.00e-04
03100: Loss avg=0.1635 ± 0.0043  (1.788s, avg: 1.878s) lr=2.00e-04
03200: Loss avg=0.1625 ± 0.0044  (1.872s, avg: 1.878s) lr=2.00e-04
03300: Loss avg=0.1639 ± 0.0084  (1.868s, avg: 1.877s) lr=2.00e-04
03400: Loss avg=0.1609 ± 0.0053  (2.107s, avg: 1.885s) lr=2.00e-04
03500: Loss avg=0.1596 ± 0.0054  (1.878s, avg: 1.885s) lr=2.00e-04
03600: Loss avg=0.1625 ± 0.0100  (1.875s, avg: 1.884s) lr=2.00e-04
03700: Loss avg=0.1701 ± 0.0131  (1.867s, avg: 1.884s) lr=2.00e-04
03800: Loss avg=0.1573 ± 0.0070  (1.869s, avg: 1.883s) lr=2.00e-04
03900: Loss avg=0.1501 ± 0.0043  (1.693s, avg: 1.878s) lr=2.00e-04
04000: Loss avg=0.1469 ± 0.0046  (2.258s, avg: 1.888s) lr=2.00e-04
  [track] Checkpoint -> v2_4096_d128_L3_nohw_step004000.bytes
04100: Loss avg=0.1484 ± 0.0079  (1.837s, avg: 1.888s) lr=2.00e-04
04200: Loss avg=0.1432 ± 0.0053  (1.640s, avg: 1.882s) lr=2.00e-04
04300: Loss avg=0.1462 ± 0.0062  (2.125s, avg: 1.888s) lr=2.00e-04
04400: Loss avg=0.1534 ± 0.0154  (1.895s, avg: 1.888s) lr=2.00e-04
04500: Loss avg=0.1389 ± 0.0045  (1.825s, avg: 1.887s) lr=2.00e-04
04600: Loss avg=0.1406 ± 0.0072  (1.906s, avg: 1.887s) lr=2.00e-04
04700: Loss avg=0.1417 ± 0.0080  (2.167s, avg: 1.893s) lr=2.00e-04
04800: Loss avg=0.1349 ± 0.0045  (1.904s, avg: 1.894s) lr=2.00e-04
04900: Loss avg=0.1353 ± 0.0069  (1.954s, avg: 1.895s) lr=2.00e-04
05000: Loss avg=0.1348 ± 0.0093  (1.847s, avg: 1.894s) lr=2.00e-04
05100: Loss avg=0.1286 ± 0.0049  (1.881s, avg: 1.894s) lr=2.00e-04
05200: Loss avg=0.1420 ± 0.0168  (1.820s, avg: 1.893s) lr=2.00e-04
05300: Loss avg=0.1274 ± 0.0059  (1.690s, avg: 1.889s) lr=2.00e-04
05400: Loss avg=0.1262 ± 0.0063  (1.956s, avg: 1.890s) lr=2.00e-04
05500: Loss avg=0.1362 ± 0.0130  (2.171s, avg: 1.895s) lr=2.00e-04
05600: Loss avg=0.1304 ± 0.0090  (1.909s, avg: 1.896s) lr=2.00e-04
05700: Loss avg=0.1234 ± 0.0052  (1.813s, avg: 1.894s) lr=2.00e-04
05800: Loss avg=0.1237 ± 0.0057  (1.637s, avg: 1.889s) lr=2.00e-04
05900: Loss avg=0.1216 ± 0.0067  (2.065s, avg: 1.893s) lr=2.00e-04
06000: Loss avg=0.1209 ± 0.0058  (1.873s, avg: 1.892s) lr=2.00e-04
  [track] Checkpoint -> v2_4096_d128_L3_nohw_step006000.bytes
06100: Loss avg=0.1202 ± 0.0047  (1.866s, avg: 1.892s) lr=2.00e-04
06200: Loss avg=0.1182 ± 0.0055  (1.908s, avg: 1.893s) lr=2.00e-04
06300: Loss avg=0.1151 ± 0.0043  (2.190s, avg: 1.898s) lr=2.00e-04
06400: Loss avg=0.1211 ± 0.0130  (1.824s, avg: 1.896s) lr=2.00e-04
06500: Loss avg=0.1212 ± 0.0079  (1.807s, avg: 1.895s) lr=2.00e-04
06600: Loss avg=0.1163 ± 0.0056  (1.710s, avg: 1.892s) lr=2.00e-04
06700: Loss avg=0.1156 ± 0.0066  (2.080s, avg: 1.895s) lr=2.00e-04
06800: Loss avg=0.1126 ± 0.0050  (1.815s, avg: 1.894s) lr=2.00e-04
06900: Loss avg=0.1096 ± 0.0044  (1.817s, avg: 1.893s) lr=2.00e-04
07000: Loss avg=0.1097 ± 0.0044  (1.708s, avg: 1.890s) lr=2.00e-04
07100: Loss avg=0.1248 ± 0.0131  (1.986s, avg: 1.892s) lr=2.00e-04
07200: Loss avg=0.1109 ± 0.0044  (1.628s, avg: 1.888s) lr=2.00e-04
07300: Loss avg=0.1165 ± 0.0110  (1.976s, avg: 1.889s) lr=2.00e-04
07400: Loss avg=0.1104 ± 0.0067  (2.060s, avg: 1.891s) lr=2.00e-04
  [lr] plateau detected: lr 2.00e-04 -> 1.00e-04
07500: Loss avg=0.1205 ± 0.0122  (1.876s, avg: 1.891s) lr=1.00e-04
07600: Loss avg=0.1091 ± 0.0061  (1.834s, avg: 1.890s) lr=1.00e-04
07700: Loss avg=0.1050 ± 0.0049  (1.850s, avg: 1.890s) lr=1.00e-04
07800: Loss avg=0.1040 ± 0.0040  (2.078s, avg: 1.892s) lr=1.00e-04
07900: Loss avg=0.1042 ± 0.0049  (1.841s, avg: 1.892s) lr=1.00e-04
08000: Loss avg=0.1050 ± 0.0041  (1.971s, avg: 1.893s) lr=1.00e-04
  [track] Checkpoint -> v2_4096_d128_L3_nohw_step008000.bytes
08100: Loss avg=0.1028 ± 0.0044  (1.847s, avg: 1.893s) lr=1.00e-04
08200: Loss avg=0.1020 ± 0.0044  (2.101s, avg: 1.895s) lr=1.00e-04
08300: Loss avg=0.1023 ± 0.0050  (1.878s, avg: 1.895s) lr=1.00e-04
08400: Loss avg=0.1048 ± 0.0057  (1.885s, avg: 1.895s) lr=1.00e-04
08500: Loss avg=0.1031 ± 0.0047  (1.839s, avg: 1.894s) lr=1.00e-04
08600: Loss avg=0.1001 ± 0.0043  (2.093s, avg: 1.897s) lr=1.00e-04
08700: Loss avg=0.0986 ± 0.0040  (2.010s, avg: 1.898s) lr=1.00e-04
08800: Loss avg=0.1014 ± 0.0053  (1.816s, avg: 1.897s) lr=1.00e-04
08900: Loss avg=0.0999 ± 0.0044  (1.879s, avg: 1.897s) lr=1.00e-04
09000: Loss avg=0.0998 ± 0.0048  (2.064s, avg: 1.899s) lr=1.00e-04
09100: Loss avg=0.1004 ± 0.0054  (1.755s, avg: 1.897s) lr=1.00e-04
09200: Loss avg=0.0996 ± 0.0041  (1.841s, avg: 1.897s) lr=1.00e-04
  [lr] plateau detected: lr 1.00e-04 -> 5.00e-05
09300: Loss avg=0.1001 ± 0.0051  (1.820s, avg: 1.896s) lr=5.00e-05
09400: Loss avg=0.0988 ± 0.0043  (1.627s, avg: 1.893s) lr=5.00e-05
09500: Loss avg=0.0972 ± 0.0041  (1.913s, avg: 1.893s) lr=5.00e-05
09600: Loss avg=0.0967 ± 0.0044  (2.140s, avg: 1.896s) lr=5.00e-05
09700: Loss avg=0.0969 ± 0.0039  (1.799s, avg: 1.895s) lr=5.00e-05
09800: Loss avg=0.0963 ± 0.0041  (1.803s, avg: 1.894s) lr=5.00e-05
09900: Loss avg=0.0961 ± 0.0041  (1.627s, avg: 1.891s) lr=5.00e-05
10000: Loss avg=0.0958 ± 0.0046  (1.891s, avg: 1.891s) lr=5.00e-05
  [track] Checkpoint -> v2_4096_d128_L3_nohw_step010000.bytes
10100: Loss avg=0.0965 ± 0.0050  (1.917s, avg: 1.892s) lr=5.00e-05
10200: Loss avg=0.0957 ± 0.0055  (1.945s, avg: 1.892s) lr=5.00e-05
10300: Loss avg=0.0951 ± 0.0038  (1.813s, avg: 1.892s) lr=5.00e-05
10400: Loss avg=0.0943 ± 0.0045  (1.875s, avg: 1.891s) lr=5.00e-05
10500: Loss avg=0.0939 ± 0.0042  (1.867s, avg: 1.891s) lr=5.00e-05
10600: Loss avg=0.0942 ± 0.0039  (1.827s, avg: 1.891s) lr=5.00e-05
10700: Loss avg=0.0943 ± 0.0048  (1.631s, avg: 1.888s) lr=5.00e-05
10800: Loss avg=0.0938 ± 0.0048  (1.946s, avg: 1.889s) lr=5.00e-05
10900: Loss avg=0.0942 ± 0.0042  (1.627s, avg: 1.886s) lr=5.00e-05
11000: Loss avg=0.0933 ± 0.0046  (1.966s, avg: 1.887s) lr=5.00e-05
11100: Loss avg=0.0932 ± 0.0044  (1.838s, avg: 1.887s) lr=5.00e-05
11200: Loss avg=0.0935 ± 0.0043  (1.625s, avg: 1.884s) lr=5.00e-05
11300: Loss avg=0.0926 ± 0.0048  (1.932s, avg: 1.885s) lr=5.00e-05
11400: Loss avg=0.0921 ± 0.0045  (1.632s, avg: 1.882s) lr=5.00e-05
11500: Loss avg=0.0927 ± 0.0042  (2.095s, avg: 1.884s) lr=5.00e-05
11600: Loss avg=0.0931 ± 0.0043  (1.629s, avg: 1.882s) lr=5.00e-05
11700: Loss avg=0.0924 ± 0.0039  (1.931s, avg: 1.882s) lr=5.00e-05
11800: Loss avg=0.0925 ± 0.0042  (1.839s, avg: 1.882s) lr=5.00e-05
11900: Loss avg=0.0926 ± 0.0039  (2.014s, avg: 1.883s) lr=5.00e-05
  [lr] plateau detected: lr 5.00e-05 -> 2.50e-05
12000: Loss avg=0.0918 ± 0.0044  (1.951s, avg: 1.884s) lr=2.50e-05
  [track] Checkpoint -> v2_4096_d128_L3_nohw_step012000.bytes
12100: Loss avg=0.0920 ± 0.0040  (1.835s, avg: 1.884s) lr=2.50e-05
12200: Loss avg=0.0911 ± 0.0041  (1.909s, avg: 1.884s) lr=2.50e-05
12300: Loss avg=0.0908 ± 0.0047  (1.678s, avg: 1.882s) lr=2.50e-05
12400: Loss avg=0.0908 ± 0.0044  (2.130s, avg: 1.884s) lr=2.50e-05
12500: Loss avg=0.0909 ± 0.0040  (1.884s, avg: 1.884s) lr=2.50e-05
12600: Loss avg=0.0912 ± 0.0045  (1.779s, avg: 1.883s) lr=2.50e-05
12700: Loss avg=0.0906 ± 0.0045  (1.783s, avg: 1.883s) lr=2.50e-05
12800: Loss avg=0.0902 ± 0.0040  (1.770s, avg: 1.882s) lr=2.50e-05
12900: Loss avg=0.0904 ± 0.0042  (2.035s, avg: 1.883s) lr=2.50e-05
13000: Loss avg=0.0908 ± 0.0043  (1.830s, avg: 1.883s) lr=2.50e-05
13100: Loss avg=0.0908 ± 0.0042  (1.622s, avg: 1.881s) lr=2.50e-05
13200: Loss avg=0.0910 ± 0.0044  (1.987s, avg: 1.881s) lr=2.50e-05
  [lr] plateau detected: lr 2.50e-05 -> 1.25e-05
13300: Loss avg=0.0903 ± 0.0048  (1.843s, avg: 1.881s) lr=1.25e-05
13400: Loss avg=0.0894 ± 0.0044  (1.623s, avg: 1.879s) lr=1.25e-05
13500: Loss avg=0.0903 ± 0.0042  (1.627s, avg: 1.877s) lr=1.25e-05
13600: Loss avg=0.0900 ± 0.0041  (2.194s, avg: 1.880s) lr=1.25e-05
13700: Loss avg=0.0894 ± 0.0043  (1.946s, avg: 1.880s) lr=1.25e-05
13800: Loss avg=0.0893 ± 0.0040  (1.626s, avg: 1.878s) lr=1.25e-05
13900: Loss avg=0.0893 ± 0.0040  (1.953s, avg: 1.879s) lr=1.25e-05
  [lr] plateau detected: lr 1.25e-05 -> 6.25e-06
14000: Loss avg=0.0899 ± 0.0047  (1.962s, avg: 1.879s) lr=6.25e-06
  [track] Checkpoint -> v2_4096_d128_L3_nohw_step014000.bytes
14100: Loss avg=0.0891 ± 0.0041  (1.951s, avg: 1.880s) lr=6.25e-06
14200: Loss avg=0.0897 ± 0.0043  (1.628s, avg: 1.878s) lr=6.25e-06
14300: Loss avg=0.0893 ± 0.0041  (1.830s, avg: 1.878s) lr=6.25e-06
14400: Loss avg=0.0890 ± 0.0043  (1.944s, avg: 1.879s) lr=6.25e-06
14500: Loss avg=0.0892 ± 0.0036  (1.798s, avg: 1.878s) lr=6.25e-06
14600: Loss avg=0.0886 ± 0.0042  (1.820s, avg: 1.878s) lr=6.25e-06
14700: Loss avg=0.0889 ± 0.0040  (2.066s, avg: 1.879s) lr=6.25e-06
14800: Loss avg=0.0889 ± 0.0042  (1.829s, avg: 1.879s) lr=6.25e-06
14900: Loss avg=0.0888 ± 0.0044  (1.940s, avg: 1.879s) lr=6.25e-06
15000: Loss avg=0.0895 ± 0.0038  (1.670s, avg: 1.878s) lr=6.25e-06
15100: Loss avg=0.0886 ± 0.0042  (1.901s, avg: 1.878s) lr=6.25e-06
15200: Loss avg=0.0880 ± 0.0041  (2.089s, avg: 1.879s) lr=6.25e-06
15300: Loss avg=0.0887 ± 0.0042  (1.623s, avg: 1.878s) lr=6.25e-06
15400: Loss avg=0.0892 ± 0.0043  (1.833s, avg: 1.877s) lr=6.25e-06
15500: Loss avg=0.0889 ± 0.0038  (1.833s, avg: 1.877s) lr=6.25e-06
15600: Loss avg=0.0887 ± 0.0035  (2.005s, avg: 1.878s) lr=6.25e-06
15700: Loss avg=0.0884 ± 0.0042  (1.980s, avg: 1.879s) lr=6.25e-06
  [lr] plateau detected: lr 6.25e-06 -> 3.13e-06
15800: Loss avg=0.0883 ± 0.0038  (1.787s, avg: 1.878s) lr=3.13e-06
15900: Loss avg=0.0881 ± 0.0044  (1.877s, avg: 1.878s) lr=3.13e-06
16000: Loss avg=0.0878 ± 0.0046  (2.105s, avg: 1.879s) lr=3.13e-06
  [track] Checkpoint -> v2_4096_d128_L3_nohw_step016000.bytes
16100: Loss avg=0.0888 ± 0.0039  (1.877s, avg: 1.880s) lr=3.13e-06
16200: Loss avg=0.0880 ± 0.0040  (1.847s, avg: 1.879s) lr=3.13e-06
16300: Loss avg=0.0884 ± 0.0042  (1.913s, avg: 1.880s) lr=3.13e-06
16400: Loss avg=0.0878 ± 0.0046  (1.927s, avg: 1.880s) lr=3.13e-06
  [lr] plateau detected: lr 3.13e-06 -> 1.56e-06
16500: Loss avg=0.0885 ± 0.0039  (1.893s, avg: 1.880s) lr=1.56e-06
16600: Loss avg=0.0873 ± 0.0043  (1.626s, avg: 1.878s) lr=1.56e-06
16700: Loss avg=0.0867 ± 0.0037  (1.963s, avg: 1.879s) lr=1.56e-06
16800: Loss avg=0.0875 ± 0.0043  (2.029s, avg: 1.880s) lr=1.56e-06
16900: Loss avg=0.0870 ± 0.0039  (1.875s, avg: 1.880s) lr=1.56e-06
17000: Loss avg=0.0876 ± 0.0039  (1.625s, avg: 1.878s) lr=1.56e-06
17100: Loss avg=0.0864 ± 0.0041  (1.872s, avg: 1.878s) lr=1.56e-06
17200: Loss avg=0.0864 ± 0.0042  (1.628s, avg: 1.877s) lr=1.56e-06
17300: Loss avg=0.0858 ± 0.0047  (1.877s, avg: 1.877s) lr=1.56e-06
17400: Loss avg=0.0855 ± 0.0035  (1.959s, avg: 1.877s) lr=1.56e-06
17500: Loss avg=0.0851 ± 0.0045  (1.626s, avg: 1.876s) lr=1.56e-06
17600: Loss avg=0.0850 ± 0.0040  (1.954s, avg: 1.876s) lr=1.56e-06
17700: Loss avg=0.0846 ± 0.0045  (1.830s, avg: 1.876s) lr=1.56e-06
17800: Loss avg=0.0841 ± 0.0043  (1.951s, avg: 1.877s) lr=1.56e-06
17900: Loss avg=0.0837 ± 0.0037  (1.627s, avg: 1.875s) lr=1.56e-06
18000: Loss avg=0.0818 ± 0.0043  (1.879s, avg: 1.875s) lr=1.56e-06
  [track] Checkpoint -> v2_4096_d128_L3_nohw_step018000.bytes
18100: Loss avg=0.0815 ± 0.0044  (1.651s, avg: 1.874s) lr=1.56e-06
18200: Loss avg=0.0807 ± 0.0041  (2.098s, avg: 1.875s) lr=1.56e-06
18300: Loss avg=0.0797 ± 0.0044  (1.880s, avg: 1.875s) lr=1.56e-06
18400: Loss avg=0.0799 ± 0.0044  (1.818s, avg: 1.875s) lr=1.56e-06
18500: Loss avg=0.0781 ± 0.0045  (1.629s, avg: 1.874s) lr=1.56e-06
18600: Loss avg=0.0784 ± 0.0047  (1.878s, avg: 1.874s) lr=1.56e-06
18700: Loss avg=0.0785 ± 0.0051  (1.852s, avg: 1.874s) lr=1.56e-06
18800: Loss avg=0.0791 ± 0.0045  (1.629s, avg: 1.872s) lr=1.56e-06
18900: Loss avg=0.0770 ± 0.0046  (1.880s, avg: 1.872s) lr=1.56e-06
19000: Loss avg=0.0764 ± 0.0044  (1.675s, avg: 1.871s) lr=1.56e-06
19100: Loss avg=0.0772 ± 0.0043  (1.880s, avg: 1.871s) lr=1.56e-06
19200: Loss avg=0.0768 ± 0.0045  (2.118s, avg: 1.873s) lr=1.56e-06
19300: Loss avg=0.0757 ± 0.0050  (1.843s, avg: 1.873s) lr=1.56e-06
19400: Loss avg=0.0767 ± 0.0043  (1.810s, avg: 1.872s) lr=1.56e-06
19500: Loss avg=0.0760 ± 0.0047  (1.788s, avg: 1.872s) lr=1.56e-06
19600: Loss avg=0.0769 ± 0.0045  (1.686s, avg: 1.871s) lr=1.56e-06
19700: Loss avg=0.0762 ± 0.0046  (1.842s, avg: 1.871s) lr=1.56e-06
19800: Loss avg=0.0751 ± 0.0047  (1.830s, avg: 1.871s) lr=1.56e-06
19900: Loss avg=0.0767 ± 0.0045  (1.911s, avg: 1.871s) lr=1.56e-06
20000: Loss avg=0.0756 ± 0.0049  (1.872s, avg: 1.871s) lr=1.56e-06
  [track] Checkpoint -> v2_4096_d128_L3_nohw_step020000.bytes
20100: Loss avg=0.0755 ± 0.0049  (1.853s, avg: 1.871s) lr=1.56e-06
20200: Loss avg=0.0749 ± 0.0049  (2.125s, avg: 1.872s) lr=1.56e-06
20300: Loss avg=0.0753 ± 0.0047  (1.837s, avg: 1.872s) lr=1.56e-06
  [lr] plateau detected: lr 1.56e-06 -> 1.00e-06
20400: Loss avg=0.0755 ± 0.0045  (1.827s, avg: 1.872s) lr=1.00e-06
20500: Loss avg=0.0755 ± 0.0045  (1.828s, avg: 1.872s) lr=1.00e-06
20600: Loss avg=0.0745 ± 0.0045  (1.840s, avg: 1.871s) lr=1.00e-06
20700: Loss avg=0.0742 ± 0.0046  (1.630s, avg: 1.870s) lr=1.00e-06
20800: Loss avg=0.0748 ± 0.0048  (1.879s, avg: 1.870s) lr=1.00e-06
20900: Loss avg=0.0744 ± 0.0047  (1.716s, avg: 1.869s) lr=1.00e-06
21000: Loss avg=0.0747 ± 0.0044  (1.874s, avg: 1.870s) lr=1.00e-06
21100: Loss avg=0.0739 ± 0.0042  (1.635s, avg: 1.868s) lr=1.00e-06
21200: Loss avg=0.0742 ± 0.0050  (1.941s, avg: 1.869s) lr=1.00e-06
21300: Loss avg=0.0746 ± 0.0046  (1.649s, avg: 1.868s) lr=1.00e-06
21400: Loss avg=0.0740 ± 0.0049  (1.969s, avg: 1.868s) lr=1.00e-06
21500: Loss avg=0.0751 ± 0.0046  (1.974s, avg: 1.869s) lr=1.00e-06
21600: Loss avg=0.0746 ± 0.0048  (1.996s, avg: 1.869s) lr=1.00e-06
21700: Loss avg=0.0732 ± 0.0040  (1.705s, avg: 1.869s) lr=1.00e-06
21800: Loss avg=0.0742 ± 0.0047  (1.851s, avg: 1.869s) lr=1.00e-06
21900: Loss avg=0.0742 ± 0.0042  (1.633s, avg: 1.867s) lr=1.00e-06
22000: Loss avg=0.0738 ± 0.0038  (1.954s, avg: 1.868s) lr=1.00e-06
  [track] Checkpoint -> v2_4096_d128_L3_nohw_step022000.bytes
22100: Loss avg=0.0745 ± 0.0042  (2.052s, avg: 1.869s) lr=1.00e-06
22200: Loss avg=0.0735 ± 0.0044  (1.981s, avg: 1.869s) lr=1.00e-06
22300: Loss avg=0.0738 ± 0.0043  (1.884s, avg: 1.869s) lr=1.00e-06
22400: Loss avg=0.0738 ± 0.0045  (1.893s, avg: 1.870s) lr=1.00e-06
22500: Loss avg=0.0744 ± 0.0044  (2.077s, avg: 1.870s) lr=1.00e-06
22600: Loss avg=0.0730 ± 0.0045  (1.718s, avg: 1.870s) lr=1.00e-06
22700: Loss avg=0.0735 ± 0.0051  (1.844s) lr=1.00e-06
  [auto-stop] plateau at min_lr=1.00e-06 (10/10 steps without >5e-03 improvement); stopping.
Saved to /orcd/home/002/osbo/ondemand/fluid-sim/Assets/Scripts/weights/v2_4096_d128_L3_nohw.bytes
================================================================
Finished: Fri May  8 16:54:14 EDT 2026
================================================================
