================================================================
Job 13582466, task 3 on node2434
Started: Fri May  8 15:06:23 EDT 2026
================================================================
[3/19] v2_8192_d128_L3_hw
Using device: cuda
  [startup] Random sample of 100 frames (--num-frames 100)
  [startup] Loaded 100 training contexts from disk cache (24887.66 ms) → .leafonly_training_context_cache/
  [startup] global_max_edges = 40596
  [startup] contexts_per_step = 4 (gradient accumulation)
  [startup] Ablation config: layers=3, gcn_layers=2, jacobi=True (node_scalar), attention_layout=128x129, off_diag_dense_attn=True, diag_dense_attn=True, use_highways=True
  [startup] torch.compile(model): enabled (CUDA)
  [startup] LR scheduler: ReduceLROnPlateau (factor=0.5, patience=5, threshold=5e-3, min_lr=1.00e-06, auto-stop (patience=10, threshold=5e-3 at min_lr))
  Block preconditioner: 64 leaves, diag 128×128, off 32×32 (128 nodes/leaf)
  Probe vectors (loss MC columns): auto max(64, ⌈√n_pad⌉) per step (override with --probe-vectors K)
  Probe MAZ path: --leafonly-pcg=matrix_free (A@Z: sparse block-diagonal A@Z (all devices; dense bmm only if context cache has use_dense_A); apply_block_diagonal_M torch.compile (matrix_free))
  Loss mode: hutchinson (cosine-similarity probe; --loss-mode hutchinson)

=== Startup timing (wall clock, ms) ===
  Dataset + run folder scan:         110.51
  Load training contexts (disk→device):   24887.66 ms  (100 contexts)
  LeafOnlyNet + .to(device):          23.70
  torch.compile(model) call:        2667.56  (CUDA; Inductor runs on 1st forward/backward)
  load_leaf_only_weights:         skipped
  AdamW + ReduceLROnPlateau:           0.39
  ---
  Total before training loop:      27702.79
  Note: First loss line’s (elapsed) is wall time for that step only (after startup); with torch.compile, the first forward+backward triggers Inductor codegen (often ~10–20s).
  At step 299, a one-time detailed breakdown (zero_grad / forward / apply M / backward / …) is printed.

  [track] Training profile CSV: /orcd/home/002/osbo/ondemand/fluid-sim/Assets/Scripts/weights/v2_8192_d128_L3_hw_training_profile.csv
00000: Loss avg=0.2413 ± 0.0000  (42.214s) lr=2.00e-04
  [track] Checkpoint -> v2_8192_d128_L3_hw_step000000.bytes
00100: Loss avg=0.2426 ± 0.0546  (21.155s) lr=2.00e-04
00200: Loss avg=0.2348 ± 0.0022  (3.519s) lr=2.00e-04

--- Detailed timing for step 300 (contexts_per_step=4, batched forward) ---
  batch: B=4, n_pad=8192, batch_vectors=256
--- Step 300 detailed timing (ms) ---
  zero_grad:            0.28
  batch assembly:       0.38
  model forward:       10.21
  probe Z+Jacobi:       1.64
  A @ Z (sparse block-mm):     0.65
  apply M (MAZ):        0.68
  residual + loss:      0.27
  backward:            20.30
  clip_grad_norm:       1.20
  optimizer.step:       1.54
  total:               37.14
  full iter (wall):    48.66 ms  (Python / scheduler / print overhead ≈ +11.52 ms vs sum above)
----------------------------------------

00300: Loss avg=0.2336 ± 0.0012  (3.995s, avg: 3.995s) lr=2.00e-04
00400: Loss avg=0.2329 ± 0.0009  (3.579s, avg: 3.579s) lr=2.00e-04
00500: Loss avg=0.2329 ± 0.0031  (3.527s, avg: 3.553s) lr=2.00e-04
00600: Loss avg=0.2337 ± 0.0026  (4.053s, avg: 3.720s) lr=2.00e-04
00700: Loss avg=0.2309 ± 0.0011  (3.736s, avg: 3.724s) lr=2.00e-04
00800: Loss avg=0.2289 ± 0.0010  (3.325s, avg: 3.644s) lr=2.00e-04
00900: Loss avg=0.2275 ± 0.0012  (3.321s, avg: 3.590s) lr=2.00e-04
01000: Loss avg=0.2266 ± 0.0012  (4.032s, avg: 3.653s) lr=2.00e-04
01100: Loss avg=0.2248 ± 0.0014  (3.795s, avg: 3.676s) lr=2.00e-04
01200: Loss avg=0.2234 ± 0.0012  (3.531s, avg: 3.660s) lr=2.00e-04
01300: Loss avg=0.2223 ± 0.0015  (3.821s, avg: 3.676s) lr=2.00e-04
01400: Loss avg=0.2212 ± 0.0016  (3.831s, avg: 3.690s) lr=2.00e-04
01500: Loss avg=0.2179 ± 0.0021  (3.731s, avg: 3.693s) lr=2.00e-04
01600: Loss avg=0.2118 ± 0.0025  (3.733s, avg: 3.697s) lr=2.00e-04
01700: Loss avg=0.2051 ± 0.0033  (3.534s, avg: 3.685s) lr=2.00e-04
01800: Loss avg=0.1994 ± 0.0034  (3.520s, avg: 3.674s) lr=2.00e-04
01900: Loss avg=0.1967 ± 0.0032  (3.522s, avg: 3.664s) lr=2.00e-04
02000: Loss avg=0.1913 ± 0.0034  (3.788s, avg: 3.672s) lr=2.00e-04
  [track] Checkpoint -> v2_8192_d128_L3_hw_step002000.bytes
02100: Loss avg=0.1878 ± 0.0032  (3.282s, avg: 3.654s) lr=2.00e-04
02200: Loss avg=0.1879 ± 0.0040  (4.087s, avg: 3.677s) lr=2.00e-04
02300: Loss avg=0.1831 ± 0.0036  (3.843s, avg: 3.685s) lr=2.00e-04
02400: Loss avg=0.1817 ± 0.0038  (3.451s, avg: 3.674s) lr=2.00e-04
02500: Loss avg=0.1741 ± 0.0040  (3.537s, avg: 3.668s) lr=2.00e-04
02600: Loss avg=0.1757 ± 0.0053  (3.712s, avg: 3.670s) lr=2.00e-04
02700: Loss avg=0.1721 ± 0.0054  (4.068s, avg: 3.686s) lr=2.00e-04
02800: Loss avg=0.1667 ± 0.0048  (3.815s, avg: 3.691s) lr=2.00e-04
02900: Loss avg=0.1599 ± 0.0053  (3.825s, avg: 3.696s) lr=2.00e-04
03000: Loss avg=0.1621 ± 0.0056  (3.551s, avg: 3.691s) lr=2.00e-04
03100: Loss avg=0.1637 ± 0.0055  (3.749s, avg: 3.694s) lr=2.00e-04
03200: Loss avg=0.1614 ± 0.0074  (3.551s, avg: 3.689s) lr=2.00e-04
03300: Loss avg=0.1518 ± 0.0044  (3.631s, avg: 3.688s) lr=2.00e-04
03400: Loss avg=0.1445 ± 0.0035  (3.819s, avg: 3.692s) lr=2.00e-04
03500: Loss avg=0.1419 ± 0.0044  (3.318s, avg: 3.680s) lr=2.00e-04
03600: Loss avg=0.1485 ± 0.0062  (3.804s, avg: 3.684s) lr=2.00e-04
03700: Loss avg=0.1536 ± 0.0070  (3.511s, avg: 3.679s) lr=2.00e-04
03800: Loss avg=0.1471 ± 0.0075  (3.586s, avg: 3.676s) lr=2.00e-04
03900: Loss avg=0.1374 ± 0.0025  (3.781s, avg: 3.679s) lr=2.00e-04
04000: Loss avg=0.1400 ± 0.0082  (3.792s, avg: 3.682s) lr=2.00e-04
  [track] Checkpoint -> v2_8192_d128_L3_hw_step004000.bytes
04100: Loss avg=0.1352 ± 0.0053  (3.762s, avg: 3.686s) lr=2.00e-04
04200: Loss avg=0.1344 ± 0.0069  (3.566s, avg: 3.683s) lr=2.00e-04
04300: Loss avg=0.1269 ± 0.0037  (3.997s, avg: 3.691s) lr=2.00e-04
04400: Loss avg=0.1231 ± 0.0041  (3.549s, avg: 3.687s) lr=2.00e-04
04500: Loss avg=0.1246 ± 0.0064  (3.586s, avg: 3.685s) lr=2.00e-04
04600: Loss avg=0.1193 ± 0.0035  (3.866s, avg: 3.689s) lr=2.00e-04
04700: Loss avg=0.1144 ± 0.0036  (3.558s, avg: 3.686s) lr=2.00e-04
04800: Loss avg=0.1163 ± 0.0082  (3.536s, avg: 3.683s) lr=2.00e-04
04900: Loss avg=0.1138 ± 0.0043  (3.876s, avg: 3.687s) lr=2.00e-04
05000: Loss avg=0.1135 ± 0.0039  (3.321s, avg: 3.679s) lr=2.00e-04
05100: Loss avg=0.1104 ± 0.0047  (3.756s, avg: 3.682s) lr=2.00e-04
05200: Loss avg=0.1099 ± 0.0045  (4.090s, avg: 3.690s) lr=2.00e-04
05300: Loss avg=0.1069 ± 0.0049  (3.582s, avg: 3.688s) lr=2.00e-04
05400: Loss avg=0.1033 ± 0.0037  (3.732s, avg: 3.689s) lr=2.00e-04
05500: Loss avg=0.1035 ± 0.0041  (3.554s, avg: 3.686s) lr=2.00e-04
05600: Loss avg=0.1031 ± 0.0054  (3.876s, avg: 3.690s) lr=2.00e-04
05700: Loss avg=0.1006 ± 0.0045  (3.976s, avg: 3.695s) lr=2.00e-04
05800: Loss avg=0.0976 ± 0.0042  (3.516s, avg: 3.692s) lr=2.00e-04
05900: Loss avg=0.0968 ± 0.0050  (3.396s, avg: 3.686s) lr=2.00e-04
06000: Loss avg=0.0950 ± 0.0031  (3.489s, avg: 3.683s) lr=2.00e-04
  [track] Checkpoint -> v2_8192_d128_L3_hw_step006000.bytes
06100: Loss avg=0.0970 ± 0.0054  (3.668s, avg: 3.684s) lr=2.00e-04
06200: Loss avg=0.0921 ± 0.0035  (3.896s, avg: 3.687s) lr=2.00e-04
06300: Loss avg=0.0899 ± 0.0032  (3.888s, avg: 3.691s) lr=2.00e-04
06400: Loss avg=0.0892 ± 0.0038  (3.758s, avg: 3.692s) lr=2.00e-04
06500: Loss avg=0.0887 ± 0.0033  (3.317s, avg: 3.686s) lr=2.00e-04
06600: Loss avg=0.0883 ± 0.0036  (3.577s, avg: 3.684s) lr=2.00e-04
06700: Loss avg=0.0854 ± 0.0036  (3.522s, avg: 3.682s) lr=2.00e-04
06800: Loss avg=0.0861 ± 0.0053  (3.818s, avg: 3.684s) lr=2.00e-04
06900: Loss avg=0.0818 ± 0.0032  (3.563s, avg: 3.682s) lr=2.00e-04
07000: Loss avg=0.0818 ± 0.0038  (3.606s, avg: 3.681s) lr=2.00e-04
07100: Loss avg=0.0802 ± 0.0030  (3.797s, avg: 3.683s) lr=2.00e-04
07200: Loss avg=0.0795 ± 0.0048  (3.522s, avg: 3.681s) lr=2.00e-04
07300: Loss avg=0.0773 ± 0.0026  (4.109s, avg: 3.687s) lr=2.00e-04
07400: Loss avg=0.0781 ± 0.0063  (3.865s, avg: 3.689s) lr=2.00e-04
07500: Loss avg=0.0778 ± 0.0040  (3.504s, avg: 3.687s) lr=2.00e-04
07600: Loss avg=0.0778 ± 0.0035  (3.773s, avg: 3.688s) lr=2.00e-04
07700: Loss avg=0.0750 ± 0.0034  (3.879s, avg: 3.690s) lr=2.00e-04
07800: Loss avg=0.0735 ± 0.0029  (3.839s, avg: 3.692s) lr=2.00e-04
07900: Loss avg=0.0714 ± 0.0028  (3.785s, avg: 3.694s) lr=2.00e-04
08000: Loss avg=0.0705 ± 0.0030  (3.559s, avg: 3.692s) lr=2.00e-04
  [track] Checkpoint -> v2_8192_d128_L3_hw_step008000.bytes
08100: Loss avg=0.0727 ± 0.0049  (3.829s, avg: 3.695s) lr=2.00e-04
08200: Loss avg=0.0712 ± 0.0047  (3.892s, avg: 3.697s) lr=2.00e-04
08300: Loss avg=0.0693 ± 0.0030  (3.498s, avg: 3.695s) lr=2.00e-04
08400: Loss avg=0.0688 ± 0.0031  (3.311s, avg: 3.690s) lr=2.00e-04
08500: Loss avg=0.0682 ± 0.0027  (3.598s, avg: 3.689s) lr=2.00e-04
08600: Loss avg=0.0685 ± 0.0037  (3.802s, avg: 3.690s) lr=2.00e-04
08700: Loss avg=0.0658 ± 0.0027  (3.594s, avg: 3.689s) lr=2.00e-04
08800: Loss avg=0.0671 ± 0.0032  (3.830s, avg: 3.691s) lr=2.00e-04
08900: Loss avg=0.0660 ± 0.0036  (3.595s, avg: 3.690s) lr=2.00e-04
09000: Loss avg=0.0641 ± 0.0028  (3.800s, avg: 3.691s) lr=2.00e-04
09100: Loss avg=0.0631 ± 0.0036  (3.558s, avg: 3.690s) lr=2.00e-04
09200: Loss avg=0.0665 ± 0.0041  (3.545s, avg: 3.688s) lr=2.00e-04
09300: Loss avg=0.0631 ± 0.0025  (3.799s, avg: 3.689s) lr=2.00e-04
09400: Loss avg=0.0644 ± 0.0051  (3.760s, avg: 3.690s) lr=2.00e-04
09500: Loss avg=0.0610 ± 0.0023  (3.463s, avg: 3.688s) lr=2.00e-04
09600: Loss avg=0.0614 ± 0.0028  (3.510s, avg: 3.686s) lr=2.00e-04
09700: Loss avg=0.0655 ± 0.0067  (3.520s, avg: 3.684s) lr=2.00e-04
09800: Loss avg=0.0612 ± 0.0027  (3.716s, avg: 3.684s) lr=2.00e-04
09900: Loss avg=0.0599 ± 0.0032  (3.458s, avg: 3.682s) lr=2.00e-04
10000: Loss avg=0.0610 ± 0.0037  (3.815s, avg: 3.683s) lr=2.00e-04
  [track] Checkpoint -> v2_8192_d128_L3_hw_step010000.bytes
10100: Loss avg=0.0621 ± 0.0049  (3.560s, avg: 3.683s) lr=2.00e-04
10200: Loss avg=0.0607 ± 0.0041  (3.704s, avg: 3.683s) lr=2.00e-04
10300: Loss avg=0.0590 ± 0.0035  (3.457s, avg: 3.681s) lr=2.00e-04
10400: Loss avg=0.0590 ± 0.0033  (3.430s, avg: 3.678s) lr=2.00e-04
10500: Loss avg=0.0575 ± 0.0030  (3.434s, avg: 3.676s) lr=2.00e-04
10600: Loss avg=0.0574 ± 0.0031  (3.523s, avg: 3.674s) lr=2.00e-04
10700: Loss avg=0.0563 ± 0.0033  (3.801s, avg: 3.676s) lr=2.00e-04
10800: Loss avg=0.0570 ± 0.0032  (3.388s, avg: 3.673s) lr=2.00e-04
10900: Loss avg=0.0558 ± 0.0027  (3.295s, avg: 3.669s) lr=2.00e-04
11000: Loss avg=0.0560 ± 0.0027  (3.699s, avg: 3.669s) lr=2.00e-04
11100: Loss avg=0.0546 ± 0.0026  (3.731s, avg: 3.670s) lr=2.00e-04
11200: Loss avg=0.0546 ± 0.0027  (3.531s, avg: 3.669s) lr=2.00e-04
11300: Loss avg=0.0542 ± 0.0027  (4.073s, avg: 3.673s) lr=2.00e-04
11400: Loss avg=0.0536 ± 0.0028  (3.483s, avg: 3.671s) lr=2.00e-04
11500: Loss avg=0.0536 ± 0.0024  (3.825s, avg: 3.672s) lr=2.00e-04
11600: Loss avg=0.0538 ± 0.0024  (3.755s, avg: 3.673s) lr=2.00e-04
11700: Loss avg=0.0558 ± 0.0040  (4.006s, avg: 3.676s) lr=2.00e-04
11800: Loss avg=0.0539 ± 0.0029  (3.820s, avg: 3.677s) lr=2.00e-04
11900: Loss avg=0.0541 ± 0.0033  (3.989s, avg: 3.680s) lr=2.00e-04
12000: Loss avg=0.0513 ± 0.0023  (3.730s, avg: 3.680s) lr=2.00e-04
  [track] Checkpoint -> v2_8192_d128_L3_hw_step012000.bytes
12100: Loss avg=0.0547 ± 0.0034  (3.942s, avg: 3.683s) lr=2.00e-04
12200: Loss avg=0.0529 ± 0.0026  (3.577s, avg: 3.682s) lr=2.00e-04
12300: Loss avg=0.0521 ± 0.0024  (3.988s, avg: 3.685s) lr=2.00e-04
12400: Loss avg=0.0520 ± 0.0028  (3.823s, avg: 3.686s) lr=2.00e-04
12500: Loss avg=0.0512 ± 0.0029  (3.948s, avg: 3.688s) lr=2.00e-04
12600: Loss avg=0.0499 ± 0.0026  (3.577s, avg: 3.687s) lr=2.00e-04
12700: Loss avg=0.0498 ± 0.0027  (3.731s, avg: 3.688s) lr=2.00e-04
12800: Loss avg=0.0493 ± 0.0027  (3.937s, avg: 3.690s) lr=2.00e-04
12900: Loss avg=0.0493 ± 0.0024  (3.590s, avg: 3.689s) lr=2.00e-04
13000: Loss avg=0.0488 ± 0.0028  (4.063s, avg: 3.692s) lr=2.00e-04
13100: Loss avg=0.0502 ± 0.0025  (3.653s, avg: 3.692s) lr=2.00e-04
13200: Loss avg=0.0499 ± 0.0030  (3.493s, avg: 3.690s) lr=2.00e-04
13300: Loss avg=0.0476 ± 0.0025  (3.717s, avg: 3.690s) lr=2.00e-04
13400: Loss avg=0.0502 ± 0.0033  (3.493s, avg: 3.689s) lr=2.00e-04
13500: Loss avg=0.0479 ± 0.0025  (3.688s, avg: 3.689s) lr=2.00e-04
13600: Loss avg=0.0483 ± 0.0026  (3.878s, avg: 3.690s) lr=2.00e-04
13700: Loss avg=0.0485 ± 0.0028  (3.658s, avg: 3.690s) lr=2.00e-04
13800: Loss avg=0.0472 ± 0.0025  (3.491s, avg: 3.689s) lr=2.00e-04
13900: Loss avg=0.0476 ± 0.0028  (4.026s, avg: 3.691s) lr=2.00e-04
14000: Loss avg=0.0485 ± 0.0028  (3.852s, avg: 3.692s) lr=2.00e-04
  [track] Checkpoint -> v2_8192_d128_L3_hw_step014000.bytes
14100: Loss avg=0.0488 ± 0.0028  (3.736s, avg: 3.693s) lr=2.00e-04
14200: Loss avg=0.0491 ± 0.0025  (3.535s, avg: 3.692s) lr=2.00e-04
14300: Loss avg=0.0468 ± 0.0023  (3.720s, avg: 3.692s) lr=2.00e-04
14400: Loss avg=0.0471 ± 0.0033  (4.043s, avg: 3.695s) lr=2.00e-04
14500: Loss avg=0.0476 ± 0.0026  (3.466s, avg: 3.693s) lr=2.00e-04
14600: Loss avg=0.0462 ± 0.0022  (3.569s, avg: 3.692s) lr=2.00e-04
14700: Loss avg=0.0466 ± 0.0030  (3.993s, avg: 3.694s) lr=2.00e-04
14800: Loss avg=0.0449 ± 0.0023  (3.797s, avg: 3.695s) lr=2.00e-04
14900: Loss avg=0.0459 ± 0.0026  (4.102s, avg: 3.698s) lr=2.00e-04
15000: Loss avg=0.0455 ± 0.0022  (3.565s, avg: 3.697s) lr=2.00e-04
15100: Loss avg=0.0450 ± 0.0025  (3.874s, avg: 3.698s) lr=2.00e-04
15200: Loss avg=0.0458 ± 0.0029  (3.720s, avg: 3.699s) lr=2.00e-04
15300: Loss avg=0.0457 ± 0.0025  (3.764s, avg: 3.699s) lr=2.00e-04
  [lr] plateau detected: lr 2.00e-04 -> 1.00e-04
15400: Loss avg=0.0447 ± 0.0027  (3.530s, avg: 3.698s) lr=1.00e-04
15500: Loss avg=0.0425 ± 0.0021  (3.444s, avg: 3.696s) lr=1.00e-04
15600: Loss avg=0.0431 ± 0.0021  (3.547s, avg: 3.695s) lr=1.00e-04
15700: Loss avg=0.0430 ± 0.0024  (3.642s, avg: 3.695s) lr=1.00e-04
15800: Loss avg=0.0427 ± 0.0021  (3.300s, avg: 3.692s) lr=1.00e-04
15900: Loss avg=0.0425 ± 0.0022  (3.305s, avg: 3.690s) lr=1.00e-04
16000: Loss avg=0.0427 ± 0.0023  (3.827s, avg: 3.691s) lr=1.00e-04
  [track] Checkpoint -> v2_8192_d128_L3_hw_step016000.bytes
16100: Loss avg=0.0419 ± 0.0023  (3.543s, avg: 3.690s) lr=1.00e-04
16200: Loss avg=0.0424 ± 0.0023  (3.570s, avg: 3.689s) lr=1.00e-04
16300: Loss avg=0.0417 ± 0.0023  (3.304s, avg: 3.687s) lr=1.00e-04
16400: Loss avg=0.0420 ± 0.0025  (3.573s, avg: 3.686s) lr=1.00e-04
16500: Loss avg=0.0413 ± 0.0024  (3.534s, avg: 3.685s) lr=1.00e-04
16600: Loss avg=0.0419 ± 0.0020  (3.531s, avg: 3.684s) lr=1.00e-04
16700: Loss avg=0.0412 ± 0.0023  (3.557s, avg: 3.684s) lr=1.00e-04
16800: Loss avg=0.0417 ± 0.0023  (3.943s, avg: 3.685s) lr=1.00e-04
16900: Loss avg=0.0418 ± 0.0023  (3.720s, avg: 3.685s) lr=1.00e-04
17000: Loss avg=0.0415 ± 0.0024  (3.868s, avg: 3.686s) lr=1.00e-04
  [lr] plateau detected: lr 1.00e-04 -> 5.00e-05
17100: Loss avg=0.0414 ± 0.0023  (4.013s, avg: 3.689s) lr=5.00e-05
17200: Loss avg=0.0403 ± 0.0021  (3.814s, avg: 3.689s) lr=5.00e-05
17300: Loss avg=0.0405 ± 0.0025  (3.910s, avg: 3.691s) lr=5.00e-05
17400: Loss avg=0.0406 ± 0.0025  (3.900s, avg: 3.692s) lr=5.00e-05
17500: Loss avg=0.0404 ± 0.0022  (3.923s, avg: 3.693s) lr=5.00e-05
17600: Loss avg=0.0403 ± 0.0023  (3.906s, avg: 3.695s) lr=5.00e-05
17700: Loss avg=0.0400 ± 0.0020  (4.116s, avg: 3.697s) lr=5.00e-05
17800: Loss avg=0.0401 ± 0.0023  (3.571s, avg: 3.696s) lr=5.00e-05
17900: Loss avg=0.0403 ± 0.0025  (3.799s, avg: 3.697s) lr=5.00e-05
18000: Loss avg=0.0403 ± 0.0024  (4.089s, avg: 3.699s) lr=5.00e-05
  [track] Checkpoint -> v2_8192_d128_L3_hw_step018000.bytes
18100: Loss avg=0.0400 ± 0.0024  (3.555s, avg: 3.699s) lr=5.00e-05
18200: Loss avg=0.0394 ± 0.0022  (4.092s, avg: 3.701s) lr=5.00e-05
18300: Loss avg=0.0399 ± 0.0025  (3.627s, avg: 3.700s) lr=5.00e-05
18400: Loss avg=0.0401 ± 0.0023  (4.029s, avg: 3.702s) lr=5.00e-05
18500: Loss avg=0.0397 ± 0.0024  (3.847s, avg: 3.703s) lr=5.00e-05
18600: Loss avg=0.0400 ± 0.0022  (3.661s, avg: 3.703s) lr=5.00e-05
18700: Loss avg=0.0397 ± 0.0022  (3.841s, avg: 3.703s) lr=5.00e-05
  [lr] plateau detected: lr 5.00e-05 -> 2.50e-05
18800: Loss avg=0.0398 ± 0.0023  (3.911s, avg: 3.705s) lr=2.50e-05
18900: Loss avg=0.0393 ± 0.0023  (3.653s, avg: 3.704s) lr=2.50e-05
19000: Loss avg=0.0391 ± 0.0021  (3.881s, avg: 3.705s) lr=2.50e-05
19100: Loss avg=0.0393 ± 0.0023  (3.892s, avg: 3.706s) lr=2.50e-05
19200: Loss avg=0.0394 ± 0.0022  (3.775s, avg: 3.707s) lr=2.50e-05
19300: Loss avg=0.0391 ± 0.0020  (4.087s, avg: 3.709s) lr=2.50e-05
19400: Loss avg=0.0387 ± 0.0021  (3.870s, avg: 3.710s) lr=2.50e-05
19500: Loss avg=0.0398 ± 0.0023  (3.831s, avg: 3.710s) lr=2.50e-05
19600: Loss avg=0.0392 ± 0.0021  (3.621s, avg: 3.710s) lr=2.50e-05
19700: Loss avg=0.0390 ± 0.0023  (3.828s, avg: 3.710s) lr=2.50e-05
19800: Loss avg=0.0389 ± 0.0024  (3.365s, avg: 3.709s) lr=2.50e-05
19900: Loss avg=0.0387 ± 0.0022  (4.163s, avg: 3.711s) lr=2.50e-05
  [lr] plateau detected: lr 2.50e-05 -> 1.25e-05
20000: Loss avg=0.0390 ± 0.0020  (3.613s, avg: 3.711s) lr=1.25e-05
  [track] Checkpoint -> v2_8192_d128_L3_hw_step020000.bytes
20100: Loss avg=0.0389 ± 0.0020  (3.984s, avg: 3.712s) lr=1.25e-05
20200: Loss avg=0.0384 ± 0.0021  (3.866s, avg: 3.713s) lr=1.25e-05
20300: Loss avg=0.0392 ± 0.0021  (4.069s, avg: 3.715s) lr=1.25e-05
20400: Loss avg=0.0391 ± 0.0021  (3.692s, avg: 3.715s) lr=1.25e-05
20500: Loss avg=0.0384 ± 0.0022  (4.018s, avg: 3.716s) lr=1.25e-05
20600: Loss avg=0.0389 ± 0.0025  (3.760s, avg: 3.716s) lr=1.25e-05
20700: Loss avg=0.0389 ± 0.0021  (3.915s, avg: 3.717s) lr=1.25e-05
  [lr] plateau detected: lr 1.25e-05 -> 6.25e-06
20800: Loss avg=0.0391 ± 0.0018  (4.215s, avg: 3.720s) lr=6.25e-06
20900: Loss avg=0.0383 ± 0.0022  (3.834s, avg: 3.720s) lr=6.25e-06
21000: Loss avg=0.0385 ± 0.0021  (4.103s, avg: 3.722s) lr=6.25e-06
21100: Loss avg=0.0385 ± 0.0024  (3.919s, avg: 3.723s) lr=6.25e-06
21200: Loss avg=0.0388 ± 0.0024  (4.101s, avg: 3.725s) lr=6.25e-06
21300: Loss avg=0.0386 ± 0.0021  (3.644s, avg: 3.725s) lr=6.25e-06
21400: Loss avg=0.0385 ± 0.0022  (3.948s, avg: 3.726s) lr=6.25e-06
  [lr] plateau detected: lr 6.25e-06 -> 3.13e-06
21500: Loss avg=0.0391 ± 0.0024  (3.888s, avg: 3.727s) lr=3.13e-06
21600: Loss avg=0.0384 ± 0.0022  (4.149s, avg: 3.729s) lr=3.13e-06
21700: Loss avg=0.0389 ± 0.0023  (3.817s, avg: 3.729s) lr=3.13e-06
21800: Loss avg=0.0386 ± 0.0022  (4.142s, avg: 3.731s) lr=3.13e-06
21900: Loss avg=0.0381 ± 0.0020  (3.912s, avg: 3.732s) lr=3.13e-06
22000: Loss avg=0.0386 ± 0.0020  (4.099s, avg: 3.733s) lr=3.13e-06
  [track] Checkpoint -> v2_8192_d128_L3_hw_step022000.bytes
22100: Loss avg=0.0381 ± 0.0022  (4.080s, avg: 3.735s) lr=3.13e-06
22200: Loss avg=0.0386 ± 0.0021  (3.861s, avg: 3.736s) lr=3.13e-06
22300: Loss avg=0.0388 ± 0.0021  (4.082s, avg: 3.737s) lr=3.13e-06
22400: Loss avg=0.0388 ± 0.0024  (3.528s, avg: 3.737s) lr=3.13e-06
  [lr] plateau detected: lr 3.13e-06 -> 1.56e-06
22500: Loss avg=0.0385 ± 0.0022  (3.630s, avg: 3.736s) lr=1.56e-06
22600: Loss avg=0.0386 ± 0.0022  (3.631s, avg: 3.736s) lr=1.56e-06
22700: Loss avg=0.0386 ± 0.0023  (4.142s, avg: 3.737s) lr=1.56e-06
22800: Loss avg=0.0386 ± 0.0022  (4.050s, avg: 3.739s) lr=1.56e-06
22900: Loss avg=0.0383 ± 0.0022  (3.960s, avg: 3.740s) lr=1.56e-06
23000: Loss avg=0.0386 ± 0.0020  (4.103s, avg: 3.741s) lr=1.56e-06
23100: Loss avg=0.0383 ± 0.0021  (3.828s, avg: 3.742s) lr=1.56e-06
  [lr] plateau detected: lr 1.56e-06 -> 1.00e-06
23200: Loss avg=0.0391 ± 0.0023  (3.906s, avg: 3.743s) lr=1.00e-06
23300: Loss avg=0.0384 ± 0.0022  (3.622s, avg: 3.742s) lr=1.00e-06
23400: Loss avg=0.0390 ± 0.0022  (3.610s, avg: 3.742s) lr=1.00e-06
23500: Loss avg=0.0391 ± 0.0022  (4.001s, avg: 3.743s) lr=1.00e-06
23600: Loss avg=0.0385 ± 0.0024  (3.960s, avg: 3.744s) lr=1.00e-06
23700: Loss avg=0.0386 ± 0.0022  (3.910s, avg: 3.744s) lr=1.00e-06
23800: Loss avg=0.0387 ± 0.0021  (4.110s, avg: 3.746s) lr=1.00e-06
23900: Loss avg=0.0385 ± 0.0021  (3.796s, avg: 3.746s) lr=1.00e-06
24000: Loss avg=0.0384 ± 0.0024  (4.080s, avg: 3.747s) lr=1.00e-06
  [track] Checkpoint -> v2_8192_d128_L3_hw_step024000.bytes
24100: Loss avg=0.0382 ± 0.0021  (3.832s, avg: 3.748s) lr=1.00e-06
24200: Loss avg=0.0383 ± 0.0022  (4.062s, avg: 3.749s) lr=1.00e-06
24300: Loss avg=0.0388 ± 0.0022  (3.742s) lr=1.00e-06
  [auto-stop] plateau at min_lr=1.00e-06 (10/10 steps without >5e-03 improvement); stopping.
Saved to /orcd/home/002/osbo/ondemand/fluid-sim/Assets/Scripts/weights/v2_8192_d128_L3_hw.bytes
================================================================
Finished: Fri May  8 15:23:08 EDT 2026
================================================================
