================================================================
Job 13582466, task 2 on node2434
Started: Fri May  8 15:04:23 EDT 2026
================================================================
[2/19] v2_4096_d128_L3_hw
Using device: cuda
  [startup] Random sample of 100 frames (--num-frames 100)
  [startup] Loaded 100 training contexts from disk cache (12458.53 ms) → .leafonly_training_context_cache/
  [startup] global_max_edges = 20224
  [startup] contexts_per_step = 4 (gradient accumulation)
  [startup] Ablation config: layers=3, gcn_layers=2, jacobi=True (node_scalar), attention_layout=128x129, off_diag_dense_attn=True, diag_dense_attn=True, use_highways=True
  [startup] torch.compile(model): enabled (CUDA)
  [startup] LR scheduler: ReduceLROnPlateau (factor=0.5, patience=5, threshold=5e-3, min_lr=1.00e-06, auto-stop (patience=10, threshold=5e-3 at min_lr))
  Block preconditioner: 32 leaves, diag 128×128, off 32×32 (128 nodes/leaf)
  Probe vectors (loss MC columns): auto max(64, ⌈√n_pad⌉) per step (override with --probe-vectors K)
  Probe MAZ path: --leafonly-pcg=matrix_free (A@Z: sparse block-diagonal A@Z (all devices; dense bmm only if context cache has use_dense_A); apply_block_diagonal_M torch.compile (matrix_free))
  Loss mode: hutchinson (cosine-similarity probe; --loss-mode hutchinson)

=== Startup timing (wall clock, ms) ===
  Dataset + run folder scan:         129.32
  Load training contexts (disk→device):   12458.53 ms  (100 contexts)
  LeafOnlyNet + .to(device):          22.96
  torch.compile(model) call:        2598.35  (CUDA; Inductor runs on 1st forward/backward)
  load_leaf_only_weights:         skipped
  AdamW + ReduceLROnPlateau:           0.41
  ---
  Total before training loop:      15223.27
  Note: First loss line’s (elapsed) is wall time for that step only (after startup); with torch.compile, the first forward+backward triggers Inductor codegen (often ~10–20s).
  At step 299, a one-time detailed breakdown (zero_grad / forward / apply M / backward / …) is printed.

  [track] Training profile CSV: /orcd/home/002/osbo/ondemand/fluid-sim/Assets/Scripts/weights/v2_4096_d128_L3_hw_training_profile.csv
00000: Loss avg=0.2464 ± 0.0000  (39.185s) lr=2.00e-04
  [track] Checkpoint -> v2_4096_d128_L3_hw_step000000.bytes
00100: Loss avg=0.2444 ± 0.0497  (17.117s) lr=2.00e-04
00200: Loss avg=0.2373 ± 0.0012  (1.864s) lr=2.00e-04

--- Detailed timing for step 300 (contexts_per_step=4, batched forward) ---
  batch: B=4, n_pad=4096, batch_vectors=256
--- Step 300 detailed timing (ms) ---
  zero_grad:            0.23
  batch assembly:       0.26
  model forward:        5.58
  probe Z+Jacobi:       1.29
  A @ Z (sparse block-mm):     0.51
  apply M (MAZ):        0.63
  residual + loss:      0.27
  backward:            11.16
  clip_grad_norm:       1.17
  optimizer.step:       1.52
  total:               22.62
  full iter (wall):    24.99 ms  (Python / scheduler / print overhead ≈ +2.36 ms vs sum above)
----------------------------------------

00300: Loss avg=0.2368 ± 0.0016  (1.874s, avg: 1.874s) lr=2.00e-04
00400: Loss avg=0.2375 ± 0.0017  (1.873s, avg: 1.874s) lr=2.00e-04
00500: Loss avg=0.2349 ± 0.0021  (1.870s, avg: 1.872s) lr=2.00e-04
00600: Loss avg=0.2314 ± 0.0017  (1.870s, avg: 1.871s) lr=2.00e-04
00700: Loss avg=0.2300 ± 0.0015  (1.873s, avg: 1.872s) lr=2.00e-04
00800: Loss avg=0.2291 ± 0.0015  (1.875s, avg: 1.873s) lr=2.00e-04
00900: Loss avg=0.2271 ± 0.0018  (1.870s, avg: 1.872s) lr=2.00e-04
01000: Loss avg=0.2245 ± 0.0019  (1.872s, avg: 1.872s) lr=2.00e-04
01100: Loss avg=0.2227 ± 0.0019  (1.846s, avg: 1.873s) lr=2.00e-04
01200: Loss avg=0.2205 ± 0.0022  (1.837s, avg: 1.869s) lr=2.00e-04
01300: Loss avg=0.2173 ± 0.0028  (1.835s, avg: 1.866s) lr=2.00e-04
01400: Loss avg=0.2078 ± 0.0039  (1.824s, avg: 1.862s) lr=2.00e-04
01500: Loss avg=0.2012 ± 0.0041  (1.802s, avg: 1.857s) lr=2.00e-04
01600: Loss avg=0.1949 ± 0.0046  (1.793s, avg: 1.852s) lr=2.00e-04
01700: Loss avg=0.1915 ± 0.0067  (1.791s, avg: 1.848s) lr=2.00e-04
01800: Loss avg=0.1845 ± 0.0053  (1.789s, avg: 1.844s) lr=2.00e-04
01900: Loss avg=0.1793 ± 0.0051  (1.781s, avg: 1.840s) lr=2.00e-04
02000: Loss avg=0.1741 ± 0.0063  (1.781s, avg: 1.836s) lr=2.00e-04
  [track] Checkpoint -> v2_4096_d128_L3_hw_step002000.bytes
02100: Loss avg=0.1715 ± 0.0062  (1.777s, avg: 1.836s) lr=2.00e-04
02200: Loss avg=0.1651 ± 0.0056  (1.776s, avg: 1.833s) lr=2.00e-04
02300: Loss avg=0.1620 ± 0.0066  (1.773s, avg: 1.830s) lr=2.00e-04
02400: Loss avg=0.1562 ± 0.0073  (1.772s, avg: 1.827s) lr=2.00e-04
02500: Loss avg=0.1474 ± 0.0074  (1.773s, avg: 1.825s) lr=2.00e-04
02600: Loss avg=0.1393 ± 0.0066  (1.776s, avg: 1.823s) lr=2.00e-04
02700: Loss avg=0.1387 ± 0.0063  (1.770s, avg: 1.820s) lr=2.00e-04
02800: Loss avg=0.1318 ± 0.0058  (1.796s, avg: 1.819s) lr=2.00e-04
02900: Loss avg=0.1283 ± 0.0059  (1.813s, avg: 1.819s) lr=2.00e-04
03000: Loss avg=0.1241 ± 0.0057  (1.819s, avg: 1.819s) lr=2.00e-04
03100: Loss avg=0.1237 ± 0.0069  (1.822s, avg: 1.820s) lr=2.00e-04
03200: Loss avg=0.1181 ± 0.0064  (1.823s, avg: 1.820s) lr=2.00e-04
03300: Loss avg=0.1152 ± 0.0061  (1.825s, avg: 1.821s) lr=2.00e-04
03400: Loss avg=0.1200 ± 0.0108  (1.827s, avg: 1.821s) lr=2.00e-04
03500: Loss avg=0.1166 ± 0.0083  (1.820s, avg: 1.821s) lr=2.00e-04
03600: Loss avg=0.1055 ± 0.0053  (1.828s, avg: 1.821s) lr=2.00e-04
03700: Loss avg=0.1054 ± 0.0060  (1.832s, avg: 1.821s) lr=2.00e-04
03800: Loss avg=0.0981 ± 0.0047  (1.819s, avg: 1.821s) lr=2.00e-04
03900: Loss avg=0.0950 ± 0.0042  (1.824s, avg: 1.821s) lr=2.00e-04
04000: Loss avg=0.0944 ± 0.0056  (1.825s, avg: 1.822s) lr=2.00e-04
  [track] Checkpoint -> v2_4096_d128_L3_hw_step004000.bytes
04100: Loss avg=0.0923 ± 0.0055  (1.823s, avg: 1.823s) lr=2.00e-04
04200: Loss avg=0.0920 ± 0.0049  (1.823s, avg: 1.823s) lr=2.00e-04
04300: Loss avg=0.0954 ± 0.0065  (1.839s, avg: 1.823s) lr=2.00e-04
04400: Loss avg=0.0834 ± 0.0046  (1.828s, avg: 1.823s) lr=2.00e-04
04500: Loss avg=0.0905 ± 0.0081  (1.832s, avg: 1.824s) lr=2.00e-04
04600: Loss avg=0.0891 ± 0.0060  (1.819s, avg: 1.824s) lr=2.00e-04
04700: Loss avg=0.0817 ± 0.0047  (1.828s, avg: 1.824s) lr=2.00e-04
04800: Loss avg=0.0819 ± 0.0057  (1.827s, avg: 1.824s) lr=2.00e-04
04900: Loss avg=0.0755 ± 0.0048  (1.823s, avg: 1.824s) lr=2.00e-04
05000: Loss avg=0.0745 ± 0.0046  (1.825s, avg: 1.824s) lr=2.00e-04
05100: Loss avg=0.0752 ± 0.0051  (1.822s, avg: 1.824s) lr=2.00e-04
05200: Loss avg=0.0751 ± 0.0057  (1.823s, avg: 1.824s) lr=2.00e-04
05300: Loss avg=0.0752 ± 0.0075  (1.832s, avg: 1.824s) lr=2.00e-04
05400: Loss avg=0.0781 ± 0.0102  (1.818s, avg: 1.824s) lr=2.00e-04
05500: Loss avg=0.0674 ± 0.0050  (1.820s, avg: 1.824s) lr=2.00e-04
05600: Loss avg=0.0650 ± 0.0054  (1.825s, avg: 1.824s) lr=2.00e-04
05700: Loss avg=0.0662 ± 0.0048  (1.822s, avg: 1.824s) lr=2.00e-04
05800: Loss avg=0.0617 ± 0.0048  (1.823s, avg: 1.824s) lr=2.00e-04
05900: Loss avg=0.0600 ± 0.0047  (1.822s, avg: 1.824s) lr=2.00e-04
06000: Loss avg=0.0638 ± 0.0055  (1.825s, avg: 1.824s) lr=2.00e-04
  [track] Checkpoint -> v2_4096_d128_L3_hw_step006000.bytes
06100: Loss avg=0.0591 ± 0.0047  (1.823s, avg: 1.825s) lr=2.00e-04
06200: Loss avg=0.0560 ± 0.0041  (1.824s, avg: 1.825s) lr=2.00e-04
06300: Loss avg=0.0547 ± 0.0029  (1.828s, avg: 1.825s) lr=2.00e-04
06400: Loss avg=0.0595 ± 0.0068  (1.827s, avg: 1.825s) lr=2.00e-04
06500: Loss avg=0.0564 ± 0.0044  (1.828s, avg: 1.825s) lr=2.00e-04
06600: Loss avg=0.0535 ± 0.0038  (1.822s, avg: 1.825s) lr=2.00e-04
06700: Loss avg=0.0516 ± 0.0037  (1.827s, avg: 1.825s) lr=2.00e-04
06800: Loss avg=0.0538 ± 0.0053  (1.825s, avg: 1.825s) lr=2.00e-04
06900: Loss avg=0.0497 ± 0.0033  (1.826s, avg: 1.825s) lr=2.00e-04
07000: Loss avg=0.0538 ± 0.0054  (1.826s, avg: 1.825s) lr=2.00e-04
07100: Loss avg=0.0507 ± 0.0047  (1.824s, avg: 1.826s) lr=2.00e-04
07200: Loss avg=0.0496 ± 0.0043  (1.827s, avg: 1.826s) lr=2.00e-04
07300: Loss avg=0.0483 ± 0.0041  (1.829s, avg: 1.826s) lr=2.00e-04
07400: Loss avg=0.0477 ± 0.0046  (1.826s, avg: 1.826s) lr=2.00e-04
07500: Loss avg=0.0497 ± 0.0043  (1.821s, avg: 1.826s) lr=2.00e-04
07600: Loss avg=0.0484 ± 0.0060  (1.822s, avg: 1.826s) lr=2.00e-04
07700: Loss avg=0.0494 ± 0.0075  (1.835s, avg: 1.826s) lr=2.00e-04
07800: Loss avg=0.0500 ± 0.0058  (1.825s, avg: 1.826s) lr=2.00e-04
07900: Loss avg=0.0454 ± 0.0039  (1.825s, avg: 1.826s) lr=2.00e-04
08000: Loss avg=0.0443 ± 0.0035  (1.825s, avg: 1.826s) lr=2.00e-04
  [track] Checkpoint -> v2_4096_d128_L3_hw_step008000.bytes
08100: Loss avg=0.0463 ± 0.0047  (1.825s, avg: 1.826s) lr=2.00e-04
08200: Loss avg=0.0447 ± 0.0050  (1.830s, avg: 1.826s) lr=2.00e-04
08300: Loss avg=0.0440 ± 0.0037  (1.826s, avg: 1.826s) lr=2.00e-04
08400: Loss avg=0.0445 ± 0.0036  (1.826s, avg: 1.826s) lr=2.00e-04
08500: Loss avg=0.0433 ± 0.0035  (1.831s, avg: 1.827s) lr=2.00e-04
08600: Loss avg=0.0422 ± 0.0032  (1.827s, avg: 1.827s) lr=2.00e-04
08700: Loss avg=0.0407 ± 0.0035  (1.827s, avg: 1.827s) lr=2.00e-04
08800: Loss avg=0.0414 ± 0.0038  (1.828s, avg: 1.827s) lr=2.00e-04
08900: Loss avg=0.0393 ± 0.0035  (1.828s, avg: 1.827s) lr=2.00e-04
09000: Loss avg=0.0402 ± 0.0031  (1.831s, avg: 1.827s) lr=2.00e-04
09100: Loss avg=0.0396 ± 0.0037  (1.824s, avg: 1.827s) lr=2.00e-04
09200: Loss avg=0.0407 ± 0.0054  (1.822s, avg: 1.827s) lr=2.00e-04
09300: Loss avg=0.0381 ± 0.0034  (1.827s, avg: 1.827s) lr=2.00e-04
09400: Loss avg=0.0387 ± 0.0036  (1.824s, avg: 1.827s) lr=2.00e-04
09500: Loss avg=0.0382 ± 0.0033  (1.824s, avg: 1.827s) lr=2.00e-04
09600: Loss avg=0.0386 ± 0.0041  (1.826s, avg: 1.827s) lr=2.00e-04
09700: Loss avg=0.0373 ± 0.0030  (1.818s, avg: 1.827s) lr=2.00e-04
09800: Loss avg=0.0384 ± 0.0033  (1.823s, avg: 1.827s) lr=2.00e-04
09900: Loss avg=0.0362 ± 0.0030  (1.818s, avg: 1.827s) lr=2.00e-04
10000: Loss avg=0.0364 ± 0.0029  (1.815s, avg: 1.827s) lr=2.00e-04
  [track] Checkpoint -> v2_4096_d128_L3_hw_step010000.bytes
10100: Loss avg=0.0363 ± 0.0036  (1.825s, avg: 1.827s) lr=2.00e-04
10200: Loss avg=0.0344 ± 0.0029  (1.830s, avg: 1.827s) lr=2.00e-04
10300: Loss avg=0.0351 ± 0.0030  (1.829s, avg: 1.827s) lr=2.00e-04
10400: Loss avg=0.0353 ± 0.0034  (1.825s, avg: 1.827s) lr=2.00e-04
10500: Loss avg=0.0338 ± 0.0025  (1.825s, avg: 1.827s) lr=2.00e-04
10600: Loss avg=0.0342 ± 0.0033  (1.825s, avg: 1.827s) lr=2.00e-04
10700: Loss avg=0.0344 ± 0.0025  (1.825s, avg: 1.827s) lr=2.00e-04
10800: Loss avg=0.0336 ± 0.0030  (1.826s, avg: 1.827s) lr=2.00e-04
10900: Loss avg=0.0331 ± 0.0031  (1.826s, avg: 1.827s) lr=2.00e-04
11000: Loss avg=0.0330 ± 0.0030  (1.825s, avg: 1.827s) lr=2.00e-04
11100: Loss avg=0.0318 ± 0.0025  (1.822s, avg: 1.827s) lr=2.00e-04
11200: Loss avg=0.0320 ± 0.0027  (1.826s, avg: 1.827s) lr=2.00e-04
11300: Loss avg=0.0323 ± 0.0023  (1.824s, avg: 1.827s) lr=2.00e-04
11400: Loss avg=0.0319 ± 0.0030  (1.824s, avg: 1.827s) lr=2.00e-04
11500: Loss avg=0.0325 ± 0.0032  (1.824s, avg: 1.827s) lr=2.00e-04
11600: Loss avg=0.0313 ± 0.0029  (1.827s, avg: 1.827s) lr=2.00e-04
11700: Loss avg=0.0307 ± 0.0030  (1.824s, avg: 1.827s) lr=2.00e-04
11800: Loss avg=0.0303 ± 0.0030  (1.828s, avg: 1.827s) lr=2.00e-04
11900: Loss avg=0.0318 ± 0.0030  (1.828s, avg: 1.827s) lr=2.00e-04
12000: Loss avg=0.0301 ± 0.0027  (1.827s, avg: 1.827s) lr=2.00e-04
  [track] Checkpoint -> v2_4096_d128_L3_hw_step012000.bytes
12100: Loss avg=0.0295 ± 0.0028  (1.826s, avg: 1.828s) lr=2.00e-04
12200: Loss avg=0.0302 ± 0.0024  (1.827s, avg: 1.828s) lr=2.00e-04
12300: Loss avg=0.0297 ± 0.0025  (1.825s, avg: 1.828s) lr=2.00e-04
12400: Loss avg=0.0314 ± 0.0041  (1.828s, avg: 1.828s) lr=2.00e-04
12500: Loss avg=0.0292 ± 0.0026  (1.833s, avg: 1.828s) lr=2.00e-04
12600: Loss avg=0.0295 ± 0.0026  (1.845s, avg: 1.828s) lr=2.00e-04
12700: Loss avg=0.0294 ± 0.0028  (1.877s, avg: 1.828s) lr=2.00e-04
12800: Loss avg=0.0293 ± 0.0028  (1.898s, avg: 1.829s) lr=2.00e-04
12900: Loss avg=0.0279 ± 0.0025  (1.899s, avg: 1.829s) lr=2.00e-04
13000: Loss avg=0.0284 ± 0.0024  (1.896s, avg: 1.830s) lr=2.00e-04
13100: Loss avg=0.0281 ± 0.0030  (1.896s, avg: 1.831s) lr=2.00e-04
13200: Loss avg=0.0282 ± 0.0025  (1.897s, avg: 1.831s) lr=2.00e-04
13300: Loss avg=0.0275 ± 0.0024  (1.897s, avg: 1.832s) lr=2.00e-04
13400: Loss avg=0.0279 ± 0.0026  (1.897s, avg: 1.832s) lr=2.00e-04
13500: Loss avg=0.0283 ± 0.0028  (1.895s, avg: 1.833s) lr=2.00e-04
13600: Loss avg=0.0269 ± 0.0023  (1.897s, avg: 1.833s) lr=2.00e-04
13700: Loss avg=0.0273 ± 0.0023  (1.895s, avg: 1.833s) lr=2.00e-04
13800: Loss avg=0.0274 ± 0.0030  (1.896s, avg: 1.834s) lr=2.00e-04
13900: Loss avg=0.0272 ± 0.0025  (1.892s, avg: 1.834s) lr=2.00e-04
14000: Loss avg=0.0274 ± 0.0026  (1.895s, avg: 1.835s) lr=2.00e-04
  [track] Checkpoint -> v2_4096_d128_L3_hw_step014000.bytes
14100: Loss avg=0.0266 ± 0.0026  (1.897s, avg: 1.836s) lr=2.00e-04
14200: Loss avg=0.0270 ± 0.0031  (1.892s, avg: 1.836s) lr=2.00e-04
14300: Loss avg=0.0271 ± 0.0026  (1.897s, avg: 1.837s) lr=2.00e-04
14400: Loss avg=0.0269 ± 0.0024  (1.896s, avg: 1.837s) lr=2.00e-04
14500: Loss avg=0.0262 ± 0.0024  (1.894s, avg: 1.837s) lr=2.00e-04
14600: Loss avg=0.0263 ± 0.0029  (1.898s, avg: 1.838s) lr=2.00e-04
14700: Loss avg=0.0263 ± 0.0030  (1.895s, avg: 1.838s) lr=2.00e-04
14800: Loss avg=0.0251 ± 0.0025  (1.893s, avg: 1.839s) lr=2.00e-04
14900: Loss avg=0.0263 ± 0.0025  (1.897s, avg: 1.839s) lr=2.00e-04
15000: Loss avg=0.0258 ± 0.0029  (1.895s, avg: 1.839s) lr=2.00e-04
15100: Loss avg=0.0259 ± 0.0023  (1.895s, avg: 1.840s) lr=2.00e-04
15200: Loss avg=0.0277 ± 0.0040  (1.894s, avg: 1.840s) lr=2.00e-04
15300: Loss avg=0.0262 ± 0.0027  (1.894s, avg: 1.841s) lr=2.00e-04
  [lr] plateau detected: lr 2.00e-04 -> 1.00e-04
15400: Loss avg=0.0254 ± 0.0027  (1.895s, avg: 1.841s) lr=1.00e-04
15500: Loss avg=0.0227 ± 0.0020  (1.894s, avg: 1.841s) lr=1.00e-04
15600: Loss avg=0.0226 ± 0.0022  (1.896s, avg: 1.842s) lr=1.00e-04
15700: Loss avg=0.0229 ± 0.0020  (1.894s, avg: 1.842s) lr=1.00e-04
15800: Loss avg=0.0224 ± 0.0020  (1.893s, avg: 1.842s) lr=1.00e-04
15900: Loss avg=0.0225 ± 0.0021  (1.897s, avg: 1.843s) lr=1.00e-04
16000: Loss avg=0.0220 ± 0.0021  (1.894s, avg: 1.843s) lr=1.00e-04
  [track] Checkpoint -> v2_4096_d128_L3_hw_step016000.bytes
16100: Loss avg=0.0220 ± 0.0021  (1.900s, avg: 1.844s) lr=1.00e-04
16200: Loss avg=0.0224 ± 0.0023  (1.896s, avg: 1.844s) lr=1.00e-04
16300: Loss avg=0.0219 ± 0.0020  (1.894s, avg: 1.844s) lr=1.00e-04
16400: Loss avg=0.0222 ± 0.0021  (1.894s, avg: 1.845s) lr=1.00e-04
16500: Loss avg=0.0221 ± 0.0020  (1.897s, avg: 1.845s) lr=1.00e-04
16600: Loss avg=0.0218 ± 0.0024  (1.897s, avg: 1.845s) lr=1.00e-04
16700: Loss avg=0.0217 ± 0.0023  (1.895s, avg: 1.846s) lr=1.00e-04
16800: Loss avg=0.0215 ± 0.0020  (1.893s, avg: 1.846s) lr=1.00e-04
16900: Loss avg=0.0213 ± 0.0019  (1.894s, avg: 1.846s) lr=1.00e-04
17000: Loss avg=0.0213 ± 0.0020  (1.896s, avg: 1.847s) lr=1.00e-04
17100: Loss avg=0.0218 ± 0.0025  (1.898s, avg: 1.847s) lr=1.00e-04
17200: Loss avg=0.0215 ± 0.0021  (1.893s, avg: 1.847s) lr=1.00e-04
17300: Loss avg=0.0211 ± 0.0018  (1.882s, avg: 1.848s) lr=1.00e-04
17400: Loss avg=0.0211 ± 0.0021  (1.884s, avg: 1.848s) lr=1.00e-04
17500: Loss avg=0.0209 ± 0.0020  (1.854s, avg: 1.848s) lr=1.00e-04
17600: Loss avg=0.0213 ± 0.0025  (1.811s, avg: 1.848s) lr=1.00e-04
17700: Loss avg=0.0209 ± 0.0021  (1.807s, avg: 1.847s) lr=1.00e-04
17800: Loss avg=0.0207 ± 0.0020  (1.805s, avg: 1.847s) lr=1.00e-04
17900: Loss avg=0.0201 ± 0.0021  (1.805s, avg: 1.847s) lr=1.00e-04
18000: Loss avg=0.0205 ± 0.0018  (1.800s, avg: 1.847s) lr=1.00e-04
  [track] Checkpoint -> v2_4096_d128_L3_hw_step018000.bytes
18100: Loss avg=0.0207 ± 0.0020  (1.797s, avg: 1.847s) lr=1.00e-04
18200: Loss avg=0.0201 ± 0.0022  (1.802s, avg: 1.846s) lr=1.00e-04
18300: Loss avg=0.0206 ± 0.0023  (1.798s, avg: 1.846s) lr=1.00e-04
18400: Loss avg=0.0203 ± 0.0018  (1.797s, avg: 1.846s) lr=1.00e-04
18500: Loss avg=0.0199 ± 0.0022  (1.799s, avg: 1.846s) lr=1.00e-04
18600: Loss avg=0.0196 ± 0.0022  (1.801s, avg: 1.845s) lr=1.00e-04
18700: Loss avg=0.0198 ± 0.0022  (1.799s, avg: 1.845s) lr=1.00e-04
18800: Loss avg=0.0199 ± 0.0022  (1.802s, avg: 1.845s) lr=1.00e-04
18900: Loss avg=0.0198 ± 0.0020  (1.816s, avg: 1.845s) lr=1.00e-04
19000: Loss avg=0.0195 ± 0.0020  (1.852s, avg: 1.845s) lr=1.00e-04
19100: Loss avg=0.0193 ± 0.0021  (1.894s, avg: 1.845s) lr=1.00e-04
19200: Loss avg=0.0196 ± 0.0020  (1.895s, avg: 1.845s) lr=1.00e-04
19300: Loss avg=0.0196 ± 0.0020  (1.891s, avg: 1.846s) lr=1.00e-04
19400: Loss avg=0.0195 ± 0.0020  (1.893s, avg: 1.846s) lr=1.00e-04
19500: Loss avg=0.0194 ± 0.0019  (1.895s, avg: 1.846s) lr=1.00e-04
19600: Loss avg=0.0192 ± 0.0018  (1.896s, avg: 1.846s) lr=1.00e-04
  [lr] plateau detected: lr 1.00e-04 -> 5.00e-05
19700: Loss avg=0.0194 ± 0.0019  (1.893s, avg: 1.847s) lr=5.00e-05
19800: Loss avg=0.0182 ± 0.0020  (1.897s, avg: 1.847s) lr=5.00e-05
19900: Loss avg=0.0182 ± 0.0019  (1.898s, avg: 1.847s) lr=5.00e-05
20000: Loss avg=0.0177 ± 0.0020  (1.899s, avg: 1.847s) lr=5.00e-05
  [track] Checkpoint -> v2_4096_d128_L3_hw_step020000.bytes
20100: Loss avg=0.0183 ± 0.0018  (1.897s, avg: 1.848s) lr=5.00e-05
20200: Loss avg=0.0180 ± 0.0018  (1.893s, avg: 1.848s) lr=5.00e-05
20300: Loss avg=0.0181 ± 0.0017  (1.895s, avg: 1.849s) lr=5.00e-05
20400: Loss avg=0.0181 ± 0.0020  (1.895s, avg: 1.849s) lr=5.00e-05
20500: Loss avg=0.0179 ± 0.0019  (1.894s, avg: 1.849s) lr=5.00e-05
  [lr] plateau detected: lr 5.00e-05 -> 2.50e-05
20600: Loss avg=0.0178 ± 0.0019  (1.893s, avg: 1.849s) lr=2.50e-05
20700: Loss avg=0.0175 ± 0.0020  (1.897s, avg: 1.849s) lr=2.50e-05
20800: Loss avg=0.0175 ± 0.0020  (1.894s, avg: 1.850s) lr=2.50e-05
20900: Loss avg=0.0172 ± 0.0020  (1.897s, avg: 1.850s) lr=2.50e-05
21000: Loss avg=0.0173 ± 0.0019  (1.896s, avg: 1.850s) lr=2.50e-05
21100: Loss avg=0.0174 ± 0.0017  (1.888s, avg: 1.850s) lr=2.50e-05
21200: Loss avg=0.0172 ± 0.0018  (1.894s, avg: 1.851s) lr=2.50e-05
21300: Loss avg=0.0176 ± 0.0020  (1.881s, avg: 1.851s) lr=2.50e-05
21400: Loss avg=0.0174 ± 0.0018  (1.893s, avg: 1.851s) lr=2.50e-05
21500: Loss avg=0.0170 ± 0.0020  (1.897s, avg: 1.851s) lr=2.50e-05
21600: Loss avg=0.0173 ± 0.0019  (1.896s, avg: 1.851s) lr=2.50e-05
21700: Loss avg=0.0171 ± 0.0018  (1.889s, avg: 1.852s) lr=2.50e-05
21800: Loss avg=0.0172 ± 0.0019  (1.896s, avg: 1.852s) lr=2.50e-05
21900: Loss avg=0.0172 ± 0.0019  (1.897s, avg: 1.852s) lr=2.50e-05
22000: Loss avg=0.0171 ± 0.0020  (1.903s, avg: 1.852s) lr=2.50e-05
  [track] Checkpoint -> v2_4096_d128_L3_hw_step022000.bytes
  [lr] plateau detected: lr 2.50e-05 -> 1.25e-05
22100: Loss avg=0.0172 ± 0.0020  (1.900s, avg: 1.853s) lr=1.25e-05
22200: Loss avg=0.0172 ± 0.0020  (1.897s, avg: 1.853s) lr=1.25e-05
22300: Loss avg=0.0169 ± 0.0019  (1.895s, avg: 1.853s) lr=1.25e-05
22400: Loss avg=0.0169 ± 0.0017  (1.893s, avg: 1.853s) lr=1.25e-05
22500: Loss avg=0.0169 ± 0.0019  (1.897s, avg: 1.854s) lr=1.25e-05
22600: Loss avg=0.0169 ± 0.0016  (1.896s, avg: 1.854s) lr=1.25e-05
22700: Loss avg=0.0170 ± 0.0017  (1.895s, avg: 1.854s) lr=1.25e-05
22800: Loss avg=0.0169 ± 0.0019  (1.897s, avg: 1.854s) lr=1.25e-05
  [lr] plateau detected: lr 1.25e-05 -> 6.25e-06
22900: Loss avg=0.0171 ± 0.0020  (1.897s, avg: 1.854s) lr=6.25e-06
23000: Loss avg=0.0170 ± 0.0019  (1.898s, avg: 1.854s) lr=6.25e-06
23100: Loss avg=0.0167 ± 0.0017  (1.898s, avg: 1.855s) lr=6.25e-06
23200: Loss avg=0.0169 ± 0.0018  (1.897s, avg: 1.855s) lr=6.25e-06
23300: Loss avg=0.0173 ± 0.0020  (1.896s, avg: 1.855s) lr=6.25e-06
23400: Loss avg=0.0168 ± 0.0019  (1.892s, avg: 1.855s) lr=6.25e-06
23500: Loss avg=0.0168 ± 0.0020  (1.900s, avg: 1.856s) lr=6.25e-06
23600: Loss avg=0.0169 ± 0.0016  (1.898s, avg: 1.856s) lr=6.25e-06
  [lr] plateau detected: lr 6.25e-06 -> 3.13e-06
23700: Loss avg=0.0169 ± 0.0020  (1.894s, avg: 1.856s) lr=3.13e-06
23800: Loss avg=0.0165 ± 0.0019  (1.899s, avg: 1.856s) lr=3.13e-06
23900: Loss avg=0.0168 ± 0.0018  (1.896s, avg: 1.856s) lr=3.13e-06
24000: Loss avg=0.0167 ± 0.0017  (1.893s, avg: 1.856s) lr=3.13e-06
  [track] Checkpoint -> v2_4096_d128_L3_hw_step024000.bytes
24100: Loss avg=0.0165 ± 0.0018  (1.893s, avg: 1.857s) lr=3.13e-06
24200: Loss avg=0.0169 ± 0.0019  (1.897s, avg: 1.857s) lr=3.13e-06
24300: Loss avg=0.0160 ± 0.0017  (1.891s, avg: 1.857s) lr=3.13e-06
24400: Loss avg=0.0167 ± 0.0018  (1.891s, avg: 1.857s) lr=3.13e-06
24500: Loss avg=0.0170 ± 0.0017  (1.895s, avg: 1.857s) lr=3.13e-06
24600: Loss avg=0.0167 ± 0.0019  (1.899s, avg: 1.858s) lr=3.13e-06
24700: Loss avg=0.0165 ± 0.0019  (1.891s, avg: 1.858s) lr=3.13e-06
24800: Loss avg=0.0166 ± 0.0020  (1.898s, avg: 1.858s) lr=3.13e-06
  [lr] plateau detected: lr 3.13e-06 -> 1.56e-06
24900: Loss avg=0.0164 ± 0.0019  (1.897s, avg: 1.858s) lr=1.56e-06
25000: Loss avg=0.0167 ± 0.0018  (1.892s, avg: 1.858s) lr=1.56e-06
25100: Loss avg=0.0168 ± 0.0020  (1.902s, avg: 1.858s) lr=1.56e-06
25200: Loss avg=0.0166 ± 0.0017  (1.895s, avg: 1.859s) lr=1.56e-06
25300: Loss avg=0.0167 ± 0.0016  (1.899s, avg: 1.859s) lr=1.56e-06
25400: Loss avg=0.0168 ± 0.0019  (1.896s, avg: 1.859s) lr=1.56e-06
25500: Loss avg=0.0169 ± 0.0016  (1.895s, avg: 1.859s) lr=1.56e-06
  [lr] plateau detected: lr 1.56e-06 -> 1.00e-06
25600: Loss avg=0.0166 ± 0.0021  (1.894s, avg: 1.859s) lr=1.00e-06
25700: Loss avg=0.0168 ± 0.0019  (1.891s, avg: 1.859s) lr=1.00e-06
25800: Loss avg=0.0167 ± 0.0017  (1.896s, avg: 1.859s) lr=1.00e-06
25900: Loss avg=0.0165 ± 0.0020  (1.893s, avg: 1.860s) lr=1.00e-06
26000: Loss avg=0.0166 ± 0.0019  (1.891s, avg: 1.860s) lr=1.00e-06
  [track] Checkpoint -> v2_4096_d128_L3_hw_step026000.bytes
26100: Loss avg=0.0166 ± 0.0021  (1.896s, avg: 1.860s) lr=1.00e-06
26200: Loss avg=0.0166 ± 0.0021  (1.892s, avg: 1.860s) lr=1.00e-06
26300: Loss avg=0.0167 ± 0.0020  (1.888s, avg: 1.860s) lr=1.00e-06
26400: Loss avg=0.0167 ± 0.0018  (1.888s, avg: 1.860s) lr=1.00e-06
26500: Loss avg=0.0166 ± 0.0018  (1.891s, avg: 1.861s) lr=1.00e-06
26600: Loss avg=0.0167 ± 0.0017  (1.896s, avg: 1.861s) lr=1.00e-06
26700: Loss avg=0.0165 ± 0.0018  (1.887s, avg: 1.861s) lr=1.00e-06
26800: Loss avg=0.0166 ± 0.0019  (1.889s, avg: 1.861s) lr=1.00e-06
26900: Loss avg=0.0164 ± 0.0015  (1.895s, avg: 1.861s) lr=1.00e-06
27000: Loss avg=0.0167 ± 0.0017  (1.889s, avg: 1.861s) lr=1.00e-06
27100: Loss avg=0.0167 ± 0.0019  (1.894s, avg: 1.861s) lr=1.00e-06
27200: Loss avg=0.0167 ± 0.0020  (1.891s, avg: 1.861s) lr=1.00e-06
27300: Loss avg=0.0165 ± 0.0019  (1.889s, avg: 1.862s) lr=1.00e-06
27400: Loss avg=0.0164 ± 0.0019  (1.895s, avg: 1.862s) lr=1.00e-06
27500: Loss avg=0.0169 ± 0.0018  (1.889s, avg: 1.862s) lr=1.00e-06
27600: Loss avg=0.0166 ± 0.0020  (1.883s, avg: 1.862s) lr=1.00e-06
27700: Loss avg=0.0169 ± 0.0019  (1.881s, avg: 1.862s) lr=1.00e-06
27800: Loss avg=0.0162 ± 0.0020  (1.870s, avg: 1.862s) lr=1.00e-06
27900: Loss avg=0.0167 ± 0.0016  (1.871s, avg: 1.862s) lr=1.00e-06
28000: Loss avg=0.0167 ± 0.0018  (1.854s, avg: 1.862s) lr=1.00e-06
  [track] Checkpoint -> v2_4096_d128_L3_hw_step028000.bytes
28100: Loss avg=0.0166 ± 0.0021  (1.855s, avg: 1.862s) lr=1.00e-06
28200: Loss avg=0.0166 ± 0.0020  (1.856s, avg: 1.862s) lr=1.00e-06
28300: Loss avg=0.0168 ± 0.0017  (1.859s, avg: 1.862s) lr=1.00e-06
28400: Loss avg=0.0167 ± 0.0020  (1.858s, avg: 1.862s) lr=1.00e-06
28500: Loss avg=0.0166 ± 0.0017  (1.862s, avg: 1.862s) lr=1.00e-06
28600: Loss avg=0.0166 ± 0.0018  (1.861s, avg: 1.862s) lr=1.00e-06
28700: Loss avg=0.0167 ± 0.0018  (1.860s, avg: 1.862s) lr=1.00e-06
28800: Loss avg=0.0167 ± 0.0017  (1.857s) lr=1.00e-06
  [auto-stop] plateau at min_lr=1.00e-06 (10/10 steps without >5e-03 improvement); stopping.
Saved to /orcd/home/002/osbo/ondemand/fluid-sim/Assets/Scripts/weights/v2_4096_d128_L3_hw.bytes
================================================================
Finished: Fri May  8 15:14:35 EDT 2026
================================================================
