================================================================
Job 13582466, task 14 on node3100
Started: Fri May  8 16:28:12 EDT 2026
================================================================
[14/19] v2_2048_d128_L2_hw
Using device: cuda
  [startup] Random sample of 100 frames (--num-frames 100)
  [startup] Loaded 100 training contexts from disk cache (2062.91 ms) → .leafonly_training_context_cache/
  [startup] global_max_edges = 10058
  [startup] contexts_per_step = 4 (gradient accumulation)
  [startup] Ablation config: layers=2, gcn_layers=2, jacobi=True (node_scalar), attention_layout=128x129, off_diag_dense_attn=True, diag_dense_attn=True, use_highways=True
  [startup] torch.compile(model): enabled (CUDA)
  [startup] LR scheduler: ReduceLROnPlateau (factor=0.5, patience=5, threshold=5e-3, min_lr=1.00e-06, auto-stop (patience=10, threshold=5e-3 at min_lr))
  Block preconditioner: 16 leaves, diag 128×128, off 32×32 (128 nodes/leaf)
  Probe vectors (loss MC columns): auto max(64, ⌈√n_pad⌉) per step (override with --probe-vectors K)
  Probe MAZ path: --leafonly-pcg=matrix_free (A@Z: sparse block-diagonal A@Z (all devices; dense bmm only if context cache has use_dense_A); apply_block_diagonal_M torch.compile (matrix_free))
  Loss mode: hutchinson (cosine-similarity probe; --loss-mode hutchinson)

=== Startup timing (wall clock, ms) ===
  Dataset + run folder scan:         117.41
  Load training contexts (disk→device):    2062.91 ms  (100 contexts)
  LeafOnlyNet + .to(device):          16.83
  torch.compile(model) call:        2270.83  (CUDA; Inductor runs on 1st forward/backward)
  load_leaf_only_weights:         skipped
  AdamW + ReduceLROnPlateau:           0.37
  ---
  Total before training loop:       4506.44
  Note: First loss line’s (elapsed) is wall time for that step only (after startup); with torch.compile, the first forward+backward triggers Inductor codegen (often ~10–20s).
  At step 299, a one-time detailed breakdown (zero_grad / forward / apply M / backward / …) is printed.

  [track] Training profile CSV: /orcd/home/002/osbo/ondemand/fluid-sim/Assets/Scripts/weights/v2_2048_d128_L2_hw_training_profile.csv
00000: Loss avg=0.2502 ± 0.0000  (35.434s) lr=2.00e-04
  [track] Checkpoint -> v2_2048_d128_L2_hw_step000000.bytes
00100: Loss avg=0.2433 ± 0.0023  (12.780s) lr=2.00e-04
00200: Loss avg=0.2426 ± 0.0018  (1.223s) lr=2.00e-04

--- Detailed timing for step 300 (contexts_per_step=4, batched forward) ---
  batch: B=4, n_pad=2048, batch_vectors=256
--- Step 300 detailed timing (ms) ---
  zero_grad:            0.17
  batch assembly:       0.19
  model forward:        2.88
  probe Z+Jacobi:       1.07
  A @ Z (sparse block-mm):     0.43
  apply M (MAZ):        0.53
  residual + loss:      0.21
  backward:             5.44
  clip_grad_norm:       0.74
  optimizer.step:       1.07
  total:               12.73
  full iter (wall):    12.86 ms  (Python / scheduler / print overhead ≈ +0.13 ms vs sum above)
----------------------------------------

00300: Loss avg=0.2408 ± 0.0022  (1.211s, avg: 1.211s) lr=2.00e-04
00400: Loss avg=0.2382 ± 0.0017  (1.223s, avg: 1.223s) lr=2.00e-04
00500: Loss avg=0.2375 ± 0.0019  (1.217s, avg: 1.220s) lr=2.00e-04
00600: Loss avg=0.2364 ± 0.0016  (1.210s, avg: 1.217s) lr=2.00e-04
00700: Loss avg=0.2353 ± 0.0020  (1.203s, avg: 1.214s) lr=2.00e-04
00800: Loss avg=0.2339 ± 0.0018  (1.195s, avg: 1.210s) lr=2.00e-04
00900: Loss avg=0.2326 ± 0.0017  (1.213s, avg: 1.211s) lr=2.00e-04
01000: Loss avg=0.2322 ± 0.0017  (1.218s, avg: 1.212s) lr=2.00e-04
01100: Loss avg=0.2311 ± 0.0016  (1.223s, avg: 1.217s) lr=2.00e-04
01200: Loss avg=0.2299 ± 0.0016  (1.213s, avg: 1.216s) lr=2.00e-04
01300: Loss avg=0.2291 ± 0.0018  (1.206s, avg: 1.215s) lr=2.00e-04
01400: Loss avg=0.2279 ± 0.0020  (1.205s, avg: 1.214s) lr=2.00e-04
01500: Loss avg=0.2252 ± 0.0023  (1.194s, avg: 1.213s) lr=2.00e-04
01600: Loss avg=0.2172 ± 0.0032  (1.217s, avg: 1.213s) lr=2.00e-04
01700: Loss avg=0.2096 ± 0.0042  (1.182s, avg: 1.211s) lr=2.00e-04
01800: Loss avg=0.2054 ± 0.0044  (1.218s, avg: 1.211s) lr=2.00e-04
01900: Loss avg=0.2006 ± 0.0033  (1.209s, avg: 1.211s) lr=2.00e-04
02000: Loss avg=0.1945 ± 0.0030  (1.207s, avg: 1.211s) lr=2.00e-04
  [track] Checkpoint -> v2_2048_d128_L2_hw_step002000.bytes
02100: Loss avg=0.1896 ± 0.0041  (1.194s, avg: 1.212s) lr=2.00e-04
02200: Loss avg=0.1774 ± 0.0071  (1.204s, avg: 1.212s) lr=2.00e-04
02300: Loss avg=0.1628 ± 0.0056  (1.204s, avg: 1.211s) lr=2.00e-04
02400: Loss avg=0.1535 ± 0.0065  (1.211s, avg: 1.211s) lr=2.00e-04
02500: Loss avg=0.1456 ± 0.0075  (1.209s, avg: 1.211s) lr=2.00e-04
02600: Loss avg=0.1425 ± 0.0164  (1.211s, avg: 1.211s) lr=2.00e-04
02700: Loss avg=0.1378 ± 0.0081  (1.192s, avg: 1.211s) lr=2.00e-04
02800: Loss avg=0.1248 ± 0.0054  (1.202s, avg: 1.210s) lr=2.00e-04
02900: Loss avg=0.1275 ± 0.0131  (1.224s, avg: 1.211s) lr=2.00e-04
03000: Loss avg=0.1219 ± 0.0131  (1.224s, avg: 1.211s) lr=2.00e-04
03100: Loss avg=0.1252 ± 0.0063  (1.179s, avg: 1.211s) lr=2.00e-04
03200: Loss avg=0.1145 ± 0.0071  (1.188s, avg: 1.210s) lr=2.00e-04
03300: Loss avg=0.1109 ± 0.0066  (1.191s, avg: 1.209s) lr=2.00e-04
03400: Loss avg=0.1038 ± 0.0062  (1.190s, avg: 1.209s) lr=2.00e-04
03500: Loss avg=0.0989 ± 0.0044  (1.201s, avg: 1.209s) lr=2.00e-04
03600: Loss avg=0.0967 ± 0.0083  (1.194s, avg: 1.208s) lr=2.00e-04
03700: Loss avg=0.1099 ± 0.0083  (1.189s, avg: 1.208s) lr=2.00e-04
03800: Loss avg=0.1006 ± 0.0079  (1.188s, avg: 1.207s) lr=2.00e-04
03900: Loss avg=0.0949 ± 0.0080  (1.202s, avg: 1.207s) lr=2.00e-04
04000: Loss avg=0.0880 ± 0.0051  (1.209s, avg: 1.207s) lr=2.00e-04
  [track] Checkpoint -> v2_2048_d128_L2_hw_step004000.bytes
04100: Loss avg=0.0904 ± 0.0088  (1.201s, avg: 1.208s) lr=2.00e-04
04200: Loss avg=0.0905 ± 0.0059  (1.203s, avg: 1.208s) lr=2.00e-04
04300: Loss avg=0.0901 ± 0.0091  (1.200s, avg: 1.208s) lr=2.00e-04
04400: Loss avg=0.0824 ± 0.0059  (1.199s, avg: 1.207s) lr=2.00e-04
04500: Loss avg=0.0783 ± 0.0045  (1.192s, avg: 1.207s) lr=2.00e-04
04600: Loss avg=0.0876 ± 0.0091  (1.202s, avg: 1.207s) lr=2.00e-04
04700: Loss avg=0.0853 ± 0.0067  (1.197s, avg: 1.207s) lr=2.00e-04
04800: Loss avg=0.0789 ± 0.0077  (1.187s, avg: 1.206s) lr=2.00e-04
04900: Loss avg=0.0777 ± 0.0080  (1.197s, avg: 1.206s) lr=2.00e-04
05000: Loss avg=0.0823 ± 0.0079  (1.186s, avg: 1.206s) lr=2.00e-04
05100: Loss avg=0.0738 ± 0.0063  (1.147s, avg: 1.205s) lr=2.00e-04
05200: Loss avg=0.0763 ± 0.0076  (1.152s, avg: 1.204s) lr=2.00e-04
05300: Loss avg=0.0726 ± 0.0084  (1.173s, avg: 1.203s) lr=2.00e-04
05400: Loss avg=0.0739 ± 0.0071  (1.187s, avg: 1.203s) lr=2.00e-04
05500: Loss avg=0.0760 ± 0.0099  (1.204s, avg: 1.203s) lr=2.00e-04
05600: Loss avg=0.0756 ± 0.0098  (1.191s, avg: 1.203s) lr=2.00e-04
05700: Loss avg=0.0741 ± 0.0114  (1.179s, avg: 1.202s) lr=2.00e-04
05800: Loss avg=0.0777 ± 0.0136  (1.186s, avg: 1.202s) lr=2.00e-04
05900: Loss avg=0.0667 ± 0.0062  (1.173s, avg: 1.201s) lr=2.00e-04
06000: Loss avg=0.0658 ± 0.0068  (1.193s, avg: 1.201s) lr=2.00e-04
  [track] Checkpoint -> v2_2048_d128_L2_hw_step006000.bytes
06100: Loss avg=0.0728 ± 0.0146  (1.182s, avg: 1.202s) lr=2.00e-04
06200: Loss avg=0.0707 ± 0.0100  (1.196s, avg: 1.202s) lr=2.00e-04
06300: Loss avg=0.0666 ± 0.0077  (1.193s, avg: 1.201s) lr=2.00e-04
06400: Loss avg=0.0652 ± 0.0067  (1.185s, avg: 1.201s) lr=2.00e-04
06500: Loss avg=0.0636 ± 0.0069  (1.192s, avg: 1.201s) lr=2.00e-04
06600: Loss avg=0.0690 ± 0.0077  (1.209s, avg: 1.201s) lr=2.00e-04
06700: Loss avg=0.0648 ± 0.0071  (1.205s, avg: 1.201s) lr=2.00e-04
06800: Loss avg=0.0616 ± 0.0059  (1.205s, avg: 1.201s) lr=2.00e-04
06900: Loss avg=0.0708 ± 0.0101  (1.202s, avg: 1.201s) lr=2.00e-04
07000: Loss avg=0.0710 ± 0.0111  (1.187s, avg: 1.201s) lr=2.00e-04
07100: Loss avg=0.0601 ± 0.0055  (1.206s, avg: 1.201s) lr=2.00e-04
07200: Loss avg=0.0582 ± 0.0050  (1.195s, avg: 1.201s) lr=2.00e-04
07300: Loss avg=0.0576 ± 0.0049  (1.220s, avg: 1.202s) lr=2.00e-04
07400: Loss avg=0.0639 ± 0.0072  (1.198s, avg: 1.202s) lr=2.00e-04
07500: Loss avg=0.0643 ± 0.0081  (1.191s, avg: 1.201s) lr=2.00e-04
07600: Loss avg=0.0570 ± 0.0054  (1.216s, avg: 1.202s) lr=2.00e-04
07700: Loss avg=0.0637 ± 0.0109  (1.215s, avg: 1.202s) lr=2.00e-04
07800: Loss avg=0.0601 ± 0.0092  (1.213s, avg: 1.202s) lr=2.00e-04
07900: Loss avg=0.0577 ± 0.0080  (1.282s, avg: 1.203s) lr=2.00e-04
08000: Loss avg=0.0564 ± 0.0058  (1.396s, avg: 1.206s) lr=2.00e-04
  [track] Checkpoint -> v2_2048_d128_L2_hw_step008000.bytes
08100: Loss avg=0.0572 ± 0.0084  (1.407s, avg: 1.209s) lr=2.00e-04
08200: Loss avg=0.0571 ± 0.0080  (1.390s, avg: 1.211s) lr=2.00e-04
08300: Loss avg=0.0527 ± 0.0054  (1.373s, avg: 1.213s) lr=2.00e-04
08400: Loss avg=0.0554 ± 0.0116  (1.378s, avg: 1.215s) lr=2.00e-04
08500: Loss avg=0.0544 ± 0.0071  (1.387s, avg: 1.217s) lr=2.00e-04
08600: Loss avg=0.0534 ± 0.0051  (1.394s, avg: 1.219s) lr=2.00e-04
08700: Loss avg=0.0590 ± 0.0116  (1.383s, avg: 1.221s) lr=2.00e-04
08800: Loss avg=0.0490 ± 0.0057  (1.395s, avg: 1.223s) lr=2.00e-04
08900: Loss avg=0.0538 ± 0.0082  (1.406s, avg: 1.225s) lr=2.00e-04
09000: Loss avg=0.0497 ± 0.0057  (1.407s, avg: 1.228s) lr=2.00e-04
09100: Loss avg=0.0479 ± 0.0047  (1.399s, avg: 1.230s) lr=2.00e-04
09200: Loss avg=0.0538 ± 0.0140  (1.409s, avg: 1.232s) lr=2.00e-04
09300: Loss avg=0.0537 ± 0.0109  (1.402s, avg: 1.234s) lr=2.00e-04
09400: Loss avg=0.0485 ± 0.0057  (1.376s, avg: 1.235s) lr=2.00e-04
09500: Loss avg=0.0514 ± 0.0080  (1.377s, avg: 1.237s) lr=2.00e-04
09600: Loss avg=0.0492 ± 0.0064  (1.395s, avg: 1.238s) lr=2.00e-04
  [lr] plateau detected: lr 2.00e-04 -> 1.00e-04
09700: Loss avg=0.0491 ± 0.0069  (1.391s, avg: 1.240s) lr=1.00e-04
09800: Loss avg=0.0446 ± 0.0042  (1.381s, avg: 1.242s) lr=1.00e-04
09900: Loss avg=0.0423 ± 0.0042  (1.384s, avg: 1.243s) lr=1.00e-04
10000: Loss avg=0.0414 ± 0.0043  (1.389s, avg: 1.245s) lr=1.00e-04
  [track] Checkpoint -> v2_2048_d128_L2_hw_step010000.bytes
10100: Loss avg=0.0418 ± 0.0043  (1.401s, avg: 1.247s) lr=1.00e-04
10200: Loss avg=0.0408 ± 0.0043  (1.401s, avg: 1.248s) lr=1.00e-04
10300: Loss avg=0.0409 ± 0.0043  (1.369s, avg: 1.249s) lr=1.00e-04
10400: Loss avg=0.0405 ± 0.0043  (1.381s, avg: 1.251s) lr=1.00e-04
10500: Loss avg=0.0425 ± 0.0049  (1.383s, avg: 1.252s) lr=1.00e-04
10600: Loss avg=0.0390 ± 0.0043  (1.405s, avg: 1.254s) lr=1.00e-04
10700: Loss avg=0.0390 ± 0.0038  (1.402s, avg: 1.255s) lr=1.00e-04
10800: Loss avg=0.0411 ± 0.0057  (1.405s, avg: 1.256s) lr=1.00e-04
10900: Loss avg=0.0387 ± 0.0046  (1.403s, avg: 1.258s) lr=1.00e-04
11000: Loss avg=0.0387 ± 0.0041  (1.389s, avg: 1.259s) lr=1.00e-04
11100: Loss avg=0.0404 ± 0.0054  (1.391s, avg: 1.260s) lr=1.00e-04
11200: Loss avg=0.0385 ± 0.0042  (1.240s, avg: 1.260s) lr=1.00e-04
11300: Loss avg=0.0386 ± 0.0041  (1.212s, avg: 1.260s) lr=1.00e-04
11400: Loss avg=0.0397 ± 0.0047  (1.206s, avg: 1.259s) lr=1.00e-04
11500: Loss avg=0.0392 ± 0.0044  (1.207s, avg: 1.259s) lr=1.00e-04
11600: Loss avg=0.0392 ± 0.0042  (1.201s, avg: 1.258s) lr=1.00e-04
11700: Loss avg=0.0372 ± 0.0038  (1.201s, avg: 1.258s) lr=1.00e-04
11800: Loss avg=0.0376 ± 0.0049  (1.202s, avg: 1.257s) lr=1.00e-04
11900: Loss avg=0.0378 ± 0.0036  (1.199s, avg: 1.257s) lr=1.00e-04
12000: Loss avg=0.0388 ± 0.0050  (1.194s, avg: 1.256s) lr=1.00e-04
  [track] Checkpoint -> v2_2048_d128_L2_hw_step012000.bytes
12100: Loss avg=0.0369 ± 0.0036  (1.200s, avg: 1.256s) lr=1.00e-04
12200: Loss avg=0.0366 ± 0.0040  (1.215s, avg: 1.256s) lr=1.00e-04
12300: Loss avg=0.0377 ± 0.0047  (1.215s, avg: 1.256s) lr=1.00e-04
12400: Loss avg=0.0367 ± 0.0041  (1.201s, avg: 1.255s) lr=1.00e-04
12500: Loss avg=0.0382 ± 0.0044  (1.217s, avg: 1.255s) lr=1.00e-04
12600: Loss avg=0.0374 ± 0.0038  (1.216s, avg: 1.254s) lr=1.00e-04
12700: Loss avg=0.0370 ± 0.0048  (1.208s, avg: 1.254s) lr=1.00e-04
  [lr] plateau detected: lr 1.00e-04 -> 5.00e-05
12800: Loss avg=0.0366 ± 0.0047  (1.211s, avg: 1.254s) lr=5.00e-05
12900: Loss avg=0.0348 ± 0.0039  (1.204s, avg: 1.253s) lr=5.00e-05
13000: Loss avg=0.0343 ± 0.0040  (1.208s, avg: 1.253s) lr=5.00e-05
13100: Loss avg=0.0341 ± 0.0037  (1.192s, avg: 1.253s) lr=5.00e-05
13200: Loss avg=0.0337 ± 0.0042  (1.214s, avg: 1.252s) lr=5.00e-05
13300: Loss avg=0.0337 ± 0.0037  (1.199s, avg: 1.252s) lr=5.00e-05
13400: Loss avg=0.0339 ± 0.0048  (1.207s, avg: 1.252s) lr=5.00e-05
13500: Loss avg=0.0334 ± 0.0040  (1.222s, avg: 1.251s) lr=5.00e-05
13600: Loss avg=0.0335 ± 0.0040  (1.211s, avg: 1.251s) lr=5.00e-05
13700: Loss avg=0.0341 ± 0.0039  (1.210s, avg: 1.251s) lr=5.00e-05
13800: Loss avg=0.0343 ± 0.0041  (1.203s, avg: 1.250s) lr=5.00e-05
13900: Loss avg=0.0340 ± 0.0038  (1.201s, avg: 1.250s) lr=5.00e-05
14000: Loss avg=0.0333 ± 0.0042  (1.221s, avg: 1.250s) lr=5.00e-05
  [track] Checkpoint -> v2_2048_d128_L2_hw_step014000.bytes
  [lr] plateau detected: lr 5.00e-05 -> 2.50e-05
14100: Loss avg=0.0333 ± 0.0034  (1.198s, avg: 1.250s) lr=2.50e-05
14200: Loss avg=0.0335 ± 0.0036  (1.200s, avg: 1.249s) lr=2.50e-05
14300: Loss avg=0.0330 ± 0.0046  (1.194s, avg: 1.249s) lr=2.50e-05
14400: Loss avg=0.0334 ± 0.0038  (1.197s, avg: 1.249s) lr=2.50e-05
14500: Loss avg=0.0324 ± 0.0034  (1.197s, avg: 1.248s) lr=2.50e-05
14600: Loss avg=0.0327 ± 0.0036  (1.188s, avg: 1.248s) lr=2.50e-05
14700: Loss avg=0.0319 ± 0.0038  (1.179s, avg: 1.247s) lr=2.50e-05
14800: Loss avg=0.0321 ± 0.0035  (1.180s, avg: 1.247s) lr=2.50e-05
14900: Loss avg=0.0322 ± 0.0039  (1.203s, avg: 1.247s) lr=2.50e-05
15000: Loss avg=0.0333 ± 0.0038  (1.220s, avg: 1.246s) lr=2.50e-05
15100: Loss avg=0.0324 ± 0.0040  (1.192s, avg: 1.246s) lr=2.50e-05
15200: Loss avg=0.0321 ± 0.0040  (1.196s, avg: 1.246s) lr=2.50e-05
  [lr] plateau detected: lr 2.50e-05 -> 1.25e-05
15300: Loss avg=0.0324 ± 0.0039  (1.204s, avg: 1.246s) lr=1.25e-05
15400: Loss avg=0.0319 ± 0.0039  (1.190s, avg: 1.245s) lr=1.25e-05
15500: Loss avg=0.0317 ± 0.0033  (1.204s, avg: 1.245s) lr=1.25e-05
15600: Loss avg=0.0319 ± 0.0038  (1.197s, avg: 1.245s) lr=1.25e-05
15700: Loss avg=0.0313 ± 0.0032  (1.209s, avg: 1.244s) lr=1.25e-05
15800: Loss avg=0.0316 ± 0.0034  (1.200s, avg: 1.244s) lr=1.25e-05
15900: Loss avg=0.0316 ± 0.0035  (1.213s, avg: 1.244s) lr=1.25e-05
16000: Loss avg=0.0308 ± 0.0041  (1.253s, avg: 1.244s) lr=1.25e-05
  [track] Checkpoint -> v2_2048_d128_L2_hw_step016000.bytes
16100: Loss avg=0.0314 ± 0.0039  (1.271s, avg: 1.245s) lr=1.25e-05
16200: Loss avg=0.0314 ± 0.0040  (1.225s, avg: 1.244s) lr=1.25e-05
16300: Loss avg=0.0311 ± 0.0033  (1.214s, avg: 1.244s) lr=1.25e-05
16400: Loss avg=0.0318 ± 0.0037  (1.212s, avg: 1.244s) lr=1.25e-05
16500: Loss avg=0.0311 ± 0.0035  (1.182s, avg: 1.244s) lr=1.25e-05
  [lr] plateau detected: lr 1.25e-05 -> 6.25e-06
16600: Loss avg=0.0314 ± 0.0040  (1.179s, avg: 1.243s) lr=6.25e-06
16700: Loss avg=0.0316 ± 0.0034  (1.203s, avg: 1.243s) lr=6.25e-06
16800: Loss avg=0.0314 ± 0.0037  (1.196s, avg: 1.243s) lr=6.25e-06
16900: Loss avg=0.0310 ± 0.0038  (1.183s, avg: 1.242s) lr=6.25e-06
17000: Loss avg=0.0319 ± 0.0038  (1.190s, avg: 1.242s) lr=6.25e-06
17100: Loss avg=0.0310 ± 0.0041  (1.192s, avg: 1.242s) lr=6.25e-06
17200: Loss avg=0.0309 ± 0.0035  (1.202s, avg: 1.242s) lr=6.25e-06
  [lr] plateau detected: lr 6.25e-06 -> 3.13e-06
17300: Loss avg=0.0322 ± 0.0040  (1.182s, avg: 1.241s) lr=3.13e-06
17400: Loss avg=0.0313 ± 0.0044  (1.183s, avg: 1.241s) lr=3.13e-06
17500: Loss avg=0.0308 ± 0.0034  (1.201s, avg: 1.241s) lr=3.13e-06
17600: Loss avg=0.0305 ± 0.0038  (1.179s, avg: 1.240s) lr=3.13e-06
17700: Loss avg=0.0317 ± 0.0043  (1.183s, avg: 1.240s) lr=3.13e-06
17800: Loss avg=0.0313 ± 0.0039  (1.198s, avg: 1.240s) lr=3.13e-06
17900: Loss avg=0.0306 ± 0.0032  (1.198s, avg: 1.240s) lr=3.13e-06
18000: Loss avg=0.0314 ± 0.0036  (1.195s, avg: 1.239s) lr=3.13e-06
  [track] Checkpoint -> v2_2048_d128_L2_hw_step018000.bytes
18100: Loss avg=0.0314 ± 0.0036  (1.187s, avg: 1.239s) lr=3.13e-06
  [lr] plateau detected: lr 3.13e-06 -> 1.56e-06
18200: Loss avg=0.0311 ± 0.0037  (1.206s, avg: 1.239s) lr=1.56e-06
18300: Loss avg=0.0311 ± 0.0038  (1.204s, avg: 1.239s) lr=1.56e-06
18400: Loss avg=0.0312 ± 0.0036  (1.192s, avg: 1.239s) lr=1.56e-06
18500: Loss avg=0.0314 ± 0.0032  (1.211s, avg: 1.238s) lr=1.56e-06
18600: Loss avg=0.0312 ± 0.0038  (1.207s, avg: 1.238s) lr=1.56e-06
18700: Loss avg=0.0314 ± 0.0034  (1.215s, avg: 1.238s) lr=1.56e-06
18800: Loss avg=0.0313 ± 0.0034  (1.300s, avg: 1.238s) lr=1.56e-06
  [lr] plateau detected: lr 1.56e-06 -> 1.00e-06
18900: Loss avg=0.0310 ± 0.0037  (1.257s, avg: 1.239s) lr=1.00e-06
19000: Loss avg=0.0318 ± 0.0036  (1.190s, avg: 1.238s) lr=1.00e-06
19100: Loss avg=0.0308 ± 0.0034  (1.200s, avg: 1.238s) lr=1.00e-06
19200: Loss avg=0.0310 ± 0.0034  (1.194s, avg: 1.238s) lr=1.00e-06
19300: Loss avg=0.0311 ± 0.0039  (1.216s, avg: 1.238s) lr=1.00e-06
19400: Loss avg=0.0308 ± 0.0035  (1.204s, avg: 1.238s) lr=1.00e-06
19500: Loss avg=0.0306 ± 0.0037  (1.224s, avg: 1.238s) lr=1.00e-06
19600: Loss avg=0.0312 ± 0.0038  (1.206s, avg: 1.238s) lr=1.00e-06
19700: Loss avg=0.0311 ± 0.0035  (1.221s, avg: 1.237s) lr=1.00e-06
19800: Loss avg=0.0311 ± 0.0040  (1.214s, avg: 1.237s) lr=1.00e-06
19900: Loss avg=0.0314 ± 0.0040  (1.199s, avg: 1.237s) lr=1.00e-06
20000: Loss avg=0.0319 ± 0.0037  (1.184s, avg: 1.237s) lr=1.00e-06
  [track] Checkpoint -> v2_2048_d128_L2_hw_step020000.bytes
20100: Loss avg=0.0315 ± 0.0040  (1.193s, avg: 1.237s) lr=1.00e-06
20200: Loss avg=0.0314 ± 0.0039  (1.194s, avg: 1.237s) lr=1.00e-06
20300: Loss avg=0.0312 ± 0.0042  (1.177s, avg: 1.236s) lr=1.00e-06
20400: Loss avg=0.0311 ± 0.0036  (1.186s, avg: 1.236s) lr=1.00e-06
20500: Loss avg=0.0308 ± 0.0035  (1.191s) lr=1.00e-06
  [auto-stop] plateau at min_lr=1.00e-06 (10/10 steps without >5e-03 improvement); stopping.
Saved to /orcd/home/002/osbo/ondemand/fluid-sim/Assets/Scripts/weights/v2_2048_d128_L2_hw.bytes
================================================================
Finished: Fri May  8 16:33:20 EDT 2026
================================================================
