================================================================
Job 13832063, task 0 on node3207
Started: Tue May 12 13:45:42 EDT 2026
Scale: 1024
Repo: /orcd/home/002/osbo/ondemand/LearningSparsePreconditioner4GPU
================================================================
Checkpoint: /orcd/home/002/osbo/ondemand/LearningSparsePreconditioner4GPU/mlruns/354726727684490092/0bc7f29fbbda4c5e90bf79bd8a05de6e/checkpoints/multiphase_v2_1024-simple-epoch=499.ckpt
/home/osbo/.conda/envs/fluid/lib/python3.12/site-packages/torch/cuda/__init__.py:61: FutureWarning: The pynvml package is deprecated. Please install nvidia-ml-py instead. If you did not install pynvml directly, please report this to the maintainers of the package that installed pynvml for you.
  import pynvml  # type: ignore[import]
/home/osbo/.conda/envs/fluid/lib/python3.12/site-packages/torch_geometric/__init__.py:4: UserWarning: An issue occurred while importing 'pyg-lib'. Disabling its usage. Stacktrace: /lib64/libm.so.6: version `GLIBC_2.29' not found (required by /orcd/home/002/osbo/.conda/envs/fluid/lib/python3.12/site-packages/libpyg.so)
  import torch_geometric.typing
/home/osbo/.conda/envs/fluid/lib/python3.12/site-packages/torch_geometric/__init__.py:4: UserWarning: An issue occurred while importing 'torch-scatter'. Disabling its usage. Stacktrace: /orcd/home/002/osbo/.conda/envs/fluid/lib/python3.12/site-packages/torch_scatter/_scatter_cuda.so: undefined symbol: _ZN2at4_ops16div__Tensor_mode4callERNS_6TensorERKS2_St8optionalISt17basic_string_viewIcSt11char_traitsIcEEE
  import torch_geometric.typing
/home/osbo/.conda/envs/fluid/lib/python3.12/site-packages/torch_geometric/__init__.py:4: UserWarning: An issue occurred while importing 'torch-spline-conv'. Disabling its usage. Stacktrace: /orcd/home/002/osbo/.conda/envs/fluid/lib/python3.12/site-packages/torch_spline_conv/_basis_cuda.so: undefined symbol: _ZN5torch8autograd12VariableInfoC1ERKN2at6TensorEb
  import torch_geometric.typing
/home/osbo/.conda/envs/fluid/lib/python3.12/site-packages/torch_geometric/__init__.py:4: UserWarning: An issue occurred while importing 'torch-sparse'. Disabling its usage. Stacktrace: /orcd/home/002/osbo/.conda/envs/fluid/lib/python3.12/site-packages/torch_sparse/_spmm_cuda.so: undefined symbol: _ZN5torch8autograd12VariableInfoC1ERKN2at6TensorEb
  import torch_geometric.typing
2026-05-12 13:45:50.553 | INFO     | neural_cg.data:__init__:375 - Found 20 matrices, 0 lhs, 0 rhs, 0 masks, 0 features
2026-05-12 13:45:50.566 | INFO     | neural_cg.data:__init__:451 - Fixed Topology, matrix shape=(1024, 1024), nnz=4992
2026-05-12 13:45:50.566 | INFO     | neural_cg.data:__init__:452 - Dataset folder: generated/multiphase_v2_1024_test
Load Folder generated/multiphase_v2_1024_test:   0%|          | 0/20 [00:00<?, ?it/s]Load Folder generated/multiphase_v2_1024_test: 100%|██████████| 20/20 [00:00<00:00, 304.55it/s]
2026-05-12 13:45:50.633 | INFO     | neural_cg.data:__init__:463 - x: torch.Size([1024, 1])
2026-05-12 13:45:50.633 | INFO     | neural_cg.data:__init__:463 - edge_index: torch.Size([2, 4992])
2026-05-12 13:45:50.633 | INFO     | neural_cg.data:__init__:463 - edge_attr: torch.Size([4992, 1])
2026-05-12 13:45:50.633 | INFO     | neural_cg.data:__init__:463 - mask: torch.Size([1024, 1])
2026-05-12 13:45:50.633 | INFO     | neural_cg.data:__init__:463 - matrix_values: torch.Size([4992, 1, 1])
2026-05-12 13:45:50.633 | INFO     | neural_cg.data:__init__:463 - diagonal: torch.Size([1024, 1])
2026-05-12 13:45:50.633 | INFO     | neural_cg.data:__init__:463 - inv_diag: torch.Size([1024, 1])
2026-05-12 13:45:50.633 | INFO     | neural_cg.data:__init__:463 - rsqrt_diag: torch.Size([1024, 1])
2026-05-12 13:45:50.633 | INFO     | neural_cg.data:__init__:463 - residual: torch.Size([1024, 1])
2026-05-12 13:45:50.633 | INFO     | neural_cg.data:__init__:464 - Loaded 20 samples into memory.
2026-05-12 13:45:50.633 | INFO     | neural_cg.utils.datamodule:__init__:39 - Splitting dataset into train/val/test with ratios: 0.8, 0.19999999999999996
AMGX version 2.5.0
Built on Apr  5 2026, 15:53:56
Compiled with CUDA Runtime 13.1, using CUDA driver 13.1
The AMGX_initialize_plugins API call is deprecated and can be safely removed.
2026-05-12 13:45:50.691 | INFO     | __main__:main:221 - Output directory: /home/osbo/ondemand/fluid-sim/Assets/Scripts/results/lsp_scale_infer_raw
2026-05-12 13:45:50.691 | INFO     | __main__:main:224 - Edge input features: 1
2026-05-12 13:45:50.691 | INFO     | __main__:main:225 - Node input features: 1
2026-05-12 13:45:50.691 | INFO     | __main__:main:226 - Block size: 1
2026-05-12 13:45:50.691 | INFO     | __main__:main:228 - Using workspace: simple
/home/osbo/.conda/envs/fluid/lib/python3.12/site-packages/lightning/fabric/utilities/cloud_io.py:73: You are using `torch.load` with `weights_only=False` (the current default value), which uses the default pickle module implicitly. It is possible to construct malicious pickle data which will execute arbitrary code during unpickling (See https://github.com/pytorch/pytorch/blob/main/SECURITY.md#untrusted-models for more details). In a future release, the default value for `weights_only` will be flipped to `True`. This limits the functions that could be executed during unpickling. Arbitrary objects will no longer be allowed to be loaded via this mode unless they are explicitly allowlisted by the user via `torch.serialization.add_safe_globals`. We recommend you start setting `weights_only=True` for any use case where you don't have full control of the loaded file. Please open an issue on GitHub for any issues related to this experimental feature.
2026-05-12 13:45:51.018 | INFO     | __main__:main:238 - Loaded pretrained model from /orcd/home/002/osbo/ondemand/LearningSparsePreconditioner4GPU/mlruns/354726727684490092/0bc7f29fbbda4c5e90bf79bd8a05de6e/checkpoints/multiphase_v2_1024-simple-epoch=499.ckpt
2026-05-12 13:45:51.019 | INFO     | __main__:main:264 - Repeat each sample for 1 times.
2026-05-12 13:45:51.019 | INFO     | __main__:main:267 - Relative tolerance: 1e-06
2026-05-12 13:45:51.019 | INFO     | __main__:main:268 - model.epsilon=3.0000e-03
Warmup Torch:   0%|          | 0/20 [00:00<?, ?it/s]Warmup Torch:   5%|▌         | 1/20 [00:00<00:01,  9.82it/s]Warmup Torch: 100%|██████████| 20/20 [00:00<00:00, 145.32it/s]
Inference on test:   0%|          | 0/4 [00:00<?, ?it/s]1024 none cpu
1024 none cuda
1024 diagonal cpu
1024 diagonal cuda
1024 ainv cpu
1024 ainv cuda
1024 ic cpu
1024 ic cuda
NeuralPCG
NeuralPCG+CUDA
Inference on test:  25%|██▌       | 1/4 [00:00<00:00,  5.64it/s]1024 none cpu
1024 none cuda
1024 diagonal cpu
1024 diagonal cuda
1024 ainv cpu
1024 ainv cuda
1024 ic cpu
1024 ic cuda
NeuralPCG
NeuralPCG+CUDA
Inference on test:  50%|█████     | 2/4 [00:00<00:00,  5.66it/s]1024 none cpu
1024 none cuda
1024 diagonal cpu
1024 diagonal cuda
1024 ainv cpu
1024 ainv cuda
1024 ic cpu
1024 ic cuda
NeuralPCG
NeuralPCG+CUDA
Inference on test:  75%|███████▌  | 3/4 [00:00<00:00,  6.44it/s]1024 none cpu
1024 none cuda
1024 diagonal cpu
1024 diagonal cuda
1024 ainv cpu
1024 ainv cuda
1024 ic cpu
1024 ic cuda
NeuralPCG
NeuralPCG+CUDA
Inference on test: 100%|██████████| 4/4 [00:00<00:00,  7.08it/s]Inference on test: 100%|██████████| 4/4 [00:00<00:00,  6.63it/s]
                           Inference Time Statistics                            
┏━━━━━━━━━━━━━━━┳━━━━━━━━━━━━━━━━┳━━━━━━━━━━━━━━━┳━━━━━━━━━━━━━━━━┳━━━━━━━━━━━━┓
┃               ┃     Total Time ┃    Solve Time ┃   Precond Time ┃            ┃
┃ Key           ┃           (ms) ┃          (ms) ┃           (ms) ┃ #Iteration ┃
┡━━━━━━━━━━━━━━━╇━━━━━━━━━━━━━━━━╇━━━━━━━━━━━━━━━╇━━━━━━━━━━━━━━━━╇━━━━━━━━━━━━┩
│ PCG-none-cpu  │           3.16 │          3.15 │           0.00 │   486.2500 │
│ PCG-none-cuda │          37.67 │         37.51 │           0.16 │   358.2500 │
│ PCG-diagonal… │           1.81 │          1.80 │           0.01 │   256.5000 │
│ PCG-diagonal… │          30.37 │         30.20 │           0.17 │   300.7500 │
│ PCG-ainv-cpu  │           3.48 │          2.26 │           1.22 │   122.0000 │
│ PCG-ainv-cuda │          15.51 │         14.28 │           1.23 │   123.5000 │
│ PCG-ic-cpu    │           2.34 │          2.12 │           0.22 │    92.0000 │
│ PCG-ic-cuda   │          29.11 │         21.36 │           7.75 │    76.0000 │
│ Neural        │          10.28 │          2.53 │           7.75 │   121.7500 │
│ Neural+CUDA   │          22.13 │         14.38 │           7.75 │   121.7500 │
└───────────────┴────────────────┴───────────────┴────────────────┴────────────┘
2026-05-12 13:45:51.771 | INFO     | __main__:main:397 - Inference statistics saved to /home/osbo/ondemand/fluid-sim/Assets/Scripts/results/lsp_scale_infer_raw/infer_sweep_multiphase_v2_1024_6.csv
2026-05-12 13:45:51.773 | INFO     | __main__:main:402 - All inference statistics saved to /home/osbo/ondemand/fluid-sim/Assets/Scripts/results/lsp_scale_infer_raw/all_infer_sweep_multiphase_v2_1024_6.csv
[summary] wrote /home/osbo/ondemand/fluid-sim/Assets/Scripts/results/lsp_scale_infer_task_0.csv
================================================================
Finished: Tue May 12 13:45:52 EDT 2026
Elapsed: 9s
Infer log: /home/osbo/ondemand/fluid-sim/Assets/Scripts/results/lsp_scale_infer_logs/multiphase_v2_1024.log
Task CSV: /home/osbo/ondemand/fluid-sim/Assets/Scripts/results/lsp_scale_infer_task_0.csv
================================================================
